<?xml version="1.0" encoding="UTF-8"?>
<testsuite xmlns:xsi="http://www.w3.org/2001/XMLSchema-instance" xsi:noNamespaceSchemaLocation="https://maven.apache.org/surefire/maven-surefire-plugin/xsd/surefire-test-report-3.0.xsd" version="3.0" name="Selenium_4_Tests.TestDevToolsConsoleLogs" time="10.187" tests="1" errors="0" skipped="0" failures="0">
  <properties>
    <property name="java.specification.version" value="17"/>
    <property name="sun.cpu.isalist" value="amd64"/>
    <property name="sun.jnu.encoding" value="Cp1252"/>
    <property name="java.class.path" value="C:\Douglas\Automation\Proyectos\Selenium\Pumpkins\Four Project\carbonfour-selenium-4\target\test-classes;C:\Douglas\Automation\Proyectos\Selenium\Pumpkins\Four Project\carbonfour-selenium-4\target\classes;C:\Users\dougl\.m2\repository\org\seleniumhq\selenium\selenium-java\4.19.0\selenium-java-4.19.0.jar;C:\Users\dougl\.m2\repository\org\seleniumhq\selenium\selenium-api\4.19.0\selenium-api-4.19.0.jar;C:\Users\dougl\.m2\repository\org\seleniumhq\selenium\selenium-chrome-driver\4.19.0\selenium-chrome-driver-4.19.0.jar;C:\Users\dougl\.m2\repository\com\google\auto\service\auto-service-annotations\1.1.1\auto-service-annotations-1.1.1.jar;C:\Users\dougl\.m2\repository\org\seleniumhq\selenium\selenium-chromium-driver\4.19.0\selenium-chromium-driver-4.19.0.jar;C:\Users\dougl\.m2\repository\org\seleniumhq\selenium\selenium-json\4.19.0\selenium-json-4.19.0.jar;C:\Users\dougl\.m2\repository\org\seleniumhq\selenium\selenium-manager\4.19.0\selenium-manager-4.19.0.jar;C:\Users\dougl\.m2\repository\org\seleniumhq\selenium\selenium-devtools-v121\4.19.0\selenium-devtools-v121-4.19.0.jar;C:\Users\dougl\.m2\repository\org\seleniumhq\selenium\selenium-devtools-v122\4.19.0\selenium-devtools-v122-4.19.0.jar;C:\Users\dougl\.m2\repository\org\seleniumhq\selenium\selenium-devtools-v123\4.19.0\selenium-devtools-v123-4.19.0.jar;C:\Users\dougl\.m2\repository\org\seleniumhq\selenium\selenium-devtools-v85\4.19.0\selenium-devtools-v85-4.19.0.jar;C:\Users\dougl\.m2\repository\org\seleniumhq\selenium\selenium-edge-driver\4.19.0\selenium-edge-driver-4.19.0.jar;C:\Users\dougl\.m2\repository\org\seleniumhq\selenium\selenium-firefox-driver\4.19.0\selenium-firefox-driver-4.19.0.jar;C:\Users\dougl\.m2\repository\org\seleniumhq\selenium\selenium-http\4.19.0\selenium-http-4.19.0.jar;C:\Users\dougl\.m2\repository\dev\failsafe\failsafe\3.3.2\failsafe-3.3.2.jar;C:\Users\dougl\.m2\repository\org\seleniumhq\selenium\selenium-ie-driver\4.19.0\selenium-ie-driver-4.19.0.jar;C:\Users\dougl\.m2\repository\org\seleniumhq\selenium\selenium-remote-driver\4.19.0\selenium-remote-driver-4.19.0.jar;C:\Users\dougl\.m2\repository\com\google\guava\guava\33.1.0-jre\guava-33.1.0-jre.jar;C:\Users\dougl\.m2\repository\com\google\guava\failureaccess\1.0.2\failureaccess-1.0.2.jar;C:\Users\dougl\.m2\repository\com\google\guava\listenablefuture\9999.0-empty-to-avoid-conflict-with-guava\listenablefuture-9999.0-empty-to-avoid-conflict-with-guava.jar;C:\Users\dougl\.m2\repository\com\google\code\findbugs\jsr305\3.0.2\jsr305-3.0.2.jar;C:\Users\dougl\.m2\repository\org\checkerframework\checker-qual\3.42.0\checker-qual-3.42.0.jar;C:\Users\dougl\.m2\repository\com\google\errorprone\error_prone_annotations\2.26.1\error_prone_annotations-2.26.1.jar;C:\Users\dougl\.m2\repository\com\google\j2objc\j2objc-annotations\3.0.0\j2objc-annotations-3.0.0.jar;C:\Users\dougl\.m2\repository\io\opentelemetry\semconv\opentelemetry-semconv\1.23.1-alpha\opentelemetry-semconv-1.23.1-alpha.jar;C:\Users\dougl\.m2\repository\io\opentelemetry\opentelemetry-api\1.36.0\opentelemetry-api-1.36.0.jar;C:\Users\dougl\.m2\repository\io\opentelemetry\opentelemetry-context\1.36.0\opentelemetry-context-1.36.0.jar;C:\Users\dougl\.m2\repository\io\opentelemetry\opentelemetry-exporter-logging\1.36.0\opentelemetry-exporter-logging-1.36.0.jar;C:\Users\dougl\.m2\repository\io\opentelemetry\opentelemetry-sdk-common\1.36.0\opentelemetry-sdk-common-1.36.0.jar;C:\Users\dougl\.m2\repository\io\opentelemetry\opentelemetry-sdk-extension-autoconfigure-spi\1.36.0\opentelemetry-sdk-extension-autoconfigure-spi-1.36.0.jar;C:\Users\dougl\.m2\repository\io\opentelemetry\opentelemetry-sdk-extension-autoconfigure\1.36.0\opentelemetry-sdk-extension-autoconfigure-1.36.0.jar;C:\Users\dougl\.m2\repository\io\opentelemetry\opentelemetry-api-events\1.36.0-alpha\opentelemetry-api-events-1.36.0-alpha.jar;C:\Users\dougl\.m2\repository\io\opentelemetry\opentelemetry-sdk-trace\1.36.0\opentelemetry-sdk-trace-1.36.0.jar;C:\Users\dougl\.m2\repository\io\opentelemetry\opentelemetry-extension-incubator\1.36.0-alpha\opentelemetry-extension-incubator-1.36.0-alpha.jar;C:\Users\dougl\.m2\repository\io\opentelemetry\opentelemetry-sdk\1.36.0\opentelemetry-sdk-1.36.0.jar;C:\Users\dougl\.m2\repository\io\opentelemetry\opentelemetry-sdk-metrics\1.36.0\opentelemetry-sdk-metrics-1.36.0.jar;C:\Users\dougl\.m2\repository\io\opentelemetry\opentelemetry-sdk-logs\1.36.0\opentelemetry-sdk-logs-1.36.0.jar;C:\Users\dougl\.m2\repository\org\seleniumhq\selenium\selenium-os\4.19.0\selenium-os-4.19.0.jar;C:\Users\dougl\.m2\repository\org\apache\commons\commons-exec\1.3\commons-exec-1.3.jar;C:\Users\dougl\.m2\repository\org\seleniumhq\selenium\selenium-safari-driver\4.19.0\selenium-safari-driver-4.19.0.jar;C:\Users\dougl\.m2\repository\org\seleniumhq\selenium\selenium-support\4.19.0\selenium-support-4.19.0.jar;C:\Users\dougl\.m2\repository\org\assertj\assertj-core\3.25.3\assertj-core-3.25.3.jar;C:\Users\dougl\.m2\repository\net\bytebuddy\byte-buddy\1.14.11\byte-buddy-1.14.11.jar;C:\Users\dougl\.m2\repository\org\projectlombok\lombok\1.18.32\lombok-1.18.32.jar;C:\Users\dougl\.m2\repository\org\slf4j\slf4j-simple\2.1.0-alpha1\slf4j-simple-2.1.0-alpha1.jar;C:\Users\dougl\.m2\repository\org\slf4j\slf4j-api\2.1.0-alpha1\slf4j-api-2.1.0-alpha1.jar;C:\Users\dougl\.m2\repository\com\github\javafaker\javafaker\1.0.2\javafaker-1.0.2.jar;C:\Users\dougl\.m2\repository\org\apache\commons\commons-lang3\3.5\commons-lang3-3.5.jar;C:\Users\dougl\.m2\repository\org\yaml\snakeyaml\1.23\snakeyaml-1.23-android.jar;C:\Users\dougl\.m2\repository\com\github\mifmif\generex\1.0.2\generex-1.0.2.jar;C:\Users\dougl\.m2\repository\dk\brics\automaton\automaton\1.11-8\automaton-1.11-8.jar;C:\Users\dougl\.m2\repository\com\deque\html\axe-core\selenium\4.8.2\selenium-4.8.2.jar;C:\Users\dougl\.m2\repository\commons-io\commons-io\2.15.1\commons-io-2.15.1.jar;C:\Users\dougl\.m2\repository\io\github\bonigarcia\webdrivermanager\5.6.3\webdrivermanager-5.6.3.jar;C:\Users\dougl\.m2\repository\com\google\code\gson\gson\2.10.1\gson-2.10.1.jar;C:\Users\dougl\.m2\repository\com\github\docker-java\docker-java\3.3.4\docker-java-3.3.4.jar;C:\Users\dougl\.m2\repository\com\github\docker-java\docker-java-core\3.3.4\docker-java-core-3.3.4.jar;C:\Users\dougl\.m2\repository\com\github\docker-java\docker-java-api\3.3.4\docker-java-api-3.3.4.jar;C:\Users\dougl\.m2\repository\org\bouncycastle\bcpkix-jdk18on\1.76\bcpkix-jdk18on-1.76.jar;C:\Users\dougl\.m2\repository\org\bouncycastle\bcprov-jdk18on\1.76\bcprov-jdk18on-1.76.jar;C:\Users\dougl\.m2\repository\org\bouncycastle\bcutil-jdk18on\1.76\bcutil-jdk18on-1.76.jar;C:\Users\dougl\.m2\repository\org\slf4j\jcl-over-slf4j\1.7.30\jcl-over-slf4j-1.7.30.jar;C:\Users\dougl\.m2\repository\com\github\docker-java\docker-java-transport-httpclient5\3.3.4\docker-java-transport-httpclient5-3.3.4.jar;C:\Users\dougl\.m2\repository\com\github\docker-java\docker-java-transport\3.3.4\docker-java-transport-3.3.4.jar;C:\Users\dougl\.m2\repository\net\java\dev\jna\jna\5.13.0\jna-5.13.0.jar;C:\Users\dougl\.m2\repository\org\brotli\dec\0.1.2\dec-0.1.2.jar;C:\Users\dougl\.m2\repository\org\apache\commons\commons-compress\1.25.0\commons-compress-1.25.0.jar;C:\Users\dougl\.m2\repository\org\apache\httpcomponents\client5\httpclient5\5.2.1\httpclient5-5.2.1.jar;C:\Users\dougl\.m2\repository\org\apache\httpcomponents\core5\httpcore5\5.2\httpcore5-5.2.jar;C:\Users\dougl\.m2\repository\org\apache\httpcomponents\core5\httpcore5-h2\5.2\httpcore5-h2-5.2.jar;C:\Users\dougl\.m2\repository\com\deque\html\axe-core\dequeutilites\4.8.2\dequeutilites-4.8.2.jar;C:\Users\dougl\.m2\repository\io\qameta\allure\allure-junit5\2.26.0\allure-junit5-2.26.0.jar;C:\Users\dougl\.m2\repository\io\qameta\allure\allure-junit-platform\2.26.0\allure-junit-platform-2.26.0.jar;C:\Users\dougl\.m2\repository\io\qameta\allure\allure-java-commons\2.26.0\allure-java-commons-2.26.0.jar;C:\Users\dougl\.m2\repository\io\qameta\allure\allure-model\2.26.0\allure-model-2.26.0.jar;C:\Users\dougl\.m2\repository\io\qameta\allure\allure-test-filter\2.26.0\allure-test-filter-2.26.0.jar;C:\Users\dougl\.m2\repository\org\junit\platform\junit-platform-launcher\1.9.2\junit-platform-launcher-1.9.2.jar;C:\Users\dougl\.m2\repository\com\fasterxml\jackson\core\jackson-databind\2.17.0\jackson-databind-2.17.0.jar;C:\Users\dougl\.m2\repository\com\fasterxml\jackson\core\jackson-annotations\2.17.0\jackson-annotations-2.17.0.jar;C:\Users\dougl\.m2\repository\com\fasterxml\jackson\core\jackson-core\2.17.0\jackson-core-2.17.0.jar;C:\Users\dougl\.m2\repository\org\apache\httpcomponents\httpclient\4.5.14\httpclient-4.5.14.jar;C:\Users\dougl\.m2\repository\org\apache\httpcomponents\httpcore\4.4.16\httpcore-4.4.16.jar;C:\Users\dougl\.m2\repository\commons-logging\commons-logging\1.2\commons-logging-1.2.jar;C:\Users\dougl\.m2\repository\commons-codec\commons-codec\1.11\commons-codec-1.11.jar;C:\Users\dougl\.m2\repository\org\junit\jupiter\junit-jupiter-api\5.10.2\junit-jupiter-api-5.10.2.jar;C:\Users\dougl\.m2\repository\org\opentest4j\opentest4j\1.3.0\opentest4j-1.3.0.jar;C:\Users\dougl\.m2\repository\org\junit\platform\junit-platform-commons\1.10.2\junit-platform-commons-1.10.2.jar;C:\Users\dougl\.m2\repository\org\apiguardian\apiguardian-api\1.1.2\apiguardian-api-1.1.2.jar;C:\Users\dougl\.m2\repository\org\junit\jupiter\junit-jupiter-engine\5.10.2\junit-jupiter-engine-5.10.2.jar;C:\Users\dougl\.m2\repository\org\junit\platform\junit-platform-engine\1.10.2\junit-platform-engine-1.10.2.jar;C:\Users\dougl\.m2\repository\org\junit\jupiter\junit-jupiter-params\5.10.2\junit-jupiter-params-5.10.2.jar;"/>
    <property name="java.vm.vendor" value="Amazon.com Inc."/>
    <property name="sun.arch.data.model" value="64"/>
    <property name="user.variant" value=""/>
    <property name="java.vendor.url" value="https://aws.amazon.com/corretto/"/>
    <property name="user.timezone" value="America/Bogota"/>
    <property name="os.name" value="Windows 11"/>
    <property name="java.vm.specification.version" value="17"/>
    <property name="sun.java.launcher" value="SUN_STANDARD"/>
    <property name="user.country" value="CO"/>
    <property name="sun.boot.library.path" value="C:\Program Files\Amazon Corretto\jdk17.0.8_8\bin"/>
    <property name="sun.java.command" value="C:\Users\dougl\AppData\Local\Temp\surefire7823152495328547642\surefirebooter-20240328150921469_3.jar C:\Users\dougl\AppData\Local\Temp\surefire7823152495328547642 2024-03-28T15-09-21_302-jvmRun1 surefire-20240328150921469_1tmp surefire_0-20240328150921469_2tmp"/>
    <property name="jdk.debug" value="release"/>
    <property name="surefire.test.class.path" value="C:\Douglas\Automation\Proyectos\Selenium\Pumpkins\Four Project\carbonfour-selenium-4\target\test-classes;C:\Douglas\Automation\Proyectos\Selenium\Pumpkins\Four Project\carbonfour-selenium-4\target\classes;C:\Users\dougl\.m2\repository\org\seleniumhq\selenium\selenium-java\4.19.0\selenium-java-4.19.0.jar;C:\Users\dougl\.m2\repository\org\seleniumhq\selenium\selenium-api\4.19.0\selenium-api-4.19.0.jar;C:\Users\dougl\.m2\repository\org\seleniumhq\selenium\selenium-chrome-driver\4.19.0\selenium-chrome-driver-4.19.0.jar;C:\Users\dougl\.m2\repository\com\google\auto\service\auto-service-annotations\1.1.1\auto-service-annotations-1.1.1.jar;C:\Users\dougl\.m2\repository\org\seleniumhq\selenium\selenium-chromium-driver\4.19.0\selenium-chromium-driver-4.19.0.jar;C:\Users\dougl\.m2\repository\org\seleniumhq\selenium\selenium-json\4.19.0\selenium-json-4.19.0.jar;C:\Users\dougl\.m2\repository\org\seleniumhq\selenium\selenium-manager\4.19.0\selenium-manager-4.19.0.jar;C:\Users\dougl\.m2\repository\org\seleniumhq\selenium\selenium-devtools-v121\4.19.0\selenium-devtools-v121-4.19.0.jar;C:\Users\dougl\.m2\repository\org\seleniumhq\selenium\selenium-devtools-v122\4.19.0\selenium-devtools-v122-4.19.0.jar;C:\Users\dougl\.m2\repository\org\seleniumhq\selenium\selenium-devtools-v123\4.19.0\selenium-devtools-v123-4.19.0.jar;C:\Users\dougl\.m2\repository\org\seleniumhq\selenium\selenium-devtools-v85\4.19.0\selenium-devtools-v85-4.19.0.jar;C:\Users\dougl\.m2\repository\org\seleniumhq\selenium\selenium-edge-driver\4.19.0\selenium-edge-driver-4.19.0.jar;C:\Users\dougl\.m2\repository\org\seleniumhq\selenium\selenium-firefox-driver\4.19.0\selenium-firefox-driver-4.19.0.jar;C:\Users\dougl\.m2\repository\org\seleniumhq\selenium\selenium-http\4.19.0\selenium-http-4.19.0.jar;C:\Users\dougl\.m2\repository\dev\failsafe\failsafe\3.3.2\failsafe-3.3.2.jar;C:\Users\dougl\.m2\repository\org\seleniumhq\selenium\selenium-ie-driver\4.19.0\selenium-ie-driver-4.19.0.jar;C:\Users\dougl\.m2\repository\org\seleniumhq\selenium\selenium-remote-driver\4.19.0\selenium-remote-driver-4.19.0.jar;C:\Users\dougl\.m2\repository\com\google\guava\guava\33.1.0-jre\guava-33.1.0-jre.jar;C:\Users\dougl\.m2\repository\com\google\guava\failureaccess\1.0.2\failureaccess-1.0.2.jar;C:\Users\dougl\.m2\repository\com\google\guava\listenablefuture\9999.0-empty-to-avoid-conflict-with-guava\listenablefuture-9999.0-empty-to-avoid-conflict-with-guava.jar;C:\Users\dougl\.m2\repository\com\google\code\findbugs\jsr305\3.0.2\jsr305-3.0.2.jar;C:\Users\dougl\.m2\repository\org\checkerframework\checker-qual\3.42.0\checker-qual-3.42.0.jar;C:\Users\dougl\.m2\repository\com\google\errorprone\error_prone_annotations\2.26.1\error_prone_annotations-2.26.1.jar;C:\Users\dougl\.m2\repository\com\google\j2objc\j2objc-annotations\3.0.0\j2objc-annotations-3.0.0.jar;C:\Users\dougl\.m2\repository\io\opentelemetry\semconv\opentelemetry-semconv\1.23.1-alpha\opentelemetry-semconv-1.23.1-alpha.jar;C:\Users\dougl\.m2\repository\io\opentelemetry\opentelemetry-api\1.36.0\opentelemetry-api-1.36.0.jar;C:\Users\dougl\.m2\repository\io\opentelemetry\opentelemetry-context\1.36.0\opentelemetry-context-1.36.0.jar;C:\Users\dougl\.m2\repository\io\opentelemetry\opentelemetry-exporter-logging\1.36.0\opentelemetry-exporter-logging-1.36.0.jar;C:\Users\dougl\.m2\repository\io\opentelemetry\opentelemetry-sdk-common\1.36.0\opentelemetry-sdk-common-1.36.0.jar;C:\Users\dougl\.m2\repository\io\opentelemetry\opentelemetry-sdk-extension-autoconfigure-spi\1.36.0\opentelemetry-sdk-extension-autoconfigure-spi-1.36.0.jar;C:\Users\dougl\.m2\repository\io\opentelemetry\opentelemetry-sdk-extension-autoconfigure\1.36.0\opentelemetry-sdk-extension-autoconfigure-1.36.0.jar;C:\Users\dougl\.m2\repository\io\opentelemetry\opentelemetry-api-events\1.36.0-alpha\opentelemetry-api-events-1.36.0-alpha.jar;C:\Users\dougl\.m2\repository\io\opentelemetry\opentelemetry-sdk-trace\1.36.0\opentelemetry-sdk-trace-1.36.0.jar;C:\Users\dougl\.m2\repository\io\opentelemetry\opentelemetry-extension-incubator\1.36.0-alpha\opentelemetry-extension-incubator-1.36.0-alpha.jar;C:\Users\dougl\.m2\repository\io\opentelemetry\opentelemetry-sdk\1.36.0\opentelemetry-sdk-1.36.0.jar;C:\Users\dougl\.m2\repository\io\opentelemetry\opentelemetry-sdk-metrics\1.36.0\opentelemetry-sdk-metrics-1.36.0.jar;C:\Users\dougl\.m2\repository\io\opentelemetry\opentelemetry-sdk-logs\1.36.0\opentelemetry-sdk-logs-1.36.0.jar;C:\Users\dougl\.m2\repository\org\seleniumhq\selenium\selenium-os\4.19.0\selenium-os-4.19.0.jar;C:\Users\dougl\.m2\repository\org\apache\commons\commons-exec\1.3\commons-exec-1.3.jar;C:\Users\dougl\.m2\repository\org\seleniumhq\selenium\selenium-safari-driver\4.19.0\selenium-safari-driver-4.19.0.jar;C:\Users\dougl\.m2\repository\org\seleniumhq\selenium\selenium-support\4.19.0\selenium-support-4.19.0.jar;C:\Users\dougl\.m2\repository\org\assertj\assertj-core\3.25.3\assertj-core-3.25.3.jar;C:\Users\dougl\.m2\repository\net\bytebuddy\byte-buddy\1.14.11\byte-buddy-1.14.11.jar;C:\Users\dougl\.m2\repository\org\projectlombok\lombok\1.18.32\lombok-1.18.32.jar;C:\Users\dougl\.m2\repository\org\slf4j\slf4j-simple\2.1.0-alpha1\slf4j-simple-2.1.0-alpha1.jar;C:\Users\dougl\.m2\repository\org\slf4j\slf4j-api\2.1.0-alpha1\slf4j-api-2.1.0-alpha1.jar;C:\Users\dougl\.m2\repository\com\github\javafaker\javafaker\1.0.2\javafaker-1.0.2.jar;C:\Users\dougl\.m2\repository\org\apache\commons\commons-lang3\3.5\commons-lang3-3.5.jar;C:\Users\dougl\.m2\repository\org\yaml\snakeyaml\1.23\snakeyaml-1.23-android.jar;C:\Users\dougl\.m2\repository\com\github\mifmif\generex\1.0.2\generex-1.0.2.jar;C:\Users\dougl\.m2\repository\dk\brics\automaton\automaton\1.11-8\automaton-1.11-8.jar;C:\Users\dougl\.m2\repository\com\deque\html\axe-core\selenium\4.8.2\selenium-4.8.2.jar;C:\Users\dougl\.m2\repository\commons-io\commons-io\2.15.1\commons-io-2.15.1.jar;C:\Users\dougl\.m2\repository\io\github\bonigarcia\webdrivermanager\5.6.3\webdrivermanager-5.6.3.jar;C:\Users\dougl\.m2\repository\com\google\code\gson\gson\2.10.1\gson-2.10.1.jar;C:\Users\dougl\.m2\repository\com\github\docker-java\docker-java\3.3.4\docker-java-3.3.4.jar;C:\Users\dougl\.m2\repository\com\github\docker-java\docker-java-core\3.3.4\docker-java-core-3.3.4.jar;C:\Users\dougl\.m2\repository\com\github\docker-java\docker-java-api\3.3.4\docker-java-api-3.3.4.jar;C:\Users\dougl\.m2\repository\org\bouncycastle\bcpkix-jdk18on\1.76\bcpkix-jdk18on-1.76.jar;C:\Users\dougl\.m2\repository\org\bouncycastle\bcprov-jdk18on\1.76\bcprov-jdk18on-1.76.jar;C:\Users\dougl\.m2\repository\org\bouncycastle\bcutil-jdk18on\1.76\bcutil-jdk18on-1.76.jar;C:\Users\dougl\.m2\repository\org\slf4j\jcl-over-slf4j\1.7.30\jcl-over-slf4j-1.7.30.jar;C:\Users\dougl\.m2\repository\com\github\docker-java\docker-java-transport-httpclient5\3.3.4\docker-java-transport-httpclient5-3.3.4.jar;C:\Users\dougl\.m2\repository\com\github\docker-java\docker-java-transport\3.3.4\docker-java-transport-3.3.4.jar;C:\Users\dougl\.m2\repository\net\java\dev\jna\jna\5.13.0\jna-5.13.0.jar;C:\Users\dougl\.m2\repository\org\brotli\dec\0.1.2\dec-0.1.2.jar;C:\Users\dougl\.m2\repository\org\apache\commons\commons-compress\1.25.0\commons-compress-1.25.0.jar;C:\Users\dougl\.m2\repository\org\apache\httpcomponents\client5\httpclient5\5.2.1\httpclient5-5.2.1.jar;C:\Users\dougl\.m2\repository\org\apache\httpcomponents\core5\httpcore5\5.2\httpcore5-5.2.jar;C:\Users\dougl\.m2\repository\org\apache\httpcomponents\core5\httpcore5-h2\5.2\httpcore5-h2-5.2.jar;C:\Users\dougl\.m2\repository\com\deque\html\axe-core\dequeutilites\4.8.2\dequeutilites-4.8.2.jar;C:\Users\dougl\.m2\repository\io\qameta\allure\allure-junit5\2.26.0\allure-junit5-2.26.0.jar;C:\Users\dougl\.m2\repository\io\qameta\allure\allure-junit-platform\2.26.0\allure-junit-platform-2.26.0.jar;C:\Users\dougl\.m2\repository\io\qameta\allure\allure-java-commons\2.26.0\allure-java-commons-2.26.0.jar;C:\Users\dougl\.m2\repository\io\qameta\allure\allure-model\2.26.0\allure-model-2.26.0.jar;C:\Users\dougl\.m2\repository\io\qameta\allure\allure-test-filter\2.26.0\allure-test-filter-2.26.0.jar;C:\Users\dougl\.m2\repository\org\junit\platform\junit-platform-launcher\1.9.2\junit-platform-launcher-1.9.2.jar;C:\Users\dougl\.m2\repository\com\fasterxml\jackson\core\jackson-databind\2.17.0\jackson-databind-2.17.0.jar;C:\Users\dougl\.m2\repository\com\fasterxml\jackson\core\jackson-annotations\2.17.0\jackson-annotations-2.17.0.jar;C:\Users\dougl\.m2\repository\com\fasterxml\jackson\core\jackson-core\2.17.0\jackson-core-2.17.0.jar;C:\Users\dougl\.m2\repository\org\apache\httpcomponents\httpclient\4.5.14\httpclient-4.5.14.jar;C:\Users\dougl\.m2\repository\org\apache\httpcomponents\httpcore\4.4.16\httpcore-4.4.16.jar;C:\Users\dougl\.m2\repository\commons-logging\commons-logging\1.2\commons-logging-1.2.jar;C:\Users\dougl\.m2\repository\commons-codec\commons-codec\1.11\commons-codec-1.11.jar;C:\Users\dougl\.m2\repository\org\junit\jupiter\junit-jupiter-api\5.10.2\junit-jupiter-api-5.10.2.jar;C:\Users\dougl\.m2\repository\org\opentest4j\opentest4j\1.3.0\opentest4j-1.3.0.jar;C:\Users\dougl\.m2\repository\org\junit\platform\junit-platform-commons\1.10.2\junit-platform-commons-1.10.2.jar;C:\Users\dougl\.m2\repository\org\apiguardian\apiguardian-api\1.1.2\apiguardian-api-1.1.2.jar;C:\Users\dougl\.m2\repository\org\junit\jupiter\junit-jupiter-engine\5.10.2\junit-jupiter-engine-5.10.2.jar;C:\Users\dougl\.m2\repository\org\junit\platform\junit-platform-engine\1.10.2\junit-platform-engine-1.10.2.jar;C:\Users\dougl\.m2\repository\org\junit\jupiter\junit-jupiter-params\5.10.2\junit-jupiter-params-5.10.2.jar;"/>
    <property name="sun.cpu.endian" value="little"/>
    <property name="user.home" value="C:\Users\dougl"/>
    <property name="user.language" value="es"/>
    <property name="java.specification.vendor" value="Oracle Corporation"/>
    <property name="java.version.date" value="2023-08-22"/>
    <property name="java.home" value="C:\Program Files\Amazon Corretto\jdk17.0.8_8"/>
    <property name="file.separator" value="\"/>
    <property name="basedir" value="C:\Douglas\Automation\Proyectos\Selenium\Pumpkins\Four Project\carbonfour-selenium-4"/>
    <property name="java.vm.compressedOopsMode" value="Zero based"/>
    <property name="line.separator" value="&#10;"/>
    <property name="java.vm.specification.vendor" value="Oracle Corporation"/>
    <property name="java.specification.name" value="Java Platform API Specification"/>
    <property name="surefire.real.class.path" value="C:\Users\dougl\AppData\Local\Temp\surefire7823152495328547642\surefirebooter-20240328150921469_3.jar"/>
    <property name="user.script" value=""/>
    <property name="sun.management.compiler" value="HotSpot 64-Bit Tiered Compilers"/>
    <property name="java.runtime.version" value="17.0.8.1+8-LTS"/>
    <property name="user.name" value="dougl"/>
    <property name="path.separator" value=";"/>
    <property name="os.version" value="10.0"/>
    <property name="java.runtime.name" value="OpenJDK Runtime Environment"/>
    <property name="file.encoding" value="Cp1252"/>
    <property name="java.vm.name" value="OpenJDK 64-Bit Server VM"/>
    <property name="java.vendor.version" value="Corretto-17.0.8.8.1"/>
    <property name="localRepository" value="C:\Users\dougl\.m2\repository"/>
    <property name="java.vendor.url.bug" value="https://github.com/corretto/corretto-17/issues/"/>
    <property name="java.io.tmpdir" value="C:\Users\dougl\AppData\Local\Temp\"/>
    <property name="java.version" value="17.0.8.1"/>
    <property name="user.dir" value="C:\Douglas\Automation\Proyectos\Selenium\Pumpkins\Four Project\carbonfour-selenium-4"/>
    <property name="os.arch" value="amd64"/>
    <property name="java.vm.specification.name" value="Java Virtual Machine Specification"/>
    <property name="sun.os.patch.level" value=""/>
    <property name="native.encoding" value="Cp1252"/>
    <property name="java.library.path" value="C:\Program Files\Amazon Corretto\jdk17.0.8_8\bin;C:\WINDOWS\Sun\Java\bin;C:\WINDOWS\system32;C:\WINDOWS;C:\Program Files\Amazon Corretto\jdk17.0.8_8\bin;C:\Program Files (x86)\NVIDIA Corporation\PhysX\Common;C:\WINDOWS\system32;C:\WINDOWS;C:\WINDOWS\System32\Wbem;C:\WINDOWS\System32\WindowsPowerShell\v1.0\;C:\WINDOWS\System32\OpenSSH\;C:\Program Files\Amazon Corretto\jdk17.0.8_8\bin;C:\Program Files\Maven\bin;C:\Program Files\Calibre2\;C:\Program Files\Amazon\AWSCLIV2\;C:\Program Files\PowerShell\7\;C:\Program Files\dotnet\;C:\Program Files\nodejs\;C:\Program Files\Git\cmd;C:\Program Files\PuTTY\;C:\Users\dougl\AppData\Local\Microsoft\WindowsApps;C:\Users\dougl\AppData\Local\Programs\Microsoft VS Code\bin;C:\Program Files\JetBrains\IntelliJ IDEA 2022.1\bin;;C:\Users\dougl\AppData\Local\GitHubDesktop\bin;C:\Program Files\JetBrains\Aqua 233.14475.33\bin;;C:\Users\dougl\AppData\Local\Programs\Microsoft VS Code Insiders\bin;C:\Users\dougl\AppData\Roaming\npm;C:\Users\dougl\AppData\Local\Google\Cloud SDK\google-cloud-sdk\bin;."/>
    <property name="java.vm.info" value="mixed mode, sharing"/>
    <property name="java.vendor" value="Amazon.com Inc."/>
    <property name="java.vm.version" value="17.0.8.1+8-LTS"/>
    <property name="sun.io.unicode.encoding" value="UnicodeLittle"/>
    <property name="java.class.version" value="61.0"/>
  </properties>
  <testcase name="viewBrowserConsoleLogs" classname="Selenium_4_Tests.TestDevToolsConsoleLogs" time="10.147">
    <system-err><![CDATA[SLF4J(I): Connected with provider of type [org.slf4j.simple.SimpleServiceProvider]
[CDP Connection] INFO Selenium_4_Tests.TestDevToolsConsoleLogs - --------
[CDP Connection] INFO Selenium_4_Tests.TestDevToolsConsoleLogs - Level: warning
[CDP Connection] INFO Selenium_4_Tests.TestDevToolsConsoleLogs - Text: Tracking Prevention blocked access to storage for https://www.googleadservices.com/pagead/ar-adview/?nrh={%22aggregation_keys%22:{%221%22:%220x3d152ae7c30569ed0000000000000000%22,%222%22:%220xae8137c34d0327380000000000000000%22,%223%22:%220x421c60b8346693960000000000000000%22,%224%22:%220xde5c9ae4ef846eb60000000000000000%22,%225%22:%220x895984c55a891bb80000000000000000%22},%22debug_key%22:%225330023157218731146%22,%22debug_reporting%22:true,%22destination%22:%22https://instagram.com%22,%22event_report_window%22:%22259200%22,%22expiry%22:%222592000%22,%22filter_data%22:{%222%22:[%2216494785619%22],%2222%22:[%22true%22],%224%22:[%2203-28%22],%226%22:[%22true%22]},%22priority%22:%22500%22,%22source_event_id%22:%228755559216177953921%22}&andc=true.
[CDP Connection] INFO Selenium_4_Tests.TestDevToolsConsoleLogs - URL: Optional[https://my-location.org/]
[CDP Connection] INFO Selenium_4_Tests.TestDevToolsConsoleLogs - Timestamp: 1.711656569998024E12
[CDP Connection] INFO Selenium_4_Tests.TestDevToolsConsoleLogs - StackTrace: Optional.empty
[CDP Connection] INFO Selenium_4_Tests.TestDevToolsConsoleLogs - --------
[CDP Connection] INFO Selenium_4_Tests.TestDevToolsConsoleLogs - --------
[CDP Connection] INFO Selenium_4_Tests.TestDevToolsConsoleLogs - Level: warning
[CDP Connection] INFO Selenium_4_Tests.TestDevToolsConsoleLogs - Text: Tracking Prevention blocked access to storage for https://www.googleadservices.com/pagead/ar-adview/?nrh={%22aggregation_keys%22:{%221%22:%220x3d152ae7c30569ed0000000000000000%22,%222%22:%220xae8137c34d0327380000000000000000%22,%223%22:%220x421c60b8346693960000000000000000%22,%224%22:%220xdfc9aff8f2185c630000000000000000%22,%225%22:%220x895984c55a891bb80000000000000000%22},%22debug_key%22:%225709736343858507062%22,%22debug_reporting%22:true,%22destination%22:%22https://tostao.com%22,%22event_report_window%22:%22259200%22,%22expiry%22:%222592000%22,%22filter_data%22:{%222%22:[%2216494785619%22],%2222%22:[%22true%22],%224%22:[%2203-28%22],%226%22:[%22true%22]},%22priority%22:%22500%22,%22source_event_id%22:%229091798220161846833%22}&andc=true.
[CDP Connection] INFO Selenium_4_Tests.TestDevToolsConsoleLogs - URL: Optional[https://my-location.org/]
[CDP Connection] INFO Selenium_4_Tests.TestDevToolsConsoleLogs - --------
[CDP Connection] INFO Selenium_4_Tests.TestDevToolsConsoleLogs - Level: warning
[CDP Connection] INFO Selenium_4_Tests.TestDevToolsConsoleLogs - Timestamp: 1.711656570031872E12
[CDP Connection] INFO Selenium_4_Tests.TestDevToolsConsoleLogs - Text: Tracking Prevention blocked access to storage for https://www.googleadservices.com/pagead/ar-adview/?nrh={%22aggregation_keys%22:{%221%22:%220x3d152ae7c30569ed0000000000000000%22,%222%22:%220xae8137c34d0327380000000000000000%22,%223%22:%220x421c60b8346693960000000000000000%22,%224%22:%220xdfc9aff8f2185c630000000000000000%22,%225%22:%220x895984c55a891bb80000000000000000%22},%22debug_key%22:%225709736343858507062%22,%22debug_reporting%22:true,%22destination%22:%22https://tostao.com%22,%22event_report_window%22:%22259200%22,%22expiry%22:%222592000%22,%22filter_data%22:{%222%22:[%2216494785619%22],%2222%22:[%22true%22],%224%22:[%2203-28%22],%226%22:[%22true%22]},%22priority%22:%22500%22,%22source_event_id%22:%229091798220161846833%22}&andc=true.
[CDP Connection] INFO Selenium_4_Tests.TestDevToolsConsoleLogs - URL: Optional[https://my-location.org/]
[CDP Connection] INFO Selenium_4_Tests.TestDevToolsConsoleLogs - StackTrace: Optional.empty
[CDP Connection] INFO Selenium_4_Tests.TestDevToolsConsoleLogs - Timestamp: 1.711656570031935E12
[CDP Connection] INFO Selenium_4_Tests.TestDevToolsConsoleLogs - --------
[CDP Connection] INFO Selenium_4_Tests.TestDevToolsConsoleLogs - StackTrace: Optional.empty
[CDP Connection] INFO Selenium_4_Tests.TestDevToolsConsoleLogs - --------
[CDP Connection] INFO Selenium_4_Tests.TestDevToolsConsoleLogs - --------
[CDP Connection] INFO Selenium_4_Tests.TestDevToolsConsoleLogs - Level: warning
[CDP Connection] INFO Selenium_4_Tests.TestDevToolsConsoleLogs - Text: Tracking Prevention blocked access to storage for https://googleads.g.doubleclick.net/pagead/adview?ai=CAbWXd84FZvfhBtyC3rsP_fCXwAXWyL3EcJj6-t_1EK2Y0M2ABxABIKnJ7gRgq7nkgZwGoAGm1YLFA8gBCakCnU0m92_U8T2oAwHIA8sEqgTTAU_QkXdqzMZatpu1PdD9ahWjx1comsdsIlKrvXHRNnZPowqdiUQZIscQFcvUUgxhHqkyCBAIEE1x2QDuXYXRzgRFGx4X8m0M-V6_wDB0dcnH0HjqomoGzGc2u1nS3G3VK0nKoWGgovPNgD0tB2b_mPVDktIJIs4b6W5o2QCkWGS12jEcmHT8eBYtEvgumYW2Ux4rVFflhH9h5eouSplFwWZGn6OYZyjetrrhnShs0Ww-GF8zwrGHRaQtSZXPJlHacS0y1yMKbRQBoqRIfv8cca5xbFfABPnLz7uiBIgFkryZiUaSBQQIBBgBkgUECAUYBKAGLoAHwqr9OqgH2baxAqgHr76xAqgH1ckbqAemvhuoB47OG6gHk9gbqAfulrECqAf-nrEC2AcA8gcEENq_A9IIJAiAYRABGB8yAooCOgmAQIDAgICAoChIvf3BOljo2qPN4ZeFA5oJhAFodHRwczovL2NvcnRlc2lhcy5lbGNvbG9tYmlhbm8uY29tL2NvbG9tYmlhbm8vY29ydGVzaWFzI3V0bV9zb3VyY2U9RGlzcGxheSZ1dG1fbWVkaXVtPUNQTCZ1dG1fY2FtcGFpZ249Q29ydGVzaWFzXzE1ZGlhcyZ1dG1fY29udGVudD2ACgHICwHaDBAKChCwjMiCr7nD0GoSAgEDuBPkA9gTDYgUA9AVAZgWAYAXAbIXHAoaCAASFHB1Yi0yODI4NjA0NzAyMDg5NjM4GACyGAkSAs9qGC4iAQA&sigh=dOxiZwRK2w4&uach_m=%5BUACH%5D&ase=2&cid=CAQSTwB7FLtqYAe_mHJMG2sc477OX4pk8xQ56vGdzOBOh_WqW_opyGQqsb2cSRZbJxpMoNPSSnNGD5LflB5G2cYOC2CVoGce5JOnXedPWFOTLOUYAQ&template_id=484&cbvp=2&vis=1&nis=5.
[CDP Connection] INFO Selenium_4_Tests.TestDevToolsConsoleLogs - URL: Optional[https://my-location.org/]
[CDP Connection] INFO Selenium_4_Tests.TestDevToolsConsoleLogs - --------
[CDP Connection] INFO Selenium_4_Tests.TestDevToolsConsoleLogs - Timestamp: 1.711656570116668E12
[CDP Connection] INFO Selenium_4_Tests.TestDevToolsConsoleLogs - Level: warning
[CDP Connection] INFO Selenium_4_Tests.TestDevToolsConsoleLogs - StackTrace: Optional.empty
[CDP Connection] INFO Selenium_4_Tests.TestDevToolsConsoleLogs - Text: Tracking Prevention blocked access to storage for https://tpc.googlesyndication.com/sodar/sodar2.js.
[CDP Connection] INFO Selenium_4_Tests.TestDevToolsConsoleLogs - --------
[CDP Connection] INFO Selenium_4_Tests.TestDevToolsConsoleLogs - URL: Optional[https://my-location.org/]
[CDP Connection] INFO Selenium_4_Tests.TestDevToolsConsoleLogs - Timestamp: 1.711656570117656E12
[CDP Connection] INFO Selenium_4_Tests.TestDevToolsConsoleLogs - StackTrace: Optional.empty
[CDP Connection] INFO Selenium_4_Tests.TestDevToolsConsoleLogs - --------
[CDP Connection] INFO Selenium_4_Tests.TestDevToolsConsoleLogs - --------
[CDP Connection] INFO Selenium_4_Tests.TestDevToolsConsoleLogs - Level: warning
[CDP Connection] INFO Selenium_4_Tests.TestDevToolsConsoleLogs - Text: Tracking Prevention blocked access to storage for https://tpc.googlesyndication.com/sodar/sodar2.js.
[CDP Connection] INFO Selenium_4_Tests.TestDevToolsConsoleLogs - URL: Optional[https://my-location.org/]
[CDP Connection] INFO Selenium_4_Tests.TestDevToolsConsoleLogs - Timestamp: 1.711656570118402E12
[CDP Connection] INFO Selenium_4_Tests.TestDevToolsConsoleLogs - StackTrace: Optional.empty
[CDP Connection] INFO Selenium_4_Tests.TestDevToolsConsoleLogs - --------
[CDP Connection] INFO Selenium_4_Tests.TestDevToolsConsoleLogs - --------
[CDP Connection] INFO Selenium_4_Tests.TestDevToolsConsoleLogs - Level: warning
[CDP Connection] INFO Selenium_4_Tests.TestDevToolsConsoleLogs - Text: Tracking Prevention blocked access to storage for https://www.googleadservices.com/pagead/ar-adview/?nrh={%22aggregation_keys%22:{%221%22:%220x3d152ae7c30569ed0000000000000000%22,%222%22:%220xae8137c34d0327380000000000000000%22,%223%22:%220x421c60b8346693960000000000000000%22,%224%22:%220xdfc9aff8f2185c630000000000000000%22,%225%22:%220x895984c55a891bb80000000000000000%22},%22debug_key%22:%225709736343858507062%22,%22debug_reporting%22:true,%22destination%22:%22https://tostao.com%22,%22event_report_window%22:%22259200%22,%22expiry%22:%222592000%22,%22filter_data%22:{%222%22:[%2216494785619%22],%2222%22:[%22true%22],%224%22:[%2203-28%22],%226%22:[%22true%22]},%22priority%22:%22500%22,%22source_event_id%22:%229091798220161846833%22}&andc=true.
[CDP Connection] INFO Selenium_4_Tests.TestDevToolsConsoleLogs - URL: Optional[https://my-location.org/]
[CDP Connection] INFO Selenium_4_Tests.TestDevToolsConsoleLogs - Timestamp: 1.711656570149395E12
[CDP Connection] INFO Selenium_4_Tests.TestDevToolsConsoleLogs - StackTrace: Optional.empty
[CDP Connection] INFO Selenium_4_Tests.TestDevToolsConsoleLogs - --------
[CDP Connection] INFO Selenium_4_Tests.TestDevToolsConsoleLogs - --------
[CDP Connection] INFO Selenium_4_Tests.TestDevToolsConsoleLogs - --------
[CDP Connection] INFO Selenium_4_Tests.TestDevToolsConsoleLogs - Level: warning
[CDP Connection] INFO Selenium_4_Tests.TestDevToolsConsoleLogs - Level: warning
[CDP Connection] INFO Selenium_4_Tests.TestDevToolsConsoleLogs - Text: Tracking Prevention blocked access to storage for https://fundingchoicesmessages.google.com/f/AGSKWxUes_t-akQx4gY83LOickizxZMW3CLzp-Nt0EtL2O9FLbkPuHE3zeCFHYZkWUKeHz8o-qQeGi8wxJ1w5jBpXQ9sX1_fA1qP7w2yOee5xqY8Y0GsdlT2Ibe0OEcBGrqZJXe7zSkyUOJhKFnUxAS0p6SchDUDanFhrnWaGY67sPI_D2lSLeSz3zQgngi7/_?adCount=.uk/ads./amazon-ad-/CoastMarketplaceAdCategoriesJobs?/496_98_.
[CDP Connection] INFO Selenium_4_Tests.TestDevToolsConsoleLogs - --------
[CDP Connection] INFO Selenium_4_Tests.TestDevToolsConsoleLogs - Text: Tracking Prevention blocked access to storage for https://pagead2.googlesyndication.com/pagead/js/google_top_exp.js?fcd=true.
[CDP Connection] INFO Selenium_4_Tests.TestDevToolsConsoleLogs - Level: warning
[CDP Connection] INFO Selenium_4_Tests.TestDevToolsConsoleLogs - URL: Optional[https://my-location.org/]
[CDP Connection] INFO Selenium_4_Tests.TestDevToolsConsoleLogs - --------
[CDP Connection] INFO Selenium_4_Tests.TestDevToolsConsoleLogs - Timestamp: 1.711656570188669E12
[CDP Connection] INFO Selenium_4_Tests.TestDevToolsConsoleLogs - Text: Tracking Prevention blocked access to storage for https://fundingchoicesmessages.google.com/f/AGSKWxUes_t-akQx4gY83LOickizxZMW3CLzp-Nt0EtL2O9FLbkPuHE3zeCFHYZkWUKeHz8o-qQeGi8wxJ1w5jBpXQ9sX1_fA1qP7w2yOee5xqY8Y0GsdlT2Ibe0OEcBGrqZJXe7zSkyUOJhKFnUxAS0p6SchDUDanFhrnWaGY67sPI_D2lSLeSz3zQgngi7/_?adCount=.uk/ads./amazon-ad-/CoastMarketplaceAdCategoriesJobs?/496_98_.
[CDP Connection] INFO Selenium_4_Tests.TestDevToolsConsoleLogs - URL: Optional[https://my-location.org/]
[CDP Connection] INFO Selenium_4_Tests.TestDevToolsConsoleLogs - URL: Optional[https://my-location.org/]
[CDP Connection] INFO Selenium_4_Tests.TestDevToolsConsoleLogs - StackTrace: Optional.empty
[CDP Connection] INFO Selenium_4_Tests.TestDevToolsConsoleLogs - Level: warning
[CDP Connection] INFO Selenium_4_Tests.TestDevToolsConsoleLogs - --------
[CDP Connection] INFO Selenium_4_Tests.TestDevToolsConsoleLogs - Timestamp: 1.711656570188736E12
[CDP Connection] INFO Selenium_4_Tests.TestDevToolsConsoleLogs - Timestamp: 1.711656570188762E12
[CDP Connection] INFO Selenium_4_Tests.TestDevToolsConsoleLogs - StackTrace: Optional.empty
[CDP Connection] INFO Selenium_4_Tests.TestDevToolsConsoleLogs - Text: Tracking Prevention blocked access to storage for https://pagead2.googlesyndication.com/pagead/js/google_top_exp.js?fcd=true.
[CDP Connection] INFO Selenium_4_Tests.TestDevToolsConsoleLogs - --------
[CDP Connection] INFO Selenium_4_Tests.TestDevToolsConsoleLogs - StackTrace: Optional.empty
[CDP Connection] INFO Selenium_4_Tests.TestDevToolsConsoleLogs - --------
[CDP Connection] INFO Selenium_4_Tests.TestDevToolsConsoleLogs - URL: Optional[https://my-location.org/]
[CDP Connection] INFO Selenium_4_Tests.TestDevToolsConsoleLogs - Timestamp: 1.711656570188788E12
[CDP Connection] INFO Selenium_4_Tests.TestDevToolsConsoleLogs - StackTrace: Optional.empty
[CDP Connection] INFO Selenium_4_Tests.TestDevToolsConsoleLogs - --------
[CDP Connection] INFO Selenium_4_Tests.TestDevToolsConsoleLogs - --------
[CDP Connection] INFO Selenium_4_Tests.TestDevToolsConsoleLogs - Level: warning
[CDP Connection] INFO Selenium_4_Tests.TestDevToolsConsoleLogs - --------
[CDP Connection] INFO Selenium_4_Tests.TestDevToolsConsoleLogs - Level: warning
[CDP Connection] INFO Selenium_4_Tests.TestDevToolsConsoleLogs - Text: Tracking Prevention blocked access to storage for https://www.googleadservices.com/pagead/ar-adview/?nrh={%22aggregation_keys%22:{%221%22:%220x8c43905b28ac78340000000000000000%22,%222%22:%220xca11af347d2cd790000000000000000%22,%223%22:%220x57665892d17275010000000000000000%22,%224%22:%220xef4b2f9dfd8d94660000000000000000%22,%225%22:%220x29babca187bf72870000000000000000%22},%22debug_key%22:%226470086204314152253%22,%22debug_reporting%22:true,%22destination%22:%22https://elcolombiano.com%22,%22event_report_window%22:%22259200%22,%22expiry%22:%222592000%22,%22filter_data%22:{%222%22:[%22950053542%22],%2222%22:[%22true%22],%224%22:[%2203-28%22],%226%22:[%22true%22]},%22priority%22:%22500%22,%22source_event_id%22:%2217819265435935019153%22}&andc=true.
[CDP Connection] INFO Selenium_4_Tests.TestDevToolsConsoleLogs - Text: Tracking Prevention blocked access to storage for https://www.googleadservices.com/pagead/ar-adview/?nrh={%22aggregation_keys%22:{%221%22:%220x8c43905b28ac78340000000000000000%22,%222%22:%220xca11af347d2cd790000000000000000%22,%223%22:%220x57665892d17275010000000000000000%22,%224%22:%220xef4b2f9dfd8d94660000000000000000%22,%225%22:%220x29babca187bf72870000000000000000%22},%22debug_key%22:%226470086204314152253%22,%22debug_reporting%22:true,%22destination%22:%22https://elcolombiano.com%22,%22event_report_window%22:%22259200%22,%22expiry%22:%222592000%22,%22filter_data%22:{%222%22:[%22950053542%22],%2222%22:[%22true%22],%224%22:[%2203-28%22],%226%22:[%22true%22]},%22priority%22:%22500%22,%22source_event_id%22:%2217819265435935019153%22}&andc=true.
[CDP Connection] INFO Selenium_4_Tests.TestDevToolsConsoleLogs - URL: Optional[https://my-location.org/]
[CDP Connection] INFO Selenium_4_Tests.TestDevToolsConsoleLogs - URL: Optional[https://my-location.org/]
[CDP Connection] INFO Selenium_4_Tests.TestDevToolsConsoleLogs - Timestamp: 1.711656570231866E12
[CDP Connection] INFO Selenium_4_Tests.TestDevToolsConsoleLogs - StackTrace: Optional.empty
[CDP Connection] INFO Selenium_4_Tests.TestDevToolsConsoleLogs - Timestamp: 1.711656570232175E12
[CDP Connection] INFO Selenium_4_Tests.TestDevToolsConsoleLogs - --------
[CDP Connection] INFO Selenium_4_Tests.TestDevToolsConsoleLogs - StackTrace: Optional.empty
[CDP Connection] INFO Selenium_4_Tests.TestDevToolsConsoleLogs - --------
[CDP Connection] INFO Selenium_4_Tests.TestDevToolsConsoleLogs - --------
[CDP Connection] INFO Selenium_4_Tests.TestDevToolsConsoleLogs - Level: warning
[CDP Connection] INFO Selenium_4_Tests.TestDevToolsConsoleLogs - Text: Tracking Prevention blocked access to storage for https://fundingchoicesmessages.google.com/f/AGSKWxW3H3S4ikKvAWSn4kmr2PYGsSZq2sRzNCWk9usFPZxz0zZAV5wDsO1430L67vXZyKZ_v3ZPEKt2i0cNYJ3ejWFnVWJyAT3TsOnJr6wIZtklvzfZWKPlFLOO39Tqt7QGKaUYUUMoBw==?fccs=W251bGwsbnVsbCxudWxsLG51bGwsbnVsbCxudWxsLFsxNzExNjU2NTcwLDI5MDAwMDAwMF0sbnVsbCxudWxsLG51bGwsW251bGwsWzcsOSw2XSxudWxsLDIsbnVsbCwiZW4iLG51bGwsbnVsbCxudWxsLG51bGwsbnVsbCwxXSwiaHR0cHM6Ly9teS1sb2NhdGlvbi5vcmcvIixudWxsLFtbOCwiUnlubzRGRDlpVEUiXSxbOSwiZXMtNDE5Il0sWzE4LCJbW1swXV1dIl0sWzE5LCIyIl0sWzE3LCJbMF0iXV1d.
[CDP Connection] INFO Selenium_4_Tests.TestDevToolsConsoleLogs - URL: Optional[https://my-location.org/]
[CDP Connection] INFO Selenium_4_Tests.TestDevToolsConsoleLogs - Timestamp: 1.711656570291706E12
[CDP Connection] INFO Selenium_4_Tests.TestDevToolsConsoleLogs - StackTrace: Optional.empty
[CDP Connection] INFO Selenium_4_Tests.TestDevToolsConsoleLogs - --------
[CDP Connection] INFO Selenium_4_Tests.TestDevToolsConsoleLogs - --------
[CDP Connection] INFO Selenium_4_Tests.TestDevToolsConsoleLogs - Level: warning
[CDP Connection] INFO Selenium_4_Tests.TestDevToolsConsoleLogs - Text: Tracking Prevention blocked access to storage for https://fundingchoicesmessages.google.com/f/AGSKWxW3H3S4ikKvAWSn4kmr2PYGsSZq2sRzNCWk9usFPZxz0zZAV5wDsO1430L67vXZyKZ_v3ZPEKt2i0cNYJ3ejWFnVWJyAT3TsOnJr6wIZtklvzfZWKPlFLOO39Tqt7QGKaUYUUMoBw==?fccs=W251bGwsbnVsbCxudWxsLG51bGwsbnVsbCxudWxsLFsxNzExNjU2NTcwLDI5MDAwMDAwMF0sbnVsbCxudWxsLG51bGwsW251bGwsWzcsOSw2XSxudWxsLDIsbnVsbCwiZW4iLG51bGwsbnVsbCxudWxsLG51bGwsbnVsbCwxXSwiaHR0cHM6Ly9teS1sb2NhdGlvbi5vcmcvIixudWxsLFtbOCwiUnlubzRGRDlpVEUiXSxbOSwiZXMtNDE5Il0sWzE4LCJbW1swXV1dIl0sWzE5LCIyIl0sWzE3LCJbMF0iXV1d.
[CDP Connection] INFO Selenium_4_Tests.TestDevToolsConsoleLogs - URL: Optional[https://my-location.org/]
[CDP Connection] INFO Selenium_4_Tests.TestDevToolsConsoleLogs - Timestamp: 1.711656570291759E12
[CDP Connection] INFO Selenium_4_Tests.TestDevToolsConsoleLogs - StackTrace: Optional.empty
[CDP Connection] INFO Selenium_4_Tests.TestDevToolsConsoleLogs - --------
[CDP Connection] INFO Selenium_4_Tests.TestDevToolsConsoleLogs - --------
[CDP Connection] INFO Selenium_4_Tests.TestDevToolsConsoleLogs - Level: warning
[CDP Connection] INFO Selenium_4_Tests.TestDevToolsConsoleLogs - Text: Tracking Prevention blocked access to storage for https://www.googleadservices.com/pagead/ar-adview/?nrh={%22aggregation_keys%22:{%221%22:%220x8c43905b28ac78340000000000000000%22,%222%22:%220xca11af347d2cd790000000000000000%22,%223%22:%220x57665892d17275010000000000000000%22,%224%22:%220xef4b2f9dfd8d94660000000000000000%22,%225%22:%220x29babca187bf72870000000000000000%22},%22debug_key%22:%226470086204314152253%22,%22debug_reporting%22:true,%22destination%22:%22https://elcolombiano.com%22,%22event_report_window%22:%22259200%22,%22expiry%22:%222592000%22,%22filter_data%22:{%222%22:[%22950053542%22],%2222%22:[%22true%22],%224%22:[%2203-28%22],%226%22:[%22true%22]},%22priority%22:%22500%22,%22source_event_id%22:%2217819265435935019153%22}&andc=true.
[CDP Connection] INFO Selenium_4_Tests.TestDevToolsConsoleLogs - URL: Optional[https://my-location.org/]
[CDP Connection] INFO Selenium_4_Tests.TestDevToolsConsoleLogs - Timestamp: 1.711656570349398E12
[CDP Connection] INFO Selenium_4_Tests.TestDevToolsConsoleLogs - StackTrace: Optional.empty
[CDP Connection] INFO Selenium_4_Tests.TestDevToolsConsoleLogs - --------
[CDP Connection] INFO Selenium_4_Tests.TestDevToolsConsoleLogs - --------
[CDP Connection] INFO Selenium_4_Tests.TestDevToolsConsoleLogs - Level: warning
[CDP Connection] INFO Selenium_4_Tests.TestDevToolsConsoleLogs - Text: Tracking Prevention blocked access to storage for https://tpc.googlesyndication.com/sodar/sodar2/225/runner.html.
[CDP Connection] INFO Selenium_4_Tests.TestDevToolsConsoleLogs - --------
[CDP Connection] INFO Selenium_4_Tests.TestDevToolsConsoleLogs - Level: warning
[CDP Connection] INFO Selenium_4_Tests.TestDevToolsConsoleLogs - Text: Tracking Prevention blocked access to storage for https://tpc.googlesyndication.com/sodar/sodar2/225/runner.html.
[CDP Connection] INFO Selenium_4_Tests.TestDevToolsConsoleLogs - URL: Optional[https://my-location.org/]
[CDP Connection] INFO Selenium_4_Tests.TestDevToolsConsoleLogs - Timestamp: 1.711656570415258E12
[CDP Connection] INFO Selenium_4_Tests.TestDevToolsConsoleLogs - URL: Optional[https://my-location.org/]
[CDP Connection] INFO Selenium_4_Tests.TestDevToolsConsoleLogs - StackTrace: Optional.empty
[CDP Connection] INFO Selenium_4_Tests.TestDevToolsConsoleLogs - --------
[CDP Connection] INFO Selenium_4_Tests.TestDevToolsConsoleLogs - Timestamp: 1.711656570415382E12
[CDP Connection] INFO Selenium_4_Tests.TestDevToolsConsoleLogs - StackTrace: Optional.empty
[CDP Connection] INFO Selenium_4_Tests.TestDevToolsConsoleLogs - --------
[CDP Connection] INFO Selenium_4_Tests.TestDevToolsConsoleLogs - --------
[CDP Connection] INFO Selenium_4_Tests.TestDevToolsConsoleLogs - Level: warning
[CDP Connection] INFO Selenium_4_Tests.TestDevToolsConsoleLogs - --------
[CDP Connection] INFO Selenium_4_Tests.TestDevToolsConsoleLogs - Level: warning
[CDP Connection] INFO Selenium_4_Tests.TestDevToolsConsoleLogs - Text: Tracking Prevention blocked access to storage for https://pagead2.googlesyndication.com/bg/8IdVU_5hiTnoSVFpifzETCOPuU7V9vAnpxqXHqRkotI.js.
[CDP Connection] INFO Selenium_4_Tests.TestDevToolsConsoleLogs - Text: Tracking Prevention blocked access to storage for https://pagead2.googlesyndication.com/bg/8IdVU_5hiTnoSVFpifzETCOPuU7V9vAnpxqXHqRkotI.js.
[CDP Connection] INFO Selenium_4_Tests.TestDevToolsConsoleLogs - URL: Optional[https://my-location.org/]
[CDP Connection] INFO Selenium_4_Tests.TestDevToolsConsoleLogs - URL: Optional[https://my-location.org/]
[CDP Connection] INFO Selenium_4_Tests.TestDevToolsConsoleLogs - Timestamp: 1.711656570452669E12
[CDP Connection] INFO Selenium_4_Tests.TestDevToolsConsoleLogs - StackTrace: Optional.empty
[CDP Connection] INFO Selenium_4_Tests.TestDevToolsConsoleLogs - --------
[CDP Connection] INFO Selenium_4_Tests.TestDevToolsConsoleLogs - Timestamp: 1.711656570452794E12
[CDP Connection] INFO Selenium_4_Tests.TestDevToolsConsoleLogs - StackTrace: Optional.empty
[CDP Connection] INFO Selenium_4_Tests.TestDevToolsConsoleLogs - --------
[CDP Connection] INFO Selenium_4_Tests.TestDevToolsConsoleLogs - --------
[CDP Connection] INFO Selenium_4_Tests.TestDevToolsConsoleLogs - Level: warning
[CDP Connection] INFO Selenium_4_Tests.TestDevToolsConsoleLogs - Text: Tracking Prevention blocked access to storage for https://www.google.com/.
[CDP Connection] INFO Selenium_4_Tests.TestDevToolsConsoleLogs - --------
[CDP Connection] INFO Selenium_4_Tests.TestDevToolsConsoleLogs - URL: Optional[https://my-location.org/]
[CDP Connection] INFO Selenium_4_Tests.TestDevToolsConsoleLogs - Level: warning
[CDP Connection] INFO Selenium_4_Tests.TestDevToolsConsoleLogs - Timestamp: 1.711656570529779E12
[CDP Connection] INFO Selenium_4_Tests.TestDevToolsConsoleLogs - StackTrace: Optional.empty
[CDP Connection] INFO Selenium_4_Tests.TestDevToolsConsoleLogs - --------
[CDP Connection] INFO Selenium_4_Tests.TestDevToolsConsoleLogs - Text: Tracking Prevention blocked access to storage for https://www.google.com/.
[CDP Connection] INFO Selenium_4_Tests.TestDevToolsConsoleLogs - URL: Optional[https://my-location.org/]
[CDP Connection] INFO Selenium_4_Tests.TestDevToolsConsoleLogs - Timestamp: 1.711656570529643E12
[CDP Connection] INFO Selenium_4_Tests.TestDevToolsConsoleLogs - StackTrace: Optional.empty
[CDP Connection] INFO Selenium_4_Tests.TestDevToolsConsoleLogs - --------
[CDP Connection] INFO Selenium_4_Tests.TestDevToolsConsoleLogs - --------
[CDP Connection] INFO Selenium_4_Tests.TestDevToolsConsoleLogs - Level: warning
[CDP Connection] INFO Selenium_4_Tests.TestDevToolsConsoleLogs - Text: Tracking Prevention blocked access to storage for https://pagead2.googlesyndication.com/pagead/sodar?id=sodar2&v=225&li=gda_r20240326&jk=3707572538762533&rc=.
[CDP Connection] INFO Selenium_4_Tests.TestDevToolsConsoleLogs - URL: Optional[https://my-location.org/]
[CDP Connection] INFO Selenium_4_Tests.TestDevToolsConsoleLogs - Timestamp: 1.711656570531169E12
[CDP Connection] INFO Selenium_4_Tests.TestDevToolsConsoleLogs - StackTrace: Optional.empty
[CDP Connection] INFO Selenium_4_Tests.TestDevToolsConsoleLogs - --------
[CDP Connection] INFO Selenium_4_Tests.TestDevToolsConsoleLogs - --------
[CDP Connection] INFO Selenium_4_Tests.TestDevToolsConsoleLogs - Level: warning
[CDP Connection] INFO Selenium_4_Tests.TestDevToolsConsoleLogs - Text: Tracking Prevention blocked access to storage for https://pagead2.googlesyndication.com/pagead/sodar?id=sodar2&v=225&li=gda_r20240326&jk=3707572538762533&rc=.
[CDP Connection] INFO Selenium_4_Tests.TestDevToolsConsoleLogs - URL: Optional[https://my-location.org/]
[CDP Connection] INFO Selenium_4_Tests.TestDevToolsConsoleLogs - Timestamp: 1.711656570531247E12
[CDP Connection] INFO Selenium_4_Tests.TestDevToolsConsoleLogs - StackTrace: Optional.empty
[CDP Connection] INFO Selenium_4_Tests.TestDevToolsConsoleLogs - --------
[CDP Connection] INFO Selenium_4_Tests.TestDevToolsConsoleLogs - --------
[CDP Connection] INFO Selenium_4_Tests.TestDevToolsConsoleLogs - Level: warning
[CDP Connection] INFO Selenium_4_Tests.TestDevToolsConsoleLogs - Text: Tracking Prevention blocked access to storage for https://tpc.googlesyndication.com/generate_204?mzbQDA.
[CDP Connection] INFO Selenium_4_Tests.TestDevToolsConsoleLogs - URL: Optional[https://my-location.org/]
[CDP Connection] INFO Selenium_4_Tests.TestDevToolsConsoleLogs - --------
[CDP Connection] INFO Selenium_4_Tests.TestDevToolsConsoleLogs - Timestamp: 1.711656570632591E12
[CDP Connection] INFO Selenium_4_Tests.TestDevToolsConsoleLogs - StackTrace: Optional.empty
[CDP Connection] INFO Selenium_4_Tests.TestDevToolsConsoleLogs - --------
[CDP Connection] INFO Selenium_4_Tests.TestDevToolsConsoleLogs - Level: warning
[CDP Connection] INFO Selenium_4_Tests.TestDevToolsConsoleLogs - Text: Tracking Prevention blocked access to storage for https://tpc.googlesyndication.com/generate_204?mzbQDA.
[CDP Connection] INFO Selenium_4_Tests.TestDevToolsConsoleLogs - URL: Optional[https://my-location.org/]
[CDP Connection] INFO Selenium_4_Tests.TestDevToolsConsoleLogs - Timestamp: 1.71165657063265E12
[CDP Connection] INFO Selenium_4_Tests.TestDevToolsConsoleLogs - StackTrace: Optional.empty
[CDP Connection] INFO Selenium_4_Tests.TestDevToolsConsoleLogs - --------
]]></system-err>
  </testcase>
</testsuite>