<?xml version="1.0" encoding="UTF-8"?>
<testsuite xmlns:xsi="http://www.w3.org/2001/XMLSchema-instance" xsi:noNamespaceSchemaLocation="https://maven.apache.org/surefire/maven-surefire-plugin/xsd/surefire-test-report-3.0.xsd" version="3.0" name="Selenium_4_Tests.TestDevToolsPerformance" time="8.074" tests="2" errors="0" skipped="0" failures="0">
  <properties>
    <property name="java.specification.version" value="22"/>
    <property name="sun.cpu.isalist" value="amd64"/>
    <property name="sun.jnu.encoding" value="Cp1252"/>
    <property name="java.class.path" value="C:\Douglas\Automation\Proyectos\Selenium\Pumpkins\Four Project\carbonfour-selenium-4\target\test-classes;C:\Douglas\Automation\Proyectos\Selenium\Pumpkins\Four Project\carbonfour-selenium-4\target\classes;C:\Users\dougl\.m2\repository\org\seleniumhq\selenium\selenium-java\4.25.0\selenium-java-4.25.0.jar;C:\Users\dougl\.m2\repository\org\seleniumhq\selenium\selenium-api\4.25.0\selenium-api-4.25.0.jar;C:\Users\dougl\.m2\repository\org\jspecify\jspecify\1.0.0\jspecify-1.0.0.jar;C:\Users\dougl\.m2\repository\org\seleniumhq\selenium\selenium-chrome-driver\4.25.0\selenium-chrome-driver-4.25.0.jar;C:\Users\dougl\.m2\repository\com\google\auto\service\auto-service-annotations\1.1.1\auto-service-annotations-1.1.1.jar;C:\Users\dougl\.m2\repository\org\seleniumhq\selenium\selenium-chromium-driver\4.25.0\selenium-chromium-driver-4.25.0.jar;C:\Users\dougl\.m2\repository\org\seleniumhq\selenium\selenium-json\4.25.0\selenium-json-4.25.0.jar;C:\Users\dougl\.m2\repository\org\seleniumhq\selenium\selenium-manager\4.25.0\selenium-manager-4.25.0.jar;C:\Users\dougl\.m2\repository\org\seleniumhq\selenium\selenium-devtools-v127\4.25.0\selenium-devtools-v127-4.25.0.jar;C:\Users\dougl\.m2\repository\org\seleniumhq\selenium\selenium-devtools-v128\4.25.0\selenium-devtools-v128-4.25.0.jar;C:\Users\dougl\.m2\repository\org\seleniumhq\selenium\selenium-devtools-v129\4.25.0\selenium-devtools-v129-4.25.0.jar;C:\Users\dougl\.m2\repository\org\seleniumhq\selenium\selenium-devtools-v85\4.25.0\selenium-devtools-v85-4.25.0.jar;C:\Users\dougl\.m2\repository\org\seleniumhq\selenium\selenium-edge-driver\4.25.0\selenium-edge-driver-4.25.0.jar;C:\Users\dougl\.m2\repository\org\seleniumhq\selenium\selenium-firefox-driver\4.25.0\selenium-firefox-driver-4.25.0.jar;C:\Users\dougl\.m2\repository\org\seleniumhq\selenium\selenium-http\4.25.0\selenium-http-4.25.0.jar;C:\Users\dougl\.m2\repository\dev\failsafe\failsafe\3.3.2\failsafe-3.3.2.jar;C:\Users\dougl\.m2\repository\org\seleniumhq\selenium\selenium-ie-driver\4.25.0\selenium-ie-driver-4.25.0.jar;C:\Users\dougl\.m2\repository\org\seleniumhq\selenium\selenium-remote-driver\4.25.0\selenium-remote-driver-4.25.0.jar;C:\Users\dougl\.m2\repository\com\google\guava\guava\33.3.0-jre\guava-33.3.0-jre.jar;C:\Users\dougl\.m2\repository\com\google\guava\failureaccess\1.0.2\failureaccess-1.0.2.jar;C:\Users\dougl\.m2\repository\com\google\guava\listenablefuture\9999.0-empty-to-avoid-conflict-with-guava\listenablefuture-9999.0-empty-to-avoid-conflict-with-guava.jar;C:\Users\dougl\.m2\repository\com\google\code\findbugs\jsr305\3.0.2\jsr305-3.0.2.jar;C:\Users\dougl\.m2\repository\org\checkerframework\checker-qual\3.43.0\checker-qual-3.43.0.jar;C:\Users\dougl\.m2\repository\com\google\errorprone\error_prone_annotations\2.28.0\error_prone_annotations-2.28.0.jar;C:\Users\dougl\.m2\repository\com\google\j2objc\j2objc-annotations\3.0.0\j2objc-annotations-3.0.0.jar;C:\Users\dougl\.m2\repository\io\opentelemetry\semconv\opentelemetry-semconv\1.25.0-alpha\opentelemetry-semconv-1.25.0-alpha.jar;C:\Users\dougl\.m2\repository\io\opentelemetry\opentelemetry-api\1.42.1\opentelemetry-api-1.42.1.jar;C:\Users\dougl\.m2\repository\io\opentelemetry\opentelemetry-context\1.42.1\opentelemetry-context-1.42.1.jar;C:\Users\dougl\.m2\repository\io\opentelemetry\opentelemetry-exporter-logging\1.42.1\opentelemetry-exporter-logging-1.42.1.jar;C:\Users\dougl\.m2\repository\io\opentelemetry\opentelemetry-sdk-common\1.42.1\opentelemetry-sdk-common-1.42.1.jar;C:\Users\dougl\.m2\repository\io\opentelemetry\opentelemetry-sdk-extension-autoconfigure-spi\1.42.1\opentelemetry-sdk-extension-autoconfigure-spi-1.42.1.jar;C:\Users\dougl\.m2\repository\io\opentelemetry\opentelemetry-sdk-extension-autoconfigure\1.42.1\opentelemetry-sdk-extension-autoconfigure-1.42.1.jar;C:\Users\dougl\.m2\repository\io\opentelemetry\opentelemetry-api-incubator\1.42.1-alpha\opentelemetry-api-incubator-1.42.1-alpha.jar;C:\Users\dougl\.m2\repository\io\opentelemetry\opentelemetry-sdk-trace\1.42.1\opentelemetry-sdk-trace-1.42.1.jar;C:\Users\dougl\.m2\repository\io\opentelemetry\opentelemetry-sdk\1.42.1\opentelemetry-sdk-1.42.1.jar;C:\Users\dougl\.m2\repository\io\opentelemetry\opentelemetry-sdk-metrics\1.42.1\opentelemetry-sdk-metrics-1.42.1.jar;C:\Users\dougl\.m2\repository\io\opentelemetry\opentelemetry-sdk-logs\1.42.1\opentelemetry-sdk-logs-1.42.1.jar;C:\Users\dougl\.m2\repository\org\seleniumhq\selenium\selenium-os\4.25.0\selenium-os-4.25.0.jar;C:\Users\dougl\.m2\repository\org\apache\commons\commons-exec\1.4.0\commons-exec-1.4.0.jar;C:\Users\dougl\.m2\repository\org\seleniumhq\selenium\selenium-safari-driver\4.25.0\selenium-safari-driver-4.25.0.jar;C:\Users\dougl\.m2\repository\org\seleniumhq\selenium\selenium-support\4.25.0\selenium-support-4.25.0.jar;C:\Users\dougl\.m2\repository\org\assertj\assertj-core\3.26.3\assertj-core-3.26.3.jar;C:\Users\dougl\.m2\repository\net\bytebuddy\byte-buddy\1.14.18\byte-buddy-1.14.18.jar;C:\Users\dougl\.m2\repository\org\projectlombok\lombok\1.18.34\lombok-1.18.34.jar;C:\Users\dougl\.m2\repository\org\slf4j\slf4j-simple\2.1.0-alpha1\slf4j-simple-2.1.0-alpha1.jar;C:\Users\dougl\.m2\repository\org\slf4j\slf4j-api\2.1.0-alpha1\slf4j-api-2.1.0-alpha1.jar;C:\Users\dougl\.m2\repository\com\github\javafaker\javafaker\1.0.2\javafaker-1.0.2.jar;C:\Users\dougl\.m2\repository\org\apache\commons\commons-lang3\3.5\commons-lang3-3.5.jar;C:\Users\dougl\.m2\repository\org\yaml\snakeyaml\1.23\snakeyaml-1.23-android.jar;C:\Users\dougl\.m2\repository\com\github\mifmif\generex\1.0.2\generex-1.0.2.jar;C:\Users\dougl\.m2\repository\dk\brics\automaton\automaton\1.11-8\automaton-1.11-8.jar;C:\Users\dougl\.m2\repository\com\deque\html\axe-core\selenium\4.9.1\selenium-4.9.1.jar;C:\Users\dougl\.m2\repository\commons-io\commons-io\2.16.0\commons-io-2.16.0.jar;C:\Users\dougl\.m2\repository\io\github\bonigarcia\webdrivermanager\5.7.0\webdrivermanager-5.7.0.jar;C:\Users\dougl\.m2\repository\com\google\code\gson\gson\2.10.1\gson-2.10.1.jar;C:\Users\dougl\.m2\repository\com\github\docker-java\docker-java\3.3.5\docker-java-3.3.5.jar;C:\Users\dougl\.m2\repository\com\github\docker-java\docker-java-core\3.3.5\docker-java-core-3.3.5.jar;C:\Users\dougl\.m2\repository\com\github\docker-java\docker-java-api\3.3.5\docker-java-api-3.3.5.jar;C:\Users\dougl\.m2\repository\org\bouncycastle\bcpkix-jdk18on\1.76\bcpkix-jdk18on-1.76.jar;C:\Users\dougl\.m2\repository\org\bouncycastle\bcprov-jdk18on\1.76\bcprov-jdk18on-1.76.jar;C:\Users\dougl\.m2\repository\org\bouncycastle\bcutil-jdk18on\1.76\bcutil-jdk18on-1.76.jar;C:\Users\dougl\.m2\repository\org\slf4j\jcl-over-slf4j\1.7.30\jcl-over-slf4j-1.7.30.jar;C:\Users\dougl\.m2\repository\com\github\docker-java\docker-java-transport-httpclient5\3.3.5\docker-java-transport-httpclient5-3.3.5.jar;C:\Users\dougl\.m2\repository\com\github\docker-java\docker-java-transport\3.3.5\docker-java-transport-3.3.5.jar;C:\Users\dougl\.m2\repository\net\java\dev\jna\jna\5.13.0\jna-5.13.0.jar;C:\Users\dougl\.m2\repository\org\brotli\dec\0.1.2\dec-0.1.2.jar;C:\Users\dougl\.m2\repository\org\apache\commons\commons-compress\1.26.0\commons-compress-1.26.0.jar;C:\Users\dougl\.m2\repository\org\apache\httpcomponents\client5\httpclient5\5.2.1\httpclient5-5.2.1.jar;C:\Users\dougl\.m2\repository\org\apache\httpcomponents\core5\httpcore5\5.2\httpcore5-5.2.jar;C:\Users\dougl\.m2\repository\org\apache\httpcomponents\core5\httpcore5-h2\5.2\httpcore5-h2-5.2.jar;C:\Users\dougl\.m2\repository\com\deque\html\axe-core\dequeutilites\4.9.1\dequeutilites-4.9.1.jar;C:\Users\dougl\.m2\repository\io\qameta\allure\allure-junit5\2.29.0\allure-junit5-2.29.0.jar;C:\Users\dougl\.m2\repository\io\qameta\allure\allure-junit-platform\2.29.0\allure-junit-platform-2.29.0.jar;C:\Users\dougl\.m2\repository\io\qameta\allure\allure-java-commons\2.29.0\allure-java-commons-2.29.0.jar;C:\Users\dougl\.m2\repository\io\qameta\allure\allure-model\2.29.0\allure-model-2.29.0.jar;C:\Users\dougl\.m2\repository\org\junit\platform\junit-platform-launcher\1.10.3\junit-platform-launcher-1.10.3.jar;C:\Users\dougl\.m2\repository\io\qameta\allure\allure-test-filter\2.29.0\allure-test-filter-2.29.0.jar;C:\Users\dougl\.m2\repository\com\fasterxml\jackson\core\jackson-databind\2.18.0\jackson-databind-2.18.0.jar;C:\Users\dougl\.m2\repository\com\fasterxml\jackson\core\jackson-annotations\2.18.0\jackson-annotations-2.18.0.jar;C:\Users\dougl\.m2\repository\com\fasterxml\jackson\core\jackson-core\2.18.0\jackson-core-2.18.0.jar;C:\Users\dougl\.m2\repository\org\apache\httpcomponents\httpclient\4.5.14\httpclient-4.5.14.jar;C:\Users\dougl\.m2\repository\org\apache\httpcomponents\httpcore\4.4.16\httpcore-4.4.16.jar;C:\Users\dougl\.m2\repository\commons-logging\commons-logging\1.2\commons-logging-1.2.jar;C:\Users\dougl\.m2\repository\commons-codec\commons-codec\1.11\commons-codec-1.11.jar;C:\Users\dougl\.m2\repository\org\junit\jupiter\junit-jupiter-api\5.11.1\junit-jupiter-api-5.11.1.jar;C:\Users\dougl\.m2\repository\org\opentest4j\opentest4j\1.3.0\opentest4j-1.3.0.jar;C:\Users\dougl\.m2\repository\org\junit\platform\junit-platform-commons\1.11.1\junit-platform-commons-1.11.1.jar;C:\Users\dougl\.m2\repository\org\apiguardian\apiguardian-api\1.1.2\apiguardian-api-1.1.2.jar;C:\Users\dougl\.m2\repository\org\junit\jupiter\junit-jupiter-engine\5.11.1\junit-jupiter-engine-5.11.1.jar;C:\Users\dougl\.m2\repository\org\junit\platform\junit-platform-engine\1.11.1\junit-platform-engine-1.11.1.jar;C:\Users\dougl\.m2\repository\org\junit\jupiter\junit-jupiter-params\5.11.1\junit-jupiter-params-5.11.1.jar;"/>
    <property name="java.vm.vendor" value="Amazon.com Inc."/>
    <property name="sun.arch.data.model" value="64"/>
    <property name="user.variant" value=""/>
    <property name="java.vendor.url" value="https://aws.amazon.com/corretto/"/>
    <property name="user.timezone" value="America/Bogota"/>
    <property name="os.name" value="Windows 11"/>
    <property name="java.vm.specification.version" value="22"/>
    <property name="sun.java.launcher" value="SUN_STANDARD"/>
    <property name="user.country" value="CO"/>
    <property name="sun.boot.library.path" value="C:\Program Files\Amazon Corretto\jdk22.0.1_8\bin"/>
    <property name="sun.java.command" value="C:\Users\dougl\AppData\Local\Temp\surefire9429331928935843355\surefirebooter-20240930181804243_3.jar C:\Users\dougl\AppData\Local\Temp\surefire9429331928935843355 2024-09-30T18-18-03_117-jvmRun1 surefire-20240930181804243_1tmp surefire_0-20240930181804243_2tmp"/>
    <property name="jdk.debug" value="release"/>
    <property name="surefire.test.class.path" value="C:\Douglas\Automation\Proyectos\Selenium\Pumpkins\Four Project\carbonfour-selenium-4\target\test-classes;C:\Douglas\Automation\Proyectos\Selenium\Pumpkins\Four Project\carbonfour-selenium-4\target\classes;C:\Users\dougl\.m2\repository\org\seleniumhq\selenium\selenium-java\4.25.0\selenium-java-4.25.0.jar;C:\Users\dougl\.m2\repository\org\seleniumhq\selenium\selenium-api\4.25.0\selenium-api-4.25.0.jar;C:\Users\dougl\.m2\repository\org\jspecify\jspecify\1.0.0\jspecify-1.0.0.jar;C:\Users\dougl\.m2\repository\org\seleniumhq\selenium\selenium-chrome-driver\4.25.0\selenium-chrome-driver-4.25.0.jar;C:\Users\dougl\.m2\repository\com\google\auto\service\auto-service-annotations\1.1.1\auto-service-annotations-1.1.1.jar;C:\Users\dougl\.m2\repository\org\seleniumhq\selenium\selenium-chromium-driver\4.25.0\selenium-chromium-driver-4.25.0.jar;C:\Users\dougl\.m2\repository\org\seleniumhq\selenium\selenium-json\4.25.0\selenium-json-4.25.0.jar;C:\Users\dougl\.m2\repository\org\seleniumhq\selenium\selenium-manager\4.25.0\selenium-manager-4.25.0.jar;C:\Users\dougl\.m2\repository\org\seleniumhq\selenium\selenium-devtools-v127\4.25.0\selenium-devtools-v127-4.25.0.jar;C:\Users\dougl\.m2\repository\org\seleniumhq\selenium\selenium-devtools-v128\4.25.0\selenium-devtools-v128-4.25.0.jar;C:\Users\dougl\.m2\repository\org\seleniumhq\selenium\selenium-devtools-v129\4.25.0\selenium-devtools-v129-4.25.0.jar;C:\Users\dougl\.m2\repository\org\seleniumhq\selenium\selenium-devtools-v85\4.25.0\selenium-devtools-v85-4.25.0.jar;C:\Users\dougl\.m2\repository\org\seleniumhq\selenium\selenium-edge-driver\4.25.0\selenium-edge-driver-4.25.0.jar;C:\Users\dougl\.m2\repository\org\seleniumhq\selenium\selenium-firefox-driver\4.25.0\selenium-firefox-driver-4.25.0.jar;C:\Users\dougl\.m2\repository\org\seleniumhq\selenium\selenium-http\4.25.0\selenium-http-4.25.0.jar;C:\Users\dougl\.m2\repository\dev\failsafe\failsafe\3.3.2\failsafe-3.3.2.jar;C:\Users\dougl\.m2\repository\org\seleniumhq\selenium\selenium-ie-driver\4.25.0\selenium-ie-driver-4.25.0.jar;C:\Users\dougl\.m2\repository\org\seleniumhq\selenium\selenium-remote-driver\4.25.0\selenium-remote-driver-4.25.0.jar;C:\Users\dougl\.m2\repository\com\google\guava\guava\33.3.0-jre\guava-33.3.0-jre.jar;C:\Users\dougl\.m2\repository\com\google\guava\failureaccess\1.0.2\failureaccess-1.0.2.jar;C:\Users\dougl\.m2\repository\com\google\guava\listenablefuture\9999.0-empty-to-avoid-conflict-with-guava\listenablefuture-9999.0-empty-to-avoid-conflict-with-guava.jar;C:\Users\dougl\.m2\repository\com\google\code\findbugs\jsr305\3.0.2\jsr305-3.0.2.jar;C:\Users\dougl\.m2\repository\org\checkerframework\checker-qual\3.43.0\checker-qual-3.43.0.jar;C:\Users\dougl\.m2\repository\com\google\errorprone\error_prone_annotations\2.28.0\error_prone_annotations-2.28.0.jar;C:\Users\dougl\.m2\repository\com\google\j2objc\j2objc-annotations\3.0.0\j2objc-annotations-3.0.0.jar;C:\Users\dougl\.m2\repository\io\opentelemetry\semconv\opentelemetry-semconv\1.25.0-alpha\opentelemetry-semconv-1.25.0-alpha.jar;C:\Users\dougl\.m2\repository\io\opentelemetry\opentelemetry-api\1.42.1\opentelemetry-api-1.42.1.jar;C:\Users\dougl\.m2\repository\io\opentelemetry\opentelemetry-context\1.42.1\opentelemetry-context-1.42.1.jar;C:\Users\dougl\.m2\repository\io\opentelemetry\opentelemetry-exporter-logging\1.42.1\opentelemetry-exporter-logging-1.42.1.jar;C:\Users\dougl\.m2\repository\io\opentelemetry\opentelemetry-sdk-common\1.42.1\opentelemetry-sdk-common-1.42.1.jar;C:\Users\dougl\.m2\repository\io\opentelemetry\opentelemetry-sdk-extension-autoconfigure-spi\1.42.1\opentelemetry-sdk-extension-autoconfigure-spi-1.42.1.jar;C:\Users\dougl\.m2\repository\io\opentelemetry\opentelemetry-sdk-extension-autoconfigure\1.42.1\opentelemetry-sdk-extension-autoconfigure-1.42.1.jar;C:\Users\dougl\.m2\repository\io\opentelemetry\opentelemetry-api-incubator\1.42.1-alpha\opentelemetry-api-incubator-1.42.1-alpha.jar;C:\Users\dougl\.m2\repository\io\opentelemetry\opentelemetry-sdk-trace\1.42.1\opentelemetry-sdk-trace-1.42.1.jar;C:\Users\dougl\.m2\repository\io\opentelemetry\opentelemetry-sdk\1.42.1\opentelemetry-sdk-1.42.1.jar;C:\Users\dougl\.m2\repository\io\opentelemetry\opentelemetry-sdk-metrics\1.42.1\opentelemetry-sdk-metrics-1.42.1.jar;C:\Users\dougl\.m2\repository\io\opentelemetry\opentelemetry-sdk-logs\1.42.1\opentelemetry-sdk-logs-1.42.1.jar;C:\Users\dougl\.m2\repository\org\seleniumhq\selenium\selenium-os\4.25.0\selenium-os-4.25.0.jar;C:\Users\dougl\.m2\repository\org\apache\commons\commons-exec\1.4.0\commons-exec-1.4.0.jar;C:\Users\dougl\.m2\repository\org\seleniumhq\selenium\selenium-safari-driver\4.25.0\selenium-safari-driver-4.25.0.jar;C:\Users\dougl\.m2\repository\org\seleniumhq\selenium\selenium-support\4.25.0\selenium-support-4.25.0.jar;C:\Users\dougl\.m2\repository\org\assertj\assertj-core\3.26.3\assertj-core-3.26.3.jar;C:\Users\dougl\.m2\repository\net\bytebuddy\byte-buddy\1.14.18\byte-buddy-1.14.18.jar;C:\Users\dougl\.m2\repository\org\projectlombok\lombok\1.18.34\lombok-1.18.34.jar;C:\Users\dougl\.m2\repository\org\slf4j\slf4j-simple\2.1.0-alpha1\slf4j-simple-2.1.0-alpha1.jar;C:\Users\dougl\.m2\repository\org\slf4j\slf4j-api\2.1.0-alpha1\slf4j-api-2.1.0-alpha1.jar;C:\Users\dougl\.m2\repository\com\github\javafaker\javafaker\1.0.2\javafaker-1.0.2.jar;C:\Users\dougl\.m2\repository\org\apache\commons\commons-lang3\3.5\commons-lang3-3.5.jar;C:\Users\dougl\.m2\repository\org\yaml\snakeyaml\1.23\snakeyaml-1.23-android.jar;C:\Users\dougl\.m2\repository\com\github\mifmif\generex\1.0.2\generex-1.0.2.jar;C:\Users\dougl\.m2\repository\dk\brics\automaton\automaton\1.11-8\automaton-1.11-8.jar;C:\Users\dougl\.m2\repository\com\deque\html\axe-core\selenium\4.9.1\selenium-4.9.1.jar;C:\Users\dougl\.m2\repository\commons-io\commons-io\2.16.0\commons-io-2.16.0.jar;C:\Users\dougl\.m2\repository\io\github\bonigarcia\webdrivermanager\5.7.0\webdrivermanager-5.7.0.jar;C:\Users\dougl\.m2\repository\com\google\code\gson\gson\2.10.1\gson-2.10.1.jar;C:\Users\dougl\.m2\repository\com\github\docker-java\docker-java\3.3.5\docker-java-3.3.5.jar;C:\Users\dougl\.m2\repository\com\github\docker-java\docker-java-core\3.3.5\docker-java-core-3.3.5.jar;C:\Users\dougl\.m2\repository\com\github\docker-java\docker-java-api\3.3.5\docker-java-api-3.3.5.jar;C:\Users\dougl\.m2\repository\org\bouncycastle\bcpkix-jdk18on\1.76\bcpkix-jdk18on-1.76.jar;C:\Users\dougl\.m2\repository\org\bouncycastle\bcprov-jdk18on\1.76\bcprov-jdk18on-1.76.jar;C:\Users\dougl\.m2\repository\org\bouncycastle\bcutil-jdk18on\1.76\bcutil-jdk18on-1.76.jar;C:\Users\dougl\.m2\repository\org\slf4j\jcl-over-slf4j\1.7.30\jcl-over-slf4j-1.7.30.jar;C:\Users\dougl\.m2\repository\com\github\docker-java\docker-java-transport-httpclient5\3.3.5\docker-java-transport-httpclient5-3.3.5.jar;C:\Users\dougl\.m2\repository\com\github\docker-java\docker-java-transport\3.3.5\docker-java-transport-3.3.5.jar;C:\Users\dougl\.m2\repository\net\java\dev\jna\jna\5.13.0\jna-5.13.0.jar;C:\Users\dougl\.m2\repository\org\brotli\dec\0.1.2\dec-0.1.2.jar;C:\Users\dougl\.m2\repository\org\apache\commons\commons-compress\1.26.0\commons-compress-1.26.0.jar;C:\Users\dougl\.m2\repository\org\apache\httpcomponents\client5\httpclient5\5.2.1\httpclient5-5.2.1.jar;C:\Users\dougl\.m2\repository\org\apache\httpcomponents\core5\httpcore5\5.2\httpcore5-5.2.jar;C:\Users\dougl\.m2\repository\org\apache\httpcomponents\core5\httpcore5-h2\5.2\httpcore5-h2-5.2.jar;C:\Users\dougl\.m2\repository\com\deque\html\axe-core\dequeutilites\4.9.1\dequeutilites-4.9.1.jar;C:\Users\dougl\.m2\repository\io\qameta\allure\allure-junit5\2.29.0\allure-junit5-2.29.0.jar;C:\Users\dougl\.m2\repository\io\qameta\allure\allure-junit-platform\2.29.0\allure-junit-platform-2.29.0.jar;C:\Users\dougl\.m2\repository\io\qameta\allure\allure-java-commons\2.29.0\allure-java-commons-2.29.0.jar;C:\Users\dougl\.m2\repository\io\qameta\allure\allure-model\2.29.0\allure-model-2.29.0.jar;C:\Users\dougl\.m2\repository\org\junit\platform\junit-platform-launcher\1.10.3\junit-platform-launcher-1.10.3.jar;C:\Users\dougl\.m2\repository\io\qameta\allure\allure-test-filter\2.29.0\allure-test-filter-2.29.0.jar;C:\Users\dougl\.m2\repository\com\fasterxml\jackson\core\jackson-databind\2.18.0\jackson-databind-2.18.0.jar;C:\Users\dougl\.m2\repository\com\fasterxml\jackson\core\jackson-annotations\2.18.0\jackson-annotations-2.18.0.jar;C:\Users\dougl\.m2\repository\com\fasterxml\jackson\core\jackson-core\2.18.0\jackson-core-2.18.0.jar;C:\Users\dougl\.m2\repository\org\apache\httpcomponents\httpclient\4.5.14\httpclient-4.5.14.jar;C:\Users\dougl\.m2\repository\org\apache\httpcomponents\httpcore\4.4.16\httpcore-4.4.16.jar;C:\Users\dougl\.m2\repository\commons-logging\commons-logging\1.2\commons-logging-1.2.jar;C:\Users\dougl\.m2\repository\commons-codec\commons-codec\1.11\commons-codec-1.11.jar;C:\Users\dougl\.m2\repository\org\junit\jupiter\junit-jupiter-api\5.11.1\junit-jupiter-api-5.11.1.jar;C:\Users\dougl\.m2\repository\org\opentest4j\opentest4j\1.3.0\opentest4j-1.3.0.jar;C:\Users\dougl\.m2\repository\org\junit\platform\junit-platform-commons\1.11.1\junit-platform-commons-1.11.1.jar;C:\Users\dougl\.m2\repository\org\apiguardian\apiguardian-api\1.1.2\apiguardian-api-1.1.2.jar;C:\Users\dougl\.m2\repository\org\junit\jupiter\junit-jupiter-engine\5.11.1\junit-jupiter-engine-5.11.1.jar;C:\Users\dougl\.m2\repository\org\junit\platform\junit-platform-engine\1.11.1\junit-platform-engine-1.11.1.jar;C:\Users\dougl\.m2\repository\org\junit\jupiter\junit-jupiter-params\5.11.1\junit-jupiter-params-5.11.1.jar;"/>
    <property name="sun.cpu.endian" value="little"/>
    <property name="user.home" value="C:\Users\dougl"/>
    <property name="user.language" value="es"/>
    <property name="java.specification.vendor" value="Oracle Corporation"/>
    <property name="java.version.date" value="2024-04-16"/>
    <property name="java.home" value="C:\Program Files\Amazon Corretto\jdk22.0.1_8"/>
    <property name="file.separator" value="\"/>
    <property name="basedir" value="C:\Douglas\Automation\Proyectos\Selenium\Pumpkins\Four Project\carbonfour-selenium-4"/>
    <property name="java.vm.compressedOopsMode" value="Zero based"/>
    <property name="line.separator" value="&#10;"/>
    <property name="java.vm.specification.vendor" value="Oracle Corporation"/>
    <property name="java.specification.name" value="Java Platform API Specification"/>
    <property name="surefire.real.class.path" value="C:\Users\dougl\AppData\Local\Temp\surefire9429331928935843355\surefirebooter-20240930181804243_3.jar"/>
    <property name="user.script" value=""/>
    <property name="sun.management.compiler" value="HotSpot 64-Bit Tiered Compilers"/>
    <property name="java.runtime.version" value="22.0.1+8-FR"/>
    <property name="user.name" value="dougl"/>
    <property name="stdout.encoding" value="Cp1252"/>
    <property name="path.separator" value=";"/>
    <property name="os.version" value="10.0"/>
    <property name="java.runtime.name" value="OpenJDK Runtime Environment"/>
    <property name="file.encoding" value="UTF-8"/>
    <property name="java.vm.name" value="OpenJDK 64-Bit Server VM"/>
    <property name="java.vendor.version" value="Corretto-22.0.1.8.1"/>
    <property name="localRepository" value="C:\Users\dougl\.m2\repository"/>
    <property name="java.vendor.url.bug" value="https://github.com/corretto/corretto-22/issues/"/>
    <property name="java.io.tmpdir" value="C:\Users\dougl\AppData\Local\Temp\"/>
    <property name="java.version" value="22.0.1"/>
    <property name="user.dir" value="C:\Douglas\Automation\Proyectos\Selenium\Pumpkins\Four Project\carbonfour-selenium-4"/>
    <property name="os.arch" value="amd64"/>
    <property name="java.vm.specification.name" value="Java Virtual Machine Specification"/>
    <property name="sun.os.patch.level" value=""/>
    <property name="native.encoding" value="Cp1252"/>
    <property name="java.library.path" value="C:\Program Files\Amazon Corretto\jdk22.0.1_8\bin;C:\WINDOWS\Sun\Java\bin;C:\WINDOWS\system32;C:\WINDOWS;C:\Program Files\Amazon Corretto\jdk22.0.1_8\bin;C:\Program Files (x86)\NVIDIA Corporation\PhysX\Common;C:\WINDOWS\system32;C:\WINDOWS;C:\WINDOWS\System32\Wbem;C:\WINDOWS\System32\WindowsPowerShell\v1.0\;C:\WINDOWS\System32\OpenSSH\;C:\Program Files\Amazon Corretto\jdk22.0.1_8\bin;C:\Program Files\Maven\bin;C:\Program Files\Amazon\AWSCLIV2\;C:\Program Files\dotnet\;C:\Program Files\PuTTY\;C:\Program Files\nodejs\;C:\Program Files\Git\cmd;C:\Program Files\PowerShell\7\;C:\Program Files\GitHub CLI\;C:\Users\dougl\AppData\Local\Microsoft\WindowsApps;C:\Users\dougl\AppData\Local\Programs\Microsoft VS Code\bin;C:\Program Files\JetBrains\IntelliJ IDEA 2022.1\bin;;C:\Users\dougl\AppData\Local\GitHubDesktop\bin;C:\Program Files\JetBrains\Aqua 2024.2\bin;;C:\Users\dougl\AppData\Roaming\npm;C:\Users\dougl\AppData\Local\Programs\Microsoft VS Code Insiders\bin;."/>
    <property name="java.vm.info" value="mixed mode, sharing"/>
    <property name="stderr.encoding" value="Cp1252"/>
    <property name="java.vendor" value="Amazon.com Inc."/>
    <property name="java.vm.version" value="22.0.1+8-FR"/>
    <property name="sun.io.unicode.encoding" value="UnicodeLittle"/>
    <property name="java.class.version" value="66.0"/>
  </properties>
  <testcase name="testPerformanceCaptureHttpRequests" classname="Selenium_4_Tests.TestDevToolsPerformance" time="3.943">
    <system-out><![CDATA[Request URI: https://linkedin.com/
Request URI + Assertions: true
Request Type: Optional[Document]
Request Method: GET
Request Headers: {Upgrade-Insecure-Requests=1, User-Agent=Mozilla/5.0 (Windows NT 10.0; Win64; x64) AppleWebKit/537.36 (KHTML, like Gecko) Chrome/129.0.0.0 Safari/537.36 Edg/129.0.0.0, sec-ch-ua="Microsoft Edge";v="129", "Not=A?Brand";v="8", "Chromium";v="129", sec-ch-ua-mobile=?0, sec-ch-ua-platform="Windows"}
Request Post Data: Optional.empty
Request Mixed Content Type: Optional[none]
Request Referrer Policy: strict-origin-when-cross-origin
Request Is Signed Exchanged: false
Request Document URL: https://linkedin.com/
Request Initiator: org.openqa.selenium.devtools.v129.network.model.Initiator@3d1e23c1
Request Timestamp: 549691.705314

Request URI: https://www.linkedin.com/
Request URI + Assertions: true
Request Type: Optional[Document]
Request Method: GET
Request Headers: {Upgrade-Insecure-Requests=1, User-Agent=Mozilla/5.0 (Windows NT 10.0; Win64; x64) AppleWebKit/537.36 (KHTML, like Gecko) Chrome/129.0.0.0 Safari/537.36 Edg/129.0.0.0, sec-ch-ua="Microsoft Edge";v="129", "Not=A?Brand";v="8", "Chromium";v="129", sec-ch-ua-mobile=?0, sec-ch-ua-platform="Windows"}
Request Post Data: Optional.empty
Request Mixed Content Type: Optional[none]
Request Referrer Policy: strict-origin-when-cross-origin
Request Is Signed Exchanged: false
Request Document URL: https://www.linkedin.com/
Request Initiator: org.openqa.selenium.devtools.v129.network.model.Initiator@7929885f
Request Timestamp: 549691.962169

Request URI: https://static.licdn.com/aero-v1/sc/h/dxf91zhqd2z6b0bwg85ktm5s4
Request URI + Assertions: false
Request Type: Optional[Image]
Request Method: GET
Request Headers: {sec-ch-ua-platform="Windows", Referer=https://www.linkedin.com/, User-Agent=Mozilla/5.0 (Windows NT 10.0; Win64; x64) AppleWebKit/537.36 (KHTML, like Gecko) Chrome/129.0.0.0 Safari/537.36 Edg/129.0.0.0, sec-ch-ua="Microsoft Edge";v="129", "Not=A?Brand";v="8", "Chromium";v="129", sec-ch-ua-mobile=?0}
Request Post Data: Optional.empty
Request Mixed Content Type: Optional[none]
Request Referrer Policy: strict-origin-when-cross-origin
Request Is Signed Exchanged: false
Request Document URL: https://www.linkedin.com/
Request Initiator: org.openqa.selenium.devtools.v129.network.model.Initiator@551f791c
Request Timestamp: 549692.371241

Request URI: https://static.licdn.com/aero-v1/sc/h/5dt29avy7p51cakwkp7u93x8y
Request URI + Assertions: false
Request Type: Optional[Script]
Request Method: GET
Request Headers: {sec-ch-ua-platform="Windows", Referer=https://www.linkedin.com/, User-Agent=Mozilla/5.0 (Windows NT 10.0; Win64; x64) AppleWebKit/537.36 (KHTML, like Gecko) Chrome/129.0.0.0 Safari/537.36 Edg/129.0.0.0, sec-ch-ua="Microsoft Edge";v="129", "Not=A?Brand";v="8", "Chromium";v="129", sec-ch-ua-mobile=?0}
Request Post Data: Optional.empty
Request Mixed Content Type: Optional[none]
Request Referrer Policy: strict-origin-when-cross-origin
Request Is Signed Exchanged: false
Request Document URL: https://www.linkedin.com/
Request Initiator: org.openqa.selenium.devtools.v129.network.model.Initiator@6456b88e
Request Timestamp: 549692.371453

Request URI: https://static.licdn.com/aero-v1/sc/h/aj96axry4qqwypq4xdfd6cql9
Request URI + Assertions: false
Request Type: Optional[Script]
Request Method: GET
Request Headers: {sec-ch-ua-platform="Windows", Referer=https://www.linkedin.com/, User-Agent=Mozilla/5.0 (Windows NT 10.0; Win64; x64) AppleWebKit/537.36 (KHTML, like Gecko) Chrome/129.0.0.0 Safari/537.36 Edg/129.0.0.0, sec-ch-ua="Microsoft Edge";v="129", "Not=A?Brand";v="8", "Chromium";v="129", sec-ch-ua-mobile=?0}
Request Post Data: Optional.empty
Request Mixed Content Type: Optional[none]
Request Referrer Policy: strict-origin-when-cross-origin
Request Is Signed Exchanged: false
Request Document URL: https://www.linkedin.com/
Request Initiator: org.openqa.selenium.devtools.v129.network.model.Initiator@4c2fe286
Request Timestamp: 549692.371389

Request URI: https://static.licdn.com/aero-v1/sc/h/ecv04l9e3tf7wce5ta18iqj83
Request URI + Assertions: false
Request Type: Optional[Stylesheet]
Request Method: GET
Request Headers: {sec-ch-ua-platform="Windows", Referer=https://www.linkedin.com/, User-Agent=Mozilla/5.0 (Windows NT 10.0; Win64; x64) AppleWebKit/537.36 (KHTML, like Gecko) Chrome/129.0.0.0 Safari/537.36 Edg/129.0.0.0, sec-ch-ua="Microsoft Edge";v="129", "Not=A?Brand";v="8", "Chromium";v="129", sec-ch-ua-mobile=?0}
Request Post Data: Optional.empty
Request Mixed Content Type: Optional[none]
Request Referrer Policy: strict-origin-when-cross-origin
Request Is Signed Exchanged: false
Request Document URL: https://www.linkedin.com/
Request Initiator: org.openqa.selenium.devtools.v129.network.model.Initiator@bb4bd86
Request Timestamp: 549692.370939

Request URI: https://static.licdn.com/aero-v1/sc/h/4zqr0f9jf98vi2nkijyc3bex2
Request URI + Assertions: false
Request Type: Optional[Fetch]
Request Method: GET
Request Headers: {sec-ch-ua-platform="Windows", Referer=https://www.linkedin.com/, User-Agent=Mozilla/5.0 (Windows NT 10.0; Win64; x64) AppleWebKit/537.36 (KHTML, like Gecko) Chrome/129.0.0.0 Safari/537.36 Edg/129.0.0.0, sec-ch-ua="Microsoft Edge";v="129", "Not=A?Brand";v="8", "Chromium";v="129", sec-ch-ua-mobile=?0}
Request Post Data: Optional.empty
Request Mixed Content Type: Optional[none]
Request Referrer Policy: strict-origin-when-cross-origin
Request Is Signed Exchanged: false
Request Document URL: https://www.linkedin.com/
Request Initiator: org.openqa.selenium.devtools.v129.network.model.Initiator@2dfe8c7d
Request Timestamp: 549692.612094

Request URI: https://static.licdn.com/aero-v1/sc/h/6ulnj3n2ijcmhej768y6oj1hr
Request URI + Assertions: false
Request Type: Optional[Fetch]
Request Method: GET
Request Headers: {sec-ch-ua-platform="Windows", Referer=https://www.linkedin.com/, User-Agent=Mozilla/5.0 (Windows NT 10.0; Win64; x64) AppleWebKit/537.36 (KHTML, like Gecko) Chrome/129.0.0.0 Safari/537.36 Edg/129.0.0.0, sec-ch-ua="Microsoft Edge";v="129", "Not=A?Brand";v="8", "Chromium";v="129", sec-ch-ua-mobile=?0}
Request Post Data: Optional.empty
Request Mixed Content Type: Optional[none]
Request Referrer Policy: strict-origin-when-cross-origin
Request Is Signed Exchanged: false
Request Document URL: https://www.linkedin.com/
Request Initiator: org.openqa.selenium.devtools.v129.network.model.Initiator@7f684e31
Request Timestamp: 549692.612712

Request URI: https://static.licdn.com/aero-v1/sc/h/7kb6sn3tm4cx918cx9a5jlb0
Request URI + Assertions: false
Request Type: Optional[Fetch]
Request Method: GET
Request Headers: {sec-ch-ua-platform="Windows", Referer=https://www.linkedin.com/, User-Agent=Mozilla/5.0 (Windows NT 10.0; Win64; x64) AppleWebKit/537.36 (KHTML, like Gecko) Chrome/129.0.0.0 Safari/537.36 Edg/129.0.0.0, sec-ch-ua="Microsoft Edge";v="129", "Not=A?Brand";v="8", "Chromium";v="129", sec-ch-ua-mobile=?0}
Request Post Data: Optional.empty
Request Mixed Content Type: Optional[none]
Request Referrer Policy: strict-origin-when-cross-origin
Request Is Signed Exchanged: false
Request Document URL: https://www.linkedin.com/
Request Initiator: org.openqa.selenium.devtools.v129.network.model.Initiator@5ec00484
Request Timestamp: 549692.61318

Request URI: https://static.licdn.com/aero-v1/sc/h/ddi43qwelxeqjxdd45pe3fvs1
Request URI + Assertions: false
Request Type: Optional[Fetch]
Request Method: GET
Request Headers: {sec-ch-ua-platform="Windows", Referer=https://www.linkedin.com/, User-Agent=Mozilla/5.0 (Windows NT 10.0; Win64; x64) AppleWebKit/537.36 (KHTML, like Gecko) Chrome/129.0.0.0 Safari/537.36 Edg/129.0.0.0, sec-ch-ua="Microsoft Edge";v="129", "Not=A?Brand";v="8", "Chromium";v="129", sec-ch-ua-mobile=?0}
Request Post Data: Optional.empty
Request Mixed Content Type: Optional[none]
Request Referrer Policy: strict-origin-when-cross-origin
Request Is Signed Exchanged: false
Request Document URL: https://www.linkedin.com/
Request Initiator: org.openqa.selenium.devtools.v129.network.model.Initiator@5bd88dcf
Request Timestamp: 549692.610923

Request URI: https://static.licdn.com/aero-v1/sc/h/8fkga714vy9b2wk5auqo5reeb
Request URI + Assertions: false
Request Type: Optional[Fetch]
Request Method: GET
Request Headers: {sec-ch-ua-platform="Windows", Referer=https://www.linkedin.com/, User-Agent=Mozilla/5.0 (Windows NT 10.0; Win64; x64) AppleWebKit/537.36 (KHTML, like Gecko) Chrome/129.0.0.0 Safari/537.36 Edg/129.0.0.0, sec-ch-ua="Microsoft Edge";v="129", "Not=A?Brand";v="8", "Chromium";v="129", sec-ch-ua-mobile=?0}
Request Post Data: Optional.empty
Request Mixed Content Type: Optional[none]
Request Referrer Policy: strict-origin-when-cross-origin
Request Is Signed Exchanged: false
Request Document URL: https://www.linkedin.com/
Request Initiator: org.openqa.selenium.devtools.v129.network.model.Initiator@33ea95e4
Request Timestamp: 549692.612336

Request URI: https://static.licdn.com/aero-v1/sc/h/d8791wk9xohedlpvm0xhp0t18
Request URI + Assertions: false
Request Type: Optional[Script]
Request Method: GET
Request Headers: {sec-ch-ua-platform="Windows", Referer=https://www.linkedin.com/, User-Agent=Mozilla/5.0 (Windows NT 10.0; Win64; x64) AppleWebKit/537.36 (KHTML, like Gecko) Chrome/129.0.0.0 Safari/537.36 Edg/129.0.0.0, sec-ch-ua="Microsoft Edge";v="129", "Not=A?Brand";v="8", "Chromium";v="129", sec-ch-ua-mobile=?0}
Request Post Data: Optional.empty
Request Mixed Content Type: Optional[none]
Request Referrer Policy: strict-origin-when-cross-origin
Request Is Signed Exchanged: false
Request Document URL: https://www.linkedin.com/
Request Initiator: org.openqa.selenium.devtools.v129.network.model.Initiator@33ccda5f
Request Timestamp: 549692.611842

Request URI: https://static.licdn.com/aero-v1/sc/h/8wykgzgbqy0t3fnkgborvz54u
Request URI + Assertions: false
Request Type: Optional[Fetch]
Request Method: GET
Request Headers: {sec-ch-ua-platform="Windows", Referer=https://www.linkedin.com/, User-Agent=Mozilla/5.0 (Windows NT 10.0; Win64; x64) AppleWebKit/537.36 (KHTML, like Gecko) Chrome/129.0.0.0 Safari/537.36 Edg/129.0.0.0, sec-ch-ua="Microsoft Edge";v="129", "Not=A?Brand";v="8", "Chromium";v="129", sec-ch-ua-mobile=?0}
Request Post Data: Optional.empty
Request Mixed Content Type: Optional[none]
Request Referrer Policy: strict-origin-when-cross-origin
Request Is Signed Exchanged: false
Request Document URL: https://www.linkedin.com/
Request Initiator: org.openqa.selenium.devtools.v129.network.model.Initiator@77515214
Request Timestamp: 549692.613459

Request URI: https://static.licdn.com/aero-v1/sc/h/92eb1xekc34eklevj0io6x4ki
Request URI + Assertions: false
Request Type: Optional[Fetch]
Request Method: GET
Request Headers: {sec-ch-ua-platform="Windows", Referer=https://www.linkedin.com/, User-Agent=Mozilla/5.0 (Windows NT 10.0; Win64; x64) AppleWebKit/537.36 (KHTML, like Gecko) Chrome/129.0.0.0 Safari/537.36 Edg/129.0.0.0, sec-ch-ua="Microsoft Edge";v="129", "Not=A?Brand";v="8", "Chromium";v="129", sec-ch-ua-mobile=?0}
Request Post Data: Optional.empty
Request Mixed Content Type: Optional[none]
Request Referrer Policy: strict-origin-when-cross-origin
Request Is Signed Exchanged: false
Request Document URL: https://www.linkedin.com/
Request Initiator: org.openqa.selenium.devtools.v129.network.model.Initiator@3b1d1c1b
Request Timestamp: 549692.613719

Request URI: https://static.licdn.com/aero-v1/sc/h/29h8hsjuomfp50lam5ipnc3uh
Request URI + Assertions: false
Request Type: Optional[Fetch]
Request Method: GET
Request Headers: {sec-ch-ua-platform="Windows", Referer=https://www.linkedin.com/, User-Agent=Mozilla/5.0 (Windows NT 10.0; Win64; x64) AppleWebKit/537.36 (KHTML, like Gecko) Chrome/129.0.0.0 Safari/537.36 Edg/129.0.0.0, sec-ch-ua="Microsoft Edge";v="129", "Not=A?Brand";v="8", "Chromium";v="129", sec-ch-ua-mobile=?0}
Request Post Data: Optional.empty
Request Mixed Content Type: Optional[none]
Request Referrer Policy: strict-origin-when-cross-origin
Request Is Signed Exchanged: false
Request Document URL: https://www.linkedin.com/
Request Initiator: org.openqa.selenium.devtools.v129.network.model.Initiator@26f4f5bf
Request Timestamp: 549692.613975

Request URI: https://static.licdn.com/aero-v1/sc/h/4chtt12k98xwnba1nimld2oyg
Request URI + Assertions: false
Request Type: Optional[Fetch]
Request Method: GET
Request Headers: {sec-ch-ua-platform="Windows", Referer=https://www.linkedin.com/, User-Agent=Mozilla/5.0 (Windows NT 10.0; Win64; x64) AppleWebKit/537.36 (KHTML, like Gecko) Chrome/129.0.0.0 Safari/537.36 Edg/129.0.0.0, sec-ch-ua="Microsoft Edge";v="129", "Not=A?Brand";v="8", "Chromium";v="129", sec-ch-ua-mobile=?0}
Request Post Data: Optional.empty
Request Mixed Content Type: Optional[none]
Request Referrer Policy: strict-origin-when-cross-origin
Request Is Signed Exchanged: false
Request Document URL: https://www.linkedin.com/
Request Initiator: org.openqa.selenium.devtools.v129.network.model.Initiator@4a816ec5
Request Timestamp: 549692.614571

Request URI: https://static.licdn.com/aero-v1/sc/h/admayac2rnonsqhz9v3rzwcyu
Request URI + Assertions: false
Request Type: Optional[Fetch]
Request Method: GET
Request Headers: {sec-ch-ua-platform="Windows", Referer=https://www.linkedin.com/, User-Agent=Mozilla/5.0 (Windows NT 10.0; Win64; x64) AppleWebKit/537.36 (KHTML, like Gecko) Chrome/129.0.0.0 Safari/537.36 Edg/129.0.0.0, sec-ch-ua="Microsoft Edge";v="129", "Not=A?Brand";v="8", "Chromium";v="129", sec-ch-ua-mobile=?0}
Request Post Data: Optional.empty
Request Mixed Content Type: Optional[none]
Request Referrer Policy: strict-origin-when-cross-origin
Request Is Signed Exchanged: false
Request Document URL: https://www.linkedin.com/
Request Initiator: org.openqa.selenium.devtools.v129.network.model.Initiator@10863748
Request Timestamp: 549692.614277

Request URI: https://static.licdn.com/aero-v1/sc/h/51t74mlo1ty7vakn3a80a9jcp
Request URI + Assertions: false
Request Type: Optional[Script]
Request Method: GET
Request Headers: {sec-ch-ua-platform="Windows", Referer=https://www.linkedin.com/, User-Agent=Mozilla/5.0 (Windows NT 10.0; Win64; x64) AppleWebKit/537.36 (KHTML, like Gecko) Chrome/129.0.0.0 Safari/537.36 Edg/129.0.0.0, sec-ch-ua="Microsoft Edge";v="129", "Not=A?Brand";v="8", "Chromium";v="129", sec-ch-ua-mobile=?0}
Request Post Data: Optional.empty
Request Mixed Content Type: Optional[none]
Request Referrer Policy: strict-origin-when-cross-origin
Request Is Signed Exchanged: false
Request Document URL: https://www.linkedin.com/
Request Initiator: org.openqa.selenium.devtools.v129.network.model.Initiator@7679515
Request Timestamp: 549692.615134

Request URI: https://static.licdn.com/aero-v1/sc/h/e5ka7p8s9n5r0z9p6kpmm3hig
Request URI + Assertions: false
Request Type: Optional[Fetch]
Request Method: GET
Request Headers: {sec-ch-ua-platform="Windows", Referer=https://www.linkedin.com/, User-Agent=Mozilla/5.0 (Windows NT 10.0; Win64; x64) AppleWebKit/537.36 (KHTML, like Gecko) Chrome/129.0.0.0 Safari/537.36 Edg/129.0.0.0, sec-ch-ua="Microsoft Edge";v="129", "Not=A?Brand";v="8", "Chromium";v="129", sec-ch-ua-mobile=?0}
Request Post Data: Optional.empty
Request Mixed Content Type: Optional[none]
Request Referrer Policy: strict-origin-when-cross-origin
Request Is Signed Exchanged: false
Request Document URL: https://www.linkedin.com/
Request Initiator: org.openqa.selenium.devtools.v129.network.model.Initiator@e6ce830
Request Timestamp: 549692.614766

Request URI: https://static.licdn.com/aero-v1/sc/h/ecv04l9e3tf7wce5ta18iqj83
Request URI + Assertions: false
Request Type: Optional[Fetch]
Request Method: HEAD
Request Headers: {sec-ch-ua-platform="Windows", Referer=https://www.linkedin.com/, User-Agent=Mozilla/5.0 (Windows NT 10.0; Win64; x64) AppleWebKit/537.36 (KHTML, like Gecko) Chrome/129.0.0.0 Safari/537.36 Edg/129.0.0.0, sec-ch-ua="Microsoft Edge";v="129", "Not=A?Brand";v="8", "Chromium";v="129", sec-ch-ua-mobile=?0}
Request Post Data: Optional.empty
Request Mixed Content Type: Optional[none]
Request Referrer Policy: strict-origin-when-cross-origin
Request Is Signed Exchanged: false
Request Document URL: https://www.linkedin.com/
Request Initiator: org.openqa.selenium.devtools.v129.network.model.Initiator@1e41cb28
Request Timestamp: 549692.620334

Request URI: https://platform.linkedin.com/litms/utag/homepage-guest-frontend/utag.js?cb=1727738400000
Request URI + Assertions: true
Request Type: Optional[Script]
Request Method: GET
Request Headers: {sec-ch-ua-platform="Windows", Referer=https://www.linkedin.com/, User-Agent=Mozilla/5.0 (Windows NT 10.0; Win64; x64) AppleWebKit/537.36 (KHTML, like Gecko) Chrome/129.0.0.0 Safari/537.36 Edg/129.0.0.0, sec-ch-ua="Microsoft Edge";v="129", "Not=A?Brand";v="8", "Chromium";v="129", sec-ch-ua-mobile=?0}
Request Post Data: Optional.empty
Request Mixed Content Type: Optional[none]
Request Referrer Policy: strict-origin-when-cross-origin
Request Is Signed Exchanged: false
Request Document URL: https://www.linkedin.com/
Request Initiator: org.openqa.selenium.devtools.v129.network.model.Initiator@4d17385d
Request Timestamp: 549692.631423

Request URI: https://static.licdn.com/aero-v1/sc/h/aj96axry4qqwypq4xdfd6cql9
Request URI + Assertions: false
Request Type: Optional[Fetch]
Request Method: HEAD
Request Headers: {sec-ch-ua-platform="Windows", Referer=https://www.linkedin.com/, User-Agent=Mozilla/5.0 (Windows NT 10.0; Win64; x64) AppleWebKit/537.36 (KHTML, like Gecko) Chrome/129.0.0.0 Safari/537.36 Edg/129.0.0.0, sec-ch-ua="Microsoft Edge";v="129", "Not=A?Brand";v="8", "Chromium";v="129", sec-ch-ua-mobile=?0}
Request Post Data: Optional.empty
Request Mixed Content Type: Optional[none]
Request Referrer Policy: strict-origin-when-cross-origin
Request Is Signed Exchanged: false
Request Document URL: https://www.linkedin.com/
Request Initiator: org.openqa.selenium.devtools.v129.network.model.Initiator@ab178d
Request Timestamp: 549692.621069

Request URI: https://www.linkedin.com/litms/api/metadata/user
Request URI + Assertions: true
Request Type: Optional[XHR]
Request Method: GET
Request Headers: {sec-ch-ua-platform="Windows", Referer=https://www.linkedin.com/, User-Agent=Mozilla/5.0 (Windows NT 10.0; Win64; x64) AppleWebKit/537.36 (KHTML, like Gecko) Chrome/129.0.0.0 Safari/537.36 Edg/129.0.0.0, sec-ch-ua="Microsoft Edge";v="129", "Not=A?Brand";v="8", "Chromium";v="129", sec-ch-ua-mobile=?0}
Request Post Data: Optional.empty
Request Mixed Content Type: Optional[none]
Request Referrer Policy: strict-origin-when-cross-origin
Request Is Signed Exchanged: false
Request Document URL: https://www.linkedin.com/
Request Initiator: org.openqa.selenium.devtools.v129.network.model.Initiator@4e3788b8
Request Timestamp: 549692.629692

Request URI: https://www.linkedin.com/homepage-guest/manifest.json
Request URI + Assertions: true
Request Type: Optional[Manifest]
Request Method: GET
Request Headers: {sec-ch-ua-platform="Windows", Referer=https://www.linkedin.com/, User-Agent=Mozilla/5.0 (Windows NT 10.0; Win64; x64) AppleWebKit/537.36 (KHTML, like Gecko) Chrome/129.0.0.0 Safari/537.36 Edg/129.0.0.0, sec-ch-ua="Microsoft Edge";v="129", "Not=A?Brand";v="8", "Chromium";v="129", sec-ch-ua-mobile=?0}
Request Post Data: Optional.empty
Request Mixed Content Type: Optional[none]
Request Referrer Policy: strict-origin-when-cross-origin
Request Is Signed Exchanged: false
Request Document URL: https://www.linkedin.com/
Request Initiator: org.openqa.selenium.devtools.v129.network.model.Initiator@35dae508
Request Timestamp: 549692.628541

Request URI: https://static.licdn.com/aero-v1/sc/h/dxf91zhqd2z6b0bwg85ktm5s4
Request URI + Assertions: false
Request Type: Optional[Fetch]
Request Method: HEAD
Request Headers: {sec-ch-ua-platform="Windows", Referer=https://www.linkedin.com/, User-Agent=Mozilla/5.0 (Windows NT 10.0; Win64; x64) AppleWebKit/537.36 (KHTML, like Gecko) Chrome/129.0.0.0 Safari/537.36 Edg/129.0.0.0, sec-ch-ua="Microsoft Edge";v="129", "Not=A?Brand";v="8", "Chromium";v="129", sec-ch-ua-mobile=?0}
Request Post Data: Optional.empty
Request Mixed Content Type: Optional[none]
Request Referrer Policy: strict-origin-when-cross-origin
Request Is Signed Exchanged: false
Request Document URL: https://www.linkedin.com/
Request Initiator: org.openqa.selenium.devtools.v129.network.model.Initiator@9a07b89
Request Timestamp: 549692.620696

Request URI: https://ponf.linkedin.com/pixel/tracking.png?reqid=9b1b1e60-981e-4a1b-bea2-e663b0d2e416&pageInstance=urn%3Ali%3Apage%3Ad_homepage-guest-home_jsbeacon%3BH5TELxUHSF6MKzP3SeJ4ig%3D%3D&js=enabled
Request URI + Assertions: true
Request Type: Optional[Image]
Request Method: GET
Request Headers: {sec-ch-ua-platform="Windows", Referer=https://www.linkedin.com/, User-Agent=Mozilla/5.0 (Windows NT 10.0; Win64; x64) AppleWebKit/537.36 (KHTML, like Gecko) Chrome/129.0.0.0 Safari/537.36 Edg/129.0.0.0, sec-ch-ua="Microsoft Edge";v="129", "Not=A?Brand";v="8", "Chromium";v="129", sec-ch-ua-mobile=?0}
Request Post Data: Optional.empty
Request Mixed Content Type: Optional[none]
Request Referrer Policy: strict-origin-when-cross-origin
Request Is Signed Exchanged: false
Request Document URL: https://www.linkedin.com/
Request Initiator: org.openqa.selenium.devtools.v129.network.model.Initiator@79ace251
Request Timestamp: 549692.934702

Request URI: https://static.licdn.com/aero-v1/sc/h/5dt29avy7p51cakwkp7u93x8y
Request URI + Assertions: false
Request Type: Optional[Fetch]
Request Method: HEAD
Request Headers: {sec-ch-ua-platform="Windows", Referer=https://www.linkedin.com/, User-Agent=Mozilla/5.0 (Windows NT 10.0; Win64; x64) AppleWebKit/537.36 (KHTML, like Gecko) Chrome/129.0.0.0 Safari/537.36 Edg/129.0.0.0, sec-ch-ua="Microsoft Edge";v="129", "Not=A?Brand";v="8", "Chromium";v="129", sec-ch-ua-mobile=?0}
Request Post Data: Optional.empty
Request Mixed Content Type: Optional[none]
Request Referrer Policy: strict-origin-when-cross-origin
Request Is Signed Exchanged: false
Request Document URL: https://www.linkedin.com/
Request Initiator: org.openqa.selenium.devtools.v129.network.model.Initiator@444689e5
Request Timestamp: 549692.620888

Request URI: https://www.linkedin.com/homepage-guest/api/ingraphs/gauge
Request URI + Assertions: true
Request Type: Optional[Fetch]
Request Method: POST
Request Headers: {sec-ch-ua-platform="Windows", Referer=https://www.linkedin.com/, sec-ch-ua="Microsoft Edge";v="129", "Not=A?Brand";v="8", "Chromium";v="129", Csrf-Token=ajax:4704797171699086568, sec-ch-ua-mobile=?0, x-li-pageInstance=urn:li:page:d_homepage-guest-home_jsbeacon;H5TELxUHSF6MKzP3SeJ4ig==, User-Agent=Mozilla/5.0 (Windows NT 10.0; Win64; x64) AppleWebKit/537.36 (KHTML, like Gecko) Chrome/129.0.0.0 Safari/537.36 Edg/129.0.0.0, Content-Type=application/json}
Request Post Data: Optional[{"pageKey":"d_homepage-guest-home_jsbeacon","metricsType":"pageLoadTime","metricsValue":904}]
Request Mixed Content Type: Optional[none]
Request Referrer Policy: strict-origin-when-cross-origin
Request Is Signed Exchanged: false
Request Document URL: https://www.linkedin.com/
Request Initiator: org.openqa.selenium.devtools.v129.network.model.Initiator@68564cb9
Request Timestamp: 549692.626126

Request URI: https://www.linkedin.com/li/track
Request URI + Assertions: true
Request Type: Optional[Fetch]
Request Method: POST
Request Headers: {sec-ch-ua-platform="Windows", Referer=https://www.linkedin.com/, content-encoding=gzip, User-Agent=Mozilla/5.0 (Windows NT 10.0; Win64; x64) AppleWebKit/537.36 (KHTML, like Gecko) Chrome/129.0.0.0 Safari/537.36 Edg/129.0.0.0, sec-ch-ua="Microsoft Edge";v="129", "Not=A?Brand";v="8", "Chromium";v="129", content-type=text/plain;charset=UTF-8, sec-ch-ua-mobile=?0}
Request Post Data: Optional[&amp#31;&amp#8;&amp#0;23ûf&amp#0;&amp#3;íSËnÓ@&amp#20;ýY&amp#1;@ÆãT¤¶JÕ&amp#23;¥")B*U&amp#25;Ûw&amp#1;Ç63vK©ºgÁc&amp#5;¬X&amp#5;&amp#27;X³B,&?Æ&amp#29;§)iU&amp#4;kÔ%ßÇÜsîãì&amp#30;&amp#19;8¼Z*#&amp#18;&amp#30;§0<*DÔYF(©gC9FW&amp#27;-Åãg2O×rQØü8øÚuÅÇ%	çx^Çïy]·çÒi=b¹k&amp#25;&amp#19;JFÀ&amp#19;P3°µ&amp#28;&amp#31;æ1VÚ;*ÇäZåa&Cë&amp#8;ýQ1&amp#6;ûÛJkiYsÿ©ÇEn&amp#25;Î8%ørÕ&amp#29;ö7_ì¬&amp#14;Vz÷6^nw&amp#6;°ÞéÂE®.æ&amp#25;ö(9&amp#0;¥%Ö	sÝf^;À&amp#26;&amp#20;úÑwö/-Ak¤µ´(Ïæ«ùh^÷æíâä§ùp÷ù¶<ùþ¸n·ÛcL&amp#28;Ã8&amp#2;e)áÔxYf2æ&amp#21;â<p&amp#8;êBMWa,"u&amp#19;ÑòÈkuYÏkùA Zq$D&amp#15;#&amp#18;cÝéÀ&amp#23;&amp#23;&amp#31;à&amp#28;Î&amp#5;9xãÒ4*ò
òþÁ&amp#19;A¯ÑüØw.£Ì§&amp#12;?Q&amp#5;¹&amp#30;õ<Ê&amp#2;2¯C&amp#3;&amp#12;&amp#6;&amp#14;F|ê`Z@}µý=\Ô&amp#17;OÃ¾=D&amp#18;
i@·çÈêù¹Hä£&amp#4;a³yf&amp#23;&amp#2;z¿?@*ö&amp#6;à&amp#1;¿&amp#30;KÉ«&amp#17;æÝÁ_&amp#5;&amp#2;ÔlËR¯dµ&amp#30;ÝÏ³BÃ*&amp#14;qïC&amp#30;õs&amp#30;e-Vª&amp#6;v&amp#22;Ú¶#Ñ8 ê&amp#1;Têè<mÊ&amp#30;é7²É&amp#4;&amp#23;Ð\§&amp#2;±Ð&amp#22;·ÇH¶ª½ióVn¥¯aÑKbý&amp#31;d&amp#21;Ãü[æùä?Zo,×¼3o&amp#18;s:ymN&amp#27;A¹&amp#31;×ºVÔ?*j&amp#31;È´ÙÌUº&amp#28;=9Ùû&amp#5;< »©&amp#4;&amp#7;&amp#0;&amp#0;]
Request Mixed Content Type: Optional[none]
Request Referrer Policy: strict-origin-when-cross-origin
Request Is Signed Exchanged: false
Request Document URL: https://www.linkedin.com/
Request Initiator: org.openqa.selenium.devtools.v129.network.model.Initiator@921ea65
Request Timestamp: 549692.945539

Request URI: https://static.licdn.com/aero-v1/sc/h/al2o9zrvru7aqj8e1x2rzsrca
Request URI + Assertions: false
Request Type: Optional[Other]
Request Method: GET
Request Headers: {sec-ch-ua-platform="Windows", Referer=https://www.linkedin.com/, User-Agent=Mozilla/5.0 (Windows NT 10.0; Win64; x64) AppleWebKit/537.36 (KHTML, like Gecko) Chrome/129.0.0.0 Safari/537.36 Edg/129.0.0.0, sec-ch-ua="Microsoft Edge";v="129", "Not=A?Brand";v="8", "Chromium";v="129", sec-ch-ua-mobile=?0}
Request Post Data: Optional.empty
Request Mixed Content Type: Optional[none]
Request Referrer Policy: strict-origin-when-cross-origin
Request Is Signed Exchanged: false
Request Document URL: https://www.linkedin.com/
Request Initiator: org.openqa.selenium.devtools.v129.network.model.Initiator@407905b5
Request Timestamp: 549692.957575

Request URI: https://accounts.google.com/gsi/button?logo_alignment=center&shape=pill&size=large&text=continue_with&theme=filled_blue&type=undefined&width=400&client_id=990339570472-k6nqn1tpmitg8pui82bfaun3jrpmiuhs.apps.googleusercontent.com&iframe_id=gsi_674922_994075&as=ZXFSUVkv5loQzRzPCVBTdA&hl=en_US
Request URI + Assertions: false
Request Type: Optional[Document]
Request Method: GET
Request Headers: {Referer=https://www.linkedin.com/, Upgrade-Insecure-Requests=1, User-Agent=Mozilla/5.0 (Windows NT 10.0; Win64; x64) AppleWebKit/537.36 (KHTML, like Gecko) Chrome/129.0.0.0 Safari/537.36 Edg/129.0.0.0, sec-ch-ua="Microsoft Edge";v="129", "Not=A?Brand";v="8", "Chromium";v="129", sec-ch-ua-mobile=?0, sec-ch-ua-platform="Windows"}
Request Post Data: Optional.empty
Request Mixed Content Type: Optional[none]
Request Referrer Policy: strict-origin-when-cross-origin
Request Is Signed Exchanged: false
Request Document URL: https://accounts.google.com/gsi/button?logo_alignment=center&shape=pill&size=large&text=continue_with&theme=filled_blue&type=undefined&width=400&client_id=990339570472-k6nqn1tpmitg8pui82bfaun3jrpmiuhs.apps.googleusercontent.com&iframe_id=gsi_674922_994075&as=ZXFSUVkv5loQzRzPCVBTdA&hl=en_US
Request Initiator: org.openqa.selenium.devtools.v129.network.model.Initiator@57b83de
Request Timestamp: 549692.985154

Request URI: https://accounts.google.com/gsi/status?client_id=990339570472-k6nqn1tpmitg8pui82bfaun3jrpmiuhs.apps.googleusercontent.com&as=ZXFSUVkv5loQzRzPCVBTdA&has_opted_out_fedcm=true
Request URI + Assertions: false
Request Type: Optional[XHR]
Request Method: GET
Request Headers: {sec-ch-ua-platform="Windows", Referer=https://www.linkedin.com/, User-Agent=Mozilla/5.0 (Windows NT 10.0; Win64; x64) AppleWebKit/537.36 (KHTML, like Gecko) Chrome/129.0.0.0 Safari/537.36 Edg/129.0.0.0, sec-ch-ua="Microsoft Edge";v="129", "Not=A?Brand";v="8", "Chromium";v="129", sec-ch-ua-mobile=?0}
Request Post Data: Optional.empty
Request Mixed Content Type: Optional[none]
Request Referrer Policy: strict-origin-when-cross-origin
Request Is Signed Exchanged: false
Request Document URL: https://www.linkedin.com/
Request Initiator: org.openqa.selenium.devtools.v129.network.model.Initiator@444d32f2
Request Timestamp: 549692.981688

Request URI: https://platform.linkedin.com/litms/utag/homepage-guest-frontend/utag.119.js?utv=ut4.51.202405021958
Request URI + Assertions: true
Request Type: Optional[Script]
Request Method: GET
Request Headers: {sec-ch-ua-platform="Windows", Referer=https://www.linkedin.com/, User-Agent=Mozilla/5.0 (Windows NT 10.0; Win64; x64) AppleWebKit/537.36 (KHTML, like Gecko) Chrome/129.0.0.0 Safari/537.36 Edg/129.0.0.0, sec-ch-ua="Microsoft Edge";v="129", "Not=A?Brand";v="8", "Chromium";v="129", sec-ch-ua-mobile=?0}
Request Post Data: Optional.empty
Request Mixed Content Type: Optional[none]
Request Referrer Policy: strict-origin-when-cross-origin
Request Is Signed Exchanged: false
Request Document URL: https://www.linkedin.com/
Request Initiator: org.openqa.selenium.devtools.v129.network.model.Initiator@53c84c7c
Request Timestamp: 549693.023273

Request URI: https://platform.linkedin.com/litms/utag/homepage-guest-frontend/utag.123.js?utv=ut4.51.202405021958
Request URI + Assertions: true
Request Type: Optional[Script]
Request Method: GET
Request Headers: {sec-ch-ua-platform="Windows", Referer=https://www.linkedin.com/, User-Agent=Mozilla/5.0 (Windows NT 10.0; Win64; x64) AppleWebKit/537.36 (KHTML, like Gecko) Chrome/129.0.0.0 Safari/537.36 Edg/129.0.0.0, sec-ch-ua="Microsoft Edge";v="129", "Not=A?Brand";v="8", "Chromium";v="129", sec-ch-ua-mobile=?0}
Request Post Data: Optional.empty
Request Mixed Content Type: Optional[none]
Request Referrer Policy: strict-origin-when-cross-origin
Request Is Signed Exchanged: false
Request Document URL: https://www.linkedin.com/
Request Initiator: org.openqa.selenium.devtools.v129.network.model.Initiator@31e5776b
Request Timestamp: 549693.024664

Request URI: https://platform.linkedin.com/litms/utag/homepage-guest-frontend/utag.120.js?utv=ut4.51.202405021958
Request URI + Assertions: true
Request Type: Optional[Script]
Request Method: GET
Request Headers: {sec-ch-ua-platform="Windows", Referer=https://www.linkedin.com/, User-Agent=Mozilla/5.0 (Windows NT 10.0; Win64; x64) AppleWebKit/537.36 (KHTML, like Gecko) Chrome/129.0.0.0 Safari/537.36 Edg/129.0.0.0, sec-ch-ua="Microsoft Edge";v="129", "Not=A?Brand";v="8", "Chromium";v="129", sec-ch-ua-mobile=?0}
Request Post Data: Optional.empty
Request Mixed Content Type: Optional[none]
Request Referrer Policy: strict-origin-when-cross-origin
Request Is Signed Exchanged: false
Request Document URL: https://www.linkedin.com/
Request Initiator: org.openqa.selenium.devtools.v129.network.model.Initiator@d9ffe65
Request Timestamp: 549693.024132

Request URI: https://dpm.demdex.net/id?d_visid_ver=5.1.1&d_fieldgroup=MC&d_rtbd=json&d_ver=2&d_orgid=14215E3D5995C57C0A495C55%40AdobeOrg&d_nsid=0&ts=1727738674967
Request URI + Assertions: false
Request Type: Optional[XHR]
Request Method: GET
Request Headers: {sec-ch-ua-platform="Windows", Referer=https://www.linkedin.com/, User-Agent=Mozilla/5.0 (Windows NT 10.0; Win64; x64) AppleWebKit/537.36 (KHTML, like Gecko) Chrome/129.0.0.0 Safari/537.36 Edg/129.0.0.0, sec-ch-ua="Microsoft Edge";v="129", "Not=A?Brand";v="8", "Chromium";v="129", Content-Type=application/x-www-form-urlencoded, sec-ch-ua-mobile=?0}
Request Post Data: Optional.empty
Request Mixed Content Type: Optional[none]
Request Referrer Policy: strict-origin-when-cross-origin
Request Is Signed Exchanged: false
Request Document URL: https://www.linkedin.com/
Request Initiator: org.openqa.selenium.devtools.v129.network.model.Initiator@51542d65
Request Timestamp: 549693.019589

]]></system-out>
  </testcase>
  <testcase name="testPerformanceMetrics" classname="Selenium_4_Tests.TestDevToolsPerformance" time="4.123">
    <system-out><![CDATA[Metric: Timestamp
549696.9458
Metric: Documents
5
Metric: Frames
3
Metric: JSEventListeners
108
Metric: Nodes
3137
Metric: LayoutCount
13
Metric: RecalcStyleCount
19
Metric: RecalcStyleDuration
0.014261
Metric: LayoutDuration
0.109377
Metric: MediaKeySessions
0
Metric: Resources
28
Metric: DomContentLoaded
549696.369295
Metric: NavigationStart
549695.617323
Metric: TaskDuration
0.474578
Metric: JSHeapUsedSize
3994592
Metric: JSHeapTotalSize
6864896
Metric: ScriptDuration
0.083553
]]></system-out>
  </testcase>
</testsuite>