<?xml version="1.0" encoding="UTF-8"?>
<testsuite xmlns:xsi="http://www.w3.org/2001/XMLSchema-instance" xsi:noNamespaceSchemaLocation="https://maven.apache.org/surefire/maven-surefire-plugin/xsd/surefire-test-report-3.0.xsd" version="3.0" name="Selenium_4_Tests.TestDevToolsConsoleLogs" time="9.8" tests="1" errors="0" skipped="0" failures="1">
  <properties>
    <property name="java.specification.version" value="22"/>
    <property name="sun.cpu.isalist" value="amd64"/>
    <property name="sun.jnu.encoding" value="Cp1252"/>
    <property name="java.class.path" value="C:\Douglas\Automation\Proyectos\Selenium\Pumpkins\Four Project\carbonfour-selenium-4\target\test-classes;C:\Douglas\Automation\Proyectos\Selenium\Pumpkins\Four Project\carbonfour-selenium-4\target\classes;C:\Users\dougl\.m2\repository\org\seleniumhq\selenium\selenium-java\4.25.0\selenium-java-4.25.0.jar;C:\Users\dougl\.m2\repository\org\seleniumhq\selenium\selenium-api\4.25.0\selenium-api-4.25.0.jar;C:\Users\dougl\.m2\repository\org\jspecify\jspecify\1.0.0\jspecify-1.0.0.jar;C:\Users\dougl\.m2\repository\org\seleniumhq\selenium\selenium-chrome-driver\4.25.0\selenium-chrome-driver-4.25.0.jar;C:\Users\dougl\.m2\repository\com\google\auto\service\auto-service-annotations\1.1.1\auto-service-annotations-1.1.1.jar;C:\Users\dougl\.m2\repository\org\seleniumhq\selenium\selenium-chromium-driver\4.25.0\selenium-chromium-driver-4.25.0.jar;C:\Users\dougl\.m2\repository\org\seleniumhq\selenium\selenium-json\4.25.0\selenium-json-4.25.0.jar;C:\Users\dougl\.m2\repository\org\seleniumhq\selenium\selenium-manager\4.25.0\selenium-manager-4.25.0.jar;C:\Users\dougl\.m2\repository\org\seleniumhq\selenium\selenium-devtools-v127\4.25.0\selenium-devtools-v127-4.25.0.jar;C:\Users\dougl\.m2\repository\org\seleniumhq\selenium\selenium-devtools-v128\4.25.0\selenium-devtools-v128-4.25.0.jar;C:\Users\dougl\.m2\repository\org\seleniumhq\selenium\selenium-devtools-v129\4.25.0\selenium-devtools-v129-4.25.0.jar;C:\Users\dougl\.m2\repository\org\seleniumhq\selenium\selenium-devtools-v85\4.25.0\selenium-devtools-v85-4.25.0.jar;C:\Users\dougl\.m2\repository\org\seleniumhq\selenium\selenium-edge-driver\4.25.0\selenium-edge-driver-4.25.0.jar;C:\Users\dougl\.m2\repository\org\seleniumhq\selenium\selenium-firefox-driver\4.25.0\selenium-firefox-driver-4.25.0.jar;C:\Users\dougl\.m2\repository\org\seleniumhq\selenium\selenium-http\4.25.0\selenium-http-4.25.0.jar;C:\Users\dougl\.m2\repository\dev\failsafe\failsafe\3.3.2\failsafe-3.3.2.jar;C:\Users\dougl\.m2\repository\org\seleniumhq\selenium\selenium-ie-driver\4.25.0\selenium-ie-driver-4.25.0.jar;C:\Users\dougl\.m2\repository\org\seleniumhq\selenium\selenium-remote-driver\4.25.0\selenium-remote-driver-4.25.0.jar;C:\Users\dougl\.m2\repository\com\google\guava\guava\33.3.0-jre\guava-33.3.0-jre.jar;C:\Users\dougl\.m2\repository\com\google\guava\failureaccess\1.0.2\failureaccess-1.0.2.jar;C:\Users\dougl\.m2\repository\com\google\guava\listenablefuture\9999.0-empty-to-avoid-conflict-with-guava\listenablefuture-9999.0-empty-to-avoid-conflict-with-guava.jar;C:\Users\dougl\.m2\repository\com\google\code\findbugs\jsr305\3.0.2\jsr305-3.0.2.jar;C:\Users\dougl\.m2\repository\org\checkerframework\checker-qual\3.43.0\checker-qual-3.43.0.jar;C:\Users\dougl\.m2\repository\com\google\errorprone\error_prone_annotations\2.28.0\error_prone_annotations-2.28.0.jar;C:\Users\dougl\.m2\repository\com\google\j2objc\j2objc-annotations\3.0.0\j2objc-annotations-3.0.0.jar;C:\Users\dougl\.m2\repository\io\opentelemetry\semconv\opentelemetry-semconv\1.25.0-alpha\opentelemetry-semconv-1.25.0-alpha.jar;C:\Users\dougl\.m2\repository\io\opentelemetry\opentelemetry-api\1.42.1\opentelemetry-api-1.42.1.jar;C:\Users\dougl\.m2\repository\io\opentelemetry\opentelemetry-context\1.42.1\opentelemetry-context-1.42.1.jar;C:\Users\dougl\.m2\repository\io\opentelemetry\opentelemetry-exporter-logging\1.42.1\opentelemetry-exporter-logging-1.42.1.jar;C:\Users\dougl\.m2\repository\io\opentelemetry\opentelemetry-sdk-common\1.42.1\opentelemetry-sdk-common-1.42.1.jar;C:\Users\dougl\.m2\repository\io\opentelemetry\opentelemetry-sdk-extension-autoconfigure-spi\1.42.1\opentelemetry-sdk-extension-autoconfigure-spi-1.42.1.jar;C:\Users\dougl\.m2\repository\io\opentelemetry\opentelemetry-sdk-extension-autoconfigure\1.42.1\opentelemetry-sdk-extension-autoconfigure-1.42.1.jar;C:\Users\dougl\.m2\repository\io\opentelemetry\opentelemetry-api-incubator\1.42.1-alpha\opentelemetry-api-incubator-1.42.1-alpha.jar;C:\Users\dougl\.m2\repository\io\opentelemetry\opentelemetry-sdk-trace\1.42.1\opentelemetry-sdk-trace-1.42.1.jar;C:\Users\dougl\.m2\repository\io\opentelemetry\opentelemetry-sdk\1.42.1\opentelemetry-sdk-1.42.1.jar;C:\Users\dougl\.m2\repository\io\opentelemetry\opentelemetry-sdk-metrics\1.42.1\opentelemetry-sdk-metrics-1.42.1.jar;C:\Users\dougl\.m2\repository\io\opentelemetry\opentelemetry-sdk-logs\1.42.1\opentelemetry-sdk-logs-1.42.1.jar;C:\Users\dougl\.m2\repository\org\seleniumhq\selenium\selenium-os\4.25.0\selenium-os-4.25.0.jar;C:\Users\dougl\.m2\repository\org\apache\commons\commons-exec\1.4.0\commons-exec-1.4.0.jar;C:\Users\dougl\.m2\repository\org\seleniumhq\selenium\selenium-safari-driver\4.25.0\selenium-safari-driver-4.25.0.jar;C:\Users\dougl\.m2\repository\org\seleniumhq\selenium\selenium-support\4.25.0\selenium-support-4.25.0.jar;C:\Users\dougl\.m2\repository\org\assertj\assertj-core\3.26.3\assertj-core-3.26.3.jar;C:\Users\dougl\.m2\repository\net\bytebuddy\byte-buddy\1.14.18\byte-buddy-1.14.18.jar;C:\Users\dougl\.m2\repository\org\projectlombok\lombok\1.18.34\lombok-1.18.34.jar;C:\Users\dougl\.m2\repository\org\slf4j\slf4j-simple\2.1.0-alpha1\slf4j-simple-2.1.0-alpha1.jar;C:\Users\dougl\.m2\repository\org\slf4j\slf4j-api\2.1.0-alpha1\slf4j-api-2.1.0-alpha1.jar;C:\Users\dougl\.m2\repository\com\github\javafaker\javafaker\1.0.2\javafaker-1.0.2.jar;C:\Users\dougl\.m2\repository\org\apache\commons\commons-lang3\3.5\commons-lang3-3.5.jar;C:\Users\dougl\.m2\repository\org\yaml\snakeyaml\1.23\snakeyaml-1.23-android.jar;C:\Users\dougl\.m2\repository\com\github\mifmif\generex\1.0.2\generex-1.0.2.jar;C:\Users\dougl\.m2\repository\dk\brics\automaton\automaton\1.11-8\automaton-1.11-8.jar;C:\Users\dougl\.m2\repository\com\deque\html\axe-core\selenium\4.9.1\selenium-4.9.1.jar;C:\Users\dougl\.m2\repository\commons-io\commons-io\2.16.0\commons-io-2.16.0.jar;C:\Users\dougl\.m2\repository\io\github\bonigarcia\webdrivermanager\5.7.0\webdrivermanager-5.7.0.jar;C:\Users\dougl\.m2\repository\com\google\code\gson\gson\2.10.1\gson-2.10.1.jar;C:\Users\dougl\.m2\repository\com\github\docker-java\docker-java\3.3.5\docker-java-3.3.5.jar;C:\Users\dougl\.m2\repository\com\github\docker-java\docker-java-core\3.3.5\docker-java-core-3.3.5.jar;C:\Users\dougl\.m2\repository\com\github\docker-java\docker-java-api\3.3.5\docker-java-api-3.3.5.jar;C:\Users\dougl\.m2\repository\org\bouncycastle\bcpkix-jdk18on\1.76\bcpkix-jdk18on-1.76.jar;C:\Users\dougl\.m2\repository\org\bouncycastle\bcprov-jdk18on\1.76\bcprov-jdk18on-1.76.jar;C:\Users\dougl\.m2\repository\org\bouncycastle\bcutil-jdk18on\1.76\bcutil-jdk18on-1.76.jar;C:\Users\dougl\.m2\repository\org\slf4j\jcl-over-slf4j\1.7.30\jcl-over-slf4j-1.7.30.jar;C:\Users\dougl\.m2\repository\com\github\docker-java\docker-java-transport-httpclient5\3.3.5\docker-java-transport-httpclient5-3.3.5.jar;C:\Users\dougl\.m2\repository\com\github\docker-java\docker-java-transport\3.3.5\docker-java-transport-3.3.5.jar;C:\Users\dougl\.m2\repository\net\java\dev\jna\jna\5.13.0\jna-5.13.0.jar;C:\Users\dougl\.m2\repository\org\brotli\dec\0.1.2\dec-0.1.2.jar;C:\Users\dougl\.m2\repository\org\apache\commons\commons-compress\1.26.0\commons-compress-1.26.0.jar;C:\Users\dougl\.m2\repository\org\apache\httpcomponents\client5\httpclient5\5.2.1\httpclient5-5.2.1.jar;C:\Users\dougl\.m2\repository\org\apache\httpcomponents\core5\httpcore5\5.2\httpcore5-5.2.jar;C:\Users\dougl\.m2\repository\org\apache\httpcomponents\core5\httpcore5-h2\5.2\httpcore5-h2-5.2.jar;C:\Users\dougl\.m2\repository\com\deque\html\axe-core\dequeutilites\4.9.1\dequeutilites-4.9.1.jar;C:\Users\dougl\.m2\repository\io\qameta\allure\allure-junit5\2.29.0\allure-junit5-2.29.0.jar;C:\Users\dougl\.m2\repository\io\qameta\allure\allure-junit-platform\2.29.0\allure-junit-platform-2.29.0.jar;C:\Users\dougl\.m2\repository\io\qameta\allure\allure-java-commons\2.29.0\allure-java-commons-2.29.0.jar;C:\Users\dougl\.m2\repository\io\qameta\allure\allure-model\2.29.0\allure-model-2.29.0.jar;C:\Users\dougl\.m2\repository\org\junit\platform\junit-platform-launcher\1.10.3\junit-platform-launcher-1.10.3.jar;C:\Users\dougl\.m2\repository\io\qameta\allure\allure-test-filter\2.29.0\allure-test-filter-2.29.0.jar;C:\Users\dougl\.m2\repository\com\fasterxml\jackson\core\jackson-databind\2.18.0\jackson-databind-2.18.0.jar;C:\Users\dougl\.m2\repository\com\fasterxml\jackson\core\jackson-annotations\2.18.0\jackson-annotations-2.18.0.jar;C:\Users\dougl\.m2\repository\com\fasterxml\jackson\core\jackson-core\2.18.0\jackson-core-2.18.0.jar;C:\Users\dougl\.m2\repository\org\apache\httpcomponents\httpclient\4.5.14\httpclient-4.5.14.jar;C:\Users\dougl\.m2\repository\org\apache\httpcomponents\httpcore\4.4.16\httpcore-4.4.16.jar;C:\Users\dougl\.m2\repository\commons-logging\commons-logging\1.2\commons-logging-1.2.jar;C:\Users\dougl\.m2\repository\commons-codec\commons-codec\1.11\commons-codec-1.11.jar;C:\Users\dougl\.m2\repository\org\junit\jupiter\junit-jupiter-api\5.11.1\junit-jupiter-api-5.11.1.jar;C:\Users\dougl\.m2\repository\org\opentest4j\opentest4j\1.3.0\opentest4j-1.3.0.jar;C:\Users\dougl\.m2\repository\org\junit\platform\junit-platform-commons\1.11.1\junit-platform-commons-1.11.1.jar;C:\Users\dougl\.m2\repository\org\apiguardian\apiguardian-api\1.1.2\apiguardian-api-1.1.2.jar;C:\Users\dougl\.m2\repository\org\junit\jupiter\junit-jupiter-engine\5.11.1\junit-jupiter-engine-5.11.1.jar;C:\Users\dougl\.m2\repository\org\junit\platform\junit-platform-engine\1.11.1\junit-platform-engine-1.11.1.jar;C:\Users\dougl\.m2\repository\org\junit\jupiter\junit-jupiter-params\5.11.1\junit-jupiter-params-5.11.1.jar;"/>
    <property name="java.vm.vendor" value="Amazon.com Inc."/>
    <property name="sun.arch.data.model" value="64"/>
    <property name="user.variant" value=""/>
    <property name="java.vendor.url" value="https://aws.amazon.com/corretto/"/>
    <property name="user.timezone" value="America/Bogota"/>
    <property name="os.name" value="Windows 11"/>
    <property name="java.vm.specification.version" value="22"/>
    <property name="sun.java.launcher" value="SUN_STANDARD"/>
    <property name="user.country" value="CO"/>
    <property name="sun.boot.library.path" value="C:\Program Files\Amazon Corretto\jdk22.0.1_8\bin"/>
    <property name="sun.java.command" value="C:\Users\dougl\AppData\Local\Temp\surefire9429331928935843355\surefirebooter-20240930181804243_3.jar C:\Users\dougl\AppData\Local\Temp\surefire9429331928935843355 2024-09-30T18-18-03_117-jvmRun1 surefire-20240930181804243_1tmp surefire_0-20240930181804243_2tmp"/>
    <property name="jdk.debug" value="release"/>
    <property name="surefire.test.class.path" value="C:\Douglas\Automation\Proyectos\Selenium\Pumpkins\Four Project\carbonfour-selenium-4\target\test-classes;C:\Douglas\Automation\Proyectos\Selenium\Pumpkins\Four Project\carbonfour-selenium-4\target\classes;C:\Users\dougl\.m2\repository\org\seleniumhq\selenium\selenium-java\4.25.0\selenium-java-4.25.0.jar;C:\Users\dougl\.m2\repository\org\seleniumhq\selenium\selenium-api\4.25.0\selenium-api-4.25.0.jar;C:\Users\dougl\.m2\repository\org\jspecify\jspecify\1.0.0\jspecify-1.0.0.jar;C:\Users\dougl\.m2\repository\org\seleniumhq\selenium\selenium-chrome-driver\4.25.0\selenium-chrome-driver-4.25.0.jar;C:\Users\dougl\.m2\repository\com\google\auto\service\auto-service-annotations\1.1.1\auto-service-annotations-1.1.1.jar;C:\Users\dougl\.m2\repository\org\seleniumhq\selenium\selenium-chromium-driver\4.25.0\selenium-chromium-driver-4.25.0.jar;C:\Users\dougl\.m2\repository\org\seleniumhq\selenium\selenium-json\4.25.0\selenium-json-4.25.0.jar;C:\Users\dougl\.m2\repository\org\seleniumhq\selenium\selenium-manager\4.25.0\selenium-manager-4.25.0.jar;C:\Users\dougl\.m2\repository\org\seleniumhq\selenium\selenium-devtools-v127\4.25.0\selenium-devtools-v127-4.25.0.jar;C:\Users\dougl\.m2\repository\org\seleniumhq\selenium\selenium-devtools-v128\4.25.0\selenium-devtools-v128-4.25.0.jar;C:\Users\dougl\.m2\repository\org\seleniumhq\selenium\selenium-devtools-v129\4.25.0\selenium-devtools-v129-4.25.0.jar;C:\Users\dougl\.m2\repository\org\seleniumhq\selenium\selenium-devtools-v85\4.25.0\selenium-devtools-v85-4.25.0.jar;C:\Users\dougl\.m2\repository\org\seleniumhq\selenium\selenium-edge-driver\4.25.0\selenium-edge-driver-4.25.0.jar;C:\Users\dougl\.m2\repository\org\seleniumhq\selenium\selenium-firefox-driver\4.25.0\selenium-firefox-driver-4.25.0.jar;C:\Users\dougl\.m2\repository\org\seleniumhq\selenium\selenium-http\4.25.0\selenium-http-4.25.0.jar;C:\Users\dougl\.m2\repository\dev\failsafe\failsafe\3.3.2\failsafe-3.3.2.jar;C:\Users\dougl\.m2\repository\org\seleniumhq\selenium\selenium-ie-driver\4.25.0\selenium-ie-driver-4.25.0.jar;C:\Users\dougl\.m2\repository\org\seleniumhq\selenium\selenium-remote-driver\4.25.0\selenium-remote-driver-4.25.0.jar;C:\Users\dougl\.m2\repository\com\google\guava\guava\33.3.0-jre\guava-33.3.0-jre.jar;C:\Users\dougl\.m2\repository\com\google\guava\failureaccess\1.0.2\failureaccess-1.0.2.jar;C:\Users\dougl\.m2\repository\com\google\guava\listenablefuture\9999.0-empty-to-avoid-conflict-with-guava\listenablefuture-9999.0-empty-to-avoid-conflict-with-guava.jar;C:\Users\dougl\.m2\repository\com\google\code\findbugs\jsr305\3.0.2\jsr305-3.0.2.jar;C:\Users\dougl\.m2\repository\org\checkerframework\checker-qual\3.43.0\checker-qual-3.43.0.jar;C:\Users\dougl\.m2\repository\com\google\errorprone\error_prone_annotations\2.28.0\error_prone_annotations-2.28.0.jar;C:\Users\dougl\.m2\repository\com\google\j2objc\j2objc-annotations\3.0.0\j2objc-annotations-3.0.0.jar;C:\Users\dougl\.m2\repository\io\opentelemetry\semconv\opentelemetry-semconv\1.25.0-alpha\opentelemetry-semconv-1.25.0-alpha.jar;C:\Users\dougl\.m2\repository\io\opentelemetry\opentelemetry-api\1.42.1\opentelemetry-api-1.42.1.jar;C:\Users\dougl\.m2\repository\io\opentelemetry\opentelemetry-context\1.42.1\opentelemetry-context-1.42.1.jar;C:\Users\dougl\.m2\repository\io\opentelemetry\opentelemetry-exporter-logging\1.42.1\opentelemetry-exporter-logging-1.42.1.jar;C:\Users\dougl\.m2\repository\io\opentelemetry\opentelemetry-sdk-common\1.42.1\opentelemetry-sdk-common-1.42.1.jar;C:\Users\dougl\.m2\repository\io\opentelemetry\opentelemetry-sdk-extension-autoconfigure-spi\1.42.1\opentelemetry-sdk-extension-autoconfigure-spi-1.42.1.jar;C:\Users\dougl\.m2\repository\io\opentelemetry\opentelemetry-sdk-extension-autoconfigure\1.42.1\opentelemetry-sdk-extension-autoconfigure-1.42.1.jar;C:\Users\dougl\.m2\repository\io\opentelemetry\opentelemetry-api-incubator\1.42.1-alpha\opentelemetry-api-incubator-1.42.1-alpha.jar;C:\Users\dougl\.m2\repository\io\opentelemetry\opentelemetry-sdk-trace\1.42.1\opentelemetry-sdk-trace-1.42.1.jar;C:\Users\dougl\.m2\repository\io\opentelemetry\opentelemetry-sdk\1.42.1\opentelemetry-sdk-1.42.1.jar;C:\Users\dougl\.m2\repository\io\opentelemetry\opentelemetry-sdk-metrics\1.42.1\opentelemetry-sdk-metrics-1.42.1.jar;C:\Users\dougl\.m2\repository\io\opentelemetry\opentelemetry-sdk-logs\1.42.1\opentelemetry-sdk-logs-1.42.1.jar;C:\Users\dougl\.m2\repository\org\seleniumhq\selenium\selenium-os\4.25.0\selenium-os-4.25.0.jar;C:\Users\dougl\.m2\repository\org\apache\commons\commons-exec\1.4.0\commons-exec-1.4.0.jar;C:\Users\dougl\.m2\repository\org\seleniumhq\selenium\selenium-safari-driver\4.25.0\selenium-safari-driver-4.25.0.jar;C:\Users\dougl\.m2\repository\org\seleniumhq\selenium\selenium-support\4.25.0\selenium-support-4.25.0.jar;C:\Users\dougl\.m2\repository\org\assertj\assertj-core\3.26.3\assertj-core-3.26.3.jar;C:\Users\dougl\.m2\repository\net\bytebuddy\byte-buddy\1.14.18\byte-buddy-1.14.18.jar;C:\Users\dougl\.m2\repository\org\projectlombok\lombok\1.18.34\lombok-1.18.34.jar;C:\Users\dougl\.m2\repository\org\slf4j\slf4j-simple\2.1.0-alpha1\slf4j-simple-2.1.0-alpha1.jar;C:\Users\dougl\.m2\repository\org\slf4j\slf4j-api\2.1.0-alpha1\slf4j-api-2.1.0-alpha1.jar;C:\Users\dougl\.m2\repository\com\github\javafaker\javafaker\1.0.2\javafaker-1.0.2.jar;C:\Users\dougl\.m2\repository\org\apache\commons\commons-lang3\3.5\commons-lang3-3.5.jar;C:\Users\dougl\.m2\repository\org\yaml\snakeyaml\1.23\snakeyaml-1.23-android.jar;C:\Users\dougl\.m2\repository\com\github\mifmif\generex\1.0.2\generex-1.0.2.jar;C:\Users\dougl\.m2\repository\dk\brics\automaton\automaton\1.11-8\automaton-1.11-8.jar;C:\Users\dougl\.m2\repository\com\deque\html\axe-core\selenium\4.9.1\selenium-4.9.1.jar;C:\Users\dougl\.m2\repository\commons-io\commons-io\2.16.0\commons-io-2.16.0.jar;C:\Users\dougl\.m2\repository\io\github\bonigarcia\webdrivermanager\5.7.0\webdrivermanager-5.7.0.jar;C:\Users\dougl\.m2\repository\com\google\code\gson\gson\2.10.1\gson-2.10.1.jar;C:\Users\dougl\.m2\repository\com\github\docker-java\docker-java\3.3.5\docker-java-3.3.5.jar;C:\Users\dougl\.m2\repository\com\github\docker-java\docker-java-core\3.3.5\docker-java-core-3.3.5.jar;C:\Users\dougl\.m2\repository\com\github\docker-java\docker-java-api\3.3.5\docker-java-api-3.3.5.jar;C:\Users\dougl\.m2\repository\org\bouncycastle\bcpkix-jdk18on\1.76\bcpkix-jdk18on-1.76.jar;C:\Users\dougl\.m2\repository\org\bouncycastle\bcprov-jdk18on\1.76\bcprov-jdk18on-1.76.jar;C:\Users\dougl\.m2\repository\org\bouncycastle\bcutil-jdk18on\1.76\bcutil-jdk18on-1.76.jar;C:\Users\dougl\.m2\repository\org\slf4j\jcl-over-slf4j\1.7.30\jcl-over-slf4j-1.7.30.jar;C:\Users\dougl\.m2\repository\com\github\docker-java\docker-java-transport-httpclient5\3.3.5\docker-java-transport-httpclient5-3.3.5.jar;C:\Users\dougl\.m2\repository\com\github\docker-java\docker-java-transport\3.3.5\docker-java-transport-3.3.5.jar;C:\Users\dougl\.m2\repository\net\java\dev\jna\jna\5.13.0\jna-5.13.0.jar;C:\Users\dougl\.m2\repository\org\brotli\dec\0.1.2\dec-0.1.2.jar;C:\Users\dougl\.m2\repository\org\apache\commons\commons-compress\1.26.0\commons-compress-1.26.0.jar;C:\Users\dougl\.m2\repository\org\apache\httpcomponents\client5\httpclient5\5.2.1\httpclient5-5.2.1.jar;C:\Users\dougl\.m2\repository\org\apache\httpcomponents\core5\httpcore5\5.2\httpcore5-5.2.jar;C:\Users\dougl\.m2\repository\org\apache\httpcomponents\core5\httpcore5-h2\5.2\httpcore5-h2-5.2.jar;C:\Users\dougl\.m2\repository\com\deque\html\axe-core\dequeutilites\4.9.1\dequeutilites-4.9.1.jar;C:\Users\dougl\.m2\repository\io\qameta\allure\allure-junit5\2.29.0\allure-junit5-2.29.0.jar;C:\Users\dougl\.m2\repository\io\qameta\allure\allure-junit-platform\2.29.0\allure-junit-platform-2.29.0.jar;C:\Users\dougl\.m2\repository\io\qameta\allure\allure-java-commons\2.29.0\allure-java-commons-2.29.0.jar;C:\Users\dougl\.m2\repository\io\qameta\allure\allure-model\2.29.0\allure-model-2.29.0.jar;C:\Users\dougl\.m2\repository\org\junit\platform\junit-platform-launcher\1.10.3\junit-platform-launcher-1.10.3.jar;C:\Users\dougl\.m2\repository\io\qameta\allure\allure-test-filter\2.29.0\allure-test-filter-2.29.0.jar;C:\Users\dougl\.m2\repository\com\fasterxml\jackson\core\jackson-databind\2.18.0\jackson-databind-2.18.0.jar;C:\Users\dougl\.m2\repository\com\fasterxml\jackson\core\jackson-annotations\2.18.0\jackson-annotations-2.18.0.jar;C:\Users\dougl\.m2\repository\com\fasterxml\jackson\core\jackson-core\2.18.0\jackson-core-2.18.0.jar;C:\Users\dougl\.m2\repository\org\apache\httpcomponents\httpclient\4.5.14\httpclient-4.5.14.jar;C:\Users\dougl\.m2\repository\org\apache\httpcomponents\httpcore\4.4.16\httpcore-4.4.16.jar;C:\Users\dougl\.m2\repository\commons-logging\commons-logging\1.2\commons-logging-1.2.jar;C:\Users\dougl\.m2\repository\commons-codec\commons-codec\1.11\commons-codec-1.11.jar;C:\Users\dougl\.m2\repository\org\junit\jupiter\junit-jupiter-api\5.11.1\junit-jupiter-api-5.11.1.jar;C:\Users\dougl\.m2\repository\org\opentest4j\opentest4j\1.3.0\opentest4j-1.3.0.jar;C:\Users\dougl\.m2\repository\org\junit\platform\junit-platform-commons\1.11.1\junit-platform-commons-1.11.1.jar;C:\Users\dougl\.m2\repository\org\apiguardian\apiguardian-api\1.1.2\apiguardian-api-1.1.2.jar;C:\Users\dougl\.m2\repository\org\junit\jupiter\junit-jupiter-engine\5.11.1\junit-jupiter-engine-5.11.1.jar;C:\Users\dougl\.m2\repository\org\junit\platform\junit-platform-engine\1.11.1\junit-platform-engine-1.11.1.jar;C:\Users\dougl\.m2\repository\org\junit\jupiter\junit-jupiter-params\5.11.1\junit-jupiter-params-5.11.1.jar;"/>
    <property name="sun.cpu.endian" value="little"/>
    <property name="user.home" value="C:\Users\dougl"/>
    <property name="user.language" value="es"/>
    <property name="java.specification.vendor" value="Oracle Corporation"/>
    <property name="java.version.date" value="2024-04-16"/>
    <property name="java.home" value="C:\Program Files\Amazon Corretto\jdk22.0.1_8"/>
    <property name="file.separator" value="\"/>
    <property name="basedir" value="C:\Douglas\Automation\Proyectos\Selenium\Pumpkins\Four Project\carbonfour-selenium-4"/>
    <property name="java.vm.compressedOopsMode" value="Zero based"/>
    <property name="line.separator" value="&#10;"/>
    <property name="java.vm.specification.vendor" value="Oracle Corporation"/>
    <property name="java.specification.name" value="Java Platform API Specification"/>
    <property name="surefire.real.class.path" value="C:\Users\dougl\AppData\Local\Temp\surefire9429331928935843355\surefirebooter-20240930181804243_3.jar"/>
    <property name="user.script" value=""/>
    <property name="sun.management.compiler" value="HotSpot 64-Bit Tiered Compilers"/>
    <property name="java.runtime.version" value="22.0.1+8-FR"/>
    <property name="user.name" value="dougl"/>
    <property name="stdout.encoding" value="Cp1252"/>
    <property name="path.separator" value=";"/>
    <property name="os.version" value="10.0"/>
    <property name="java.runtime.name" value="OpenJDK Runtime Environment"/>
    <property name="file.encoding" value="UTF-8"/>
    <property name="java.vm.name" value="OpenJDK 64-Bit Server VM"/>
    <property name="java.vendor.version" value="Corretto-22.0.1.8.1"/>
    <property name="localRepository" value="C:\Users\dougl\.m2\repository"/>
    <property name="java.vendor.url.bug" value="https://github.com/corretto/corretto-22/issues/"/>
    <property name="java.io.tmpdir" value="C:\Users\dougl\AppData\Local\Temp\"/>
    <property name="java.version" value="22.0.1"/>
    <property name="user.dir" value="C:\Douglas\Automation\Proyectos\Selenium\Pumpkins\Four Project\carbonfour-selenium-4"/>
    <property name="os.arch" value="amd64"/>
    <property name="java.vm.specification.name" value="Java Virtual Machine Specification"/>
    <property name="sun.os.patch.level" value=""/>
    <property name="native.encoding" value="Cp1252"/>
    <property name="java.library.path" value="C:\Program Files\Amazon Corretto\jdk22.0.1_8\bin;C:\WINDOWS\Sun\Java\bin;C:\WINDOWS\system32;C:\WINDOWS;C:\Program Files\Amazon Corretto\jdk22.0.1_8\bin;C:\Program Files (x86)\NVIDIA Corporation\PhysX\Common;C:\WINDOWS\system32;C:\WINDOWS;C:\WINDOWS\System32\Wbem;C:\WINDOWS\System32\WindowsPowerShell\v1.0\;C:\WINDOWS\System32\OpenSSH\;C:\Program Files\Amazon Corretto\jdk22.0.1_8\bin;C:\Program Files\Maven\bin;C:\Program Files\Amazon\AWSCLIV2\;C:\Program Files\dotnet\;C:\Program Files\PuTTY\;C:\Program Files\nodejs\;C:\Program Files\Git\cmd;C:\Program Files\PowerShell\7\;C:\Program Files\GitHub CLI\;C:\Users\dougl\AppData\Local\Microsoft\WindowsApps;C:\Users\dougl\AppData\Local\Programs\Microsoft VS Code\bin;C:\Program Files\JetBrains\IntelliJ IDEA 2022.1\bin;;C:\Users\dougl\AppData\Local\GitHubDesktop\bin;C:\Program Files\JetBrains\Aqua 2024.2\bin;;C:\Users\dougl\AppData\Roaming\npm;C:\Users\dougl\AppData\Local\Programs\Microsoft VS Code Insiders\bin;."/>
    <property name="java.vm.info" value="mixed mode, sharing"/>
    <property name="stderr.encoding" value="Cp1252"/>
    <property name="java.vendor" value="Amazon.com Inc."/>
    <property name="java.vm.version" value="22.0.1+8-FR"/>
    <property name="sun.io.unicode.encoding" value="UnicodeLittle"/>
    <property name="java.class.version" value="66.0"/>
  </properties>
  <testcase name="viewBrowserConsoleLogs" classname="Selenium_4_Tests.TestDevToolsConsoleLogs" time="9.793">
    <failure message="&#10;Multiple Failures (1 failure)&#10;-- failure 1 --&#10;expected: &quot;My Location - Where am I Right Now?&quot;&#10; but was: &quot;My Location Now - Where am I Right Now?&quot;&#10;at TestDevToolsConsoleLogs.lambda$viewBrowserConsoleLogs$1(TestDevToolsConsoleLogs.java:61)" type="org.assertj.core.error.AssertJMultipleFailuresError"><![CDATA[org.assertj.core.error.AssertJMultipleFailuresError: 

Multiple Failures (1 failure)
-- failure 1 --
expected: "My Location - Where am I Right Now?"
 but was: "My Location Now - Where am I Right Now?"
at TestDevToolsConsoleLogs.lambda$viewBrowserConsoleLogs$1(TestDevToolsConsoleLogs.java:61)
	at Selenium_4_Tests.TestDevToolsConsoleLogs.viewBrowserConsoleLogs(TestDevToolsConsoleLogs.java:61)
	at java.base/java.lang.reflect.Method.invoke(Method.java:580)
	at java.base/java.util.ArrayList.forEach(ArrayList.java:1597)
	at java.base/java.util.ArrayList.forEach(ArrayList.java:1597)
]]></failure>
    <system-err><![CDATA[[CDP Connection] INFO Selenium_4_Tests.TestDevToolsConsoleLogs - --------
[CDP Connection] INFO Selenium_4_Tests.TestDevToolsConsoleLogs - --------
[CDP Connection] INFO Selenium_4_Tests.TestDevToolsConsoleLogs - Level: warning
[CDP Connection] INFO Selenium_4_Tests.TestDevToolsConsoleLogs - Level: warning
[CDP Connection] INFO Selenium_4_Tests.TestDevToolsConsoleLogs - Text: Tracking Prevention blocked access to storage for https://tpc.googlesyndication.com/sodar/sodar2.js.
[CDP Connection] INFO Selenium_4_Tests.TestDevToolsConsoleLogs - Text: Tracking Prevention blocked access to storage for https://tpc.googlesyndication.com/sodar/sodar2.js.
[CDP Connection] INFO Selenium_4_Tests.TestDevToolsConsoleLogs - URL: Optional[https://my-location.org/]
[CDP Connection] INFO Selenium_4_Tests.TestDevToolsConsoleLogs - URL: Optional[https://my-location.org/]
[CDP Connection] INFO Selenium_4_Tests.TestDevToolsConsoleLogs - Timestamp: 1.727738328387699E12
[CDP Connection] INFO Selenium_4_Tests.TestDevToolsConsoleLogs - Timestamp: 1.727738328387766E12
[CDP Connection] INFO Selenium_4_Tests.TestDevToolsConsoleLogs - StackTrace: Optional.empty
[CDP Connection] INFO Selenium_4_Tests.TestDevToolsConsoleLogs - StackTrace: Optional.empty
[CDP Connection] INFO Selenium_4_Tests.TestDevToolsConsoleLogs - --------
[CDP Connection] INFO Selenium_4_Tests.TestDevToolsConsoleLogs - --------
[CDP Connection] INFO Selenium_4_Tests.TestDevToolsConsoleLogs - --------
[CDP Connection] INFO Selenium_4_Tests.TestDevToolsConsoleLogs - Level: warning
[CDP Connection] INFO Selenium_4_Tests.TestDevToolsConsoleLogs - Text: Tracking Prevention blocked access to storage for https://bid.g.doubleclick.net/dbm/vast?dbm_c=AKAmf-DOU6IGq5w6L9yeDtvuU6BcvWLTGtmxpKie7iuAsTUzlIejHNb9v2MwCH0TBll4puLlzrveuHwWikqv-y10UO-n1-T-vA&cry=1&dbm_d=AKAmf-DK0KDJ5oSEiGVTejelfy5F7dTkMgvDiaQQxViyXdvA6ZfR4WorHgr2M2KyOusVV5aHO77czSrhxcy1pjQ__G9fsUPmemjQkAiCbWrOF2QOg3eVQ3oSnJifbwm_rYZgIYU2RzWo3htN7kNk2p3qKTJulczVVsF9ZsuKPJ3YBly17IiAMNr_oN4Vx1KnZaB9qn3eJ2aXZKoxUzs4Wa6xzoyYj1ApqjIo1Iy0ONKV0Ql0mjooAlxRrP2wKTWUm6fGLxiHOLF-rW-1NJeWxHo0dTAuxOxXyv6_DE3jusBza3r7KfY8k6Fj0khsG8uX8o25juwz971Ag26FvAEp3qFMe1NM-19bDdYqqWOXq8m4eiO0BKlf_O0NGJDuJydWvYwR_x3hEVmGHIVnl4V836xTa7K6ePMyRfa7nJjN23hr2XHHTGEVz-cQWW2LxsaRtN9y1iBHKgz40qr3o5GOEMjCKO8X1_w09QEYrYNLK-Vfn5HXSzWFjWoFW67UT9I5LtvzghWrGzjUdf9_yqhpatf0pV3ET-GiSM1S2iFD9kYoKgUjXHNwNl4bEobflKkdkVUQByOc1ctCYx3RCJ7lpMvIrNojmaGVgrW90dA1fI0vVm_o2HJdB7AD-IPbPTlB9VlUrM2lchmqTBNkGCIYr4EyyJg1T3qdSer1C_54rqz8kCq0J6zGDsSgtluPYlrUfSxmrlAI4KBMSGO90Hm7g6rwtUVs9qx8iHc1KLryPDX_LecwKxEc3T2XaFS0DdbvDqCzWMNGMYzvmY2EouhOWamSSOpXS0CZyVCpQNXIcZDG0VbB_POO5QacsvZJxE3AXPAik7nZYHheV_ZogaisJdHWaJy-o598BYIV0TPZjBO4_4mBdzMkPO37eibQK3Tr-iYvXpEHnDrGPK1uU9e9wuDEu0a2EMBSWobN5OJJy_e-l-oB6vHD2vv7EBG4PMIHivGbL9gNlWYABGBww4KbGeyqRbvSKpxO5qncWOe01f6v9H-QzMbGJytr2BsrNopXC9raxoKBXuV-GoorPHNzWXrKRq7q-W-hAR-KZmLulOxgSlPfe-DjRc0IzyXeGirPuckLGXp1hOuhmTi0jKLxfrtzduIyrEJOPWGiIudF22RIBX9pMdHFMUb7xoYvEmbli2ZA6apHASRxPzogz2TxA4mnMZnMEaJ2W_r4Xpp6Gx821Upxe6WiG7bje7mFCLjXTBdacW-41RkcQQiUj-w8EwQ8ATg7mpoV5m5wattGqLldD3PRgcVjWEf8LjlJKLlMe1lN6UAYeg4NatKY9u77AhWTT0T0kIYb9evnl0fJlMVXCQ-Pa3Enwo0GhOdWuS6-mzLwx_T3tVbvT2NANMGqaMOAtkw_TOKO47ofPYEIqIvTa5D_mIhsWYEdgYbGuiEchgx6YNX86a3WxVRdBcFwLVt3VsJ5efParup8GuH4rlXKdkIKkk47TA7iWxVG7mbJse_qMM5o160XI14-p2gwG0qQKLJenbmtYYEGVP4Pr1un7NokzJSZZEnBBIO66pMI5grXMFeYEm-YXXV0qmA_h75tbRnhvZaW_Du-qKt3eTcc4FQ3Vgwwa98j9r8O7KRhssVhZFainIFtuvN337EQ1OhVkMSCaXXNMBO6wPfpBn6hfBUdHtvIB1bw7dOkQvjUl5cd169pxUqv81H47ht4P0XP_JX0NZGRktqEF9URHPff7C4jPVE78MmsIg6HZMXO8Rdl6IP0dpfj8nu5SerZG33drRTuXsWymLGy-TKl122VvPuKq508hmwzhmU9MTlABT6P7DYHxzNxV7s0pChLk_4iGWrkrTx4McIgNBi4Is_VWUzera2cmeKwIyj_H2IudN3a_VY9io5jhbGe3-gkr9kkrvQkILbUXV2VBG1BDdC0_260LwHTag0foW7LqT2uILZGMrT3ive8gLRe1-8TKo7i-RjydyE7Kyc3WUNhECHhgn0E_WJdrteobVkyFlEEBoL_qCxVFADh_hyT6otdpbzgT446IefQcr4bjdiqwleEPpnrCrVpeWv3_Zsz2nj596dQ6ozDf4oDnZ5Jna0AVbWNvu5VaRK62k9dk6e5vasiLiHOTy6_hFlCoP1IlFy3m09uM7FDcVuwwiM6iju3BDtCBli1AEtGsaL5nfMmN-4Nk_W-DX_eC48zzdqePRzvFwHjDE8VZRMXzKyoKsAs-fm-Lua1Io2u5RziQUaOaHfxoW5bE-f9MfihkZQaAbI-bUqaHoTB0JSqnhizz3dj18uXh0DYzYcIvrzUngG1nusTfjqEnfUAkU1OGVG2DEyYVlygHuNMHvY8ZcGAfToxu25BCUoIpnSbN9GZyZvgmK2JDewrxjFfPzPO20OmxsY_e0sO3JH6FQqOcWUx6YIrCS8KzznmSEyROgqQ2w2AwQN7gSRETf90ry2hrkLlU7M6bQOvD7M6snAaVCG_6cIUHcj57S5nvF2jedsdq97G_a6KKes-eOtadnIxIECoIdyWaCQd9tOyW5hliRiID6cV_izm93lGFjn9fuKUDPo-Qs3hPrYhRDlBkVvYksU8E2WtIfcBvUlsseNfnYUzzfY3H__lLKfFBkOwsfAtybAFk3epjS1T62bFXBn4WxET0QD46AJvMyMeGC9jQWCXXZNJ9I1pdPfVHWCNxh1OL_ZMB079O_vlStiN0LeCABAwqYmZQ4jHwxF04c7YMayi3sM-xV2sPHcGjm2MiCrr3IUtD7UUUo75JoeV7PnGor25w7-FDPpyIIQWgpnqCvlXeT5_RfgsyIGYwCmZnNmae43SB6pkWoImml-G-iS_Hr8p-cw9P1uC9F0PMnV0c_h5nUQE_FZwQ77WkZ85li4VLonY6CyZ1jP324K5jEqByXmk2-T5OJHYDq5VhDG5q3RUCgFZsSI5XsoUEhixFPBBIFXdO311IrkupyqtxQIrsArvqmFUER6Z1C9wCM-mnev5jdEXuEhgHShmnPY6O7nPvlve9Jev-tg2S6HFG_w2vXI_DBbWcZM2jAnV4w5D8FqPeBhp--D6AAQUXruUpveFKBNND2pPn_9kf_VrpKaBJlBoClRAqH4H7A5bN8HIUL9oIb21Z2H_Yp24O5hIu1Rk9YTZ2Ru-0yU2V1ruJYwtgAu62n9uX2KPomEhvkgEd0S3WFAzPeCrnPEr_3xHSLCM48rDAZsx8SvTeYEjuJTuB3G-VfGYErbZBMl40ClO9qptdZnG4dyTL7KFxz5hPLOSlL_ZWbGoJdzvckgP0IjFifxPmXbQa6SMAWHoWm5nBS2hUzkgnj6RAc68HqUJG4AqGvFNX8BYGRwdSb9gp1rB5K4z_LqcUCQ9osPpSyoCdCg4pxOgsPV4Anpf9HjNGYgomChuuyKu2RkKd4bJilONaQ7Zg5KBis_LifB6Yi9uo0XGb6gfOTmP9YiQL2nYRUFgIphQjHmukLZx4xLSoBcaLLaLFYUZOx5dK09_Zw_DRGv3_1mREY9XQCVL_yxMxqM-tjfGdtgu2GoTV6dwM75hcSDwKXGfaaNm2DYy8COYIqxyCTGgaRaKjsGhMs6Tqw&cid=CAQSTwDpaXnfEKt_WyN4tqICVuE8Kc5SxFjacbGo50yAClqTNQQcCCKRUhspr6w8gsfM6qfqY8b1gocyeRPJBDjL5JRXLela-OwS8oED3groxOEYAQ&sdkv=h.0.0.0&osd=2&frm=2&vis=1&sdr=1&nel=1.
[CDP Connection] INFO Selenium_4_Tests.TestDevToolsConsoleLogs - URL: Optional[https://my-location.org/]
[CDP Connection] INFO Selenium_4_Tests.TestDevToolsConsoleLogs - Timestamp: 1.727738328412696E12
[CDP Connection] INFO Selenium_4_Tests.TestDevToolsConsoleLogs - StackTrace: Optional.empty
[CDP Connection] INFO Selenium_4_Tests.TestDevToolsConsoleLogs - --------
[CDP Connection] INFO Selenium_4_Tests.TestDevToolsConsoleLogs - --------
[CDP Connection] INFO Selenium_4_Tests.TestDevToolsConsoleLogs - Level: warning
[CDP Connection] INFO Selenium_4_Tests.TestDevToolsConsoleLogs - Text: Tracking Prevention blocked access to storage for https://bid.g.doubleclick.net/dbm/vast?dbm_c=AKAmf-DOU6IGq5w6L9yeDtvuU6BcvWLTGtmxpKie7iuAsTUzlIejHNb9v2MwCH0TBll4puLlzrveuHwWikqv-y10UO-n1-T-vA&cry=1&dbm_d=AKAmf-DK0KDJ5oSEiGVTejelfy5F7dTkMgvDiaQQxViyXdvA6ZfR4WorHgr2M2KyOusVV5aHO77czSrhxcy1pjQ__G9fsUPmemjQkAiCbWrOF2QOg3eVQ3oSnJifbwm_rYZgIYU2RzWo3htN7kNk2p3qKTJulczVVsF9ZsuKPJ3YBly17IiAMNr_oN4Vx1KnZaB9qn3eJ2aXZKoxUzs4Wa6xzoyYj1ApqjIo1Iy0ONKV0Ql0mjooAlxRrP2wKTWUm6fGLxiHOLF-rW-1NJeWxHo0dTAuxOxXyv6_DE3jusBza3r7KfY8k6Fj0khsG8uX8o25juwz971Ag26FvAEp3qFMe1NM-19bDdYqqWOXq8m4eiO0BKlf_O0NGJDuJydWvYwR_x3hEVmGHIVnl4V836xTa7K6ePMyRfa7nJjN23hr2XHHTGEVz-cQWW2LxsaRtN9y1iBHKgz40qr3o5GOEMjCKO8X1_w09QEYrYNLK-Vfn5HXSzWFjWoFW67UT9I5LtvzghWrGzjUdf9_yqhpatf0pV3ET-GiSM1S2iFD9kYoKgUjXHNwNl4bEobflKkdkVUQByOc1ctCYx3RCJ7lpMvIrNojmaGVgrW90dA1fI0vVm_o2HJdB7AD-IPbPTlB9VlUrM2lchmqTBNkGCIYr4EyyJg1T3qdSer1C_54rqz8kCq0J6zGDsSgtluPYlrUfSxmrlAI4KBMSGO90Hm7g6rwtUVs9qx8iHc1KLryPDX_LecwKxEc3T2XaFS0DdbvDqCzWMNGMYzvmY2EouhOWamSSOpXS0CZyVCpQNXIcZDG0VbB_POO5QacsvZJxE3AXPAik7nZYHheV_ZogaisJdHWaJy-o598BYIV0TPZjBO4_4mBdzMkPO37eibQK3Tr-iYvXpEHnDrGPK1uU9e9wuDEu0a2EMBSWobN5OJJy_e-l-oB6vHD2vv7EBG4PMIHivGbL9gNlWYABGBww4KbGeyqRbvSKpxO5qncWOe01f6v9H-QzMbGJytr2BsrNopXC9raxoKBXuV-GoorPHNzWXrKRq7q-W-hAR-KZmLulOxgSlPfe-DjRc0IzyXeGirPuckLGXp1hOuhmTi0jKLxfrtzduIyrEJOPWGiIudF22RIBX9pMdHFMUb7xoYvEmbli2ZA6apHASRxPzogz2TxA4mnMZnMEaJ2W_r4Xpp6Gx821Upxe6WiG7bje7mFCLjXTBdacW-41RkcQQiUj-w8EwQ8ATg7mpoV5m5wattGqLldD3PRgcVjWEf8LjlJKLlMe1lN6UAYeg4NatKY9u77AhWTT0T0kIYb9evnl0fJlMVXCQ-Pa3Enwo0GhOdWuS6-mzLwx_T3tVbvT2NANMGqaMOAtkw_TOKO47ofPYEIqIvTa5D_mIhsWYEdgYbGuiEchgx6YNX86a3WxVRdBcFwLVt3VsJ5efParup8GuH4rlXKdkIKkk47TA7iWxVG7mbJse_qMM5o160XI14-p2gwG0qQKLJenbmtYYEGVP4Pr1un7NokzJSZZEnBBIO66pMI5grXMFeYEm-YXXV0qmA_h75tbRnhvZaW_Du-qKt3eTcc4FQ3Vgwwa98j9r8O7KRhssVhZFainIFtuvN337EQ1OhVkMSCaXXNMBO6wPfpBn6hfBUdHtvIB1bw7dOkQvjUl5cd169pxUqv81H47ht4P0XP_JX0NZGRktqEF9URHPff7C4jPVE78MmsIg6HZMXO8Rdl6IP0dpfj8nu5SerZG33drRTuXsWymLGy-TKl122VvPuKq508hmwzhmU9MTlABT6P7DYHxzNxV7s0pChLk_4iGWrkrTx4McIgNBi4Is_VWUzera2cmeKwIyj_H2IudN3a_VY9io5jhbGe3-gkr9kkrvQkILbUXV2VBG1BDdC0_260LwHTag0foW7LqT2uILZGMrT3ive8gLRe1-8TKo7i-RjydyE7Kyc3WUNhECHhgn0E_WJdrteobVkyFlEEBoL_qCxVFADh_hyT6otdpbzgT446IefQcr4bjdiqwleEPpnrCrVpeWv3_Zsz2nj596dQ6ozDf4oDnZ5Jna0AVbWNvu5VaRK62k9dk6e5vasiLiHOTy6_hFlCoP1IlFy3m09uM7FDcVuwwiM6iju3BDtCBli1AEtGsaL5nfMmN-4Nk_W-DX_eC48zzdqePRzvFwHjDE8VZRMXzKyoKsAs-fm-Lua1Io2u5RziQUaOaHfxoW5bE-f9MfihkZQaAbI-bUqaHoTB0JSqnhizz3dj18uXh0DYzYcIvrzUngG1nusTfjqEnfUAkU1OGVG2DEyYVlygHuNMHvY8ZcGAfToxu25BCUoIpnSbN9GZyZvgmK2JDewrxjFfPzPO20OmxsY_e0sO3JH6FQqOcWUx6YIrCS8KzznmSEyROgqQ2w2AwQN7gSRETf90ry2hrkLlU7M6bQOvD7M6snAaVCG_6cIUHcj57S5nvF2jedsdq97G_a6KKes-eOtadnIxIECoIdyWaCQd9tOyW5hliRiID6cV_izm93lGFjn9fuKUDPo-Qs3hPrYhRDlBkVvYksU8E2WtIfcBvUlsseNfnYUzzfY3H__lLKfFBkOwsfAtybAFk3epjS1T62bFXBn4WxET0QD46AJvMyMeGC9jQWCXXZNJ9I1pdPfVHWCNxh1OL_ZMB079O_vlStiN0LeCABAwqYmZQ4jHwxF04c7YMayi3sM-xV2sPHcGjm2MiCrr3IUtD7UUUo75JoeV7PnGor25w7-FDPpyIIQWgpnqCvlXeT5_RfgsyIGYwCmZnNmae43SB6pkWoImml-G-iS_Hr8p-cw9P1uC9F0PMnV0c_h5nUQE_FZwQ77WkZ85li4VLonY6CyZ1jP324K5jEqByXmk2-T5OJHYDq5VhDG5q3RUCgFZsSI5XsoUEhixFPBBIFXdO311IrkupyqtxQIrsArvqmFUER6Z1C9wCM-mnev5jdEXuEhgHShmnPY6O7nPvlve9Jev-tg2S6HFG_w2vXI_DBbWcZM2jAnV4w5D8FqPeBhp--D6AAQUXruUpveFKBNND2pPn_9kf_VrpKaBJlBoClRAqH4H7A5bN8HIUL9oIb21Z2H_Yp24O5hIu1Rk9YTZ2Ru-0yU2V1ruJYwtgAu62n9uX2KPomEhvkgEd0S3WFAzPeCrnPEr_3xHSLCM48rDAZsx8SvTeYEjuJTuB3G-VfGYErbZBMl40ClO9qptdZnG4dyTL7KFxz5hPLOSlL_ZWbGoJdzvckgP0IjFifxPmXbQa6SMAWHoWm5nBS2hUzkgnj6RAc68HqUJG4AqGvFNX8BYGRwdSb9gp1rB5K4z_LqcUCQ9osPpSyoCdCg4pxOgsPV4Anpf9HjNGYgomChuuyKu2RkKd4bJilONaQ7Zg5KBis_LifB6Yi9uo0XGb6gfOTmP9YiQL2nYRUFgIphQjHmukLZx4xLSoBcaLLaLFYUZOx5dK09_Zw_DRGv3_1mREY9XQCVL_yxMxqM-tjfGdtgu2GoTV6dwM75hcSDwKXGfaaNm2DYy8COYIqxyCTGgaRaKjsGhMs6Tqw&cid=CAQSTwDpaXnfEKt_WyN4tqICVuE8Kc5SxFjacbGo50yAClqTNQQcCCKRUhspr6w8gsfM6qfqY8b1gocyeRPJBDjL5JRXLela-OwS8oED3groxOEYAQ&sdkv=h.0.0.0&osd=2&frm=2&vis=1&sdr=1&nel=1.
[CDP Connection] INFO Selenium_4_Tests.TestDevToolsConsoleLogs - URL: Optional[https://my-location.org/]
[CDP Connection] INFO Selenium_4_Tests.TestDevToolsConsoleLogs - Timestamp: 1.727738328412862E12
[CDP Connection] INFO Selenium_4_Tests.TestDevToolsConsoleLogs - StackTrace: Optional.empty
[CDP Connection] INFO Selenium_4_Tests.TestDevToolsConsoleLogs - --------
[CDP Connection] INFO Selenium_4_Tests.TestDevToolsConsoleLogs - --------
[CDP Connection] INFO Selenium_4_Tests.TestDevToolsConsoleLogs - Level: warning
[CDP Connection] INFO Selenium_4_Tests.TestDevToolsConsoleLogs - Text: Tracking Prevention blocked access to storage for https://googleads.g.doubleclick.net/pagead/adview?ai=CuSQA1zH7ZobhCvv9jvQPuLO3CI_hub9687faw4MSwI23ARABIKnJ7gRgq7nkgZwGoAHB3uTBKcgBCakCth3U21qrsj6oAwHIA8sEqgTMAU_QAe1P0O3jjtYKqw5WOeTUNwgPvMDq4Z2IagmpvogGRTw4sgpE5-_IKBulTicvtzTyljypzYmH5dYpFI-MF6HbZQz1dN1cTGxN7bGvJix9EiR2duPbC1PsmhITn8jHxrg83vCdadYJH6un0K8gjKish335O4R7F0JvuZN4vAzLTOgUr4gHYnRaRxQeqxsFggTt3-8Ke3HFgvqJELm4GUFvehdzA6aY8yJhxOBO3Hou6-2zMlHt1t4bxEWVuZHsb6_pMPW419mv_plQfcAE6uyNjb4EiAXrk4icTJIFBAgEGAGSBQQIBRgEoAYugAfBlrWhBKgH1ckbqAfZtrECqAemvhuoB47OG6gHk9gbqAfw4BuoB-6WsQKoB_6esQKoB6--sQKoB_fCsQLYBwDyBwQQs_8G0ggmCIBhEAEYHzICigI6C4BAgMCAgICgqIACSL39wTpYl4KG6ubriAOaCcgBaHR0cHM6Ly9kZXRlY3RpY28uY29tL2VzLz9wYXJ0bmVyX2lkPXJlbC0zMjQmdXRtX3NvdXJjZT1nb29nbGUtZCZ1dG1fbWVkaXVtPWNwYyZ1dG1fY2FtcGFpZ249MjA0NTk5NDg1MjMmdXRtX2NvbnRlbnQ9MTU0MTA5NDQxNjQyJnV0bV90ZXJtPWt3ZC00NDQzNTExNzMmcD0mYnRuaWQ9JnB0aWQ9JnBkaWQ9JnQ9JmFkZGxpbms9JmdhZF9zb3VyY2U9NSOACgHICwHaDBAKChCAltq29dzMkxESAgEDuBPkA9gTDYgUAtAVAZgWAYAXAbIXHgoaCAASFHB1Yi0yODI4NjA0NzAyMDg5NjM4GAAYAboXAjgBshgJEgLxbBguIgEA0BgB6BgB&sigh=tFE2dQ9I6PM&uach_m=%5BUACH%5D&ase=2&cid=CAQSTwDpaXnfSjaIEccHY9pzxf-zAjL_91sP2sBsbinKOBJOVfR_tfipC3tA11x91ZD0mmkjExmZQuU0rfCIBGn0KZTNqKisP2aznVbleBcIp7AYAQ&template_id=484&nis=6.
[CDP Connection] INFO Selenium_4_Tests.TestDevToolsConsoleLogs - URL: Optional[https://my-location.org/]
[CDP Connection] INFO Selenium_4_Tests.TestDevToolsConsoleLogs - Timestamp: 1.727738328415422E12
[CDP Connection] INFO Selenium_4_Tests.TestDevToolsConsoleLogs - StackTrace: Optional.empty
[CDP Connection] INFO Selenium_4_Tests.TestDevToolsConsoleLogs - --------
[CDP Connection] INFO Selenium_4_Tests.TestDevToolsConsoleLogs - --------
[CDP Connection] INFO Selenium_4_Tests.TestDevToolsConsoleLogs - Level: warning
[CDP Connection] INFO Selenium_4_Tests.TestDevToolsConsoleLogs - --------
[CDP Connection] INFO Selenium_4_Tests.TestDevToolsConsoleLogs - Text: Tracking Prevention blocked access to storage for https://www.googleadservices.com/pagead/ar-adview/?nrh={%22aggregation_keys%22:{%221%22:%220x3386a45fb80b1f220000000000000000%22,%222%22:%220xfa21db5531d846460000000000000000%22,%223%22:%220x3f52ff4f455c34f20000000000000000%22,%224%22:%220xda13fc285f18d6e40000000000000000%22,%225%22:%220x1c51acdd1601e6430000000000000000%22},%22debug_key%22:%2216881788538761297582%22,%22debug_reporting%22:true,%22destination%22:%22https://detectico.com%22,%22event_report_window%22:%22259200%22,%22expiry%22:%222592000%22,%22filter_data%22:{%222%22:[%2211143819073%22],%2222%22:[%22true%22],%224%22:[%2209-30%22],%226%22:[%22true%22]},%22priority%22:%22500%22,%22source_event_id%22:%224781907724509690209%22}&andc=true.
[CDP Connection] INFO Selenium_4_Tests.TestDevToolsConsoleLogs - Level: warning
[CDP Connection] INFO Selenium_4_Tests.TestDevToolsConsoleLogs - URL: Optional[https://my-location.org/]
[CDP Connection] INFO Selenium_4_Tests.TestDevToolsConsoleLogs - Text: Tracking Prevention blocked access to storage for https://www.googleadservices.com/pagead/ar-adview/?nrh={%22aggregation_keys%22:{%221%22:%220x3386a45fb80b1f220000000000000000%22,%222%22:%220xfa21db5531d846460000000000000000%22,%223%22:%220x3f52ff4f455c34f20000000000000000%22,%224%22:%220xda13fc285f18d6e40000000000000000%22,%225%22:%220x1c51acdd1601e6430000000000000000%22},%22debug_key%22:%2216881788538761297582%22,%22debug_reporting%22:true,%22destination%22:%22https://detectico.com%22,%22event_report_window%22:%22259200%22,%22expiry%22:%222592000%22,%22filter_data%22:{%222%22:[%2211143819073%22],%2222%22:[%22true%22],%224%22:[%2209-30%22],%226%22:[%22true%22]},%22priority%22:%22500%22,%22source_event_id%22:%224781907724509690209%22}&andc=true.
[CDP Connection] INFO Selenium_4_Tests.TestDevToolsConsoleLogs - URL: Optional[https://my-location.org/]
[CDP Connection] INFO Selenium_4_Tests.TestDevToolsConsoleLogs - Timestamp: 1.727738328417011E12
[CDP Connection] INFO Selenium_4_Tests.TestDevToolsConsoleLogs - Timestamp: 1.727738328416829E12
[CDP Connection] INFO Selenium_4_Tests.TestDevToolsConsoleLogs - StackTrace: Optional.empty
[CDP Connection] INFO Selenium_4_Tests.TestDevToolsConsoleLogs - StackTrace: Optional.empty
[CDP Connection] INFO Selenium_4_Tests.TestDevToolsConsoleLogs - --------
[CDP Connection] INFO Selenium_4_Tests.TestDevToolsConsoleLogs - --------
[CDP Connection] INFO Selenium_4_Tests.TestDevToolsConsoleLogs - --------
[CDP Connection] INFO Selenium_4_Tests.TestDevToolsConsoleLogs - --------
[CDP Connection] INFO Selenium_4_Tests.TestDevToolsConsoleLogs - Level: warning
[CDP Connection] INFO Selenium_4_Tests.TestDevToolsConsoleLogs - Level: warning
[CDP Connection] INFO Selenium_4_Tests.TestDevToolsConsoleLogs - Text: Tracking Prevention blocked access to storage for https://fundingchoicesmessages.google.com/f/AGSKWxV-NEX4L1jPszyC2K737E2ZO3Xy8WntsmBEInf4W0V3vAOnE7EYJT0q0ZcgKyoA5ngFBbZ0_x-Jdih17YLxwfcNfZzgutx9IkKDTCKogQU19VZoUdp3GZiiqO_Gc5USA5jIhb2oqljYC24Dpsuas1yocjNuqtQDuHKb7rjmiH0Mp1XZdS2cOd48WYk9/_.net/ad2//ad/pong?/adsbycurse./SliderJobAdList./silverads..
[CDP Connection] INFO Selenium_4_Tests.TestDevToolsConsoleLogs - Text: Tracking Prevention blocked access to storage for https://fundingchoicesmessages.google.com/f/AGSKWxV-NEX4L1jPszyC2K737E2ZO3Xy8WntsmBEInf4W0V3vAOnE7EYJT0q0ZcgKyoA5ngFBbZ0_x-Jdih17YLxwfcNfZzgutx9IkKDTCKogQU19VZoUdp3GZiiqO_Gc5USA5jIhb2oqljYC24Dpsuas1yocjNuqtQDuHKb7rjmiH0Mp1XZdS2cOd48WYk9/_.net/ad2//ad/pong?/adsbycurse./SliderJobAdList./silverads..
[CDP Connection] INFO Selenium_4_Tests.TestDevToolsConsoleLogs - URL: Optional[https://my-location.org/]
[CDP Connection] INFO Selenium_4_Tests.TestDevToolsConsoleLogs - URL: Optional[https://my-location.org/]
[CDP Connection] INFO Selenium_4_Tests.TestDevToolsConsoleLogs - Timestamp: 1.727738328545189E12
[CDP Connection] INFO Selenium_4_Tests.TestDevToolsConsoleLogs - Timestamp: 1.727738328545022E12
[CDP Connection] INFO Selenium_4_Tests.TestDevToolsConsoleLogs - StackTrace: Optional.empty
[CDP Connection] INFO Selenium_4_Tests.TestDevToolsConsoleLogs - StackTrace: Optional.empty
[CDP Connection] INFO Selenium_4_Tests.TestDevToolsConsoleLogs - --------
[CDP Connection] INFO Selenium_4_Tests.TestDevToolsConsoleLogs - --------
[CDP Connection] INFO Selenium_4_Tests.TestDevToolsConsoleLogs - --------
[CDP Connection] INFO Selenium_4_Tests.TestDevToolsConsoleLogs - Level: warning
[CDP Connection] INFO Selenium_4_Tests.TestDevToolsConsoleLogs - Text: Tracking Prevention blocked access to storage for https://pagead2.googlesyndication.com/pagead/js/rum.js?fcd=true.
[CDP Connection] INFO Selenium_4_Tests.TestDevToolsConsoleLogs - URL: Optional[https://my-location.org/]
[CDP Connection] INFO Selenium_4_Tests.TestDevToolsConsoleLogs - Timestamp: 1.727738328545252E12
[CDP Connection] INFO Selenium_4_Tests.TestDevToolsConsoleLogs - StackTrace: Optional.empty
[CDP Connection] INFO Selenium_4_Tests.TestDevToolsConsoleLogs - --------
[CDP Connection] INFO Selenium_4_Tests.TestDevToolsConsoleLogs - --------
[CDP Connection] INFO Selenium_4_Tests.TestDevToolsConsoleLogs - Level: warning
[CDP Connection] INFO Selenium_4_Tests.TestDevToolsConsoleLogs - Text: Tracking Prevention blocked access to storage for https://pagead2.googlesyndication.com/pagead/js/rum.js?fcd=true.
[CDP Connection] INFO Selenium_4_Tests.TestDevToolsConsoleLogs - URL: Optional[https://my-location.org/]
[CDP Connection] INFO Selenium_4_Tests.TestDevToolsConsoleLogs - Timestamp: 1.727738328545324E12
[CDP Connection] INFO Selenium_4_Tests.TestDevToolsConsoleLogs - StackTrace: Optional.empty
[CDP Connection] INFO Selenium_4_Tests.TestDevToolsConsoleLogs - --------
[CDP Connection] INFO Selenium_4_Tests.TestDevToolsConsoleLogs - --------
[CDP Connection] INFO Selenium_4_Tests.TestDevToolsConsoleLogs - --------
[CDP Connection] INFO Selenium_4_Tests.TestDevToolsConsoleLogs - Level: warning
[CDP Connection] INFO Selenium_4_Tests.TestDevToolsConsoleLogs - Text: Tracking Prevention blocked access to storage for https://csi.gstatic.com/csi?v=2&s=osv&dmc=8&puid=3~m1pmsi02&c=1999101895623&slotId=999550947811.5&qqid=CMDgsunm64gDFfm_gwgds-w7mQ&fb=outstream-lima&vast_v=2.0&vmfc=12&vhc=0.
[CDP Connection] INFO Selenium_4_Tests.TestDevToolsConsoleLogs - Level: warning
[CDP Connection] INFO Selenium_4_Tests.TestDevToolsConsoleLogs - URL: Optional[https://my-location.org/]
[CDP Connection] INFO Selenium_4_Tests.TestDevToolsConsoleLogs - Text: Tracking Prevention blocked access to storage for https://csi.gstatic.com/csi?v=2&s=osv&dmc=8&puid=3~m1pmsi02&c=1999101895623&slotId=999550947811.5&qqid=CMDgsunm64gDFfm_gwgds-w7mQ&fb=outstream-lima&vast_v=2.0&vmfc=12&vhc=0.
[CDP Connection] INFO Selenium_4_Tests.TestDevToolsConsoleLogs - URL: Optional[https://my-location.org/]
[CDP Connection] INFO Selenium_4_Tests.TestDevToolsConsoleLogs - Timestamp: 1.727738328929632E12
[CDP Connection] INFO Selenium_4_Tests.TestDevToolsConsoleLogs - StackTrace: Optional.empty
[CDP Connection] INFO Selenium_4_Tests.TestDevToolsConsoleLogs - Timestamp: 1.72773832892953E12
[CDP Connection] INFO Selenium_4_Tests.TestDevToolsConsoleLogs - --------
[CDP Connection] INFO Selenium_4_Tests.TestDevToolsConsoleLogs - StackTrace: Optional.empty
[CDP Connection] INFO Selenium_4_Tests.TestDevToolsConsoleLogs - --------
[CDP Connection] INFO Selenium_4_Tests.TestDevToolsConsoleLogs - --------
[CDP Connection] INFO Selenium_4_Tests.TestDevToolsConsoleLogs - Level: warning
[CDP Connection] INFO Selenium_4_Tests.TestDevToolsConsoleLogs - --------
[CDP Connection] INFO Selenium_4_Tests.TestDevToolsConsoleLogs - Level: warning
[CDP Connection] INFO Selenium_4_Tests.TestDevToolsConsoleLogs - Text: Tracking Prevention blocked access to storage for https://tpc.googlesyndication.com/sodar/sodar2/232/runner.html.
[CDP Connection] INFO Selenium_4_Tests.TestDevToolsConsoleLogs - Text: Tracking Prevention blocked access to storage for https://tpc.googlesyndication.com/sodar/sodar2/232/runner.html.
[CDP Connection] INFO Selenium_4_Tests.TestDevToolsConsoleLogs - URL: Optional[https://my-location.org/]
[CDP Connection] INFO Selenium_4_Tests.TestDevToolsConsoleLogs - URL: Optional[https://my-location.org/]
[CDP Connection] INFO Selenium_4_Tests.TestDevToolsConsoleLogs - Timestamp: 1.727738328939364E12
[CDP Connection] INFO Selenium_4_Tests.TestDevToolsConsoleLogs - Timestamp: 1.727738328939286E12
[CDP Connection] INFO Selenium_4_Tests.TestDevToolsConsoleLogs - StackTrace: Optional.empty
[CDP Connection] INFO Selenium_4_Tests.TestDevToolsConsoleLogs - StackTrace: Optional.empty
[CDP Connection] INFO Selenium_4_Tests.TestDevToolsConsoleLogs - --------
[CDP Connection] INFO Selenium_4_Tests.TestDevToolsConsoleLogs - --------
[CDP Connection] INFO Selenium_4_Tests.TestDevToolsConsoleLogs - --------
[CDP Connection] INFO Selenium_4_Tests.TestDevToolsConsoleLogs - --------
[CDP Connection] INFO Selenium_4_Tests.TestDevToolsConsoleLogs - --------
[CDP Connection] INFO Selenium_4_Tests.TestDevToolsConsoleLogs - Level: warning
[CDP Connection] INFO Selenium_4_Tests.TestDevToolsConsoleLogs - --------
[CDP Connection] INFO Selenium_4_Tests.TestDevToolsConsoleLogs - Text: Tracking Prevention blocked access to storage for https://csi.gstatic.com/csi?v=2&s=osv&dmc=8&puid=4~m1pmsimz&c=1999101895623&slotId=999550947811.5&qqid=CMDgsunm64gDFfm_gwgds-w7mQ&fb=outstream-lima&gpm_i=9&gpm_c=9&gpm_a=9&smb=Infinity&br=2097&mt=video%2Fmp4&vs=1024x576&msm=1&aits=0%2C18%2C22%2C37%2C692%2C59%2C342%2C343%2C344%2C345%2C346%2C347&webm=0&vp9=0&vamt=video%2Fmp4%2Cvideo%2Fmp4%2Cvideo%2Fmp4%2Cvideo%2Fmp4%2Cvideo%2Fmp4%2Cvideo%2Fmp4%2Cvideo%2Fmp4%2Cvideo%2Fmp4%2Cvideo%2Fmp4&hvmf=false&vms=1&bit=347&vsrc=web_video_ads&hcn=0&met.4=arp_a_e.237~atrd.23i~videopreviewvisible.23l&ua_e=1&ape=1.
[CDP Connection] INFO Selenium_4_Tests.TestDevToolsConsoleLogs - Level: warning
[CDP Connection] INFO Selenium_4_Tests.TestDevToolsConsoleLogs - URL: Optional[https://my-location.org/]
[CDP Connection] INFO Selenium_4_Tests.TestDevToolsConsoleLogs - Text: Tracking Prevention blocked access to storage for https://tpc.googlesyndication.com/sodar/HdsydzJK.js.
[CDP Connection] INFO Selenium_4_Tests.TestDevToolsConsoleLogs - URL: Optional[https://my-location.org/]
[CDP Connection] INFO Selenium_4_Tests.TestDevToolsConsoleLogs - Level: warning
[CDP Connection] INFO Selenium_4_Tests.TestDevToolsConsoleLogs - Timestamp: 1.727738328944776E12
[CDP Connection] INFO Selenium_4_Tests.TestDevToolsConsoleLogs - Text: Tracking Prevention blocked access to storage for https://csi.gstatic.com/csi?v=2&s=osv&dmc=8&puid=4~m1pmsimz&c=1999101895623&slotId=999550947811.5&qqid=CMDgsunm64gDFfm_gwgds-w7mQ&fb=outstream-lima&gpm_i=9&gpm_c=9&gpm_a=9&smb=Infinity&br=2097&mt=video%2Fmp4&vs=1024x576&msm=1&aits=0%2C18%2C22%2C37%2C692%2C59%2C342%2C343%2C344%2C345%2C346%2C347&webm=0&vp9=0&vamt=video%2Fmp4%2Cvideo%2Fmp4%2Cvideo%2Fmp4%2Cvideo%2Fmp4%2Cvideo%2Fmp4%2Cvideo%2Fmp4%2Cvideo%2Fmp4%2Cvideo%2Fmp4%2Cvideo%2Fmp4&hvmf=false&vms=1&bit=347&vsrc=web_video_ads&hcn=0&met.4=arp_a_e.237~atrd.23i~videopreviewvisible.23l&ua_e=1&ape=1.
[CDP Connection] INFO Selenium_4_Tests.TestDevToolsConsoleLogs - URL: Optional[https://my-location.org/]
[CDP Connection] INFO Selenium_4_Tests.TestDevToolsConsoleLogs - Level: warning
[CDP Connection] INFO Selenium_4_Tests.TestDevToolsConsoleLogs - Timestamp: 1.727738328944618E12
[CDP Connection] INFO Selenium_4_Tests.TestDevToolsConsoleLogs - Text: Tracking Prevention blocked access to storage for https://tpc.googlesyndication.com/sodar/HdsydzJK.js.
[CDP Connection] INFO Selenium_4_Tests.TestDevToolsConsoleLogs - StackTrace: Optional.empty
[CDP Connection] INFO Selenium_4_Tests.TestDevToolsConsoleLogs - URL: Optional[https://my-location.org/]
[CDP Connection] INFO Selenium_4_Tests.TestDevToolsConsoleLogs - --------
[CDP Connection] INFO Selenium_4_Tests.TestDevToolsConsoleLogs - Timestamp: 1.727738328944824E12
[CDP Connection] INFO Selenium_4_Tests.TestDevToolsConsoleLogs - StackTrace: Optional.empty
[CDP Connection] INFO Selenium_4_Tests.TestDevToolsConsoleLogs - --------
[CDP Connection] INFO Selenium_4_Tests.TestDevToolsConsoleLogs - Timestamp: 1.727738328944856E12
[CDP Connection] INFO Selenium_4_Tests.TestDevToolsConsoleLogs - StackTrace: Optional.empty
[CDP Connection] INFO Selenium_4_Tests.TestDevToolsConsoleLogs - StackTrace: Optional.empty
[CDP Connection] INFO Selenium_4_Tests.TestDevToolsConsoleLogs - --------
[CDP Connection] INFO Selenium_4_Tests.TestDevToolsConsoleLogs - --------
[CDP Connection] INFO Selenium_4_Tests.TestDevToolsConsoleLogs - --------
[CDP Connection] INFO Selenium_4_Tests.TestDevToolsConsoleLogs - Level: warning
[CDP Connection] INFO Selenium_4_Tests.TestDevToolsConsoleLogs - --------
[CDP Connection] INFO Selenium_4_Tests.TestDevToolsConsoleLogs - Text: Tracking Prevention blocked access to storage for https://pagead2.googlesyndication.com/omsdk/releases/live/omweb-v1.js.
[CDP Connection] INFO Selenium_4_Tests.TestDevToolsConsoleLogs - Level: warning
[CDP Connection] INFO Selenium_4_Tests.TestDevToolsConsoleLogs - URL: Optional[https://my-location.org/]
[CDP Connection] INFO Selenium_4_Tests.TestDevToolsConsoleLogs - Text: Tracking Prevention blocked access to storage for https://pagead2.googlesyndication.com/omsdk/releases/live/omweb-v1.js.
[CDP Connection] INFO Selenium_4_Tests.TestDevToolsConsoleLogs - Timestamp: 1.727738328952158E12
[CDP Connection] INFO Selenium_4_Tests.TestDevToolsConsoleLogs - StackTrace: Optional.empty
[CDP Connection] INFO Selenium_4_Tests.TestDevToolsConsoleLogs - URL: Optional[https://my-location.org/]
[CDP Connection] INFO Selenium_4_Tests.TestDevToolsConsoleLogs - --------
[CDP Connection] INFO Selenium_4_Tests.TestDevToolsConsoleLogs - Timestamp: 1.727738328952042E12
[CDP Connection] INFO Selenium_4_Tests.TestDevToolsConsoleLogs - StackTrace: Optional.empty
[CDP Connection] INFO Selenium_4_Tests.TestDevToolsConsoleLogs - --------
[CDP Connection] INFO Selenium_4_Tests.TestDevToolsConsoleLogs - --------
[CDP Connection] INFO Selenium_4_Tests.TestDevToolsConsoleLogs - Level: warning
[CDP Connection] INFO Selenium_4_Tests.TestDevToolsConsoleLogs - Text: Tracking Prevention blocked access to storage for https://www.googleadservices.com/pagead/ar-adview/?nrh={%22aggregation_keys%22:{%221%22:%220x3386a45fb80b1f220000000000000000%22,%222%22:%220xfa21db5531d846460000000000000000%22,%223%22:%220x3f52ff4f455c34f20000000000000000%22,%224%22:%220xda13fc285f18d6e40000000000000000%22,%225%22:%220x1c51acdd1601e6430000000000000000%22},%22debug_key%22:%2216881788538761297582%22,%22debug_reporting%22:true,%22destination%22:%22https://detectico.com%22,%22event_report_window%22:%22259200%22,%22expiry%22:%222592000%22,%22filter_data%22:{%222%22:[%2211143819073%22],%2222%22:[%22true%22],%224%22:[%2209-30%22],%226%22:[%22true%22]},%22priority%22:%22500%22,%22source_event_id%22:%224781907724509690209%22}&andc=true.
[CDP Connection] INFO Selenium_4_Tests.TestDevToolsConsoleLogs - URL: Optional[https://my-location.org/]
[CDP Connection] INFO Selenium_4_Tests.TestDevToolsConsoleLogs - Timestamp: 1.727738329248852E12
[CDP Connection] INFO Selenium_4_Tests.TestDevToolsConsoleLogs - StackTrace: Optional.empty
[CDP Connection] INFO Selenium_4_Tests.TestDevToolsConsoleLogs - --------
[CDP Connection] INFO Selenium_4_Tests.TestDevToolsConsoleLogs - --------
[CDP Connection] INFO Selenium_4_Tests.TestDevToolsConsoleLogs - --------
[CDP Connection] INFO Selenium_4_Tests.TestDevToolsConsoleLogs - Level: warning
[CDP Connection] INFO Selenium_4_Tests.TestDevToolsConsoleLogs - Level: warning
[CDP Connection] INFO Selenium_4_Tests.TestDevToolsConsoleLogs - Text: Tracking Prevention blocked access to storage for https://www.google.com/.
[CDP Connection] INFO Selenium_4_Tests.TestDevToolsConsoleLogs - Text: Tracking Prevention blocked access to storage for https://www.google.com/.
[CDP Connection] INFO Selenium_4_Tests.TestDevToolsConsoleLogs - URL: Optional[https://my-location.org/]
[CDP Connection] INFO Selenium_4_Tests.TestDevToolsConsoleLogs - URL: Optional[https://my-location.org/]
[CDP Connection] INFO Selenium_4_Tests.TestDevToolsConsoleLogs - Timestamp: 1.727738329271739E12
[CDP Connection] INFO Selenium_4_Tests.TestDevToolsConsoleLogs - Timestamp: 1.727738329271273E12
[CDP Connection] INFO Selenium_4_Tests.TestDevToolsConsoleLogs - StackTrace: Optional.empty
[CDP Connection] INFO Selenium_4_Tests.TestDevToolsConsoleLogs - StackTrace: Optional.empty
[CDP Connection] INFO Selenium_4_Tests.TestDevToolsConsoleLogs - --------
[CDP Connection] INFO Selenium_4_Tests.TestDevToolsConsoleLogs - --------
[CDP Connection] INFO Selenium_4_Tests.TestDevToolsConsoleLogs - --------
[CDP Connection] INFO Selenium_4_Tests.TestDevToolsConsoleLogs - Level: warning
[CDP Connection] INFO Selenium_4_Tests.TestDevToolsConsoleLogs - Text: Tracking Prevention blocked access to storage for https://fundingchoicesmessages.google.com/f/AGSKWxV4-XAYJAIRFlhwLmFJZr6soErvzBoozDCf9Tg5_auIO9qSAhTkQPE5SrafoE4YheZ3tHwoUhlBGGRHueuOMnsR-4XCnaNKS_yGVid2Oz3-J9WJ_3tGTxJhuqh83YWCdqQN47cMAw==?fccs=W251bGwsbnVsbCxudWxsLG51bGwsbnVsbCxudWxsLFsxNzI3NzM4MzI5LDI2MDAwMDAwMF0sbnVsbCxudWxsLG51bGwsW251bGwsWzcsOSw2XSxudWxsLDIsbnVsbCwiZW4iLG51bGwsbnVsbCxudWxsLG51bGwsbnVsbCwxXSwiaHR0cHM6Ly9teS1sb2NhdGlvbi5vcmcvIixudWxsLFtbOCwiZUFkNURmOEUyM00iXSxbOSwiZXMtNDE5Il0sWzE4LCJbW1swXV1dIl0sWzE5LCIyIl0sWzE3LCJbMF0iXV1d.
[CDP Connection] INFO Selenium_4_Tests.TestDevToolsConsoleLogs - URL: Optional[https://my-location.org/]
[CDP Connection] INFO Selenium_4_Tests.TestDevToolsConsoleLogs - Timestamp: 1.727738329272195E12
[CDP Connection] INFO Selenium_4_Tests.TestDevToolsConsoleLogs - --------
[CDP Connection] INFO Selenium_4_Tests.TestDevToolsConsoleLogs - StackTrace: Optional.empty
[CDP Connection] INFO Selenium_4_Tests.TestDevToolsConsoleLogs - Level: warning
[CDP Connection] INFO Selenium_4_Tests.TestDevToolsConsoleLogs - Text: Tracking Prevention blocked access to storage for https://fundingchoicesmessages.google.com/f/AGSKWxV4-XAYJAIRFlhwLmFJZr6soErvzBoozDCf9Tg5_auIO9qSAhTkQPE5SrafoE4YheZ3tHwoUhlBGGRHueuOMnsR-4XCnaNKS_yGVid2Oz3-J9WJ_3tGTxJhuqh83YWCdqQN47cMAw==?fccs=W251bGwsbnVsbCxudWxsLG51bGwsbnVsbCxudWxsLFsxNzI3NzM4MzI5LDI2MDAwMDAwMF0sbnVsbCxudWxsLG51bGwsW251bGwsWzcsOSw2XSxudWxsLDIsbnVsbCwiZW4iLG51bGwsbnVsbCxudWxsLG51bGwsbnVsbCwxXSwiaHR0cHM6Ly9teS1sb2NhdGlvbi5vcmcvIixudWxsLFtbOCwiZUFkNURmOEUyM00iXSxbOSwiZXMtNDE5Il0sWzE4LCJbW1swXV1dIl0sWzE5LCIyIl0sWzE3LCJbMF0iXV1d.
[CDP Connection] INFO Selenium_4_Tests.TestDevToolsConsoleLogs - --------
[CDP Connection] INFO Selenium_4_Tests.TestDevToolsConsoleLogs - URL: Optional[https://my-location.org/]
[CDP Connection] INFO Selenium_4_Tests.TestDevToolsConsoleLogs - Timestamp: 1.727738329272293E12
[CDP Connection] INFO Selenium_4_Tests.TestDevToolsConsoleLogs - StackTrace: Optional.empty
[CDP Connection] INFO Selenium_4_Tests.TestDevToolsConsoleLogs - --------
[CDP Connection] INFO Selenium_4_Tests.TestDevToolsConsoleLogs - --------
[CDP Connection] INFO Selenium_4_Tests.TestDevToolsConsoleLogs - --------
[CDP Connection] INFO Selenium_4_Tests.TestDevToolsConsoleLogs - Level: warning
[CDP Connection] INFO Selenium_4_Tests.TestDevToolsConsoleLogs - Level: warning
[CDP Connection] INFO Selenium_4_Tests.TestDevToolsConsoleLogs - Text: Tracking Prevention blocked access to storage for https://pagead2.googlesyndication.com/bg/g36qUVW3yEkt9VuQwo0FjyJutMId4dpcWLtiHb0q_7c.js.
[CDP Connection] INFO Selenium_4_Tests.TestDevToolsConsoleLogs - Text: Tracking Prevention blocked access to storage for https://pagead2.googlesyndication.com/pagead/sodar?id=sodar2&v=232&li=gda_r20240926&jk=2910161833183195&rc=.
[CDP Connection] INFO Selenium_4_Tests.TestDevToolsConsoleLogs - URL: Optional[https://my-location.org/]
[CDP Connection] INFO Selenium_4_Tests.TestDevToolsConsoleLogs - URL: Optional[https://my-location.org/]
[CDP Connection] INFO Selenium_4_Tests.TestDevToolsConsoleLogs - --------
[CDP Connection] INFO Selenium_4_Tests.TestDevToolsConsoleLogs - Timestamp: 1.727738329276411E12
[CDP Connection] INFO Selenium_4_Tests.TestDevToolsConsoleLogs - StackTrace: Optional.empty
[CDP Connection] INFO Selenium_4_Tests.TestDevToolsConsoleLogs - --------
[CDP Connection] INFO Selenium_4_Tests.TestDevToolsConsoleLogs - --------
[CDP Connection] INFO Selenium_4_Tests.TestDevToolsConsoleLogs - Level: warning
[CDP Connection] INFO Selenium_4_Tests.TestDevToolsConsoleLogs - Text: Tracking Prevention blocked access to storage for https://pagead2.googlesyndication.com/pagead/sodar?id=sodar2&v=232&li=gda_r20240926&jk=2910161833183195&rc=.
[CDP Connection] INFO Selenium_4_Tests.TestDevToolsConsoleLogs - Level: warning
[CDP Connection] INFO Selenium_4_Tests.TestDevToolsConsoleLogs - Timestamp: 1.727738329276644E12
[CDP Connection] INFO Selenium_4_Tests.TestDevToolsConsoleLogs - Text: Tracking Prevention blocked access to storage for https://pagead2.googlesyndication.com/bg/g36qUVW3yEkt9VuQwo0FjyJutMId4dpcWLtiHb0q_7c.js.
[CDP Connection] INFO Selenium_4_Tests.TestDevToolsConsoleLogs - StackTrace: Optional.empty
[CDP Connection] INFO Selenium_4_Tests.TestDevToolsConsoleLogs - URL: Optional[https://my-location.org/]
[CDP Connection] INFO Selenium_4_Tests.TestDevToolsConsoleLogs - --------
[CDP Connection] INFO Selenium_4_Tests.TestDevToolsConsoleLogs - URL: Optional[https://my-location.org/]
[CDP Connection] INFO Selenium_4_Tests.TestDevToolsConsoleLogs - Timestamp: 1.727738329276693E12
[CDP Connection] INFO Selenium_4_Tests.TestDevToolsConsoleLogs - StackTrace: Optional.empty
[CDP Connection] INFO Selenium_4_Tests.TestDevToolsConsoleLogs - Timestamp: 1.727738329276302E12
[CDP Connection] INFO Selenium_4_Tests.TestDevToolsConsoleLogs - --------
[CDP Connection] INFO Selenium_4_Tests.TestDevToolsConsoleLogs - StackTrace: Optional.empty
[CDP Connection] INFO Selenium_4_Tests.TestDevToolsConsoleLogs - --------
[CDP Connection] INFO Selenium_4_Tests.TestDevToolsConsoleLogs - --------
[CDP Connection] INFO Selenium_4_Tests.TestDevToolsConsoleLogs - Level: warning
[CDP Connection] INFO Selenium_4_Tests.TestDevToolsConsoleLogs - --------
[CDP Connection] INFO Selenium_4_Tests.TestDevToolsConsoleLogs - Text: Tracking Prevention blocked access to storage for https://tpc.googlesyndication.com/sodar/H0ZEmIz7.html.
[CDP Connection] INFO Selenium_4_Tests.TestDevToolsConsoleLogs - Level: warning
[CDP Connection] INFO Selenium_4_Tests.TestDevToolsConsoleLogs - URL: Optional[https://my-location.org/]
[CDP Connection] INFO Selenium_4_Tests.TestDevToolsConsoleLogs - Text: Tracking Prevention blocked access to storage for https://tpc.googlesyndication.com/sodar/H0ZEmIz7.html.
[CDP Connection] INFO Selenium_4_Tests.TestDevToolsConsoleLogs - URL: Optional[https://my-location.org/]
[CDP Connection] INFO Selenium_4_Tests.TestDevToolsConsoleLogs - Timestamp: 1.727738329281483E12
[CDP Connection] INFO Selenium_4_Tests.TestDevToolsConsoleLogs - Timestamp: 1.727738329281561E12
[CDP Connection] INFO Selenium_4_Tests.TestDevToolsConsoleLogs - StackTrace: Optional.empty
[CDP Connection] INFO Selenium_4_Tests.TestDevToolsConsoleLogs - StackTrace: Optional.empty
[CDP Connection] INFO Selenium_4_Tests.TestDevToolsConsoleLogs - --------
[CDP Connection] INFO Selenium_4_Tests.TestDevToolsConsoleLogs - --------
[CDP Connection] INFO Selenium_4_Tests.TestDevToolsConsoleLogs - --------
[CDP Connection] INFO Selenium_4_Tests.TestDevToolsConsoleLogs - --------
[CDP Connection] INFO Selenium_4_Tests.TestDevToolsConsoleLogs - Level: warning
[CDP Connection] INFO Selenium_4_Tests.TestDevToolsConsoleLogs - Level: warning
[CDP Connection] INFO Selenium_4_Tests.TestDevToolsConsoleLogs - Text: Tracking Prevention blocked access to storage for https://csi.gstatic.com/csi?v=2&s=osv&dmc=8&puid=5~m1pmsinh&c=1999101895623&slotId=999550947811.5&qqid=CMDgsunm64gDFfm_gwgds-w7mQ&fb=outstream-lima&gpm_i=9&gpm_c=9&gpm_a=9&smb=Infinity&br=2097&mt=video%2Fmp4&vs=1024x576&ple=0.
[CDP Connection] INFO Selenium_4_Tests.TestDevToolsConsoleLogs - Text: Tracking Prevention blocked access to storage for https://csi.gstatic.com/csi?v=2&s=osv&dmc=8&puid=5~m1pmsinh&c=1999101895623&slotId=999550947811.5&qqid=CMDgsunm64gDFfm_gwgds-w7mQ&fb=outstream-lima&gpm_i=9&gpm_c=9&gpm_a=9&smb=Infinity&br=2097&mt=video%2Fmp4&vs=1024x576&ple=0.
[CDP Connection] INFO Selenium_4_Tests.TestDevToolsConsoleLogs - URL: Optional[https://my-location.org/]
[CDP Connection] INFO Selenium_4_Tests.TestDevToolsConsoleLogs - URL: Optional[https://my-location.org/]
[CDP Connection] INFO Selenium_4_Tests.TestDevToolsConsoleLogs - Timestamp: 1.72773832930825E12
[CDP Connection] INFO Selenium_4_Tests.TestDevToolsConsoleLogs - StackTrace: Optional.empty
[CDP Connection] INFO Selenium_4_Tests.TestDevToolsConsoleLogs - Timestamp: 1.727738329308135E12
[CDP Connection] INFO Selenium_4_Tests.TestDevToolsConsoleLogs - --------
[CDP Connection] INFO Selenium_4_Tests.TestDevToolsConsoleLogs - StackTrace: Optional.empty
[CDP Connection] INFO Selenium_4_Tests.TestDevToolsConsoleLogs - --------
[CDP Connection] INFO Selenium_4_Tests.TestDevToolsConsoleLogs - --------
[CDP Connection] INFO Selenium_4_Tests.TestDevToolsConsoleLogs - Level: warning
[CDP Connection] INFO Selenium_4_Tests.TestDevToolsConsoleLogs - Text: Tracking Prevention blocked access to storage for https://www.googletagservices.com/activeview/js/current/rx_omid_video.js.
[CDP Connection] INFO Selenium_4_Tests.TestDevToolsConsoleLogs - URL: Optional[https://my-location.org/]
[CDP Connection] INFO Selenium_4_Tests.TestDevToolsConsoleLogs - Timestamp: 1.727738329311108E12
[CDP Connection] INFO Selenium_4_Tests.TestDevToolsConsoleLogs - StackTrace: Optional.empty
[CDP Connection] INFO Selenium_4_Tests.TestDevToolsConsoleLogs - --------
[CDP Connection] INFO Selenium_4_Tests.TestDevToolsConsoleLogs - --------
[CDP Connection] INFO Selenium_4_Tests.TestDevToolsConsoleLogs - Level: warning
[CDP Connection] INFO Selenium_4_Tests.TestDevToolsConsoleLogs - Text: Tracking Prevention blocked access to storage for https://www.googletagservices.com/activeview/js/current/rx_omid_video.js.
[CDP Connection] INFO Selenium_4_Tests.TestDevToolsConsoleLogs - URL: Optional[https://my-location.org/]
[CDP Connection] INFO Selenium_4_Tests.TestDevToolsConsoleLogs - Timestamp: 1.727738329311489E12
[CDP Connection] INFO Selenium_4_Tests.TestDevToolsConsoleLogs - StackTrace: Optional.empty
[CDP Connection] INFO Selenium_4_Tests.TestDevToolsConsoleLogs - --------
[CDP Connection] INFO Selenium_4_Tests.TestDevToolsConsoleLogs - --------
[CDP Connection] INFO Selenium_4_Tests.TestDevToolsConsoleLogs - Level: warning
[CDP Connection] INFO Selenium_4_Tests.TestDevToolsConsoleLogs - Text: Tracking Prevention blocked access to storage for https://www.googletagservices.com/activeview/js/current/rx_omid_video.js.
[CDP Connection] INFO Selenium_4_Tests.TestDevToolsConsoleLogs - URL: Optional[https://my-location.org/]
[CDP Connection] INFO Selenium_4_Tests.TestDevToolsConsoleLogs - Timestamp: 1.727738329312728E12
[CDP Connection] INFO Selenium_4_Tests.TestDevToolsConsoleLogs - StackTrace: Optional.empty
[CDP Connection] INFO Selenium_4_Tests.TestDevToolsConsoleLogs - --------
[CDP Connection] INFO Selenium_4_Tests.TestDevToolsConsoleLogs - --------
[CDP Connection] INFO Selenium_4_Tests.TestDevToolsConsoleLogs - Level: warning
[CDP Connection] INFO Selenium_4_Tests.TestDevToolsConsoleLogs - Text: Tracking Prevention blocked access to storage for https://www.googletagservices.com/activeview/js/current/rx_omid_video.js.
[CDP Connection] INFO Selenium_4_Tests.TestDevToolsConsoleLogs - URL: Optional[https://my-location.org/]
[CDP Connection] INFO Selenium_4_Tests.TestDevToolsConsoleLogs - Timestamp: 1.727738329313019E12
[CDP Connection] INFO Selenium_4_Tests.TestDevToolsConsoleLogs - StackTrace: Optional.empty
[CDP Connection] INFO Selenium_4_Tests.TestDevToolsConsoleLogs - --------
[CDP Connection] INFO Selenium_4_Tests.TestDevToolsConsoleLogs - --------
[CDP Connection] INFO Selenium_4_Tests.TestDevToolsConsoleLogs - Level: warning
[CDP Connection] INFO Selenium_4_Tests.TestDevToolsConsoleLogs - --------
[CDP Connection] INFO Selenium_4_Tests.TestDevToolsConsoleLogs - Text: Tracking Prevention blocked access to storage for https://pagead2.googlesyndication.com/bg/4-uCVPGjM7LyjktmBn4e3dTF5gIEI_0uAhecWCEgumY.js.
[CDP Connection] INFO Selenium_4_Tests.TestDevToolsConsoleLogs - Level: warning
[CDP Connection] INFO Selenium_4_Tests.TestDevToolsConsoleLogs - URL: Optional[https://my-location.org/]
[CDP Connection] INFO Selenium_4_Tests.TestDevToolsConsoleLogs - Text: Tracking Prevention blocked access to storage for https://pagead2.googlesyndication.com/bg/4-uCVPGjM7LyjktmBn4e3dTF5gIEI_0uAhecWCEgumY.js.
[CDP Connection] INFO Selenium_4_Tests.TestDevToolsConsoleLogs - URL: Optional[https://my-location.org/]
[CDP Connection] INFO Selenium_4_Tests.TestDevToolsConsoleLogs - Timestamp: 1.727738329748751E12
[CDP Connection] INFO Selenium_4_Tests.TestDevToolsConsoleLogs - Timestamp: 1.727738329748672E12
[CDP Connection] INFO Selenium_4_Tests.TestDevToolsConsoleLogs - StackTrace: Optional.empty
[CDP Connection] INFO Selenium_4_Tests.TestDevToolsConsoleLogs - StackTrace: Optional.empty
[CDP Connection] INFO Selenium_4_Tests.TestDevToolsConsoleLogs - --------
[CDP Connection] INFO Selenium_4_Tests.TestDevToolsConsoleLogs - --------
[CDP Connection] INFO Selenium_4_Tests.TestDevToolsConsoleLogs - --------
[CDP Connection] INFO Selenium_4_Tests.TestDevToolsConsoleLogs - --------
[CDP Connection] INFO Selenium_4_Tests.TestDevToolsConsoleLogs - Level: warning
[CDP Connection] INFO Selenium_4_Tests.TestDevToolsConsoleLogs - Level: warning
[CDP Connection] INFO Selenium_4_Tests.TestDevToolsConsoleLogs - Text: Tracking Prevention blocked access to storage for https://tpc.googlesyndication.com/generate_204?H1GR-A.
[CDP Connection] INFO Selenium_4_Tests.TestDevToolsConsoleLogs - Text: Tracking Prevention blocked access to storage for https://tpc.googlesyndication.com/generate_204?H1GR-A.
[CDP Connection] INFO Selenium_4_Tests.TestDevToolsConsoleLogs - URL: Optional[https://my-location.org/]
[CDP Connection] INFO Selenium_4_Tests.TestDevToolsConsoleLogs - URL: Optional[https://my-location.org/]
[CDP Connection] INFO Selenium_4_Tests.TestDevToolsConsoleLogs - Timestamp: 1.727738329869874E12
[CDP Connection] INFO Selenium_4_Tests.TestDevToolsConsoleLogs - Timestamp: 1.72773832986997E12
[CDP Connection] INFO Selenium_4_Tests.TestDevToolsConsoleLogs - StackTrace: Optional.empty
[CDP Connection] INFO Selenium_4_Tests.TestDevToolsConsoleLogs - StackTrace: Optional.empty
[CDP Connection] INFO Selenium_4_Tests.TestDevToolsConsoleLogs - --------
[CDP Connection] INFO Selenium_4_Tests.TestDevToolsConsoleLogs - --------
[CDP Connection] INFO Selenium_4_Tests.TestDevToolsConsoleLogs - --------
[CDP Connection] INFO Selenium_4_Tests.TestDevToolsConsoleLogs - Level: warning
[CDP Connection] INFO Selenium_4_Tests.TestDevToolsConsoleLogs - --------
[CDP Connection] INFO Selenium_4_Tests.TestDevToolsConsoleLogs - Text: Tracking Prevention blocked access to storage for https://pagead2.googlesyndication.com/pagead/gen_204?id=sodar&v=34&t=2&li=v_h.0.0.0&bgai=BCH5E1zH7ZrulLrWtwNYP4qWdyQ8AAAAAOAHgBAI&bg=!BwSlBEvNAAbzZSz302U7ADQBe5WfOHLyEsiF-B6qumyIN4GElkUghcvrQ9Cf-y7tYGFtO4Xd4vvLLWTyqrT4adHRO2CIAgAAAL5SAAAAC2gBB34ANJ47PCW5PxviFa3odKG4VWCqjx7EQEpx91dDPrzM8dl2UCAdtZwf8wi23GVI8aVgW9zSeMUKADHxuxYJYeplsK87h88J5TEEZBbaYmsG07h3OjTIn0Kx4s-zo1qb9M7qrorUSRgJEx2jmQKuLZ5-isxw8rKw0q9oIrkfGq3NxZ1Bl2FnH2pbxmtCjoxD9XYM-EEKFgIA79h9_r_ddwW2TFDa3gGOE3VTko7s8Ehzmo8tfXa-MT8jUA6HEwdHdRkIHO1z_xj5BKjXssDQkwC_VXg3wjqEASX95LWXU2l_iXFqlh2zzr4XF7entUYcs8Nq0U9WQ0vNoXfYbJXFQBAq6G4P3fuDarQtia-GNidEFpYkDKPoeQH-rFCy4bfNrHuKzv3oc7ShJaPzrRzLqVJi47iGVkYhV_QsJkk-e456GuHCbCmucuCh4AImbb_AeDM_W1aIZJh9HJRCCD5ihouZcddf9wJwWWvGvKxA8DbwtEaTaDlSGROoLU_sBo_NB1rtigNaVd-U6jw-AXiyf9DbpFvdMxzsFCJlEPdQBjFLaU31NeUBbyyliTJlKUAfY7IbzYTKH5zWRhjLxMspQt9gUd4NddwlkklYcL3yCoNuQISiDY40qYV2ZIjB7KGme8wxHFKEg6llNElWcmCv9o3jS0bWkFJ5btEC3CEsCIL2VuUlKQFbucjjiO4dAkYw5GbW9HWYKiBwc4AL-bYNU9_OBD9gEoOTEtG65rNCuCnezAS_Q4Gk34nEWfbZkl_pS2yhgpIXqobR_yt-Yn9fjBm5Bd-fG1cMhqEU60BBRumAR8opqMlHSiYXmF7mNr8p8sMg4f6U1Tli0_D9mNjd0nQB_OZkXgGZHdwtkZbKaUHPFqspH-pI43e6iPpLbSkzj9nQhgfaDyXwd-_Sfs62IjnATbaBRsR0oloDy0cw9RY9n5gnh7WDpg498hqt7Npfhayl6j5ng9afsw-xDHl2AUlZ8-8ESKwfXcFO2QxjFJOUkPjsn9VrZzqqE-tSB52N7iGxBPwQcTiDolsNz9LUJVLblnM-bow7-T1Yqwc.
[CDP Connection] INFO Selenium_4_Tests.TestDevToolsConsoleLogs - Level: warning
[CDP Connection] INFO Selenium_4_Tests.TestDevToolsConsoleLogs - URL: Optional[https://my-location.org/]
[CDP Connection] INFO Selenium_4_Tests.TestDevToolsConsoleLogs - Text: Tracking Prevention blocked access to storage for https://pagead2.googlesyndication.com/pagead/gen_204?id=sodar&v=34&t=2&li=v_h.0.0.0&bgai=BCH5E1zH7ZrulLrWtwNYP4qWdyQ8AAAAAOAHgBAI&bg=!BwSlBEvNAAbzZSz302U7ADQBe5WfOHLyEsiF-B6qumyIN4GElkUghcvrQ9Cf-y7tYGFtO4Xd4vvLLWTyqrT4adHRO2CIAgAAAL5SAAAAC2gBB34ANJ47PCW5PxviFa3odKG4VWCqjx7EQEpx91dDPrzM8dl2UCAdtZwf8wi23GVI8aVgW9zSeMUKADHxuxYJYeplsK87h88J5TEEZBbaYmsG07h3OjTIn0Kx4s-zo1qb9M7qrorUSRgJEx2jmQKuLZ5-isxw8rKw0q9oIrkfGq3NxZ1Bl2FnH2pbxmtCjoxD9XYM-EEKFgIA79h9_r_ddwW2TFDa3gGOE3VTko7s8Ehzmo8tfXa-MT8jUA6HEwdHdRkIHO1z_xj5BKjXssDQkwC_VXg3wjqEASX95LWXU2l_iXFqlh2zzr4XF7entUYcs8Nq0U9WQ0vNoXfYbJXFQBAq6G4P3fuDarQtia-GNidEFpYkDKPoeQH-rFCy4bfNrHuKzv3oc7ShJaPzrRzLqVJi47iGVkYhV_QsJkk-e456GuHCbCmucuCh4AImbb_AeDM_W1aIZJh9HJRCCD5ihouZcddf9wJwWWvGvKxA8DbwtEaTaDlSGROoLU_sBo_NB1rtigNaVd-U6jw-AXiyf9DbpFvdMxzsFCJlEPdQBjFLaU31NeUBbyyliTJlKUAfY7IbzYTKH5zWRhjLxMspQt9gUd4NddwlkklYcL3yCoNuQISiDY40qYV2ZIjB7KGme8wxHFKEg6llNElWcmCv9o3jS0bWkFJ5btEC3CEsCIL2VuUlKQFbucjjiO4dAkYw5GbW9HWYKiBwc4AL-bYNU9_OBD9gEoOTEtG65rNCuCnezAS_Q4Gk34nEWfbZkl_pS2yhgpIXqobR_yt-Yn9fjBm5Bd-fG1cMhqEU60BBRumAR8opqMlHSiYXmF7mNr8p8sMg4f6U1Tli0_D9mNjd0nQB_OZkXgGZHdwtkZbKaUHPFqspH-pI43e6iPpLbSkzj9nQhgfaDyXwd-_Sfs62IjnATbaBRsR0oloDy0cw9RY9n5gnh7WDpg498hqt7Npfhayl6j5ng9afsw-xDHl2AUlZ8-8ESKwfXcFO2QxjFJOUkPjsn9VrZzqqE-tSB52N7iGxBPwQcTiDolsNz9LUJVLblnM-bow7-T1Yqwc.
[CDP Connection] INFO Selenium_4_Tests.TestDevToolsConsoleLogs - Timestamp: 1.7277383300625E12
[CDP Connection] INFO Selenium_4_Tests.TestDevToolsConsoleLogs - URL: Optional[https://my-location.org/]
[CDP Connection] INFO Selenium_4_Tests.TestDevToolsConsoleLogs - StackTrace: Optional.empty
[CDP Connection] INFO Selenium_4_Tests.TestDevToolsConsoleLogs - Timestamp: 1.727738330062668E12
[CDP Connection] INFO Selenium_4_Tests.TestDevToolsConsoleLogs - --------
[CDP Connection] INFO Selenium_4_Tests.TestDevToolsConsoleLogs - StackTrace: Optional.empty
[CDP Connection] INFO Selenium_4_Tests.TestDevToolsConsoleLogs - --------
[CDP Connection] INFO Selenium_4_Tests.TestDevToolsConsoleLogs - --------
[CDP Connection] INFO Selenium_4_Tests.TestDevToolsConsoleLogs - Level: warning
[CDP Connection] INFO Selenium_4_Tests.TestDevToolsConsoleLogs - Text: Tracking Prevention blocked access to storage for https://googleads.g.doubleclick.net/pagead/interaction/?ai=Cjd3S1TH7ZoCiMfn_jvQPs9nvyQmppd3yeZT699WsEmQQASCpye4EYKu55IGcBqABk-ehySrIAQWoAwHIA5sEqgT2AU_QQ8vdasGZCCCCyx3R4NfujsdBdmS7RFheakUwGbLY6UlkD6gxdPKCbOtaPo6Eo-ZM1udby7kgxZhWx4wMbowg3yavGvARx4rXyjpQe8HOhcGFhnO-whP50lFJAJ97WLLkuKAz0GjImVMs2ABNJOuqPmNpfEOpp_8XSOGcP_BI35SHtxCoLOwNXKuDmFxlQfnuyDNl5itzggRuCsBxG6Tbeh89ZfP_z7vSc1Zc9oiFlC-U0ef1wF6LvcTRAhqWdO5xyUbtwICSWXhvlZiC-cDpsGjVf-OdM9-CR7OXR_61xlQNF-fjnYziMHYgeFUWnDXZ9Q8e-sAEsPDt-tAE4AQDiAX-gaCkTpAGAaAGToAHk5_yqAWoB9XJG6gH2baxAqgHpr4bqAeOzhuoB5PYG6gH8OAbqAfulrECqAf-nrECqAevvrECqAeaBqgH89EbqAeW2BuoB6qbsQKoB4OtsQKoB-C9sQKoB_-esQKoB9-fsQKoB_jCsQKoB_vCsQLYBwDSCCYIgGEQARgfMgKKAjoLgECAwICAgKCogAJIvf3BOlilv7Lp5uuIA4AKAZgLAcgLAYAMAaoNAkNPsBPSzMgZ2BMKiBQI2BQB0BUB-BYBgBcBshcCGALoFwSyGAkSAsZSGE4iAQA&sigh=_7a4VcrNEzM&label=part2viewed&ad_mt=14.
[CDP Connection] INFO Selenium_4_Tests.TestDevToolsConsoleLogs - URL: Optional[https://my-location.org/]
[CDP Connection] INFO Selenium_4_Tests.TestDevToolsConsoleLogs - Timestamp: 1.727738330133919E12
[CDP Connection] INFO Selenium_4_Tests.TestDevToolsConsoleLogs - StackTrace: Optional.empty
[CDP Connection] INFO Selenium_4_Tests.TestDevToolsConsoleLogs - --------
[CDP Connection] INFO Selenium_4_Tests.TestDevToolsConsoleLogs - --------
[CDP Connection] INFO Selenium_4_Tests.TestDevToolsConsoleLogs - Level: warning
[CDP Connection] INFO Selenium_4_Tests.TestDevToolsConsoleLogs - Text: Tracking Prevention blocked access to storage for https://googleads.g.doubleclick.net/pagead/interaction/?ai=Cjd3S1TH7ZoCiMfn_jvQPs9nvyQmppd3yeZT699WsEmQQASCpye4EYKu55IGcBqABk-ehySrIAQWoAwHIA5sEqgT2AU_QQ8vdasGZCCCCyx3R4NfujsdBdmS7RFheakUwGbLY6UlkD6gxdPKCbOtaPo6Eo-ZM1udby7kgxZhWx4wMbowg3yavGvARx4rXyjpQe8HOhcGFhnO-whP50lFJAJ97WLLkuKAz0GjImVMs2ABNJOuqPmNpfEOpp_8XSOGcP_BI35SHtxCoLOwNXKuDmFxlQfnuyDNl5itzggRuCsBxG6Tbeh89ZfP_z7vSc1Zc9oiFlC-U0ef1wF6LvcTRAhqWdO5xyUbtwICSWXhvlZiC-cDpsGjVf-OdM9-CR7OXR_61xlQNF-fjnYziMHYgeFUWnDXZ9Q8e-sAEsPDt-tAE4AQDiAX-gaCkTpAGAaAGToAHk5_yqAWoB9XJG6gH2baxAqgHpr4bqAeOzhuoB5PYG6gH8OAbqAfulrECqAf-nrECqAevvrECqAeaBqgH89EbqAeW2BuoB6qbsQKoB4OtsQKoB-C9sQKoB_-esQKoB9-fsQKoB_jCsQKoB_vCsQLYBwDSCCYIgGEQARgfMgKKAjoLgECAwICAgKCogAJIvf3BOlilv7Lp5uuIA4AKAZgLAcgLAYAMAaoNAkNPsBPSzMgZ2BMKiBQI2BQB0BUB-BYBgBcBshcCGALoFwSyGAkSAsZSGE4iAQA&sigh=_7a4VcrNEzM&label=part2viewed&ad_mt=14.
[CDP Connection] INFO Selenium_4_Tests.TestDevToolsConsoleLogs - URL: Optional[https://my-location.org/]
[CDP Connection] INFO Selenium_4_Tests.TestDevToolsConsoleLogs - Timestamp: 1.727738330135445E12
[CDP Connection] INFO Selenium_4_Tests.TestDevToolsConsoleLogs - StackTrace: Optional.empty
[CDP Connection] INFO Selenium_4_Tests.TestDevToolsConsoleLogs - --------
[CDP Connection] INFO Selenium_4_Tests.TestDevToolsConsoleLogs - --------
[CDP Connection] INFO Selenium_4_Tests.TestDevToolsConsoleLogs - --------
[CDP Connection] INFO Selenium_4_Tests.TestDevToolsConsoleLogs - Level: warning
[CDP Connection] INFO Selenium_4_Tests.TestDevToolsConsoleLogs - Level: warning
[CDP Connection] INFO Selenium_4_Tests.TestDevToolsConsoleLogs - Text: Tracking Prevention blocked access to storage for https://googleads.g.doubleclick.net/xbbe/pixel?d=CNCnyZUEELvuqd0FGMHalogCIAEwAQ&v=APEucNX9QR25AgD1jINEqyfTkWRhpQsQW_V-Wj1XYwK7AKq2VkKSF70DzmKxnA60yosGpSH461sZycA_stlXyX1iAUd2QxfibkcIeP9y4BzooMNLmHrRF9I.
[CDP Connection] INFO Selenium_4_Tests.TestDevToolsConsoleLogs - Text: Tracking Prevention blocked access to storage for https://pagead2.googlesyndication.com/pagead/gen_204?id=video_impression_ping.
[CDP Connection] INFO Selenium_4_Tests.TestDevToolsConsoleLogs - URL: Optional[https://my-location.org/]
[CDP Connection] INFO Selenium_4_Tests.TestDevToolsConsoleLogs - URL: Optional[https://my-location.org/]
[CDP Connection] INFO Selenium_4_Tests.TestDevToolsConsoleLogs - --------
[CDP Connection] INFO Selenium_4_Tests.TestDevToolsConsoleLogs - Timestamp: 1.727738330138069E12
[CDP Connection] INFO Selenium_4_Tests.TestDevToolsConsoleLogs - Level: warning
[CDP Connection] INFO Selenium_4_Tests.TestDevToolsConsoleLogs - StackTrace: Optional.empty
[CDP Connection] INFO Selenium_4_Tests.TestDevToolsConsoleLogs - Text: Tracking Prevention blocked access to storage for https://pagead2.googlesyndication.com/pagead/gen_204?id=video_impression_ping.
[CDP Connection] INFO Selenium_4_Tests.TestDevToolsConsoleLogs - --------
[CDP Connection] INFO Selenium_4_Tests.TestDevToolsConsoleLogs - Timestamp: 1.72773833013831E12
[CDP Connection] INFO Selenium_4_Tests.TestDevToolsConsoleLogs - --------
[CDP Connection] INFO Selenium_4_Tests.TestDevToolsConsoleLogs - StackTrace: Optional.empty
[CDP Connection] INFO Selenium_4_Tests.TestDevToolsConsoleLogs - URL: Optional[https://my-location.org/]
[CDP Connection] INFO Selenium_4_Tests.TestDevToolsConsoleLogs - Timestamp: 1.727738330138271E12
[CDP Connection] INFO Selenium_4_Tests.TestDevToolsConsoleLogs - StackTrace: Optional.empty
[CDP Connection] INFO Selenium_4_Tests.TestDevToolsConsoleLogs - --------
[CDP Connection] INFO Selenium_4_Tests.TestDevToolsConsoleLogs - --------
[CDP Connection] INFO Selenium_4_Tests.TestDevToolsConsoleLogs - Level: warning
[CDP Connection] INFO Selenium_4_Tests.TestDevToolsConsoleLogs - Text: Tracking Prevention blocked access to storage for https://googleads.g.doubleclick.net/xbbe/pixel?d=CNCnyZUEELvuqd0FGMHalogCIAEwAQ&v=APEucNX9QR25AgD1jINEqyfTkWRhpQsQW_V-Wj1XYwK7AKq2VkKSF70DzmKxnA60yosGpSH461sZycA_stlXyX1iAUd2QxfibkcIeP9y4BzooMNLmHrRF9I.
[CDP Connection] INFO Selenium_4_Tests.TestDevToolsConsoleLogs - URL: Optional[https://my-location.org/]
[CDP Connection] INFO Selenium_4_Tests.TestDevToolsConsoleLogs - Timestamp: 1.727738330138224E12
[CDP Connection] INFO Selenium_4_Tests.TestDevToolsConsoleLogs - StackTrace: Optional.empty
[CDP Connection] INFO Selenium_4_Tests.TestDevToolsConsoleLogs - --------
[CDP Connection] INFO Selenium_4_Tests.TestDevToolsConsoleLogs - --------
[CDP Connection] INFO Selenium_4_Tests.TestDevToolsConsoleLogs - Level: warning
[CDP Connection] INFO Selenium_4_Tests.TestDevToolsConsoleLogs - Text: Tracking Prevention blocked access to storage for https://googleads.g.doubleclick.net/pagead/interaction/?ai=Cjd3S1TH7ZoCiMfn_jvQPs9nvyQmppd3yeZT699WsEmQQASCpye4EYKu55IGcBqABk-ehySrIAQWoAwHIA5sEqgT2AU_QQ8vdasGZCCCCyx3R4NfujsdBdmS7RFheakUwGbLY6UlkD6gxdPKCbOtaPo6Eo-ZM1udby7kgxZhWx4wMbowg3yavGvARx4rXyjpQe8HOhcGFhnO-whP50lFJAJ97WLLkuKAz0GjImVMs2ABNJOuqPmNpfEOpp_8XSOGcP_BI35SHtxCoLOwNXKuDmFxlQfnuyDNl5itzggRuCsBxG6Tbeh89ZfP_z7vSc1Zc9oiFlC-U0ef1wF6LvcTRAhqWdO5xyUbtwICSWXhvlZiC-cDpsGjVf-OdM9-CR7OXR_61xlQNF-fjnYziMHYgeFUWnDXZ9Q8e-sAEsPDt-tAE4AQDiAX-gaCkTpAGAaAGToAHk5_yqAWoB9XJG6gH2baxAqgHpr4bqAeOzhuoB5PYG6gH8OAbqAfulrECqAf-nrECqAevvrECqAeaBqgH89EbqAeW2BuoB6qbsQKoB4OtsQKoB-C9sQKoB_-esQKoB9-fsQKoB_jCsQKoB_vCsQLYBwDSCCYIgGEQARgfMgKKAjoLgECAwICAgKCogAJIvf3BOlilv7Lp5uuIA4AKAZgLAcgLAYAMAaoNAkNPsBPSzMgZ2BMKiBQI2BQB0BUB-BYBgBcBshcCGALoFwSyGAkSAsZSGE4iAQA&sigh=_7a4VcrNEzM&label=vast_creativeview&ad_mt=14.
[CDP Connection] INFO Selenium_4_Tests.TestDevToolsConsoleLogs - URL: Optional[https://my-location.org/]
[CDP Connection] INFO Selenium_4_Tests.TestDevToolsConsoleLogs - --------
[CDP Connection] INFO Selenium_4_Tests.TestDevToolsConsoleLogs - Timestamp: 1.727738330138394E12
[CDP Connection] INFO Selenium_4_Tests.TestDevToolsConsoleLogs - Level: warning
[CDP Connection] INFO Selenium_4_Tests.TestDevToolsConsoleLogs - StackTrace: Optional.empty
[CDP Connection] INFO Selenium_4_Tests.TestDevToolsConsoleLogs - Text: Tracking Prevention blocked access to storage for https://csi.gstatic.com/csi?v=2&s=osv&dmc=8&puid=6~m1pmsixm&c=1999101895623&slotId=999550947811.5&qqid=CMDgsunm64gDFfm_gwgds-w7mQ&fb=outstream-lima&gpm_i=9&gpm_c=9&gpm_a=9&smb=Infinity&br=2097&mt=video%2Fmp4&vs=1024x576&dm=15000&umsem=0&event_name=first_play&asset_bytes=181713&video_bytes=300&cached_data_bytes=55723&js_cached=false&css_cached=false&num_assets=12&num_assets_cached=4&num_assets_cache_validated=0&num_assets_unmeasurable=0&video_played_seconds=0.00&video_muted=true&video_seconds_loaded=0.00&met.4=vil.2zx~ff.30o~videopreviewstarted.30q&faa=1&alp=1&arpa=1.
[CDP Connection] INFO Selenium_4_Tests.TestDevToolsConsoleLogs - --------
[CDP Connection] INFO Selenium_4_Tests.TestDevToolsConsoleLogs - URL: Optional[https://my-location.org/]
[CDP Connection] INFO Selenium_4_Tests.TestDevToolsConsoleLogs - Timestamp: 1.727738330138475E12
[CDP Connection] INFO Selenium_4_Tests.TestDevToolsConsoleLogs - StackTrace: Optional.empty
[CDP Connection] INFO Selenium_4_Tests.TestDevToolsConsoleLogs - --------
[CDP Connection] INFO Selenium_4_Tests.TestDevToolsConsoleLogs - --------
[CDP Connection] INFO Selenium_4_Tests.TestDevToolsConsoleLogs - Level: warning
[CDP Connection] INFO Selenium_4_Tests.TestDevToolsConsoleLogs - Text: Tracking Prevention blocked access to storage for https://csi.gstatic.com/csi?v=2&s=osv&dmc=8&puid=6~m1pmsixm&c=1999101895623&slotId=999550947811.5&qqid=CMDgsunm64gDFfm_gwgds-w7mQ&fb=outstream-lima&gpm_i=9&gpm_c=9&gpm_a=9&smb=Infinity&br=2097&mt=video%2Fmp4&vs=1024x576&dm=15000&umsem=0&event_name=first_play&asset_bytes=181713&video_bytes=300&cached_data_bytes=55723&js_cached=false&css_cached=false&num_assets=12&num_assets_cached=4&num_assets_cache_validated=0&num_assets_unmeasurable=0&video_played_seconds=0.00&video_muted=true&video_seconds_loaded=0.00&met.4=vil.2zx~ff.30o~videopreviewstarted.30q&faa=1&alp=1&arpa=1.
[CDP Connection] INFO Selenium_4_Tests.TestDevToolsConsoleLogs - URL: Optional[https://my-location.org/]
[CDP Connection] INFO Selenium_4_Tests.TestDevToolsConsoleLogs - Timestamp: 1.727738330139158E12
[CDP Connection] INFO Selenium_4_Tests.TestDevToolsConsoleLogs - StackTrace: Optional.empty
[CDP Connection] INFO Selenium_4_Tests.TestDevToolsConsoleLogs - --------
[CDP Connection] INFO Selenium_4_Tests.TestDevToolsConsoleLogs - --------
[CDP Connection] INFO Selenium_4_Tests.TestDevToolsConsoleLogs - Level: warning
[CDP Connection] INFO Selenium_4_Tests.TestDevToolsConsoleLogs - Text: Tracking Prevention blocked access to storage for https://googleads.g.doubleclick.net/pagead/interaction/?ai=Cjd3S1TH7ZoCiMfn_jvQPs9nvyQmppd3yeZT699WsEmQQASCpye4EYKu55IGcBqABk-ehySrIAQWoAwHIA5sEqgT2AU_QQ8vdasGZCCCCyx3R4NfujsdBdmS7RFheakUwGbLY6UlkD6gxdPKCbOtaPo6Eo-ZM1udby7kgxZhWx4wMbowg3yavGvARx4rXyjpQe8HOhcGFhnO-whP50lFJAJ97WLLkuKAz0GjImVMs2ABNJOuqPmNpfEOpp_8XSOGcP_BI35SHtxCoLOwNXKuDmFxlQfnuyDNl5itzggRuCsBxG6Tbeh89ZfP_z7vSc1Zc9oiFlC-U0ef1wF6LvcTRAhqWdO5xyUbtwICSWXhvlZiC-cDpsGjVf-OdM9-CR7OXR_61xlQNF-fjnYziMHYgeFUWnDXZ9Q8e-sAEsPDt-tAE4AQDiAX-gaCkTpAGAaAGToAHk5_yqAWoB9XJG6gH2baxAqgHpr4bqAeOzhuoB5PYG6gH8OAbqAfulrECqAf-nrECqAevvrECqAeaBqgH89EbqAeW2BuoB6qbsQKoB4OtsQKoB-C9sQKoB_-esQKoB9-fsQKoB_jCsQKoB_vCsQLYBwDSCCYIgGEQARgfMgKKAjoLgECAwICAgKCogAJIvf3BOlilv7Lp5uuIA4AKAZgLAcgLAYAMAaoNAkNPsBPSzMgZ2BMKiBQI2BQB0BUB-BYBgBcBshcCGALoFwSyGAkSAsZSGE4iAQA&sigh=_7a4VcrNEzM&label=vast_creativeview&ad_mt=14.
[CDP Connection] INFO Selenium_4_Tests.TestDevToolsConsoleLogs - URL: Optional[https://my-location.org/]
[CDP Connection] INFO Selenium_4_Tests.TestDevToolsConsoleLogs - Timestamp: 1.727738330138347E12
[CDP Connection] INFO Selenium_4_Tests.TestDevToolsConsoleLogs - StackTrace: Optional.empty
[CDP Connection] INFO Selenium_4_Tests.TestDevToolsConsoleLogs - --------
[CDP Connection] INFO Selenium_4_Tests.TestDevToolsConsoleLogs - --------
[CDP Connection] INFO Selenium_4_Tests.TestDevToolsConsoleLogs - Level: warning
[CDP Connection] INFO Selenium_4_Tests.TestDevToolsConsoleLogs - Text: Tracking Prevention blocked access to storage for https://ad.doubleclick.net/pcs/view?xai=AKAOjstZhyQXVYwPHLj6tb0FlE2dAIGFEUR6vU0doYR8VbIhw5YjLo7CSLE_Sl30JbtiR7oUUQAg-VgFZV6ay3Fd3LqC8VXGxvJUdNwsN6DxQeP1rXpZ-iJesE1RZaixFhegd6odNgIX1WBQqcIIv6duCgmhl3fT2nTOPsud88OL-5NHemfGhi_2qISqK5ttSCLu8iHVIMMsgM4L1v8Q5wIOPihFNoP6zZZlcMo9R2dk0H2R361js1Gk5Uj5kbvmrsOZr0CyeHSO0W5NTAvqWmq_YpDFbeZiMS0tglAnBa_3gUHwV4gQGfXdWQOxVS2b3iuo5HuhADb0HMhskpa4MuustxugaWMx0Fk_QDjFh63c9c6VWP6NmqdqHYFwOvdgfgGPTPk_OHjE8d4JLSlaLjYxS0Wxmnr0GyoeKGDjG3-QYS8JspBezdfaRVeyWcxKhlE_qGsFhkzWhIWN-ayY1CNF0JukTnHz5Lg-WarQ_IbSkUOCVUvhtSaxdliAJVvVLCidmZrQlAr3YlVoEbcjwIO9jqd9TWTP5nHqG_oiShtj4ihtmxS_uEjg4TOG4bOxS460I8G3JCqs1Kr72CFA5Oq4vkaU2af5h4cqRf4x20XU7v993TtiCa_CNMBnbAvVQiyQrROOEpPtKs0Quu3tsUONb18LOZ8KrGZW3mkfllrODuFcPfI2wSJCOs9MdPw1AX6y5jRCXsR-k8fk-ToNEemm5zmGSldH7mUNnRFusIJCpe1I30NolKu7M6shx8kYWcN8aeYWfJImEUIkoESxDdpnEUHwqC85VwX_qdFmvNIm8wKi2rr4tsWjcb4Ffip7W7A1H_zxu7i5CdYdFJL9c5FAnSADZC-3Ndw-hTKGQfDa2leGKp0PFhth4RCRZrOr_RpDTnFor70Q3C4uzPsCNz_AXeI8XEaCV9gt1iRKu-ZDeiX7jrdvLFlb-kh5AL5geo5nZSWBJMsTK3eJkblicZR7zChaANbs_cTaVAJ_HK77eVicPdmJWx2SK-E2VjBFi5U45Dz0TnhVwCQrnJbDpEY2ZwVzbkBDnY0HAmf92n9XyUTYCm5IYDaMqTvOdwsONj1FQC_LuGO3FsSSB9GVZopZRV23j8PAiyGkNvPv4m0iDCYrXf5ZUfyAw9tUZAFh26A0Ou8bGwXlbEva67caAEWZ8IKtcaZIZ6Tuc5qxGFjGjIDTRFbiBPhTRfAs02Xr4AWEhiZruFNHaqpaAMFSHiJ-_HAWSKIJkCNfKqVSr8myPJhqxHGpJArKTDAjZFsRt9HYf9ptD6yn9Qsvzf0Vwa24IaEE7792b8I6wavP2OMwqUqMjJBifdKnpgv7YhW3onIg5laCOVwx95n3R-VG7J0E_k47GRlsX1iwwLKF5y8Bc4cH&sai=AMfl-YQelOroKFdegI2dOUOR1q4W3LTS2oWV4O6WBwyQwlMIo04sJ30Nx6Qn8ucszvJn0Xno1IUw5-STzrbPyfa-rql9cRAeg2HP5GohiS09uTQTuSrEO7N-4e9GgxbMMtdLNe6qGEsDTvhQcUFDWSyfgRc3AifL0BH9VU8FOAUh_R_9NCjKDRKjws8fKTsz6HaS5F9DdCQ0l0BBZiWPVz4vIMMKopihIFrafiDLBgTF7F8RFyBfVTVuJie8oAG9IBt07CrGw_zGealq-SkfwW49mrplx6sffSSrAMJFT0d8JdcG-fSdK_OBrmyzWq2rNsJFb5_9&sig=Cg0ArKJSzMEPmerFvOD6EAE&uach_m=%5BUACH%5D&crd=aHR0cHM6Ly9tYXguY29t&fbs_aeid=%5Bgw_fbsaeid%5D&urlfix=1&nis=4&adurl=.
[CDP Connection] INFO Selenium_4_Tests.TestDevToolsConsoleLogs - URL: Optional[https://my-location.org/]
[CDP Connection] INFO Selenium_4_Tests.TestDevToolsConsoleLogs - Timestamp: 1.727738330143973E12
[CDP Connection] INFO Selenium_4_Tests.TestDevToolsConsoleLogs - StackTrace: Optional.empty
[CDP Connection] INFO Selenium_4_Tests.TestDevToolsConsoleLogs - --------
[CDP Connection] INFO Selenium_4_Tests.TestDevToolsConsoleLogs - --------
[CDP Connection] INFO Selenium_4_Tests.TestDevToolsConsoleLogs - Level: warning
[CDP Connection] INFO Selenium_4_Tests.TestDevToolsConsoleLogs - Text: Tracking Prevention blocked access to storage for https://ad.doubleclick.net/pcs/view?xai=AKAOjstZhyQXVYwPHLj6tb0FlE2dAIGFEUR6vU0doYR8VbIhw5YjLo7CSLE_Sl30JbtiR7oUUQAg-VgFZV6ay3Fd3LqC8VXGxvJUdNwsN6DxQeP1rXpZ-iJesE1RZaixFhegd6odNgIX1WBQqcIIv6duCgmhl3fT2nTOPsud88OL-5NHemfGhi_2qISqK5ttSCLu8iHVIMMsgM4L1v8Q5wIOPihFNoP6zZZlcMo9R2dk0H2R361js1Gk5Uj5kbvmrsOZr0CyeHSO0W5NTAvqWmq_YpDFbeZiMS0tglAnBa_3gUHwV4gQGfXdWQOxVS2b3iuo5HuhADb0HMhskpa4MuustxugaWMx0Fk_QDjFh63c9c6VWP6NmqdqHYFwOvdgfgGPTPk_OHjE8d4JLSlaLjYxS0Wxmnr0GyoeKGDjG3-QYS8JspBezdfaRVeyWcxKhlE_qGsFhkzWhIWN-ayY1CNF0JukTnHz5Lg-WarQ_IbSkUOCVUvhtSaxdliAJVvVLCidmZrQlAr3YlVoEbcjwIO9jqd9TWTP5nHqG_oiShtj4ihtmxS_uEjg4TOG4bOxS460I8G3JCqs1Kr72CFA5Oq4vkaU2af5h4cqRf4x20XU7v993TtiCa_CNMBnbAvVQiyQrROOEpPtKs0Quu3tsUONb18LOZ8KrGZW3mkfllrODuFcPfI2wSJCOs9MdPw1AX6y5jRCXsR-k8fk-ToNEemm5zmGSldH7mUNnRFusIJCpe1I30NolKu7M6shx8kYWcN8aeYWfJImEUIkoESxDdpnEUHwqC85VwX_qdFmvNIm8wKi2rr4tsWjcb4Ffip7W7A1H_zxu7i5CdYdFJL9c5FAnSADZC-3Ndw-hTKGQfDa2leGKp0PFhth4RCRZrOr_RpDTnFor70Q3C4uzPsCNz_AXeI8XEaCV9gt1iRKu-ZDeiX7jrdvLFlb-kh5AL5geo5nZSWBJMsTK3eJkblicZR7zChaANbs_cTaVAJ_HK77eVicPdmJWx2SK-E2VjBFi5U45Dz0TnhVwCQrnJbDpEY2ZwVzbkBDnY0HAmf92n9XyUTYCm5IYDaMqTvOdwsONj1FQC_LuGO3FsSSB9GVZopZRV23j8PAiyGkNvPv4m0iDCYrXf5ZUfyAw9tUZAFh26A0Ou8bGwXlbEva67caAEWZ8IKtcaZIZ6Tuc5qxGFjGjIDTRFbiBPhTRfAs02Xr4AWEhiZruFNHaqpaAMFSHiJ-_HAWSKIJkCNfKqVSr8myPJhqxHGpJArKTDAjZFsRt9HYf9ptD6yn9Qsvzf0Vwa24IaEE7792b8I6wavP2OMwqUqMjJBifdKnpgv7YhW3onIg5laCOVwx95n3R-VG7J0E_k47GRlsX1iwwLKF5y8Bc4cH&sai=AMfl-YQelOroKFdegI2dOUOR1q4W3LTS2oWV4O6WBwyQwlMIo04sJ30Nx6Qn8ucszvJn0Xno1IUw5-STzrbPyfa-rql9cRAeg2HP5GohiS09uTQTuSrEO7N-4e9GgxbMMtdLNe6qGEsDTvhQcUFDWSyfgRc3AifL0BH9VU8FOAUh_R_9NCjKDRKjws8fKTsz6HaS5F9DdCQ0l0BBZiWPVz4vIMMKopihIFrafiDLBgTF7F8RFyBfVTVuJie8oAG9IBt07CrGw_zGealq-SkfwW49mrplx6sffSSrAMJFT0d8JdcG-fSdK_OBrmyzWq2rNsJFb5_9&sig=Cg0ArKJSzMEPmerFvOD6EAE&uach_m=%5BUACH%5D&crd=aHR0cHM6Ly9tYXguY29t&fbs_aeid=%5Bgw_fbsaeid%5D&urlfix=1&nis=4&adurl=.
[CDP Connection] INFO Selenium_4_Tests.TestDevToolsConsoleLogs - URL: Optional[https://my-location.org/]
[CDP Connection] INFO Selenium_4_Tests.TestDevToolsConsoleLogs - Timestamp: 1.727738330144453E12
[CDP Connection] INFO Selenium_4_Tests.TestDevToolsConsoleLogs - StackTrace: Optional.empty
[CDP Connection] INFO Selenium_4_Tests.TestDevToolsConsoleLogs - --------
[CDP Connection] INFO Selenium_4_Tests.TestDevToolsConsoleLogs - --------
[CDP Connection] INFO Selenium_4_Tests.TestDevToolsConsoleLogs - Level: warning
[CDP Connection] INFO Selenium_4_Tests.TestDevToolsConsoleLogs - Text: Tracking Prevention blocked access to storage for https://ade.googlesyndication.com/ddm/activity/dc_oe=ChMI--yp6ubriAMVtRbQBB3iUif5EAAYACD7oLpoQhMIwOCy6ebriAMV-b-DCB2z7DuZSABQOljRdWD_94APaNWeobkBeOutiwaCAX4KEwjA4LLp5uuIAxX5v4MIHbPsO5kSEwiJvKnq5uuIAxWtrYMIHbe4MwEiGgj-gaCkThDB2paIAqgCu-6p3QWwAoL1q-QDKM8CQAHgAQGAAgGYAgGgApT699WsEqgCBsACTsgCqcnuBJoDECgAAOIfgAPiMTNvVUSt96TQAwM;dc_eps=AHas8cBYc825HX9tGkYgiUD25QAHgbY6DFsWZUcekOhYwBbG94XCaazDuRYa6xOh6IbLcIUlji4VbwQjD55LeKUEZLY;met=1;ecn1=1;etm1=0;eid1=11;.
[CDP Connection] INFO Selenium_4_Tests.TestDevToolsConsoleLogs - URL: Optional[https://my-location.org/]
[CDP Connection] INFO Selenium_4_Tests.TestDevToolsConsoleLogs - Timestamp: 1.727738330146081E12
[CDP Connection] INFO Selenium_4_Tests.TestDevToolsConsoleLogs - StackTrace: Optional.empty
[CDP Connection] INFO Selenium_4_Tests.TestDevToolsConsoleLogs - --------
[CDP Connection] INFO Selenium_4_Tests.TestDevToolsConsoleLogs - --------
[CDP Connection] INFO Selenium_4_Tests.TestDevToolsConsoleLogs - Level: warning
[CDP Connection] INFO Selenium_4_Tests.TestDevToolsConsoleLogs - Text: Tracking Prevention blocked access to storage for https://ade.googlesyndication.com/ddm/activity/dc_oe=ChMI--yp6ubriAMVtRbQBB3iUif5EAAYACD7oLpoQhMIwOCy6ebriAMV-b-DCB2z7DuZSABQOljRdWD_94APaNWeobkBeOutiwaCAX4KEwjA4LLp5uuIAxX5v4MIHbPsO5kSEwiJvKnq5uuIAxWtrYMIHbe4MwEiGgj-gaCkThDB2paIAqgCu-6p3QWwAoL1q-QDKM8CQAHgAQGAAgGYAgGgApT699WsEqgCBsACTsgCqcnuBJoDECgAAOIfgAPiMTNvVUSt96TQAwM;dc_eps=AHas8cBYc825HX9tGkYgiUD25QAHgbY6DFsWZUcekOhYwBbG94XCaazDuRYa6xOh6IbLcIUlji4VbwQjD55LeKUEZLY;met=1;ecn1=1;etm1=0;eid1=11;.
[CDP Connection] INFO Selenium_4_Tests.TestDevToolsConsoleLogs - URL: Optional[https://my-location.org/]
[CDP Connection] INFO Selenium_4_Tests.TestDevToolsConsoleLogs - Timestamp: 1.727738330147387E12
[CDP Connection] INFO Selenium_4_Tests.TestDevToolsConsoleLogs - StackTrace: Optional.empty
[CDP Connection] INFO Selenium_4_Tests.TestDevToolsConsoleLogs - --------
[CDP Connection] INFO Selenium_4_Tests.TestDevToolsConsoleLogs - --------
[CDP Connection] INFO Selenium_4_Tests.TestDevToolsConsoleLogs - Level: warning
[CDP Connection] INFO Selenium_4_Tests.TestDevToolsConsoleLogs - Text: Tracking Prevention blocked access to storage for https://ade.googlesyndication.com/ddm/activity/dc_oe=ChMI--yp6ubriAMVtRbQBB3iUif5EAAYACD7oLpoQhMIwOCy6ebriAMV-b-DCB2z7DuZSABQOljRdWD_94APaNWeobkBeOutiwaCAX4KEwjA4LLp5uuIAxX5v4MIHbPsO5kSEwiJvKnq5uuIAxWtrYMIHbe4MwEiGgj-gaCkThDB2paIAqgCu-6p3QWwAoL1q-QDKM8CQAHgAQGAAgGYAgGgApT699WsEqgCBsACTsgCqcnuBJoDECgAAOIfgAPiMTNvVUSt96TQAwM;dc_eps=AHas8cBYc825HX9tGkYgiUD25QAHgbY6DFsWZUcekOhYwBbG94XCaazDuRYa6xOh6IbLcIUlji4VbwQjD55LeKUEZLY;met=1;acvw=v%3D20240926%26bin%3D30%26cb%3Drxov%26e%3D0%26sdk%3Do%26p%3D1,164,119,373%26tm%3D22%26tu%3D0%26tos%3D22,0,0,0,0%26mtos%3D22,22,22,22,22%26mcvt%3D22%26ps%3D0,0%26scs%3D0,0%26bs%3D0,0%26a%3D0%26at%3D0%26dat%3D0%26amtos%3D0,0,0,0,0%26as%3D0%26vpt%3D22%26is%3D33554707%26i0%3D33554707%26ic%3D33556754%26cs%3D33556754%26gmm%3D4%26nmt%3D0%26tcm%3D0%26dur%3D15000%26c%3D1%26mc%3D1%26nc%3D1%26lte%3D1.0047846889952152%26mv%3D0%26nv%3D0%26avms%3Domid%26psm%3D1%26ces%3D200104%26ssb%3D0,0,0,0,0,0,0,0,0,0,0%26omidp%3DGoogle2%26omidpv%3D0.0.0%26omidor%3D0%26omids%3Dh%26omidam%3Dl%26omidct%3Dvideo%26omidia%3D0%26nopd%3D0%26dvs%3D22%26dfvs%3D22%26dvpt%3D22%26qmt%3D22,22,22,22,22%26qas%3D0%26qnv%3D0%26qmv%3D0;gv=v%3D20240926%26bin%3D30%26cb%3Drxov%26e%3D0%26sdk%3Do%26p%3D1,164,119,373%26tm%3D22%26tu%3D0%26tos%3D22,0,0,0,0%26mtos%3D22,22,22,22,22%26mcvt%3D22%26ps%3D0,0%26scs%3D0,0%26bs%3D0,0%26a%3D0%26at%3D0%26dat%3D0%26amtos%3D0,0,0,0,0%26as%3D0%26vpt%3D22%26is%3D33554707%26i0%3D33554707%26ic%3D33556754%26cs%3D33556754%26gmm%3D4%26nmt%3D0%26tcm%3D0%26dur%3D15000%26c%3D1%26mc%3D1%26nc%3D1%26lte%3D1.0047846889952152%26mv%3D0%26nv%3D0%26avms%3Domid%26psm%3D1%26ces%3D200104%26ssb%3D0,0,0,0,0,0,0,0,0,0,0%26omidp%3DGoogle2%26omidpv%3D0.0.0%26omidor%3D0%26omids%3Dh%26omidam%3Dl%26omidct%3Dvideo%26omidia%3D0%26nopd%3D0%26dvs%3D22%26dfvs%3D22%26dvpt%3D22%26atos%3D0,0,0,0,0%26avt%3D0%26davs%3D0%26dafvs%3D0%26dav%3D0%26ss%3D0;dc_rfl=%5BURL_SIGNALS%5D;ecn1=1;etm1=0;eid1=210001;.
[CDP Connection] INFO Selenium_4_Tests.TestDevToolsConsoleLogs - URL: Optional[https://my-location.org/]
[CDP Connection] INFO Selenium_4_Tests.TestDevToolsConsoleLogs - Timestamp: 1.727738330186698E12
[CDP Connection] INFO Selenium_4_Tests.TestDevToolsConsoleLogs - StackTrace: Optional.empty
[CDP Connection] INFO Selenium_4_Tests.TestDevToolsConsoleLogs - --------
[CDP Connection] INFO Selenium_4_Tests.TestDevToolsConsoleLogs - --------
[CDP Connection] INFO Selenium_4_Tests.TestDevToolsConsoleLogs - Level: warning
[CDP Connection] INFO Selenium_4_Tests.TestDevToolsConsoleLogs - Text: Tracking Prevention blocked access to storage for https://ade.googlesyndication.com/ddm/activity/dc_oe=ChMI--yp6ubriAMVtRbQBB3iUif5EAAYACD7oLpoQhMIwOCy6ebriAMV-b-DCB2z7DuZSABQOljRdWD_94APaNWeobkBeOutiwaCAX4KEwjA4LLp5uuIAxX5v4MIHbPsO5kSEwiJvKnq5uuIAxWtrYMIHbe4MwEiGgj-gaCkThDB2paIAqgCu-6p3QWwAoL1q-QDKM8CQAHgAQGAAgGYAgGgApT699WsEqgCBsACTsgCqcnuBJoDECgAAOIfgAPiMTNvVUSt96TQAwM;dc_eps=AHas8cBYc825HX9tGkYgiUD25QAHgbY6DFsWZUcekOhYwBbG94XCaazDuRYa6xOh6IbLcIUlji4VbwQjD55LeKUEZLY;met=1;acvw=v%3D20240926%26bin%3D30%26cb%3Drxov%26e%3D0%26sdk%3Do%26p%3D1,164,119,373%26tm%3D22%26tu%3D0%26tos%3D22,0,0,0,0%26mtos%3D22,22,22,22,22%26mcvt%3D22%26ps%3D0,0%26scs%3D0,0%26bs%3D0,0%26a%3D0%26at%3D0%26dat%3D0%26amtos%3D0,0,0,0,0%26as%3D0%26vpt%3D22%26is%3D33554707%26i0%3D33554707%26ic%3D33556754%26cs%3D33556754%26gmm%3D4%26nmt%3D0%26tcm%3D0%26dur%3D15000%26c%3D1%26mc%3D1%26nc%3D1%26lte%3D1.0047846889952152%26mv%3D0%26nv%3D0%26avms%3Domid%26psm%3D1%26ces%3D200104%26ssb%3D0,0,0,0,0,0,0,0,0,0,0%26omidp%3DGoogle2%26omidpv%3D0.0.0%26omidor%3D0%26omids%3Dh%26omidam%3Dl%26omidct%3Dvideo%26omidia%3D0%26nopd%3D0%26dvs%3D22%26dfvs%3D22%26dvpt%3D22%26qmt%3D22,22,22,22,22%26qas%3D0%26qnv%3D0%26qmv%3D0;gv=v%3D20240926%26bin%3D30%26cb%3Drxov%26e%3D0%26sdk%3Do%26p%3D1,164,119,373%26tm%3D22%26tu%3D0%26tos%3D22,0,0,0,0%26mtos%3D22,22,22,22,22%26mcvt%3D22%26ps%3D0,0%26scs%3D0,0%26bs%3D0,0%26a%3D0%26at%3D0%26dat%3D0%26amtos%3D0,0,0,0,0%26as%3D0%26vpt%3D22%26is%3D33554707%26i0%3D33554707%26ic%3D33556754%26cs%3D33556754%26gmm%3D4%26nmt%3D0%26tcm%3D0%26dur%3D15000%26c%3D1%26mc%3D1%26nc%3D1%26lte%3D1.0047846889952152%26mv%3D0%26nv%3D0%26avms%3Domid%26psm%3D1%26ces%3D200104%26ssb%3D0,0,0,0,0,0,0,0,0,0,0%26omidp%3DGoogle2%26omidpv%3D0.0.0%26omidor%3D0%26omids%3Dh%26omidam%3Dl%26omidct%3Dvideo%26omidia%3D0%26nopd%3D0%26dvs%3D22%26dfvs%3D22%26dvpt%3D22%26atos%3D0,0,0,0,0%26avt%3D0%26davs%3D0%26dafvs%3D0%26dav%3D0%26ss%3D0;dc_rfl=%5BURL_SIGNALS%5D;ecn1=1;etm1=0;eid1=210001;.
[CDP Connection] INFO Selenium_4_Tests.TestDevToolsConsoleLogs - --------
[CDP Connection] INFO Selenium_4_Tests.TestDevToolsConsoleLogs - URL: Optional[https://my-location.org/]
[CDP Connection] INFO Selenium_4_Tests.TestDevToolsConsoleLogs - Level: warning
[CDP Connection] INFO Selenium_4_Tests.TestDevToolsConsoleLogs - Text: Tracking Prevention blocked access to storage for https://pagead2.googlesyndication.com/pcs/activeview?xai=AKAOjsuk3GCLtX8Rx3bhI3OSn5d4ISGabwCpxh8ne9Iq6KWKg1R9fuGxc8uIkEiPGBdvsPpZ8zyO19GgSp1ixX5mjs87_ZTzQaqokbZ_FiqTiBUA3_keI6mosuIvtcq9R6L0SsfmdVqheGueDjoK9haHtwWRnDnABDiQ69sUCg&sai=AMfl-YSGntfEAfBvD99Sn9-E2pHTctLfx69ERKSHlvxqgzvSaJhHyTRdbg9-iLhvN8LcYw7G5Ak1T9dhT4VQ1teKL5GFVY9GXpyB8YmYnTnQ3mr0vCS74bSt3ngROflUm3VO0CCzCevI51T5zNjGe1159w&sig=Cg0ArKJSzPO_zdmSPs6-EAE&cid=CAQSTwDpaXnfEKt_WyN4tqICVuE8Kc5SxFjacbGo50yAClqTNQQcCCKRUhspr6w8gsfM6qfqY8b1gocyeRPJBDjL5JRXLela-OwS8oED3groxOEYAQ&id=lidarv&acvw=v%3D20240926%26bin%3D30%26cb%3Drxov%26e%3D15%26sdk%3Do%26p%3D1,164,119,373%26tm%3D32%26tu%3D0%26tos%3D32,0,0,0,0%26mtos%3D32,32,32,32,32%26mcvt%3D32%26ps%3D0,0%26scs%3D0,0%26bs%3D0,0%26a%3D0%26at%3D0%26amtos%3D0,0,0,0,0%26as%3D0%26vpt%3D32%26is%3D33554707%26i0%3D33554707%26cs%3D33556754%26gmm%3D4%26nmt%3D0%26tcm%3D0%26dur%3D15000%26c%3D1%26mc%3D1%26nc%3D1%26lte%3D1.0047846889952152%26mv%3D0%26nv%3D0%26avms%3Domid%26psm%3D1%26ssb%3D0,0,0,0,0,0,0,0,0,0,0%26omidp%3DGoogle2%26omidpv%3D0.0.0%26omidor%3D0%26omids%3Dh%26omidam%3Dl%26omidct%3Dvideo%26omidia%3D0%26nopd%3D0&gv=v%3D20240926%26bin%3D30%26cb%3Drxov%26e%3D15%26sdk%3Do%26p%3D1,164,119,373%26tm%3D32%26tu%3D0%26tos%3D32,0,0,0,0%26mtos%3D32,32,32,32,32%26mcvt%3D32%26ps%3D0,0%26scs%3D0,0%26bs%3D0,0%26a%3D0%26at%3D0%26amtos%3D0,0,0,0,0%26as%3D0%26vpt%3D32%26is%3D33554707%26i0%3D33554707%26cs%3D33556754%26gmm%3D4%26nmt%3D0%26tcm%3D0%26dur%3D15000%26c%3D1%26mc%3D1%26nc%3D1%26lte%3D1.0047846889952152%26mv%3D0%26nv%3D0%26avms%3Domid%26psm%3D1%26ssb%3D0,0,0,0,0,0,0,0,0,0,0%26omidp%3DGoogle2%26omidpv%3D0.0.0%26omidor%3D0%26omids%3Dh%26omidam%3Dl%26omidct%3Dvideo%26omidia%3D0%26nopd%3D0%26atos%3D0,0,0,0,0%26avt%3D0%26ss%3D0&avm=1.
[CDP Connection] INFO Selenium_4_Tests.TestDevToolsConsoleLogs - Timestamp: 1.727738330188105E12
[CDP Connection] INFO Selenium_4_Tests.TestDevToolsConsoleLogs - URL: Optional[https://my-location.org/]
[CDP Connection] INFO Selenium_4_Tests.TestDevToolsConsoleLogs - StackTrace: Optional.empty
[CDP Connection] INFO Selenium_4_Tests.TestDevToolsConsoleLogs - --------
[CDP Connection] INFO Selenium_4_Tests.TestDevToolsConsoleLogs - Timestamp: 1.727738330188309E12
[CDP Connection] INFO Selenium_4_Tests.TestDevToolsConsoleLogs - StackTrace: Optional.empty
[CDP Connection] INFO Selenium_4_Tests.TestDevToolsConsoleLogs - --------
[CDP Connection] INFO Selenium_4_Tests.TestDevToolsConsoleLogs - --------
[CDP Connection] INFO Selenium_4_Tests.TestDevToolsConsoleLogs - Level: warning
[CDP Connection] INFO Selenium_4_Tests.TestDevToolsConsoleLogs - Text: Tracking Prevention blocked access to storage for https://pagead2.googlesyndication.com/pcs/activeview?xai=AKAOjsuk3GCLtX8Rx3bhI3OSn5d4ISGabwCpxh8ne9Iq6KWKg1R9fuGxc8uIkEiPGBdvsPpZ8zyO19GgSp1ixX5mjs87_ZTzQaqokbZ_FiqTiBUA3_keI6mosuIvtcq9R6L0SsfmdVqheGueDjoK9haHtwWRnDnABDiQ69sUCg&sai=AMfl-YSGntfEAfBvD99Sn9-E2pHTctLfx69ERKSHlvxqgzvSaJhHyTRdbg9-iLhvN8LcYw7G5Ak1T9dhT4VQ1teKL5GFVY9GXpyB8YmYnTnQ3mr0vCS74bSt3ngROflUm3VO0CCzCevI51T5zNjGe1159w&sig=Cg0ArKJSzPO_zdmSPs6-EAE&cid=CAQSTwDpaXnfEKt_WyN4tqICVuE8Kc5SxFjacbGo50yAClqTNQQcCCKRUhspr6w8gsfM6qfqY8b1gocyeRPJBDjL5JRXLela-OwS8oED3groxOEYAQ&id=lidarv&acvw=v%3D20240926%26bin%3D30%26cb%3Drxov%26e%3D15%26sdk%3Do%26p%3D1,164,119,373%26tm%3D32%26tu%3D0%26tos%3D32,0,0,0,0%26mtos%3D32,32,32,32,32%26mcvt%3D32%26ps%3D0,0%26scs%3D0,0%26bs%3D0,0%26a%3D0%26at%3D0%26amtos%3D0,0,0,0,0%26as%3D0%26vpt%3D32%26is%3D33554707%26i0%3D33554707%26cs%3D33556754%26gmm%3D4%26nmt%3D0%26tcm%3D0%26dur%3D15000%26c%3D1%26mc%3D1%26nc%3D1%26lte%3D1.0047846889952152%26mv%3D0%26nv%3D0%26avms%3Domid%26psm%3D1%26ssb%3D0,0,0,0,0,0,0,0,0,0,0%26omidp%3DGoogle2%26omidpv%3D0.0.0%26omidor%3D0%26omids%3Dh%26omidam%3Dl%26omidct%3Dvideo%26omidia%3D0%26nopd%3D0&gv=v%3D20240926%26bin%3D30%26cb%3Drxov%26e%3D15%26sdk%3Do%26p%3D1,164,119,373%26tm%3D32%26tu%3D0%26tos%3D32,0,0,0,0%26mtos%3D32,32,32,32,32%26mcvt%3D32%26ps%3D0,0%26scs%3D0,0%26bs%3D0,0%26a%3D0%26at%3D0%26amtos%3D0,0,0,0,0%26as%3D0%26vpt%3D32%26is%3D33554707%26i0%3D33554707%26cs%3D33556754%26gmm%3D4%26nmt%3D0%26tcm%3D0%26dur%3D15000%26c%3D1%26mc%3D1%26nc%3D1%26lte%3D1.0047846889952152%26mv%3D0%26nv%3D0%26avms%3Domid%26psm%3D1%26ssb%3D0,0,0,0,0,0,0,0,0,0,0%26omidp%3DGoogle2%26omidpv%3D0.0.0%26omidor%3D0%26omids%3Dh%26omidam%3Dl%26omidct%3Dvideo%26omidia%3D0%26nopd%3D0%26atos%3D0,0,0,0,0%26avt%3D0%26ss%3D0&avm=1.
[CDP Connection] INFO Selenium_4_Tests.TestDevToolsConsoleLogs - URL: Optional[https://my-location.org/]
[CDP Connection] INFO Selenium_4_Tests.TestDevToolsConsoleLogs - Timestamp: 1.727738330188729E12
[CDP Connection] INFO Selenium_4_Tests.TestDevToolsConsoleLogs - StackTrace: Optional.empty
[CDP Connection] INFO Selenium_4_Tests.TestDevToolsConsoleLogs - --------
[CDP Connection] INFO Selenium_4_Tests.TestDevToolsConsoleLogs - --------
[CDP Connection] INFO Selenium_4_Tests.TestDevToolsConsoleLogs - Level: warning
[CDP Connection] INFO Selenium_4_Tests.TestDevToolsConsoleLogs - Text: Tracking Prevention blocked access to storage for https://googleads.g.doubleclick.net/pagead/interaction/?ai=Cjd3S1TH7ZoCiMfn_jvQPs9nvyQmppd3yeZT699WsEmQQASCpye4EYKu55IGcBqABk-ehySrIAQWoAwHIA5sEqgT2AU_QQ8vdasGZCCCCyx3R4NfujsdBdmS7RFheakUwGbLY6UlkD6gxdPKCbOtaPo6Eo-ZM1udby7kgxZhWx4wMbowg3yavGvARx4rXyjpQe8HOhcGFhnO-whP50lFJAJ97WLLkuKAz0GjImVMs2ABNJOuqPmNpfEOpp_8XSOGcP_BI35SHtxCoLOwNXKuDmFxlQfnuyDNl5itzggRuCsBxG6Tbeh89ZfP_z7vSc1Zc9oiFlC-U0ef1wF6LvcTRAhqWdO5xyUbtwICSWXhvlZiC-cDpsGjVf-OdM9-CR7OXR_61xlQNF-fjnYziMHYgeFUWnDXZ9Q8e-sAEsPDt-tAE4AQDiAX-gaCkTpAGAaAGToAHk5_yqAWoB9XJG6gH2baxAqgHpr4bqAeOzhuoB5PYG6gH8OAbqAfulrECqAf-nrECqAevvrECqAeaBqgH89EbqAeW2BuoB6qbsQKoB4OtsQKoB-C9sQKoB_-esQKoB9-fsQKoB_jCsQKoB_vCsQLYBwDSCCYIgGEQARgfMgKKAjoLgECAwICAgKCogAJIvf3BOlilv7Lp5uuIA4AKAZgLAcgLAYAMAaoNAkNPsBPSzMgZ2BMKiBQI2BQB0BUB-BYBgBcBshcCGALoFwSyGAkSAsZSGE4iAQA&sigh=_7a4VcrNEzM&label=active_view_start&ad_mt=%5BAD_MT%5D&acvw=v%3D20240926%26bin%3D30%26cb%3Drxov%26e%3D0%26sdk%3Do%26p%3D1,164,119,373%26tm%3D32%26tu%3D0%26tos%3D32,0,0,0,0%26mtos%3D32,32,32,32,32%26mcvt%3D32%26ps%3D0,0%26scs%3D0,0%26bs%3D0,0%26a%3D0%26at%3D0%26dat%3D0%26amtos%3D0,0,0,0,0%26as%3D0%26vpt%3D32%26is%3D33554707%26i0%3D33554707%26ic%3D33556754%26cs%3D33556754%26gmm%3D4%26nmt%3D0%26tcm%3D0%26dur%3D15000%26c%3D1%26mc%3D1%26nc%3D1%26lte%3D1.0047846889952152%26mv%3D0%26nv%3D0%26avms%3Domid%26psm%3D1%26ssb%3D0,0,0,0,0,0,0,0,0,0,0%26omidp%3DGoogle2%26omidpv%3D0.0.0%26omidor%3D0%26omids%3Dh%26omidam%3Dl%26omidct%3Dvideo%26omidia%3D0%26nopd%3D0%26dvs%3D32%26dfvs%3D32%26dvpt%3D32%26qmt%3D32,32,32,32,32%26qas%3D0%26qnv%3D0%26qmv%3D0&gv=v%3D20240926%26bin%3D30%26cb%3Drxov%26e%3D0%26sdk%3Do%26p%3D1,164,119,373%26tm%3D32%26tu%3D0%26tos%3D32,0,0,0,0%26mtos%3D32,32,32,32,32%26mcvt%3D32%26ps%3D0,0%26scs%3D0,0%26bs%3D0,0%26a%3D0%26at%3D0%26dat%3D0%26amtos%3D0,0,0,0,0%26as%3D0%26vpt%3D32%26is%3D33554707%26i0%3D33554707%26ic%3D33556754%26cs%3D33556754%26gmm%3D4%26nmt%3D0%26tcm%3D0%26dur%3D15000%26c%3D1%26mc%3D1%26nc%3D1%26lte%3D1.0047846889952152%26mv%3D0%26nv%3D0%26avms%3Domid%26psm%3D1%26ssb%3D0,0,0,0,0,0,0,0,0,0,0%26omidp%3DGoogle2%26omidpv%3D0.0.0%26omidor%3D0%26omids%3Dh%26omidam%3Dl%26omidct%3Dvideo%26omidia%3D0%26nopd%3D0%26dvs%3D32%26dfvs%3D32%26dvpt%3D32%26atos%3D0,0,0,0,0%26avt%3D0%26davs%3D0%26dafvs%3D0%26dav%3D0%26ss%3D0.
[CDP Connection] INFO Selenium_4_Tests.TestDevToolsConsoleLogs - URL: Optional[https://my-location.org/]
[CDP Connection] INFO Selenium_4_Tests.TestDevToolsConsoleLogs - Timestamp: 1.727738330188896E12
[CDP Connection] INFO Selenium_4_Tests.TestDevToolsConsoleLogs - StackTrace: Optional.empty
[CDP Connection] INFO Selenium_4_Tests.TestDevToolsConsoleLogs - --------
[CDP Connection] INFO Selenium_4_Tests.TestDevToolsConsoleLogs - --------
[CDP Connection] INFO Selenium_4_Tests.TestDevToolsConsoleLogs - Level: warning
[CDP Connection] INFO Selenium_4_Tests.TestDevToolsConsoleLogs - Text: Tracking Prevention blocked access to storage for https://googleads.g.doubleclick.net/pagead/interaction/?ai=Cjd3S1TH7ZoCiMfn_jvQPs9nvyQmppd3yeZT699WsEmQQASCpye4EYKu55IGcBqABk-ehySrIAQWoAwHIA5sEqgT2AU_QQ8vdasGZCCCCyx3R4NfujsdBdmS7RFheakUwGbLY6UlkD6gxdPKCbOtaPo6Eo-ZM1udby7kgxZhWx4wMbowg3yavGvARx4rXyjpQe8HOhcGFhnO-whP50lFJAJ97WLLkuKAz0GjImVMs2ABNJOuqPmNpfEOpp_8XSOGcP_BI35SHtxCoLOwNXKuDmFxlQfnuyDNl5itzggRuCsBxG6Tbeh89ZfP_z7vSc1Zc9oiFlC-U0ef1wF6LvcTRAhqWdO5xyUbtwICSWXhvlZiC-cDpsGjVf-OdM9-CR7OXR_61xlQNF-fjnYziMHYgeFUWnDXZ9Q8e-sAEsPDt-tAE4AQDiAX-gaCkTpAGAaAGToAHk5_yqAWoB9XJG6gH2baxAqgHpr4bqAeOzhuoB5PYG6gH8OAbqAfulrECqAf-nrECqAevvrECqAeaBqgH89EbqAeW2BuoB6qbsQKoB4OtsQKoB-C9sQKoB_-esQKoB9-fsQKoB_jCsQKoB_vCsQLYBwDSCCYIgGEQARgfMgKKAjoLgECAwICAgKCogAJIvf3BOlilv7Lp5uuIA4AKAZgLAcgLAYAMAaoNAkNPsBPSzMgZ2BMKiBQI2BQB0BUB-BYBgBcBshcCGALoFwSyGAkSAsZSGE4iAQA&sigh=_7a4VcrNEzM&label=active_view_start&ad_mt=%5BAD_MT%5D&acvw=v%3D20240926%26bin%3D30%26cb%3Drxov%26e%3D0%26sdk%3Do%26p%3D1,164,119,373%26tm%3D32%26tu%3D0%26tos%3D32,0,0,0,0%26mtos%3D32,32,32,32,32%26mcvt%3D32%26ps%3D0,0%26scs%3D0,0%26bs%3D0,0%26a%3D0%26at%3D0%26dat%3D0%26amtos%3D0,0,0,0,0%26as%3D0%26vpt%3D32%26is%3D33554707%26i0%3D33554707%26ic%3D33556754%26cs%3D33556754%26gmm%3D4%26nmt%3D0%26tcm%3D0%26dur%3D15000%26c%3D1%26mc%3D1%26nc%3D1%26lte%3D1.0047846889952152%26mv%3D0%26nv%3D0%26avms%3Domid%26psm%3D1%26ssb%3D0,0,0,0,0,0,0,0,0,0,0%26omidp%3DGoogle2%26omidpv%3D0.0.0%26omidor%3D0%26omids%3Dh%26omidam%3Dl%26omidct%3Dvideo%26omidia%3D0%26nopd%3D0%26dvs%3D32%26dfvs%3D32%26dvpt%3D32%26qmt%3D32,32,32,32,32%26qas%3D0%26qnv%3D0%26qmv%3D0&gv=v%3D20240926%26bin%3D30%26cb%3Drxov%26e%3D0%26sdk%3Do%26p%3D1,164,119,373%26tm%3D32%26tu%3D0%26tos%3D32,0,0,0,0%26mtos%3D32,32,32,32,32%26mcvt%3D32%26ps%3D0,0%26scs%3D0,0%26bs%3D0,0%26a%3D0%26at%3D0%26dat%3D0%26amtos%3D0,0,0,0,0%26as%3D0%26vpt%3D32%26is%3D33554707%26i0%3D33554707%26ic%3D33556754%26cs%3D33556754%26gmm%3D4%26nmt%3D0%26tcm%3D0%26dur%3D15000%26c%3D1%26mc%3D1%26nc%3D1%26lte%3D1.0047846889952152%26mv%3D0%26nv%3D0%26avms%3Domid%26psm%3D1%26ssb%3D0,0,0,0,0,0,0,0,0,0,0%26omidp%3DGoogle2%26omidpv%3D0.0.0%26omidor%3D0%26omids%3Dh%26omidam%3Dl%26omidct%3Dvideo%26omidia%3D0%26nopd%3D0%26dvs%3D32%26dfvs%3D32%26dvpt%3D32%26atos%3D0,0,0,0,0%26avt%3D0%26davs%3D0%26dafvs%3D0%26dav%3D0%26ss%3D0.
[CDP Connection] INFO Selenium_4_Tests.TestDevToolsConsoleLogs - URL: Optional[https://my-location.org/]
[CDP Connection] INFO Selenium_4_Tests.TestDevToolsConsoleLogs - Timestamp: 1.727738330188977E12
[CDP Connection] INFO Selenium_4_Tests.TestDevToolsConsoleLogs - StackTrace: Optional.empty
[CDP Connection] INFO Selenium_4_Tests.TestDevToolsConsoleLogs - --------
[CDP Connection] INFO Selenium_4_Tests.TestDevToolsConsoleLogs - --------
[CDP Connection] INFO Selenium_4_Tests.TestDevToolsConsoleLogs - Level: warning
[CDP Connection] INFO Selenium_4_Tests.TestDevToolsConsoleLogs - Text: Tracking Prevention blocked access to storage for https://googleads.g.doubleclick.net/pagead/interaction/?ai=Cjd3S1TH7ZoCiMfn_jvQPs9nvyQmppd3yeZT699WsEmQQASCpye4EYKu55IGcBqABk-ehySrIAQWoAwHIA5sEqgT2AU_QQ8vdasGZCCCCyx3R4NfujsdBdmS7RFheakUwGbLY6UlkD6gxdPKCbOtaPo6Eo-ZM1udby7kgxZhWx4wMbowg3yavGvARx4rXyjpQe8HOhcGFhnO-whP50lFJAJ97WLLkuKAz0GjImVMs2ABNJOuqPmNpfEOpp_8XSOGcP_BI35SHtxCoLOwNXKuDmFxlQfnuyDNl5itzggRuCsBxG6Tbeh89ZfP_z7vSc1Zc9oiFlC-U0ef1wF6LvcTRAhqWdO5xyUbtwICSWXhvlZiC-cDpsGjVf-OdM9-CR7OXR_61xlQNF-fjnYziMHYgeFUWnDXZ9Q8e-sAEsPDt-tAE4AQDiAX-gaCkTpAGAaAGToAHk5_yqAWoB9XJG6gH2baxAqgHpr4bqAeOzhuoB5PYG6gH8OAbqAfulrECqAf-nrECqAevvrECqAeaBqgH89EbqAeW2BuoB6qbsQKoB4OtsQKoB-C9sQKoB_-esQKoB9-fsQKoB_jCsQKoB_vCsQLYBwDSCCYIgGEQARgfMgKKAjoLgECAwICAgKCogAJIvf3BOlilv7Lp5uuIA4AKAZgLAcgLAYAMAaoNAkNPsBPSzMgZ2BMKiBQI2BQB0BUB-BYBgBcBshcCGALoFwSyGAkSAsZSGE4iAQA&sigh=_7a4VcrNEzM&label=vast_creativeview&ad_mt=14.
[CDP Connection] INFO Selenium_4_Tests.TestDevToolsConsoleLogs - URL: Optional[https://my-location.org/]
[CDP Connection] INFO Selenium_4_Tests.TestDevToolsConsoleLogs - Timestamp: 1.727738330259457E12
[CDP Connection] INFO Selenium_4_Tests.TestDevToolsConsoleLogs - StackTrace: Optional.empty
[CDP Connection] INFO Selenium_4_Tests.TestDevToolsConsoleLogs - --------
[CDP Connection] INFO Selenium_4_Tests.TestDevToolsConsoleLogs - --------
[CDP Connection] INFO Selenium_4_Tests.TestDevToolsConsoleLogs - Level: warning
[CDP Connection] INFO Selenium_4_Tests.TestDevToolsConsoleLogs - Text: Tracking Prevention blocked access to storage for https://googleads.g.doubleclick.net/xbbe/pixel?d=CNCnyZUEELvuqd0FGMHalogCIAEwAQ&v=APEucNX9QR25AgD1jINEqyfTkWRhpQsQW_V-Wj1XYwK7AKq2VkKSF70DzmKxnA60yosGpSH461sZycA_stlXyX1iAUd2QxfibkcIeP9y4BzooMNLmHrRF9I.
[CDP Connection] INFO Selenium_4_Tests.TestDevToolsConsoleLogs - URL: Optional[https://my-location.org/]
[CDP Connection] INFO Selenium_4_Tests.TestDevToolsConsoleLogs - Timestamp: 1.727738330266248E12
[CDP Connection] INFO Selenium_4_Tests.TestDevToolsConsoleLogs - StackTrace: Optional.empty
[CDP Connection] INFO Selenium_4_Tests.TestDevToolsConsoleLogs - --------
[CDP Connection] INFO Selenium_4_Tests.TestDevToolsConsoleLogs - --------
[CDP Connection] INFO Selenium_4_Tests.TestDevToolsConsoleLogs - Level: warning
[CDP Connection] INFO Selenium_4_Tests.TestDevToolsConsoleLogs - Text: Tracking Prevention blocked access to storage for https://googleads.g.doubleclick.net/pagead/interaction/?ai=Cjd3S1TH7ZoCiMfn_jvQPs9nvyQmppd3yeZT699WsEmQQASCpye4EYKu55IGcBqABk-ehySrIAQWoAwHIA5sEqgT2AU_QQ8vdasGZCCCCyx3R4NfujsdBdmS7RFheakUwGbLY6UlkD6gxdPKCbOtaPo6Eo-ZM1udby7kgxZhWx4wMbowg3yavGvARx4rXyjpQe8HOhcGFhnO-whP50lFJAJ97WLLkuKAz0GjImVMs2ABNJOuqPmNpfEOpp_8XSOGcP_BI35SHtxCoLOwNXKuDmFxlQfnuyDNl5itzggRuCsBxG6Tbeh89ZfP_z7vSc1Zc9oiFlC-U0ef1wF6LvcTRAhqWdO5xyUbtwICSWXhvlZiC-cDpsGjVf-OdM9-CR7OXR_61xlQNF-fjnYziMHYgeFUWnDXZ9Q8e-sAEsPDt-tAE4AQDiAX-gaCkTpAGAaAGToAHk5_yqAWoB9XJG6gH2baxAqgHpr4bqAeOzhuoB5PYG6gH8OAbqAfulrECqAf-nrECqAevvrECqAeaBqgH89EbqAeW2BuoB6qbsQKoB4OtsQKoB-C9sQKoB_-esQKoB9-fsQKoB_jCsQKoB_vCsQLYBwDSCCYIgGEQARgfMgKKAjoLgECAwICAgKCogAJIvf3BOlilv7Lp5uuIA4AKAZgLAcgLAYAMAaoNAkNPsBPSzMgZ2BMKiBQI2BQB0BUB-BYBgBcBshcCGALoFwSyGAkSAsZSGE4iAQA&sigh=_7a4VcrNEzM&label=part2viewed&ad_mt=14.
[CDP Connection] INFO Selenium_4_Tests.TestDevToolsConsoleLogs - URL: Optional[https://my-location.org/]
[CDP Connection] INFO Selenium_4_Tests.TestDevToolsConsoleLogs - Timestamp: 1.727738330267306E12
[CDP Connection] INFO Selenium_4_Tests.TestDevToolsConsoleLogs - StackTrace: Optional.empty
[CDP Connection] INFO Selenium_4_Tests.TestDevToolsConsoleLogs - --------
[CDP Connection] INFO Selenium_4_Tests.TestDevToolsConsoleLogs - --------
[CDP Connection] INFO Selenium_4_Tests.TestDevToolsConsoleLogs - Level: warning
[CDP Connection] INFO Selenium_4_Tests.TestDevToolsConsoleLogs - Text: Tracking Prevention blocked access to storage for https://googleads.g.doubleclick.net/pagead/interaction/?ai=Cjd3S1TH7ZoCiMfn_jvQPs9nvyQmppd3yeZT699WsEmQQASCpye4EYKu55IGcBqABk-ehySrIAQWoAwHIA5sEqgT2AU_QQ8vdasGZCCCCyx3R4NfujsdBdmS7RFheakUwGbLY6UlkD6gxdPKCbOtaPo6Eo-ZM1udby7kgxZhWx4wMbowg3yavGvARx4rXyjpQe8HOhcGFhnO-whP50lFJAJ97WLLkuKAz0GjImVMs2ABNJOuqPmNpfEOpp_8XSOGcP_BI35SHtxCoLOwNXKuDmFxlQfnuyDNl5itzggRuCsBxG6Tbeh89ZfP_z7vSc1Zc9oiFlC-U0ef1wF6LvcTRAhqWdO5xyUbtwICSWXhvlZiC-cDpsGjVf-OdM9-CR7OXR_61xlQNF-fjnYziMHYgeFUWnDXZ9Q8e-sAEsPDt-tAE4AQDiAX-gaCkTpAGAaAGToAHk5_yqAWoB9XJG6gH2baxAqgHpr4bqAeOzhuoB5PYG6gH8OAbqAfulrECqAf-nrECqAevvrECqAeaBqgH89EbqAeW2BuoB6qbsQKoB4OtsQKoB-C9sQKoB_-esQKoB9-fsQKoB_jCsQKoB_vCsQLYBwDSCCYIgGEQARgfMgKKAjoLgECAwICAgKCogAJIvf3BOlilv7Lp5uuIA4AKAZgLAcgLAYAMAaoNAkNPsBPSzMgZ2BMKiBQI2BQB0BUB-BYBgBcBshcCGALoFwSyGAkSAsZSGE4iAQA&sigh=_7a4VcrNEzM&label=active_view_start&ad_mt=%5BAD_MT%5D&acvw=v%3D20240926%26bin%3D30%26cb%3Drxov%26e%3D0%26sdk%3Do%26p%3D1,164,119,373%26tm%3D32%26tu%3D0%26tos%3D32,0,0,0,0%26mtos%3D32,32,32,32,32%26mcvt%3D32%26ps%3D0,0%26scs%3D0,0%26bs%3D0,0%26a%3D0%26at%3D0%26dat%3D0%26amtos%3D0,0,0,0,0%26as%3D0%26vpt%3D32%26is%3D33554707%26i0%3D33554707%26ic%3D33556754%26cs%3D33556754%26gmm%3D4%26nmt%3D0%26tcm%3D0%26dur%3D15000%26c%3D1%26mc%3D1%26nc%3D1%26lte%3D1.0047846889952152%26mv%3D0%26nv%3D0%26avms%3Domid%26psm%3D1%26ssb%3D0,0,0,0,0,0,0,0,0,0,0%26omidp%3DGoogle2%26omidpv%3D0.0.0%26omidor%3D0%26omids%3Dh%26omidam%3Dl%26omidct%3Dvideo%26omidia%3D0%26nopd%3D0%26dvs%3D32%26dfvs%3D32%26dvpt%3D32%26qmt%3D32,32,32,32,32%26qas%3D0%26qnv%3D0%26qmv%3D0&gv=v%3D20240926%26bin%3D30%26cb%3Drxov%26e%3D0%26sdk%3Do%26p%3D1,164,119,373%26tm%3D32%26tu%3D0%26tos%3D32,0,0,0,0%26mtos%3D32,32,32,32,32%26mcvt%3D32%26ps%3D0,0%26scs%3D0,0%26bs%3D0,0%26a%3D0%26at%3D0%26dat%3D0%26amtos%3D0,0,0,0,0%26as%3D0%26vpt%3D32%26is%3D33554707%26i0%3D33554707%26ic%3D33556754%26cs%3D33556754%26gmm%3D4%26nmt%3D0%26tcm%3D0%26dur%3D15000%26c%3D1%26mc%3D1%26nc%3D1%26lte%3D1.0047846889952152%26mv%3D0%26nv%3D0%26avms%3Domid%26psm%3D1%26ssb%3D0,0,0,0,0,0,0,0,0,0,0%26omidp%3DGoogle2%26omidpv%3D0.0.0%26omidor%3D0%26omids%3Dh%26omidam%3Dl%26omidct%3Dvideo%26omidia%3D0%26nopd%3D0%26dvs%3D32%26dfvs%3D32%26dvpt%3D32%26atos%3D0,0,0,0,0%26avt%3D0%26davs%3D0%26dafvs%3D0%26dav%3D0%26ss%3D0.
[CDP Connection] INFO Selenium_4_Tests.TestDevToolsConsoleLogs - URL: Optional[https://my-location.org/]
[CDP Connection] INFO Selenium_4_Tests.TestDevToolsConsoleLogs - Timestamp: 1.727738330295696E12
[CDP Connection] INFO Selenium_4_Tests.TestDevToolsConsoleLogs - StackTrace: Optional.empty
[CDP Connection] INFO Selenium_4_Tests.TestDevToolsConsoleLogs - --------
[CDP Connection] INFO Selenium_4_Tests.TestDevToolsConsoleLogs - --------
[CDP Connection] INFO Selenium_4_Tests.TestDevToolsConsoleLogs - Level: warning
[CDP Connection] INFO Selenium_4_Tests.TestDevToolsConsoleLogs - Text: Tracking Prevention blocked access to storage for https://ad.doubleclick.net/pcs/view?xai=AKAOjstZhyQXVYwPHLj6tb0FlE2dAIGFEUR6vU0doYR8VbIhw5YjLo7CSLE_Sl30JbtiR7oUUQAg-VgFZV6ay3Fd3LqC8VXGxvJUdNwsN6DxQeP1rXpZ-iJesE1RZaixFhegd6odNgIX1WBQqcIIv6duCgmhl3fT2nTOPsud88OL-5NHemfGhi_2qISqK5ttSCLu8iHVIMMsgM4L1v8Q5wIOPihFNoP6zZZlcMo9R2dk0H2R361js1Gk5Uj5kbvmrsOZr0CyeHSO0W5NTAvqWmq_YpDFbeZiMS0tglAnBa_3gUHwV4gQGfXdWQOxVS2b3iuo5HuhADb0HMhskpa4MuustxugaWMx0Fk_QDjFh63c9c6VWP6NmqdqHYFwOvdgfgGPTPk_OHjE8d4JLSlaLjYxS0Wxmnr0GyoeKGDjG3-QYS8JspBezdfaRVeyWcxKhlE_qGsFhkzWhIWN-ayY1CNF0JukTnHz5Lg-WarQ_IbSkUOCVUvhtSaxdliAJVvVLCidmZrQlAr3YlVoEbcjwIO9jqd9TWTP5nHqG_oiShtj4ihtmxS_uEjg4TOG4bOxS460I8G3JCqs1Kr72CFA5Oq4vkaU2af5h4cqRf4x20XU7v993TtiCa_CNMBnbAvVQiyQrROOEpPtKs0Quu3tsUONb18LOZ8KrGZW3mkfllrODuFcPfI2wSJCOs9MdPw1AX6y5jRCXsR-k8fk-ToNEemm5zmGSldH7mUNnRFusIJCpe1I30NolKu7M6shx8kYWcN8aeYWfJImEUIkoESxDdpnEUHwqC85VwX_qdFmvNIm8wKi2rr4tsWjcb4Ffip7W7A1H_zxu7i5CdYdFJL9c5FAnSADZC-3Ndw-hTKGQfDa2leGKp0PFhth4RCRZrOr_RpDTnFor70Q3C4uzPsCNz_AXeI8XEaCV9gt1iRKu-ZDeiX7jrdvLFlb-kh5AL5geo5nZSWBJMsTK3eJkblicZR7zChaANbs_cTaVAJ_HK77eVicPdmJWx2SK-E2VjBFi5U45Dz0TnhVwCQrnJbDpEY2ZwVzbkBDnY0HAmf92n9XyUTYCm5IYDaMqTvOdwsONj1FQC_LuGO3FsSSB9GVZopZRV23j8PAiyGkNvPv4m0iDCYrXf5ZUfyAw9tUZAFh26A0Ou8bGwXlbEva67caAEWZ8IKtcaZIZ6Tuc5qxGFjGjIDTRFbiBPhTRfAs02Xr4AWEhiZruFNHaqpaAMFSHiJ-_HAWSKIJkCNfKqVSr8myPJhqxHGpJArKTDAjZFsRt9HYf9ptD6yn9Qsvzf0Vwa24IaEE7792b8I6wavP2OMwqUqMjJBifdKnpgv7YhW3onIg5laCOVwx95n3R-VG7J0E_k47GRlsX1iwwLKF5y8Bc4cH&sai=AMfl-YQelOroKFdegI2dOUOR1q4W3LTS2oWV4O6WBwyQwlMIo04sJ30Nx6Qn8ucszvJn0Xno1IUw5-STzrbPyfa-rql9cRAeg2HP5GohiS09uTQTuSrEO7N-4e9GgxbMMtdLNe6qGEsDTvhQcUFDWSyfgRc3AifL0BH9VU8FOAUh_R_9NCjKDRKjws8fKTsz6HaS5F9DdCQ0l0BBZiWPVz4vIMMKopihIFrafiDLBgTF7F8RFyBfVTVuJie8oAG9IBt07CrGw_zGealq-SkfwW49mrplx6sffSSrAMJFT0d8JdcG-fSdK_OBrmyzWq2rNsJFb5_9&sig=Cg0ArKJSzMEPmerFvOD6EAE&uach_m=%5BUACH%5D&crd=aHR0cHM6Ly9tYXguY29t&fbs_aeid=%5Bgw_fbsaeid%5D&urlfix=1&nis=4&adurl=.
[CDP Connection] INFO Selenium_4_Tests.TestDevToolsConsoleLogs - URL: Optional[https://my-location.org/]
[CDP Connection] INFO Selenium_4_Tests.TestDevToolsConsoleLogs - Timestamp: 1.727738330426364E12
[CDP Connection] INFO Selenium_4_Tests.TestDevToolsConsoleLogs - StackTrace: Optional.empty
[CDP Connection] INFO Selenium_4_Tests.TestDevToolsConsoleLogs - --------
[CDP Connection] INFO Selenium_4_Tests.TestDevToolsConsoleLogs - --------
[CDP Connection] INFO Selenium_4_Tests.TestDevToolsConsoleLogs - Level: warning
[CDP Connection] INFO Selenium_4_Tests.TestDevToolsConsoleLogs - Text: Tracking Prevention blocked access to storage for https://ad.doubleclick.net/pcs/view?xai=AKAOjstZhyQXVYwPHLj6tb0FlE2dAIGFEUR6vU0doYR8VbIhw5YjLo7CSLE_Sl30JbtiR7oUUQAg-VgFZV6ay3Fd3LqC8VXGxvJUdNwsN6DxQeP1rXpZ-iJesE1RZaixFhegd6odNgIX1WBQqcIIv6duCgmhl3fT2nTOPsud88OL-5NHemfGhi_2qISqK5ttSCLu8iHVIMMsgM4L1v8Q5wIOPihFNoP6zZZlcMo9R2dk0H2R361js1Gk5Uj5kbvmrsOZr0CyeHSO0W5NTAvqWmq_YpDFbeZiMS0tglAnBa_3gUHwV4gQGfXdWQOxVS2b3iuo5HuhADb0HMhskpa4MuustxugaWMx0Fk_QDjFh63c9c6VWP6NmqdqHYFwOvdgfgGPTPk_OHjE8d4JLSlaLjYxS0Wxmnr0GyoeKGDjG3-QYS8JspBezdfaRVeyWcxKhlE_qGsFhkzWhIWN-ayY1CNF0JukTnHz5Lg-WarQ_IbSkUOCVUvhtSaxdliAJVvVLCidmZrQlAr3YlVoEbcjwIO9jqd9TWTP5nHqG_oiShtj4ihtmxS_uEjg4TOG4bOxS460I8G3JCqs1Kr72CFA5Oq4vkaU2af5h4cqRf4x20XU7v993TtiCa_CNMBnbAvVQiyQrROOEpPtKs0Quu3tsUONb18LOZ8KrGZW3mkfllrODuFcPfI2wSJCOs9MdPw1AX6y5jRCXsR-k8fk-ToNEemm5zmGSldH7mUNnRFusIJCpe1I30NolKu7M6shx8kYWcN8aeYWfJImEUIkoESxDdpnEUHwqC85VwX_qdFmvNIm8wKi2rr4tsWjcb4Ffip7W7A1H_zxu7i5CdYdFJL9c5FAnSADZC-3Ndw-hTKGQfDa2leGKp0PFhth4RCRZrOr_RpDTnFor70Q3C4uzPsCNz_AXeI8XEaCV9gt1iRKu-ZDeiX7jrdvLFlb-kh5AL5geo5nZSWBJMsTK3eJkblicZR7zChaANbs_cTaVAJ_HK77eVicPdmJWx2SK-E2VjBFi5U45Dz0TnhVwCQrnJbDpEY2ZwVzbkBDnY0HAmf92n9XyUTYCm5IYDaMqTvOdwsONj1FQC_LuGO3FsSSB9GVZopZRV23j8PAiyGkNvPv4m0iDCYrXf5ZUfyAw9tUZAFh26A0Ou8bGwXlbEva67caAEWZ8IKtcaZIZ6Tuc5qxGFjGjIDTRFbiBPhTRfAs02Xr4AWEhiZruFNHaqpaAMFSHiJ-_HAWSKIJkCNfKqVSr8myPJhqxHGpJArKTDAjZFsRt9HYf9ptD6yn9Qsvzf0Vwa24IaEE7792b8I6wavP2OMwqUqMjJBifdKnpgv7YhW3onIg5laCOVwx95n3R-VG7J0E_k47GRlsX1iwwLKF5y8Bc4cH&sai=AMfl-YQelOroKFdegI2dOUOR1q4W3LTS2oWV4O6WBwyQwlMIo04sJ30Nx6Qn8ucszvJn0Xno1IUw5-STzrbPyfa-rql9cRAeg2HP5GohiS09uTQTuSrEO7N-4e9GgxbMMtdLNe6qGEsDTvhQcUFDWSyfgRc3AifL0BH9VU8FOAUh_R_9NCjKDRKjws8fKTsz6HaS5F9DdCQ0l0BBZiWPVz4vIMMKopihIFrafiDLBgTF7F8RFyBfVTVuJie8oAG9IBt07CrGw_zGealq-SkfwW49mrplx6sffSSrAMJFT0d8JdcG-fSdK_OBrmyzWq2rNsJFb5_9&sig=Cg0ArKJSzMEPmerFvOD6EAE&uach_m=%5BUACH%5D&crd=aHR0cHM6Ly9tYXguY29t&fbs_aeid=%5Bgw_fbsaeid%5D&urlfix=1&nis=4&adurl=.
[CDP Connection] INFO Selenium_4_Tests.TestDevToolsConsoleLogs - --------
[CDP Connection] INFO Selenium_4_Tests.TestDevToolsConsoleLogs - URL: Optional[https://my-location.org/]
[CDP Connection] INFO Selenium_4_Tests.TestDevToolsConsoleLogs - Level: warning
[CDP Connection] INFO Selenium_4_Tests.TestDevToolsConsoleLogs - Text: Tracking Prevention blocked access to storage for https://ad.doubleclick.net/pcs/view?xai=AKAOjstZhyQXVYwPHLj6tb0FlE2dAIGFEUR6vU0doYR8VbIhw5YjLo7CSLE_Sl30JbtiR7oUUQAg-VgFZV6ay3Fd3LqC8VXGxvJUdNwsN6DxQeP1rXpZ-iJesE1RZaixFhegd6odNgIX1WBQqcIIv6duCgmhl3fT2nTOPsud88OL-5NHemfGhi_2qISqK5ttSCLu8iHVIMMsgM4L1v8Q5wIOPihFNoP6zZZlcMo9R2dk0H2R361js1Gk5Uj5kbvmrsOZr0CyeHSO0W5NTAvqWmq_YpDFbeZiMS0tglAnBa_3gUHwV4gQGfXdWQOxVS2b3iuo5HuhADb0HMhskpa4MuustxugaWMx0Fk_QDjFh63c9c6VWP6NmqdqHYFwOvdgfgGPTPk_OHjE8d4JLSlaLjYxS0Wxmnr0GyoeKGDjG3-QYS8JspBezdfaRVeyWcxKhlE_qGsFhkzWhIWN-ayY1CNF0JukTnHz5Lg-WarQ_IbSkUOCVUvhtSaxdliAJVvVLCidmZrQlAr3YlVoEbcjwIO9jqd9TWTP5nHqG_oiShtj4ihtmxS_uEjg4TOG4bOxS460I8G3JCqs1Kr72CFA5Oq4vkaU2af5h4cqRf4x20XU7v993TtiCa_CNMBnbAvVQiyQrROOEpPtKs0Quu3tsUONb18LOZ8KrGZW3mkfllrODuFcPfI2wSJCOs9MdPw1AX6y5jRCXsR-k8fk-ToNEemm5zmGSldH7mUNnRFusIJCpe1I30NolKu7M6shx8kYWcN8aeYWfJImEUIkoESxDdpnEUHwqC85VwX_qdFmvNIm8wKi2rr4tsWjcb4Ffip7W7A1H_zxu7i5CdYdFJL9c5FAnSADZC-3Ndw-hTKGQfDa2leGKp0PFhth4RCRZrOr_RpDTnFor70Q3C4uzPsCNz_AXeI8XEaCV9gt1iRKu-ZDeiX7jrdvLFlb-kh5AL5geo5nZSWBJMsTK3eJkblicZR7zChaANbs_cTaVAJ_HK77eVicPdmJWx2SK-E2VjBFi5U45Dz0TnhVwCQrnJbDpEY2ZwVzbkBDnY0HAmf92n9XyUTYCm5IYDaMqTvOdwsONj1FQC_LuGO3FsSSB9GVZopZRV23j8PAiyGkNvPv4m0iDCYrXf5ZUfyAw9tUZAFh26A0Ou8bGwXlbEva67caAEWZ8IKtcaZIZ6Tuc5qxGFjGjIDTRFbiBPhTRfAs02Xr4AWEhiZruFNHaqpaAMFSHiJ-_HAWSKIJkCNfKqVSr8myPJhqxHGpJArKTDAjZFsRt9HYf9ptD6yn9Qsvzf0Vwa24IaEE7792b8I6wavP2OMwqUqMjJBifdKnpgv7YhW3onIg5laCOVwx95n3R-VG7J0E_k47GRlsX1iwwLKF5y8Bc4cH&sai=AMfl-YQelOroKFdegI2dOUOR1q4W3LTS2oWV4O6WBwyQwlMIo04sJ30Nx6Qn8ucszvJn0Xno1IUw5-STzrbPyfa-rql9cRAeg2HP5GohiS09uTQTuSrEO7N-4e9GgxbMMtdLNe6qGEsDTvhQcUFDWSyfgRc3AifL0BH9VU8FOAUh_R_9NCjKDRKjws8fKTsz6HaS5F9DdCQ0l0BBZiWPVz4vIMMKopihIFrafiDLBgTF7F8RFyBfVTVuJie8oAG9IBt07CrGw_zGealq-SkfwW49mrplx6sffSSrAMJFT0d8JdcG-fSdK_OBrmyzWq2rNsJFb5_9&sig=Cg0ArKJSzMEPmerFvOD6EAE&uach_m=%5BUACH%5D&crd=aHR0cHM6Ly9tYXguY29t&fbs_aeid=%5Bgw_fbsaeid%5D&urlfix=1&nis=4&adurl=.
[CDP Connection] INFO Selenium_4_Tests.TestDevToolsConsoleLogs - URL: Optional[https://my-location.org/]
[CDP Connection] INFO Selenium_4_Tests.TestDevToolsConsoleLogs - Timestamp: 1.727738330428345E12
[CDP Connection] INFO Selenium_4_Tests.TestDevToolsConsoleLogs - StackTrace: Optional.empty
[CDP Connection] INFO Selenium_4_Tests.TestDevToolsConsoleLogs - --------
[CDP Connection] INFO Selenium_4_Tests.TestDevToolsConsoleLogs - Timestamp: 1.727738330428618E12
[CDP Connection] INFO Selenium_4_Tests.TestDevToolsConsoleLogs - StackTrace: Optional.empty
[CDP Connection] INFO Selenium_4_Tests.TestDevToolsConsoleLogs - --------
]]></system-err>
  </testcase>
</testsuite>