<?xml version="1.0" encoding="UTF-8"?>
<testsuite xmlns:xsi="http://www.w3.org/2001/XMLSchema-instance" xsi:noNamespaceSchemaLocation="https://maven.apache.org/surefire/maven-surefire-plugin/xsd/surefire-test-report-3.0.xsd" version="3.0" name="Selenium_4_Tests.TestDevToolsPerformance" time="6.628" tests="2" errors="0" skipped="0" failures="0">
  <properties>
    <property name="java.specification.version" value="17"/>
    <property name="sun.cpu.isalist" value="amd64"/>
    <property name="sun.jnu.encoding" value="Cp1252"/>
    <property name="java.class.path" value="C:\Douglas\Automation\Proyectos\Selenium\Pumpkins\Four Project\carbonfour-selenium-4\target\test-classes;C:\Douglas\Automation\Proyectos\Selenium\Pumpkins\Four Project\carbonfour-selenium-4\target\classes;C:\Users\dougl\.m2\repository\org\seleniumhq\selenium\selenium-java\4.19.0\selenium-java-4.19.0.jar;C:\Users\dougl\.m2\repository\org\seleniumhq\selenium\selenium-api\4.19.0\selenium-api-4.19.0.jar;C:\Users\dougl\.m2\repository\org\seleniumhq\selenium\selenium-chrome-driver\4.19.0\selenium-chrome-driver-4.19.0.jar;C:\Users\dougl\.m2\repository\com\google\auto\service\auto-service-annotations\1.1.1\auto-service-annotations-1.1.1.jar;C:\Users\dougl\.m2\repository\org\seleniumhq\selenium\selenium-chromium-driver\4.19.0\selenium-chromium-driver-4.19.0.jar;C:\Users\dougl\.m2\repository\org\seleniumhq\selenium\selenium-json\4.19.0\selenium-json-4.19.0.jar;C:\Users\dougl\.m2\repository\org\seleniumhq\selenium\selenium-manager\4.19.0\selenium-manager-4.19.0.jar;C:\Users\dougl\.m2\repository\org\seleniumhq\selenium\selenium-devtools-v121\4.19.0\selenium-devtools-v121-4.19.0.jar;C:\Users\dougl\.m2\repository\org\seleniumhq\selenium\selenium-devtools-v122\4.19.0\selenium-devtools-v122-4.19.0.jar;C:\Users\dougl\.m2\repository\org\seleniumhq\selenium\selenium-devtools-v123\4.19.0\selenium-devtools-v123-4.19.0.jar;C:\Users\dougl\.m2\repository\org\seleniumhq\selenium\selenium-devtools-v85\4.19.0\selenium-devtools-v85-4.19.0.jar;C:\Users\dougl\.m2\repository\org\seleniumhq\selenium\selenium-edge-driver\4.19.0\selenium-edge-driver-4.19.0.jar;C:\Users\dougl\.m2\repository\org\seleniumhq\selenium\selenium-firefox-driver\4.19.0\selenium-firefox-driver-4.19.0.jar;C:\Users\dougl\.m2\repository\org\seleniumhq\selenium\selenium-http\4.19.0\selenium-http-4.19.0.jar;C:\Users\dougl\.m2\repository\dev\failsafe\failsafe\3.3.2\failsafe-3.3.2.jar;C:\Users\dougl\.m2\repository\org\seleniumhq\selenium\selenium-ie-driver\4.19.0\selenium-ie-driver-4.19.0.jar;C:\Users\dougl\.m2\repository\org\seleniumhq\selenium\selenium-remote-driver\4.19.0\selenium-remote-driver-4.19.0.jar;C:\Users\dougl\.m2\repository\com\google\guava\guava\33.1.0-jre\guava-33.1.0-jre.jar;C:\Users\dougl\.m2\repository\com\google\guava\failureaccess\1.0.2\failureaccess-1.0.2.jar;C:\Users\dougl\.m2\repository\com\google\guava\listenablefuture\9999.0-empty-to-avoid-conflict-with-guava\listenablefuture-9999.0-empty-to-avoid-conflict-with-guava.jar;C:\Users\dougl\.m2\repository\com\google\code\findbugs\jsr305\3.0.2\jsr305-3.0.2.jar;C:\Users\dougl\.m2\repository\org\checkerframework\checker-qual\3.42.0\checker-qual-3.42.0.jar;C:\Users\dougl\.m2\repository\com\google\errorprone\error_prone_annotations\2.26.1\error_prone_annotations-2.26.1.jar;C:\Users\dougl\.m2\repository\com\google\j2objc\j2objc-annotations\3.0.0\j2objc-annotations-3.0.0.jar;C:\Users\dougl\.m2\repository\io\opentelemetry\semconv\opentelemetry-semconv\1.23.1-alpha\opentelemetry-semconv-1.23.1-alpha.jar;C:\Users\dougl\.m2\repository\io\opentelemetry\opentelemetry-api\1.36.0\opentelemetry-api-1.36.0.jar;C:\Users\dougl\.m2\repository\io\opentelemetry\opentelemetry-context\1.36.0\opentelemetry-context-1.36.0.jar;C:\Users\dougl\.m2\repository\io\opentelemetry\opentelemetry-exporter-logging\1.36.0\opentelemetry-exporter-logging-1.36.0.jar;C:\Users\dougl\.m2\repository\io\opentelemetry\opentelemetry-sdk-common\1.36.0\opentelemetry-sdk-common-1.36.0.jar;C:\Users\dougl\.m2\repository\io\opentelemetry\opentelemetry-sdk-extension-autoconfigure-spi\1.36.0\opentelemetry-sdk-extension-autoconfigure-spi-1.36.0.jar;C:\Users\dougl\.m2\repository\io\opentelemetry\opentelemetry-sdk-extension-autoconfigure\1.36.0\opentelemetry-sdk-extension-autoconfigure-1.36.0.jar;C:\Users\dougl\.m2\repository\io\opentelemetry\opentelemetry-api-events\1.36.0-alpha\opentelemetry-api-events-1.36.0-alpha.jar;C:\Users\dougl\.m2\repository\io\opentelemetry\opentelemetry-sdk-trace\1.36.0\opentelemetry-sdk-trace-1.36.0.jar;C:\Users\dougl\.m2\repository\io\opentelemetry\opentelemetry-extension-incubator\1.36.0-alpha\opentelemetry-extension-incubator-1.36.0-alpha.jar;C:\Users\dougl\.m2\repository\io\opentelemetry\opentelemetry-sdk\1.36.0\opentelemetry-sdk-1.36.0.jar;C:\Users\dougl\.m2\repository\io\opentelemetry\opentelemetry-sdk-metrics\1.36.0\opentelemetry-sdk-metrics-1.36.0.jar;C:\Users\dougl\.m2\repository\io\opentelemetry\opentelemetry-sdk-logs\1.36.0\opentelemetry-sdk-logs-1.36.0.jar;C:\Users\dougl\.m2\repository\org\seleniumhq\selenium\selenium-os\4.19.0\selenium-os-4.19.0.jar;C:\Users\dougl\.m2\repository\org\apache\commons\commons-exec\1.3\commons-exec-1.3.jar;C:\Users\dougl\.m2\repository\org\seleniumhq\selenium\selenium-safari-driver\4.19.0\selenium-safari-driver-4.19.0.jar;C:\Users\dougl\.m2\repository\org\seleniumhq\selenium\selenium-support\4.19.0\selenium-support-4.19.0.jar;C:\Users\dougl\.m2\repository\org\assertj\assertj-core\3.25.3\assertj-core-3.25.3.jar;C:\Users\dougl\.m2\repository\net\bytebuddy\byte-buddy\1.14.11\byte-buddy-1.14.11.jar;C:\Users\dougl\.m2\repository\org\projectlombok\lombok\1.18.32\lombok-1.18.32.jar;C:\Users\dougl\.m2\repository\org\slf4j\slf4j-simple\2.1.0-alpha1\slf4j-simple-2.1.0-alpha1.jar;C:\Users\dougl\.m2\repository\org\slf4j\slf4j-api\2.1.0-alpha1\slf4j-api-2.1.0-alpha1.jar;C:\Users\dougl\.m2\repository\com\github\javafaker\javafaker\1.0.2\javafaker-1.0.2.jar;C:\Users\dougl\.m2\repository\org\apache\commons\commons-lang3\3.5\commons-lang3-3.5.jar;C:\Users\dougl\.m2\repository\org\yaml\snakeyaml\1.23\snakeyaml-1.23-android.jar;C:\Users\dougl\.m2\repository\com\github\mifmif\generex\1.0.2\generex-1.0.2.jar;C:\Users\dougl\.m2\repository\dk\brics\automaton\automaton\1.11-8\automaton-1.11-8.jar;C:\Users\dougl\.m2\repository\com\deque\html\axe-core\selenium\4.8.2\selenium-4.8.2.jar;C:\Users\dougl\.m2\repository\commons-io\commons-io\2.15.1\commons-io-2.15.1.jar;C:\Users\dougl\.m2\repository\io\github\bonigarcia\webdrivermanager\5.6.3\webdrivermanager-5.6.3.jar;C:\Users\dougl\.m2\repository\com\google\code\gson\gson\2.10.1\gson-2.10.1.jar;C:\Users\dougl\.m2\repository\com\github\docker-java\docker-java\3.3.4\docker-java-3.3.4.jar;C:\Users\dougl\.m2\repository\com\github\docker-java\docker-java-core\3.3.4\docker-java-core-3.3.4.jar;C:\Users\dougl\.m2\repository\com\github\docker-java\docker-java-api\3.3.4\docker-java-api-3.3.4.jar;C:\Users\dougl\.m2\repository\org\bouncycastle\bcpkix-jdk18on\1.76\bcpkix-jdk18on-1.76.jar;C:\Users\dougl\.m2\repository\org\bouncycastle\bcprov-jdk18on\1.76\bcprov-jdk18on-1.76.jar;C:\Users\dougl\.m2\repository\org\bouncycastle\bcutil-jdk18on\1.76\bcutil-jdk18on-1.76.jar;C:\Users\dougl\.m2\repository\org\slf4j\jcl-over-slf4j\1.7.30\jcl-over-slf4j-1.7.30.jar;C:\Users\dougl\.m2\repository\com\github\docker-java\docker-java-transport-httpclient5\3.3.4\docker-java-transport-httpclient5-3.3.4.jar;C:\Users\dougl\.m2\repository\com\github\docker-java\docker-java-transport\3.3.4\docker-java-transport-3.3.4.jar;C:\Users\dougl\.m2\repository\net\java\dev\jna\jna\5.13.0\jna-5.13.0.jar;C:\Users\dougl\.m2\repository\org\brotli\dec\0.1.2\dec-0.1.2.jar;C:\Users\dougl\.m2\repository\org\apache\commons\commons-compress\1.25.0\commons-compress-1.25.0.jar;C:\Users\dougl\.m2\repository\org\apache\httpcomponents\client5\httpclient5\5.2.1\httpclient5-5.2.1.jar;C:\Users\dougl\.m2\repository\org\apache\httpcomponents\core5\httpcore5\5.2\httpcore5-5.2.jar;C:\Users\dougl\.m2\repository\org\apache\httpcomponents\core5\httpcore5-h2\5.2\httpcore5-h2-5.2.jar;C:\Users\dougl\.m2\repository\com\deque\html\axe-core\dequeutilites\4.8.2\dequeutilites-4.8.2.jar;C:\Users\dougl\.m2\repository\io\qameta\allure\allure-junit5\2.26.0\allure-junit5-2.26.0.jar;C:\Users\dougl\.m2\repository\io\qameta\allure\allure-junit-platform\2.26.0\allure-junit-platform-2.26.0.jar;C:\Users\dougl\.m2\repository\io\qameta\allure\allure-java-commons\2.26.0\allure-java-commons-2.26.0.jar;C:\Users\dougl\.m2\repository\io\qameta\allure\allure-model\2.26.0\allure-model-2.26.0.jar;C:\Users\dougl\.m2\repository\io\qameta\allure\allure-test-filter\2.26.0\allure-test-filter-2.26.0.jar;C:\Users\dougl\.m2\repository\org\junit\platform\junit-platform-launcher\1.9.2\junit-platform-launcher-1.9.2.jar;C:\Users\dougl\.m2\repository\com\fasterxml\jackson\core\jackson-databind\2.17.0\jackson-databind-2.17.0.jar;C:\Users\dougl\.m2\repository\com\fasterxml\jackson\core\jackson-annotations\2.17.0\jackson-annotations-2.17.0.jar;C:\Users\dougl\.m2\repository\com\fasterxml\jackson\core\jackson-core\2.17.0\jackson-core-2.17.0.jar;C:\Users\dougl\.m2\repository\org\apache\httpcomponents\httpclient\4.5.14\httpclient-4.5.14.jar;C:\Users\dougl\.m2\repository\org\apache\httpcomponents\httpcore\4.4.16\httpcore-4.4.16.jar;C:\Users\dougl\.m2\repository\commons-logging\commons-logging\1.2\commons-logging-1.2.jar;C:\Users\dougl\.m2\repository\commons-codec\commons-codec\1.11\commons-codec-1.11.jar;C:\Users\dougl\.m2\repository\org\junit\jupiter\junit-jupiter-api\5.10.2\junit-jupiter-api-5.10.2.jar;C:\Users\dougl\.m2\repository\org\opentest4j\opentest4j\1.3.0\opentest4j-1.3.0.jar;C:\Users\dougl\.m2\repository\org\junit\platform\junit-platform-commons\1.10.2\junit-platform-commons-1.10.2.jar;C:\Users\dougl\.m2\repository\org\apiguardian\apiguardian-api\1.1.2\apiguardian-api-1.1.2.jar;C:\Users\dougl\.m2\repository\org\junit\jupiter\junit-jupiter-engine\5.10.2\junit-jupiter-engine-5.10.2.jar;C:\Users\dougl\.m2\repository\org\junit\platform\junit-platform-engine\1.10.2\junit-platform-engine-1.10.2.jar;C:\Users\dougl\.m2\repository\org\junit\jupiter\junit-jupiter-params\5.10.2\junit-jupiter-params-5.10.2.jar;"/>
    <property name="java.vm.vendor" value="Amazon.com Inc."/>
    <property name="sun.arch.data.model" value="64"/>
    <property name="user.variant" value=""/>
    <property name="java.vendor.url" value="https://aws.amazon.com/corretto/"/>
    <property name="user.timezone" value="America/Bogota"/>
    <property name="os.name" value="Windows 11"/>
    <property name="java.vm.specification.version" value="17"/>
    <property name="sun.java.launcher" value="SUN_STANDARD"/>
    <property name="user.country" value="CO"/>
    <property name="sun.boot.library.path" value="C:\Program Files\Amazon Corretto\jdk17.0.8_8\bin"/>
    <property name="sun.java.command" value="C:\Users\dougl\AppData\Local\Temp\surefire7823152495328547642\surefirebooter-20240328150921469_3.jar C:\Users\dougl\AppData\Local\Temp\surefire7823152495328547642 2024-03-28T15-09-21_302-jvmRun1 surefire-20240328150921469_1tmp surefire_0-20240328150921469_2tmp"/>
    <property name="jdk.debug" value="release"/>
    <property name="surefire.test.class.path" value="C:\Douglas\Automation\Proyectos\Selenium\Pumpkins\Four Project\carbonfour-selenium-4\target\test-classes;C:\Douglas\Automation\Proyectos\Selenium\Pumpkins\Four Project\carbonfour-selenium-4\target\classes;C:\Users\dougl\.m2\repository\org\seleniumhq\selenium\selenium-java\4.19.0\selenium-java-4.19.0.jar;C:\Users\dougl\.m2\repository\org\seleniumhq\selenium\selenium-api\4.19.0\selenium-api-4.19.0.jar;C:\Users\dougl\.m2\repository\org\seleniumhq\selenium\selenium-chrome-driver\4.19.0\selenium-chrome-driver-4.19.0.jar;C:\Users\dougl\.m2\repository\com\google\auto\service\auto-service-annotations\1.1.1\auto-service-annotations-1.1.1.jar;C:\Users\dougl\.m2\repository\org\seleniumhq\selenium\selenium-chromium-driver\4.19.0\selenium-chromium-driver-4.19.0.jar;C:\Users\dougl\.m2\repository\org\seleniumhq\selenium\selenium-json\4.19.0\selenium-json-4.19.0.jar;C:\Users\dougl\.m2\repository\org\seleniumhq\selenium\selenium-manager\4.19.0\selenium-manager-4.19.0.jar;C:\Users\dougl\.m2\repository\org\seleniumhq\selenium\selenium-devtools-v121\4.19.0\selenium-devtools-v121-4.19.0.jar;C:\Users\dougl\.m2\repository\org\seleniumhq\selenium\selenium-devtools-v122\4.19.0\selenium-devtools-v122-4.19.0.jar;C:\Users\dougl\.m2\repository\org\seleniumhq\selenium\selenium-devtools-v123\4.19.0\selenium-devtools-v123-4.19.0.jar;C:\Users\dougl\.m2\repository\org\seleniumhq\selenium\selenium-devtools-v85\4.19.0\selenium-devtools-v85-4.19.0.jar;C:\Users\dougl\.m2\repository\org\seleniumhq\selenium\selenium-edge-driver\4.19.0\selenium-edge-driver-4.19.0.jar;C:\Users\dougl\.m2\repository\org\seleniumhq\selenium\selenium-firefox-driver\4.19.0\selenium-firefox-driver-4.19.0.jar;C:\Users\dougl\.m2\repository\org\seleniumhq\selenium\selenium-http\4.19.0\selenium-http-4.19.0.jar;C:\Users\dougl\.m2\repository\dev\failsafe\failsafe\3.3.2\failsafe-3.3.2.jar;C:\Users\dougl\.m2\repository\org\seleniumhq\selenium\selenium-ie-driver\4.19.0\selenium-ie-driver-4.19.0.jar;C:\Users\dougl\.m2\repository\org\seleniumhq\selenium\selenium-remote-driver\4.19.0\selenium-remote-driver-4.19.0.jar;C:\Users\dougl\.m2\repository\com\google\guava\guava\33.1.0-jre\guava-33.1.0-jre.jar;C:\Users\dougl\.m2\repository\com\google\guava\failureaccess\1.0.2\failureaccess-1.0.2.jar;C:\Users\dougl\.m2\repository\com\google\guava\listenablefuture\9999.0-empty-to-avoid-conflict-with-guava\listenablefuture-9999.0-empty-to-avoid-conflict-with-guava.jar;C:\Users\dougl\.m2\repository\com\google\code\findbugs\jsr305\3.0.2\jsr305-3.0.2.jar;C:\Users\dougl\.m2\repository\org\checkerframework\checker-qual\3.42.0\checker-qual-3.42.0.jar;C:\Users\dougl\.m2\repository\com\google\errorprone\error_prone_annotations\2.26.1\error_prone_annotations-2.26.1.jar;C:\Users\dougl\.m2\repository\com\google\j2objc\j2objc-annotations\3.0.0\j2objc-annotations-3.0.0.jar;C:\Users\dougl\.m2\repository\io\opentelemetry\semconv\opentelemetry-semconv\1.23.1-alpha\opentelemetry-semconv-1.23.1-alpha.jar;C:\Users\dougl\.m2\repository\io\opentelemetry\opentelemetry-api\1.36.0\opentelemetry-api-1.36.0.jar;C:\Users\dougl\.m2\repository\io\opentelemetry\opentelemetry-context\1.36.0\opentelemetry-context-1.36.0.jar;C:\Users\dougl\.m2\repository\io\opentelemetry\opentelemetry-exporter-logging\1.36.0\opentelemetry-exporter-logging-1.36.0.jar;C:\Users\dougl\.m2\repository\io\opentelemetry\opentelemetry-sdk-common\1.36.0\opentelemetry-sdk-common-1.36.0.jar;C:\Users\dougl\.m2\repository\io\opentelemetry\opentelemetry-sdk-extension-autoconfigure-spi\1.36.0\opentelemetry-sdk-extension-autoconfigure-spi-1.36.0.jar;C:\Users\dougl\.m2\repository\io\opentelemetry\opentelemetry-sdk-extension-autoconfigure\1.36.0\opentelemetry-sdk-extension-autoconfigure-1.36.0.jar;C:\Users\dougl\.m2\repository\io\opentelemetry\opentelemetry-api-events\1.36.0-alpha\opentelemetry-api-events-1.36.0-alpha.jar;C:\Users\dougl\.m2\repository\io\opentelemetry\opentelemetry-sdk-trace\1.36.0\opentelemetry-sdk-trace-1.36.0.jar;C:\Users\dougl\.m2\repository\io\opentelemetry\opentelemetry-extension-incubator\1.36.0-alpha\opentelemetry-extension-incubator-1.36.0-alpha.jar;C:\Users\dougl\.m2\repository\io\opentelemetry\opentelemetry-sdk\1.36.0\opentelemetry-sdk-1.36.0.jar;C:\Users\dougl\.m2\repository\io\opentelemetry\opentelemetry-sdk-metrics\1.36.0\opentelemetry-sdk-metrics-1.36.0.jar;C:\Users\dougl\.m2\repository\io\opentelemetry\opentelemetry-sdk-logs\1.36.0\opentelemetry-sdk-logs-1.36.0.jar;C:\Users\dougl\.m2\repository\org\seleniumhq\selenium\selenium-os\4.19.0\selenium-os-4.19.0.jar;C:\Users\dougl\.m2\repository\org\apache\commons\commons-exec\1.3\commons-exec-1.3.jar;C:\Users\dougl\.m2\repository\org\seleniumhq\selenium\selenium-safari-driver\4.19.0\selenium-safari-driver-4.19.0.jar;C:\Users\dougl\.m2\repository\org\seleniumhq\selenium\selenium-support\4.19.0\selenium-support-4.19.0.jar;C:\Users\dougl\.m2\repository\org\assertj\assertj-core\3.25.3\assertj-core-3.25.3.jar;C:\Users\dougl\.m2\repository\net\bytebuddy\byte-buddy\1.14.11\byte-buddy-1.14.11.jar;C:\Users\dougl\.m2\repository\org\projectlombok\lombok\1.18.32\lombok-1.18.32.jar;C:\Users\dougl\.m2\repository\org\slf4j\slf4j-simple\2.1.0-alpha1\slf4j-simple-2.1.0-alpha1.jar;C:\Users\dougl\.m2\repository\org\slf4j\slf4j-api\2.1.0-alpha1\slf4j-api-2.1.0-alpha1.jar;C:\Users\dougl\.m2\repository\com\github\javafaker\javafaker\1.0.2\javafaker-1.0.2.jar;C:\Users\dougl\.m2\repository\org\apache\commons\commons-lang3\3.5\commons-lang3-3.5.jar;C:\Users\dougl\.m2\repository\org\yaml\snakeyaml\1.23\snakeyaml-1.23-android.jar;C:\Users\dougl\.m2\repository\com\github\mifmif\generex\1.0.2\generex-1.0.2.jar;C:\Users\dougl\.m2\repository\dk\brics\automaton\automaton\1.11-8\automaton-1.11-8.jar;C:\Users\dougl\.m2\repository\com\deque\html\axe-core\selenium\4.8.2\selenium-4.8.2.jar;C:\Users\dougl\.m2\repository\commons-io\commons-io\2.15.1\commons-io-2.15.1.jar;C:\Users\dougl\.m2\repository\io\github\bonigarcia\webdrivermanager\5.6.3\webdrivermanager-5.6.3.jar;C:\Users\dougl\.m2\repository\com\google\code\gson\gson\2.10.1\gson-2.10.1.jar;C:\Users\dougl\.m2\repository\com\github\docker-java\docker-java\3.3.4\docker-java-3.3.4.jar;C:\Users\dougl\.m2\repository\com\github\docker-java\docker-java-core\3.3.4\docker-java-core-3.3.4.jar;C:\Users\dougl\.m2\repository\com\github\docker-java\docker-java-api\3.3.4\docker-java-api-3.3.4.jar;C:\Users\dougl\.m2\repository\org\bouncycastle\bcpkix-jdk18on\1.76\bcpkix-jdk18on-1.76.jar;C:\Users\dougl\.m2\repository\org\bouncycastle\bcprov-jdk18on\1.76\bcprov-jdk18on-1.76.jar;C:\Users\dougl\.m2\repository\org\bouncycastle\bcutil-jdk18on\1.76\bcutil-jdk18on-1.76.jar;C:\Users\dougl\.m2\repository\org\slf4j\jcl-over-slf4j\1.7.30\jcl-over-slf4j-1.7.30.jar;C:\Users\dougl\.m2\repository\com\github\docker-java\docker-java-transport-httpclient5\3.3.4\docker-java-transport-httpclient5-3.3.4.jar;C:\Users\dougl\.m2\repository\com\github\docker-java\docker-java-transport\3.3.4\docker-java-transport-3.3.4.jar;C:\Users\dougl\.m2\repository\net\java\dev\jna\jna\5.13.0\jna-5.13.0.jar;C:\Users\dougl\.m2\repository\org\brotli\dec\0.1.2\dec-0.1.2.jar;C:\Users\dougl\.m2\repository\org\apache\commons\commons-compress\1.25.0\commons-compress-1.25.0.jar;C:\Users\dougl\.m2\repository\org\apache\httpcomponents\client5\httpclient5\5.2.1\httpclient5-5.2.1.jar;C:\Users\dougl\.m2\repository\org\apache\httpcomponents\core5\httpcore5\5.2\httpcore5-5.2.jar;C:\Users\dougl\.m2\repository\org\apache\httpcomponents\core5\httpcore5-h2\5.2\httpcore5-h2-5.2.jar;C:\Users\dougl\.m2\repository\com\deque\html\axe-core\dequeutilites\4.8.2\dequeutilites-4.8.2.jar;C:\Users\dougl\.m2\repository\io\qameta\allure\allure-junit5\2.26.0\allure-junit5-2.26.0.jar;C:\Users\dougl\.m2\repository\io\qameta\allure\allure-junit-platform\2.26.0\allure-junit-platform-2.26.0.jar;C:\Users\dougl\.m2\repository\io\qameta\allure\allure-java-commons\2.26.0\allure-java-commons-2.26.0.jar;C:\Users\dougl\.m2\repository\io\qameta\allure\allure-model\2.26.0\allure-model-2.26.0.jar;C:\Users\dougl\.m2\repository\io\qameta\allure\allure-test-filter\2.26.0\allure-test-filter-2.26.0.jar;C:\Users\dougl\.m2\repository\org\junit\platform\junit-platform-launcher\1.9.2\junit-platform-launcher-1.9.2.jar;C:\Users\dougl\.m2\repository\com\fasterxml\jackson\core\jackson-databind\2.17.0\jackson-databind-2.17.0.jar;C:\Users\dougl\.m2\repository\com\fasterxml\jackson\core\jackson-annotations\2.17.0\jackson-annotations-2.17.0.jar;C:\Users\dougl\.m2\repository\com\fasterxml\jackson\core\jackson-core\2.17.0\jackson-core-2.17.0.jar;C:\Users\dougl\.m2\repository\org\apache\httpcomponents\httpclient\4.5.14\httpclient-4.5.14.jar;C:\Users\dougl\.m2\repository\org\apache\httpcomponents\httpcore\4.4.16\httpcore-4.4.16.jar;C:\Users\dougl\.m2\repository\commons-logging\commons-logging\1.2\commons-logging-1.2.jar;C:\Users\dougl\.m2\repository\commons-codec\commons-codec\1.11\commons-codec-1.11.jar;C:\Users\dougl\.m2\repository\org\junit\jupiter\junit-jupiter-api\5.10.2\junit-jupiter-api-5.10.2.jar;C:\Users\dougl\.m2\repository\org\opentest4j\opentest4j\1.3.0\opentest4j-1.3.0.jar;C:\Users\dougl\.m2\repository\org\junit\platform\junit-platform-commons\1.10.2\junit-platform-commons-1.10.2.jar;C:\Users\dougl\.m2\repository\org\apiguardian\apiguardian-api\1.1.2\apiguardian-api-1.1.2.jar;C:\Users\dougl\.m2\repository\org\junit\jupiter\junit-jupiter-engine\5.10.2\junit-jupiter-engine-5.10.2.jar;C:\Users\dougl\.m2\repository\org\junit\platform\junit-platform-engine\1.10.2\junit-platform-engine-1.10.2.jar;C:\Users\dougl\.m2\repository\org\junit\jupiter\junit-jupiter-params\5.10.2\junit-jupiter-params-5.10.2.jar;"/>
    <property name="sun.cpu.endian" value="little"/>
    <property name="user.home" value="C:\Users\dougl"/>
    <property name="user.language" value="es"/>
    <property name="java.specification.vendor" value="Oracle Corporation"/>
    <property name="java.version.date" value="2023-08-22"/>
    <property name="java.home" value="C:\Program Files\Amazon Corretto\jdk17.0.8_8"/>
    <property name="file.separator" value="\"/>
    <property name="basedir" value="C:\Douglas\Automation\Proyectos\Selenium\Pumpkins\Four Project\carbonfour-selenium-4"/>
    <property name="java.vm.compressedOopsMode" value="Zero based"/>
    <property name="line.separator" value="&#10;"/>
    <property name="java.vm.specification.vendor" value="Oracle Corporation"/>
    <property name="java.specification.name" value="Java Platform API Specification"/>
    <property name="surefire.real.class.path" value="C:\Users\dougl\AppData\Local\Temp\surefire7823152495328547642\surefirebooter-20240328150921469_3.jar"/>
    <property name="user.script" value=""/>
    <property name="sun.management.compiler" value="HotSpot 64-Bit Tiered Compilers"/>
    <property name="java.runtime.version" value="17.0.8.1+8-LTS"/>
    <property name="user.name" value="dougl"/>
    <property name="path.separator" value=";"/>
    <property name="os.version" value="10.0"/>
    <property name="java.runtime.name" value="OpenJDK Runtime Environment"/>
    <property name="file.encoding" value="Cp1252"/>
    <property name="java.vm.name" value="OpenJDK 64-Bit Server VM"/>
    <property name="java.vendor.version" value="Corretto-17.0.8.8.1"/>
    <property name="localRepository" value="C:\Users\dougl\.m2\repository"/>
    <property name="java.vendor.url.bug" value="https://github.com/corretto/corretto-17/issues/"/>
    <property name="java.io.tmpdir" value="C:\Users\dougl\AppData\Local\Temp\"/>
    <property name="java.version" value="17.0.8.1"/>
    <property name="user.dir" value="C:\Douglas\Automation\Proyectos\Selenium\Pumpkins\Four Project\carbonfour-selenium-4"/>
    <property name="os.arch" value="amd64"/>
    <property name="java.vm.specification.name" value="Java Virtual Machine Specification"/>
    <property name="sun.os.patch.level" value=""/>
    <property name="native.encoding" value="Cp1252"/>
    <property name="java.library.path" value="C:\Program Files\Amazon Corretto\jdk17.0.8_8\bin;C:\WINDOWS\Sun\Java\bin;C:\WINDOWS\system32;C:\WINDOWS;C:\Program Files\Amazon Corretto\jdk17.0.8_8\bin;C:\Program Files (x86)\NVIDIA Corporation\PhysX\Common;C:\WINDOWS\system32;C:\WINDOWS;C:\WINDOWS\System32\Wbem;C:\WINDOWS\System32\WindowsPowerShell\v1.0\;C:\WINDOWS\System32\OpenSSH\;C:\Program Files\Amazon Corretto\jdk17.0.8_8\bin;C:\Program Files\Maven\bin;C:\Program Files\Calibre2\;C:\Program Files\Amazon\AWSCLIV2\;C:\Program Files\PowerShell\7\;C:\Program Files\dotnet\;C:\Program Files\nodejs\;C:\Program Files\Git\cmd;C:\Program Files\PuTTY\;C:\Users\dougl\AppData\Local\Microsoft\WindowsApps;C:\Users\dougl\AppData\Local\Programs\Microsoft VS Code\bin;C:\Program Files\JetBrains\IntelliJ IDEA 2022.1\bin;;C:\Users\dougl\AppData\Local\GitHubDesktop\bin;C:\Program Files\JetBrains\Aqua 233.14475.33\bin;;C:\Users\dougl\AppData\Local\Programs\Microsoft VS Code Insiders\bin;C:\Users\dougl\AppData\Roaming\npm;C:\Users\dougl\AppData\Local\Google\Cloud SDK\google-cloud-sdk\bin;."/>
    <property name="java.vm.info" value="mixed mode, sharing"/>
    <property name="java.vendor" value="Amazon.com Inc."/>
    <property name="java.vm.version" value="17.0.8.1+8-LTS"/>
    <property name="sun.io.unicode.encoding" value="UnicodeLittle"/>
    <property name="java.class.version" value="61.0"/>
  </properties>
  <testcase name="testPerformanceCaptureHttpRequests" classname="Selenium_4_Tests.TestDevToolsPerformance" time="3.284">
    <system-out><![CDATA[Request URI: https://linkedin.com/
Request URI + Assertions: true
Request Type: Optional[Document]
Request Method: GET
Request Headers: {Upgrade-Insecure-Requests=1, User-Agent=Mozilla/5.0 (Windows NT 10.0; Win64; x64) AppleWebKit/537.36 (KHTML, like Gecko) Chrome/123.0.0.0 Safari/537.36 Edg/123.0.0.0, sec-ch-ua="Microsoft Edge";v="123", "Not:A-Brand";v="8", "Chromium";v="123", sec-ch-ua-mobile=?0, sec-ch-ua-platform="Windows"}
Request Post Data: Optional.empty
Request Mixed Content Type: Optional[none]
Request Referrer Policy: strict-origin-when-cross-origin
Request Is Signed Exchanged: false
Request Document URL: https://linkedin.com/
Request Initiator: org.openqa.selenium.devtools.v123.network.model.Initiator@581a711c
Request Timestamp: 81994.599958

Request URI: https://www.linkedin.com/
Request URI + Assertions: true
Request Type: Optional[Document]
Request Method: GET
Request Headers: {Upgrade-Insecure-Requests=1, User-Agent=Mozilla/5.0 (Windows NT 10.0; Win64; x64) AppleWebKit/537.36 (KHTML, like Gecko) Chrome/123.0.0.0 Safari/537.36 Edg/123.0.0.0, sec-ch-ua="Microsoft Edge";v="123", "Not:A-Brand";v="8", "Chromium";v="123", sec-ch-ua-mobile=?0, sec-ch-ua-platform="Windows"}
Request Post Data: Optional.empty
Request Mixed Content Type: Optional[none]
Request Referrer Policy: strict-origin-when-cross-origin
Request Is Signed Exchanged: false
Request Document URL: https://www.linkedin.com/
Request Initiator: org.openqa.selenium.devtools.v123.network.model.Initiator@4efc10e9
Request Timestamp: 81994.948669

Request URI: https://static.licdn.com/aero-v1/sc/h/c9w7esytgx8jvlr6m05jxqi7
Request URI + Assertions: false
Request Type: Optional[Stylesheet]
Request Method: GET
Request Headers: {sec-ch-ua="Microsoft Edge";v="123", "Not:A-Brand";v="8", "Chromium";v="123", Referer=https://www.linkedin.com/, sec-ch-ua-mobile=?0, User-Agent=Mozilla/5.0 (Windows NT 10.0; Win64; x64) AppleWebKit/537.36 (KHTML, like Gecko) Chrome/123.0.0.0 Safari/537.36 Edg/123.0.0.0, sec-ch-ua-platform="Windows"}
Request Post Data: Optional.empty
Request Mixed Content Type: Optional[none]
Request Referrer Policy: strict-origin-when-cross-origin
Request Is Signed Exchanged: false
Request Document URL: https://www.linkedin.com/
Request Initiator: org.openqa.selenium.devtools.v123.network.model.Initiator@20fc833b
Request Timestamp: 81995.185691

Request URI: https://static.licdn.com/aero-v1/sc/h/dxf91zhqd2z6b0bwg85ktm5s4
Request URI + Assertions: false
Request Type: Optional[Image]
Request Method: GET
Request Headers: {sec-ch-ua="Microsoft Edge";v="123", "Not:A-Brand";v="8", "Chromium";v="123", Referer=https://www.linkedin.com/, sec-ch-ua-mobile=?0, User-Agent=Mozilla/5.0 (Windows NT 10.0; Win64; x64) AppleWebKit/537.36 (KHTML, like Gecko) Chrome/123.0.0.0 Safari/537.36 Edg/123.0.0.0, sec-ch-ua-platform="Windows"}
Request Post Data: Optional.empty
Request Mixed Content Type: Optional[none]
Request Referrer Policy: strict-origin-when-cross-origin
Request Is Signed Exchanged: false
Request Document URL: https://www.linkedin.com/
Request Initiator: org.openqa.selenium.devtools.v123.network.model.Initiator@5b99b22a
Request Timestamp: 81995.186102

Request URI: https://static.licdn.com/aero-v1/sc/h/7m38c2emrtlsp8iv1rqjpcgou
Request URI + Assertions: false
Request Type: Optional[Script]
Request Method: GET
Request Headers: {sec-ch-ua="Microsoft Edge";v="123", "Not:A-Brand";v="8", "Chromium";v="123", Referer=https://www.linkedin.com/, sec-ch-ua-mobile=?0, User-Agent=Mozilla/5.0 (Windows NT 10.0; Win64; x64) AppleWebKit/537.36 (KHTML, like Gecko) Chrome/123.0.0.0 Safari/537.36 Edg/123.0.0.0, sec-ch-ua-platform="Windows"}
Request Post Data: Optional.empty
Request Mixed Content Type: Optional[none]
Request Referrer Policy: strict-origin-when-cross-origin
Request Is Signed Exchanged: false
Request Document URL: https://www.linkedin.com/
Request Initiator: org.openqa.selenium.devtools.v123.network.model.Initiator@1896275e
Request Timestamp: 81995.208431

Request URI: https://static.licdn.com/aero-v1/sc/h/12jn8edunbj0jah6829kj7zs7
Request URI + Assertions: false
Request Type: Optional[Script]
Request Method: GET
Request Headers: {sec-ch-ua="Microsoft Edge";v="123", "Not:A-Brand";v="8", "Chromium";v="123", Referer=https://www.linkedin.com/, sec-ch-ua-mobile=?0, User-Agent=Mozilla/5.0 (Windows NT 10.0; Win64; x64) AppleWebKit/537.36 (KHTML, like Gecko) Chrome/123.0.0.0 Safari/537.36 Edg/123.0.0.0, sec-ch-ua-platform="Windows"}
Request Post Data: Optional.empty
Request Mixed Content Type: Optional[none]
Request Referrer Policy: strict-origin-when-cross-origin
Request Is Signed Exchanged: false
Request Document URL: https://www.linkedin.com/
Request Initiator: org.openqa.selenium.devtools.v123.network.model.Initiator@6bdd125
Request Timestamp: 81995.208636

Request URI: https://static.licdn.com/aero-v1/sc/h/8fkga714vy9b2wk5auqo5reeb
Request URI + Assertions: false
Request Type: Optional[Fetch]
Request Method: GET
Request Headers: {sec-ch-ua="Microsoft Edge";v="123", "Not:A-Brand";v="8", "Chromium";v="123", Referer=https://www.linkedin.com/, sec-ch-ua-mobile=?0, User-Agent=Mozilla/5.0 (Windows NT 10.0; Win64; x64) AppleWebKit/537.36 (KHTML, like Gecko) Chrome/123.0.0.0 Safari/537.36 Edg/123.0.0.0, sec-ch-ua-platform="Windows"}
Request Post Data: Optional.empty
Request Mixed Content Type: Optional[none]
Request Referrer Policy: strict-origin-when-cross-origin
Request Is Signed Exchanged: false
Request Document URL: https://www.linkedin.com/
Request Initiator: org.openqa.selenium.devtools.v123.network.model.Initiator@23331ba3
Request Timestamp: 81995.403568

Request URI: https://static.licdn.com/aero-v1/sc/h/92eb1xekc34eklevj0io6x4ki
Request URI + Assertions: false
Request Type: Optional[Fetch]
Request Method: GET
Request Headers: {sec-ch-ua="Microsoft Edge";v="123", "Not:A-Brand";v="8", "Chromium";v="123", Referer=https://www.linkedin.com/, sec-ch-ua-mobile=?0, User-Agent=Mozilla/5.0 (Windows NT 10.0; Win64; x64) AppleWebKit/537.36 (KHTML, like Gecko) Chrome/123.0.0.0 Safari/537.36 Edg/123.0.0.0, sec-ch-ua-platform="Windows"}
Request Post Data: Optional.empty
Request Mixed Content Type: Optional[none]
Request Referrer Policy: strict-origin-when-cross-origin
Request Is Signed Exchanged: false
Request Document URL: https://www.linkedin.com/
Request Initiator: org.openqa.selenium.devtools.v123.network.model.Initiator@41ae5c98
Request Timestamp: 81995.40476

Request URI: https://static.licdn.com/aero-v1/sc/h/ddi43qwelxeqjxdd45pe3fvs1
Request URI + Assertions: false
Request Type: Optional[Fetch]
Request Method: GET
Request Headers: {sec-ch-ua="Microsoft Edge";v="123", "Not:A-Brand";v="8", "Chromium";v="123", Referer=https://www.linkedin.com/, sec-ch-ua-mobile=?0, User-Agent=Mozilla/5.0 (Windows NT 10.0; Win64; x64) AppleWebKit/537.36 (KHTML, like Gecko) Chrome/123.0.0.0 Safari/537.36 Edg/123.0.0.0, sec-ch-ua-platform="Windows"}
Request Post Data: Optional.empty
Request Mixed Content Type: Optional[none]
Request Referrer Policy: strict-origin-when-cross-origin
Request Is Signed Exchanged: false
Request Document URL: https://www.linkedin.com/
Request Initiator: org.openqa.selenium.devtools.v123.network.model.Initiator@52a0e36e
Request Timestamp: 81995.402063

Request URI: https://static.licdn.com/aero-v1/sc/h/8m736dfzskmdn6bwwqz67iiki
Request URI + Assertions: false
Request Type: Optional[Script]
Request Method: GET
Request Headers: {sec-ch-ua="Microsoft Edge";v="123", "Not:A-Brand";v="8", "Chromium";v="123", Referer=https://www.linkedin.com/, sec-ch-ua-mobile=?0, User-Agent=Mozilla/5.0 (Windows NT 10.0; Win64; x64) AppleWebKit/537.36 (KHTML, like Gecko) Chrome/123.0.0.0 Safari/537.36 Edg/123.0.0.0, sec-ch-ua-platform="Windows"}
Request Post Data: Optional.empty
Request Mixed Content Type: Optional[none]
Request Referrer Policy: strict-origin-when-cross-origin
Request Is Signed Exchanged: false
Request Document URL: https://www.linkedin.com/
Request Initiator: org.openqa.selenium.devtools.v123.network.model.Initiator@b5ab51
Request Timestamp: 81995.403017

Request URI: https://static.licdn.com/aero-v1/sc/h/7kb6sn3tm4cx918cx9a5jlb0
Request URI + Assertions: false
Request Type: Optional[Fetch]
Request Method: GET
Request Headers: {sec-ch-ua="Microsoft Edge";v="123", "Not:A-Brand";v="8", "Chromium";v="123", Referer=https://www.linkedin.com/, sec-ch-ua-mobile=?0, User-Agent=Mozilla/5.0 (Windows NT 10.0; Win64; x64) AppleWebKit/537.36 (KHTML, like Gecko) Chrome/123.0.0.0 Safari/537.36 Edg/123.0.0.0, sec-ch-ua-platform="Windows"}
Request Post Data: Optional.empty
Request Mixed Content Type: Optional[none]
Request Referrer Policy: strict-origin-when-cross-origin
Request Is Signed Exchanged: false
Request Document URL: https://www.linkedin.com/
Request Initiator: org.openqa.selenium.devtools.v123.network.model.Initiator@65ae3519
Request Timestamp: 81995.404306

Request URI: https://static.licdn.com/aero-v1/sc/h/6ulnj3n2ijcmhej768y6oj1hr
Request URI + Assertions: false
Request Type: Optional[Fetch]
Request Method: GET
Request Headers: {sec-ch-ua="Microsoft Edge";v="123", "Not:A-Brand";v="8", "Chromium";v="123", Referer=https://www.linkedin.com/, sec-ch-ua-mobile=?0, User-Agent=Mozilla/5.0 (Windows NT 10.0; Win64; x64) AppleWebKit/537.36 (KHTML, like Gecko) Chrome/123.0.0.0 Safari/537.36 Edg/123.0.0.0, sec-ch-ua-platform="Windows"}
Request Post Data: Optional.empty
Request Mixed Content Type: Optional[none]
Request Referrer Policy: strict-origin-when-cross-origin
Request Is Signed Exchanged: false
Request Document URL: https://www.linkedin.com/
Request Initiator: org.openqa.selenium.devtools.v123.network.model.Initiator@2a5b8feb
Request Timestamp: 81995.403932

Request URI: https://static.licdn.com/aero-v1/sc/h/8wykgzgbqy0t3fnkgborvz54u
Request URI + Assertions: false
Request Type: Optional[Fetch]
Request Method: GET
Request Headers: {sec-ch-ua="Microsoft Edge";v="123", "Not:A-Brand";v="8", "Chromium";v="123", Referer=https://www.linkedin.com/, sec-ch-ua-mobile=?0, User-Agent=Mozilla/5.0 (Windows NT 10.0; Win64; x64) AppleWebKit/537.36 (KHTML, like Gecko) Chrome/123.0.0.0 Safari/537.36 Edg/123.0.0.0, sec-ch-ua-platform="Windows"}
Request Post Data: Optional.empty
Request Mixed Content Type: Optional[none]
Request Referrer Policy: strict-origin-when-cross-origin
Request Is Signed Exchanged: false
Request Document URL: https://www.linkedin.com/
Request Initiator: org.openqa.selenium.devtools.v123.network.model.Initiator@79ddc166
Request Timestamp: 81995.404547

Request URI: https://static.licdn.com/aero-v1/sc/h/4zqr0f9jf98vi2nkijyc3bex2
Request URI + Assertions: false
Request Type: Optional[Fetch]
Request Method: GET
Request Headers: {sec-ch-ua="Microsoft Edge";v="123", "Not:A-Brand";v="8", "Chromium";v="123", Referer=https://www.linkedin.com/, sec-ch-ua-mobile=?0, User-Agent=Mozilla/5.0 (Windows NT 10.0; Win64; x64) AppleWebKit/537.36 (KHTML, like Gecko) Chrome/123.0.0.0 Safari/537.36 Edg/123.0.0.0, sec-ch-ua-platform="Windows"}
Request Post Data: Optional.empty
Request Mixed Content Type: Optional[none]
Request Referrer Policy: strict-origin-when-cross-origin
Request Is Signed Exchanged: false
Request Document URL: https://www.linkedin.com/
Request Initiator: org.openqa.selenium.devtools.v123.network.model.Initiator@5ed8f28e
Request Timestamp: 81995.40334

Request URI: https://static.licdn.com/aero-v1/sc/h/dkgve44sisif1wgwp8ozaxu1x
Request URI + Assertions: false
Request Type: Optional[Fetch]
Request Method: GET
Request Headers: {sec-ch-ua="Microsoft Edge";v="123", "Not:A-Brand";v="8", "Chromium";v="123", Referer=https://www.linkedin.com/, sec-ch-ua-mobile=?0, User-Agent=Mozilla/5.0 (Windows NT 10.0; Win64; x64) AppleWebKit/537.36 (KHTML, like Gecko) Chrome/123.0.0.0 Safari/537.36 Edg/123.0.0.0, sec-ch-ua-platform="Windows"}
Request Post Data: Optional.empty
Request Mixed Content Type: Optional[none]
Request Referrer Policy: strict-origin-when-cross-origin
Request Is Signed Exchanged: false
Request Document URL: https://www.linkedin.com/
Request Initiator: org.openqa.selenium.devtools.v123.network.model.Initiator@4eba78ae
Request Timestamp: 81995.405189

Request URI: https://static.licdn.com/aero-v1/sc/h/51t74mlo1ty7vakn3a80a9jcp
Request URI + Assertions: false
Request Type: Optional[Script]
Request Method: GET
Request Headers: {sec-ch-ua="Microsoft Edge";v="123", "Not:A-Brand";v="8", "Chromium";v="123", Referer=https://www.linkedin.com/, sec-ch-ua-mobile=?0, User-Agent=Mozilla/5.0 (Windows NT 10.0; Win64; x64) AppleWebKit/537.36 (KHTML, like Gecko) Chrome/123.0.0.0 Safari/537.36 Edg/123.0.0.0, sec-ch-ua-platform="Windows"}
Request Post Data: Optional.empty
Request Mixed Content Type: Optional[none]
Request Referrer Policy: strict-origin-when-cross-origin
Request Is Signed Exchanged: false
Request Document URL: https://www.linkedin.com/
Request Initiator: org.openqa.selenium.devtools.v123.network.model.Initiator@407d8f09
Request Timestamp: 81995.406048

Request URI: https://static.licdn.com/aero-v1/sc/h/582r9vsvwmiwa75ujfqps3ivc
Request URI + Assertions: false
Request Type: Optional[Fetch]
Request Method: GET
Request Headers: {sec-ch-ua="Microsoft Edge";v="123", "Not:A-Brand";v="8", "Chromium";v="123", Referer=https://www.linkedin.com/, sec-ch-ua-mobile=?0, User-Agent=Mozilla/5.0 (Windows NT 10.0; Win64; x64) AppleWebKit/537.36 (KHTML, like Gecko) Chrome/123.0.0.0 Safari/537.36 Edg/123.0.0.0, sec-ch-ua-platform="Windows"}
Request Post Data: Optional.empty
Request Mixed Content Type: Optional[none]
Request Referrer Policy: strict-origin-when-cross-origin
Request Is Signed Exchanged: false
Request Document URL: https://www.linkedin.com/
Request Initiator: org.openqa.selenium.devtools.v123.network.model.Initiator@64823be4
Request Timestamp: 81995.405351

Request URI: https://static.licdn.com/aero-v1/sc/h/admayac2rnonsqhz9v3rzwcyu
Request URI + Assertions: false
Request Type: Optional[Fetch]
Request Method: GET
Request Headers: {sec-ch-ua="Microsoft Edge";v="123", "Not:A-Brand";v="8", "Chromium";v="123", Referer=https://www.linkedin.com/, sec-ch-ua-mobile=?0, User-Agent=Mozilla/5.0 (Windows NT 10.0; Win64; x64) AppleWebKit/537.36 (KHTML, like Gecko) Chrome/123.0.0.0 Safari/537.36 Edg/123.0.0.0, sec-ch-ua-platform="Windows"}
Request Post Data: Optional.empty
Request Mixed Content Type: Optional[none]
Request Referrer Policy: strict-origin-when-cross-origin
Request Is Signed Exchanged: false
Request Document URL: https://www.linkedin.com/
Request Initiator: org.openqa.selenium.devtools.v123.network.model.Initiator@c981d7a
Request Timestamp: 81995.404987

Request URI: https://static.licdn.com/aero-v1/sc/h/e5ka7p8s9n5r0z9p6kpmm3hig
Request URI + Assertions: false
Request Type: Optional[Fetch]
Request Method: GET
Request Headers: {sec-ch-ua="Microsoft Edge";v="123", "Not:A-Brand";v="8", "Chromium";v="123", Referer=https://www.linkedin.com/, sec-ch-ua-mobile=?0, User-Agent=Mozilla/5.0 (Windows NT 10.0; Win64; x64) AppleWebKit/537.36 (KHTML, like Gecko) Chrome/123.0.0.0 Safari/537.36 Edg/123.0.0.0, sec-ch-ua-platform="Windows"}
Request Post Data: Optional.empty
Request Mixed Content Type: Optional[none]
Request Referrer Policy: strict-origin-when-cross-origin
Request Is Signed Exchanged: false
Request Document URL: https://www.linkedin.com/
Request Initiator: org.openqa.selenium.devtools.v123.network.model.Initiator@3aba49d0
Request Timestamp: 81995.405757

Request URI: https://static.licdn.com/aero-v1/sc/h/4chtt12k98xwnba1nimld2oyg
Request URI + Assertions: false
Request Type: Optional[Fetch]
Request Method: GET
Request Headers: {sec-ch-ua="Microsoft Edge";v="123", "Not:A-Brand";v="8", "Chromium";v="123", Referer=https://www.linkedin.com/, sec-ch-ua-mobile=?0, User-Agent=Mozilla/5.0 (Windows NT 10.0; Win64; x64) AppleWebKit/537.36 (KHTML, like Gecko) Chrome/123.0.0.0 Safari/537.36 Edg/123.0.0.0, sec-ch-ua-platform="Windows"}
Request Post Data: Optional.empty
Request Mixed Content Type: Optional[none]
Request Referrer Policy: strict-origin-when-cross-origin
Request Is Signed Exchanged: false
Request Document URL: https://www.linkedin.com/
Request Initiator: org.openqa.selenium.devtools.v123.network.model.Initiator@7fddc63a
Request Timestamp: 81995.405609

Request URI: https://www.linkedin.com/litms/api/metadata/user
Request URI + Assertions: true
Request Type: Optional[XHR]
Request Method: GET
Request Headers: {sec-ch-ua="Microsoft Edge";v="123", "Not:A-Brand";v="8", "Chromium";v="123", Referer=https://www.linkedin.com/, sec-ch-ua-mobile=?0, User-Agent=Mozilla/5.0 (Windows NT 10.0; Win64; x64) AppleWebKit/537.36 (KHTML, like Gecko) Chrome/123.0.0.0 Safari/537.36 Edg/123.0.0.0, sec-ch-ua-platform="Windows"}
Request Post Data: Optional.empty
Request Mixed Content Type: Optional[none]
Request Referrer Policy: strict-origin-when-cross-origin
Request Is Signed Exchanged: false
Request Document URL: https://www.linkedin.com/
Request Initiator: org.openqa.selenium.devtools.v123.network.model.Initiator@5ecb6214
Request Timestamp: 81995.418502

Request URI: https://ponf.linkedin.com/pixel/tracking.png?reqid=f60f36b9-41a9-4fa4-8327-d3aeb3b93ac6&pageInstance=urn%3Ali%3Apage%3Ad_homepage-guest-home_jsbeacon%3BbbOreC0tSeWvkg6k9UUp0g%3D%3D&js=enabled
Request URI + Assertions: true
Request Type: Optional[Image]
Request Method: GET
Request Headers: {sec-ch-ua="Microsoft Edge";v="123", "Not:A-Brand";v="8", "Chromium";v="123", Referer=https://www.linkedin.com/, sec-ch-ua-mobile=?0, User-Agent=Mozilla/5.0 (Windows NT 10.0; Win64; x64) AppleWebKit/537.36 (KHTML, like Gecko) Chrome/123.0.0.0 Safari/537.36 Edg/123.0.0.0, sec-ch-ua-platform="Windows"}
Request Post Data: Optional.empty
Request Mixed Content Type: Optional[none]
Request Referrer Policy: strict-origin-when-cross-origin
Request Is Signed Exchanged: false
Request Document URL: https://www.linkedin.com/
Request Initiator: org.openqa.selenium.devtools.v123.network.model.Initiator@5aa3ba1b
Request Timestamp: 81995.660259

Request URI: https://www.linkedin.com/homepage-guest/manifest.json
Request URI + Assertions: true
Request Type: Optional[Manifest]
Request Method: GET
Request Headers: {sec-ch-ua="Microsoft Edge";v="123", "Not:A-Brand";v="8", "Chromium";v="123", Referer=https://www.linkedin.com/, sec-ch-ua-mobile=?0, User-Agent=Mozilla/5.0 (Windows NT 10.0; Win64; x64) AppleWebKit/537.36 (KHTML, like Gecko) Chrome/123.0.0.0 Safari/537.36 Edg/123.0.0.0, sec-ch-ua-platform="Windows"}
Request Post Data: Optional.empty
Request Mixed Content Type: Optional[none]
Request Referrer Policy: strict-origin-when-cross-origin
Request Is Signed Exchanged: false
Request Document URL: https://www.linkedin.com/
Request Initiator: org.openqa.selenium.devtools.v123.network.model.Initiator@56e9a037
Request Timestamp: 81995.417618

Request URI: https://static.licdn.com/aero-v1/sc/h/12jn8edunbj0jah6829kj7zs7
Request URI + Assertions: false
Request Type: Optional[Fetch]
Request Method: HEAD
Request Headers: {sec-ch-ua="Microsoft Edge";v="123", "Not:A-Brand";v="8", "Chromium";v="123", Referer=https://www.linkedin.com/, sec-ch-ua-mobile=?0, User-Agent=Mozilla/5.0 (Windows NT 10.0; Win64; x64) AppleWebKit/537.36 (KHTML, like Gecko) Chrome/123.0.0.0 Safari/537.36 Edg/123.0.0.0, sec-ch-ua-platform="Windows"}
Request Post Data: Optional.empty
Request Mixed Content Type: Optional[none]
Request Referrer Policy: strict-origin-when-cross-origin
Request Is Signed Exchanged: false
Request Document URL: https://www.linkedin.com/
Request Initiator: org.openqa.selenium.devtools.v123.network.model.Initiator@347da0f7
Request Timestamp: 81995.411003

Request URI: https://static.licdn.com/aero-v1/sc/h/c9w7esytgx8jvlr6m05jxqi7
Request URI + Assertions: false
Request Type: Optional[Fetch]
Request Method: HEAD
Request Headers: {sec-ch-ua="Microsoft Edge";v="123", "Not:A-Brand";v="8", "Chromium";v="123", Referer=https://www.linkedin.com/, sec-ch-ua-mobile=?0, User-Agent=Mozilla/5.0 (Windows NT 10.0; Win64; x64) AppleWebKit/537.36 (KHTML, like Gecko) Chrome/123.0.0.0 Safari/537.36 Edg/123.0.0.0, sec-ch-ua-platform="Windows"}
Request Post Data: Optional.empty
Request Mixed Content Type: Optional[none]
Request Referrer Policy: strict-origin-when-cross-origin
Request Is Signed Exchanged: false
Request Document URL: https://www.linkedin.com/
Request Initiator: org.openqa.selenium.devtools.v123.network.model.Initiator@444213de
Request Timestamp: 81995.410387

Request URI: https://platform.linkedin.com/litms/utag/homepage-guest-frontend/utag.js?cb=1711656600000
Request URI + Assertions: true
Request Type: Optional[Script]
Request Method: GET
Request Headers: {sec-ch-ua="Microsoft Edge";v="123", "Not:A-Brand";v="8", "Chromium";v="123", Referer=https://www.linkedin.com/, sec-ch-ua-mobile=?0, User-Agent=Mozilla/5.0 (Windows NT 10.0; Win64; x64) AppleWebKit/537.36 (KHTML, like Gecko) Chrome/123.0.0.0 Safari/537.36 Edg/123.0.0.0, sec-ch-ua-platform="Windows"}
Request Post Data: Optional.empty
Request Mixed Content Type: Optional[none]
Request Referrer Policy: strict-origin-when-cross-origin
Request Is Signed Exchanged: false
Request Document URL: https://www.linkedin.com/
Request Initiator: org.openqa.selenium.devtools.v123.network.model.Initiator@771a202d
Request Timestamp: 81995.420922

Request URI: https://static.licdn.com/aero-v1/sc/h/7m38c2emrtlsp8iv1rqjpcgou
Request URI + Assertions: false
Request Type: Optional[Fetch]
Request Method: HEAD
Request Headers: {sec-ch-ua="Microsoft Edge";v="123", "Not:A-Brand";v="8", "Chromium";v="123", Referer=https://www.linkedin.com/, sec-ch-ua-mobile=?0, User-Agent=Mozilla/5.0 (Windows NT 10.0; Win64; x64) AppleWebKit/537.36 (KHTML, like Gecko) Chrome/123.0.0.0 Safari/537.36 Edg/123.0.0.0, sec-ch-ua-platform="Windows"}
Request Post Data: Optional.empty
Request Mixed Content Type: Optional[none]
Request Referrer Policy: strict-origin-when-cross-origin
Request Is Signed Exchanged: false
Request Document URL: https://www.linkedin.com/
Request Initiator: org.openqa.selenium.devtools.v123.network.model.Initiator@2180a910
Request Timestamp: 81995.410859

Request URI: https://static.licdn.com/aero-v1/sc/h/dxf91zhqd2z6b0bwg85ktm5s4
Request URI + Assertions: false
Request Type: Optional[Fetch]
Request Method: HEAD
Request Headers: {sec-ch-ua="Microsoft Edge";v="123", "Not:A-Brand";v="8", "Chromium";v="123", Referer=https://www.linkedin.com/, sec-ch-ua-mobile=?0, User-Agent=Mozilla/5.0 (Windows NT 10.0; Win64; x64) AppleWebKit/537.36 (KHTML, like Gecko) Chrome/123.0.0.0 Safari/537.36 Edg/123.0.0.0, sec-ch-ua-platform="Windows"}
Request Post Data: Optional.empty
Request Mixed Content Type: Optional[none]
Request Referrer Policy: strict-origin-when-cross-origin
Request Is Signed Exchanged: false
Request Document URL: https://www.linkedin.com/
Request Initiator: org.openqa.selenium.devtools.v123.network.model.Initiator@b2f4d23
Request Timestamp: 81995.410703

Request URI: https://www.linkedin.com/homepage-guest/api/ingraphs/gauge
Request URI + Assertions: true
Request Type: Optional[Fetch]
Request Method: POST
Request Headers: {sec-ch-ua="Microsoft Edge";v="123", "Not:A-Brand";v="8", "Chromium";v="123", sec-ch-ua-mobile=?0, User-Agent=Mozilla/5.0 (Windows NT 10.0; Win64; x64) AppleWebKit/537.36 (KHTML, like Gecko) Chrome/123.0.0.0 Safari/537.36 Edg/123.0.0.0, Content-Type=application/json, Csrf-Token=ajax:8322960971630687436, x-li-pageInstance=urn:li:page:d_homepage-guest-home_jsbeacon;bbOreC0tSeWvkg6k9UUp0g==, Referer=https://www.linkedin.com/, sec-ch-ua-platform="Windows"}
Request Post Data: Optional[{"pageKey":"d_homepage-guest-home_jsbeacon","metricsType":"pageLoadTime","metricsValue":803}]
Request Mixed Content Type: Optional[none]
Request Referrer Policy: strict-origin-when-cross-origin
Request Is Signed Exchanged: false
Request Document URL: https://www.linkedin.com/
Request Initiator: org.openqa.selenium.devtools.v123.network.model.Initiator@34269f31
Request Timestamp: 81995.41533

Request URI: https://static.licdn.com/aero-v1/sc/h/al2o9zrvru7aqj8e1x2rzsrca
Request URI + Assertions: false
Request Type: Optional[Other]
Request Method: GET
Request Headers: {sec-ch-ua="Microsoft Edge";v="123", "Not:A-Brand";v="8", "Chromium";v="123", Referer=https://www.linkedin.com/, sec-ch-ua-mobile=?0, User-Agent=Mozilla/5.0 (Windows NT 10.0; Win64; x64) AppleWebKit/537.36 (KHTML, like Gecko) Chrome/123.0.0.0 Safari/537.36 Edg/123.0.0.0, sec-ch-ua-platform="Windows"}
Request Post Data: Optional.empty
Request Mixed Content Type: Optional[none]
Request Referrer Policy: strict-origin-when-cross-origin
Request Is Signed Exchanged: false
Request Document URL: https://www.linkedin.com/
Request Initiator: org.openqa.selenium.devtools.v123.network.model.Initiator@7325aa16
Request Timestamp: 81995.676189

Request URI: https://accounts.google.com/gsi/button?logo_alignment=center&shape=pill&size=large&text=continue_with&theme=undefined&type=undefined&width=398&client_id=990339570472-k6nqn1tpmitg8pui82bfaun3jrpmiuhs.apps.googleusercontent.com&iframe_id=gsi_887606_672691&as=ZDpOtaIOEmGkJQQ2skhU2g&hl=en_US
Request URI + Assertions: false
Request Type: Optional[Document]
Request Method: GET
Request Headers: {Referer=https://www.linkedin.com/, Upgrade-Insecure-Requests=1, User-Agent=Mozilla/5.0 (Windows NT 10.0; Win64; x64) AppleWebKit/537.36 (KHTML, like Gecko) Chrome/123.0.0.0 Safari/537.36 Edg/123.0.0.0, sec-ch-ua="Microsoft Edge";v="123", "Not:A-Brand";v="8", "Chromium";v="123", sec-ch-ua-mobile=?0, sec-ch-ua-platform="Windows"}
Request Post Data: Optional.empty
Request Mixed Content Type: Optional[none]
Request Referrer Policy: strict-origin-when-cross-origin
Request Is Signed Exchanged: false
Request Document URL: https://accounts.google.com/gsi/button?logo_alignment=center&shape=pill&size=large&text=continue_with&theme=undefined&type=undefined&width=398&client_id=990339570472-k6nqn1tpmitg8pui82bfaun3jrpmiuhs.apps.googleusercontent.com&iframe_id=gsi_887606_672691&as=ZDpOtaIOEmGkJQQ2skhU2g&hl=en_US
Request Initiator: org.openqa.selenium.devtools.v123.network.model.Initiator@1ad2b66a
Request Timestamp: 81995.691041

Request URI: https://accounts.google.com/gsi/status?client_id=990339570472-k6nqn1tpmitg8pui82bfaun3jrpmiuhs.apps.googleusercontent.com&as=ZDpOtaIOEmGkJQQ2skhU2g
Request URI + Assertions: false
Request Type: Optional[XHR]
Request Method: GET
Request Headers: {sec-ch-ua="Microsoft Edge";v="123", "Not:A-Brand";v="8", "Chromium";v="123", Referer=https://www.linkedin.com/, sec-ch-ua-mobile=?0, User-Agent=Mozilla/5.0 (Windows NT 10.0; Win64; x64) AppleWebKit/537.36 (KHTML, like Gecko) Chrome/123.0.0.0 Safari/537.36 Edg/123.0.0.0, sec-ch-ua-platform="Windows"}
Request Post Data: Optional.empty
Request Mixed Content Type: Optional[none]
Request Referrer Policy: strict-origin-when-cross-origin
Request Is Signed Exchanged: false
Request Document URL: https://www.linkedin.com/
Request Initiator: org.openqa.selenium.devtools.v123.network.model.Initiator@5af0a8ea
Request Timestamp: 81995.689095

Request URI: https://platform.linkedin.com/litms/utag/homepage-guest-frontend/utag.122.js?utv=ut4.51.202403222344
Request URI + Assertions: true
Request Type: Optional[Script]
Request Method: GET
Request Headers: {sec-ch-ua="Microsoft Edge";v="123", "Not:A-Brand";v="8", "Chromium";v="123", Referer=https://www.linkedin.com/, sec-ch-ua-mobile=?0, User-Agent=Mozilla/5.0 (Windows NT 10.0; Win64; x64) AppleWebKit/537.36 (KHTML, like Gecko) Chrome/123.0.0.0 Safari/537.36 Edg/123.0.0.0, sec-ch-ua-platform="Windows"}
Request Post Data: Optional.empty
Request Mixed Content Type: Optional[none]
Request Referrer Policy: strict-origin-when-cross-origin
Request Is Signed Exchanged: false
Request Document URL: https://www.linkedin.com/
Request Initiator: org.openqa.selenium.devtools.v123.network.model.Initiator@36272a16
Request Timestamp: 81995.731972

Request URI: https://platform.linkedin.com/litms/utag/homepage-guest-frontend/utag.120.js?utv=ut4.51.202403222344
Request URI + Assertions: true
Request Type: Optional[Script]
Request Method: GET
Request Headers: {sec-ch-ua="Microsoft Edge";v="123", "Not:A-Brand";v="8", "Chromium";v="123", Referer=https://www.linkedin.com/, sec-ch-ua-mobile=?0, User-Agent=Mozilla/5.0 (Windows NT 10.0; Win64; x64) AppleWebKit/537.36 (KHTML, like Gecko) Chrome/123.0.0.0 Safari/537.36 Edg/123.0.0.0, sec-ch-ua-platform="Windows"}
Request Post Data: Optional.empty
Request Mixed Content Type: Optional[none]
Request Referrer Policy: strict-origin-when-cross-origin
Request Is Signed Exchanged: false
Request Document URL: https://www.linkedin.com/
Request Initiator: org.openqa.selenium.devtools.v123.network.model.Initiator@1dc2b344
Request Timestamp: 81995.730222

Request URI: https://dpm.demdex.net/id?d_visid_ver=5.1.1&d_fieldgroup=MC&d_rtbd=json&d_ver=2&d_orgid=14215E3D5995C57C0A495C55%40AdobeOrg&d_nsid=0&ts=1711656887648
Request URI + Assertions: false
Request Type: Optional[XHR]
Request Method: GET
Request Headers: {sec-ch-ua="Microsoft Edge";v="123", "Not:A-Brand";v="8", "Chromium";v="123", sec-ch-ua-platform="Windows", Referer=https://www.linkedin.com/, sec-ch-ua-mobile=?0, User-Agent=Mozilla/5.0 (Windows NT 10.0; Win64; x64) AppleWebKit/537.36 (KHTML, like Gecko) Chrome/123.0.0.0 Safari/537.36 Edg/123.0.0.0, Content-Type=application/x-www-form-urlencoded}
Request Post Data: Optional.empty
Request Mixed Content Type: Optional[none]
Request Referrer Policy: strict-origin-when-cross-origin
Request Is Signed Exchanged: false
Request Document URL: https://www.linkedin.com/
Request Initiator: org.openqa.selenium.devtools.v123.network.model.Initiator@29b56dc2
Request Timestamp: 81995.727051

Request URI: https://platform.linkedin.com/litms/utag/homepage-guest-frontend/utag.119.js?utv=ut4.51.202403222344
Request URI + Assertions: true
Request Type: Optional[Script]
Request Method: GET
Request Headers: {sec-ch-ua="Microsoft Edge";v="123", "Not:A-Brand";v="8", "Chromium";v="123", Referer=https://www.linkedin.com/, sec-ch-ua-mobile=?0, User-Agent=Mozilla/5.0 (Windows NT 10.0; Win64; x64) AppleWebKit/537.36 (KHTML, like Gecko) Chrome/123.0.0.0 Safari/537.36 Edg/123.0.0.0, sec-ch-ua-platform="Windows"}
Request Post Data: Optional.empty
Request Mixed Content Type: Optional[none]
Request Referrer Policy: strict-origin-when-cross-origin
Request Is Signed Exchanged: false
Request Document URL: https://www.linkedin.com/
Request Initiator: org.openqa.selenium.devtools.v123.network.model.Initiator@7f0f4347
Request Timestamp: 81995.729615

Request URI: https://platform.linkedin.com/litms/utag/homepage-guest-frontend/utag.123.js?utv=ut4.51.202403222344
Request URI + Assertions: true
Request Type: Optional[Script]
Request Method: GET
Request Headers: {sec-ch-ua="Microsoft Edge";v="123", "Not:A-Brand";v="8", "Chromium";v="123", Referer=https://www.linkedin.com/, sec-ch-ua-mobile=?0, User-Agent=Mozilla/5.0 (Windows NT 10.0; Win64; x64) AppleWebKit/537.36 (KHTML, like Gecko) Chrome/123.0.0.0 Safari/537.36 Edg/123.0.0.0, sec-ch-ua-platform="Windows"}
Request Post Data: Optional.empty
Request Mixed Content Type: Optional[none]
Request Referrer Policy: strict-origin-when-cross-origin
Request Is Signed Exchanged: false
Request Document URL: https://www.linkedin.com/
Request Initiator: org.openqa.selenium.devtools.v123.network.model.Initiator@1408532
Request Timestamp: 81995.73261

]]></system-out>
  </testcase>
  <testcase name="testPerformanceMetrics" classname="Selenium_4_Tests.TestDevToolsPerformance" time="3.341">
    <system-out><![CDATA[Metric: Timestamp
81998.873641
Metric: Documents
5
Metric: Frames
3
Metric: JSEventListeners
113
Metric: Nodes
3087
Metric: LayoutCount
13
Metric: RecalcStyleCount
17
Metric: RecalcStyleDuration
0.022122
Metric: LayoutDuration
0.140883
Metric: MediaKeySessions
0
Metric: Resources
25
Metric: DomContentLoaded
81998.435364
Metric: NavigationStart
81997.85192
Metric: TaskDuration
0.449153
Metric: JSHeapUsedSize
3773404
Metric: JSHeapTotalSize
6533120
Metric: ScriptDuration
0.067084
]]></system-out>
  </testcase>
</testsuite>